#
# There is insufficient memory for the Java Runtime Environment to continue.
# Native memory allocation (malloc) failed to allocate 700976 bytes. Error detail: Chunk::new
# Possible reasons:
#   The system is out of physical RAM or swap space
#   This process is running with CompressedOops enabled, and the Java Heap may be blocking the growth of the native heap
# Possible solutions:
#   Reduce memory load on the system
#   Increase physical memory or swap space
#   Check if swap backing store is full
#   Decrease Java heap size (-Xmx/-Xms)
#   Decrease number of Java threads
#   Decrease Java thread stack sizes (-Xss)
#   Set larger code cache with -XX:ReservedCodeCacheSize=
#   JVM is running with Unscaled Compressed Oops mode in which the Java heap is
#     placed in the first 4GB address space. The Java Heap base address is the
#     maximum limit for the native heap growth. Please use -XX:HeapBaseMinAddress
#     to set the Java Heap base and to place the Java Heap above 4GB virtual address.
# This output file may be truncated or incomplete.
#
#  Out of Memory Error (arena.cpp:191), pid=36100, tid=24100
#
# JRE version: OpenJDK Runtime Environment Temurin-17.0.18+8 (17.0.18+8) (build 17.0.18+8)
# Java VM: OpenJDK 64-Bit Server VM Temurin-17.0.18+8 (17.0.18+8, mixed mode, sharing, tiered, compressed oops, compressed class ptrs, g1 gc, windows-amd64)
# No core dump will be written. Minidumps are not enabled by default on client versions of Windows
#

---------------  S U M M A R Y ------------

Command Line: org.jetbrains.kotlin.cli.jvm.K2JVMCompiler @C:\Users\Administrator\StudioProjects\FlexiFitApp_Initial\app\build\20260417_16491470356642531306.compiler.options

Host: Intel(R) Core(TM) i5-8265U CPU @ 1.60GHz, 8 cores, 7G,  Windows 11 , 64 bit Build 22621 (10.0.22621.5415)
Time: Fri Apr 17 14:23:51 2026 Taipei Standard Time elapsed time: 5.129355 seconds (0d 0h 0m 5s)

---------------  T H R E A D  ---------------

Current thread (0x00000233aad5ae80):  JavaThread "C2 CompilerThread0" daemon [_thread_in_native, id=24100, stack(0x00000051c7b00000,0x00000051c7c00000)]


Current CompileTask:
C2:5129 1575       4       org.jetbrains.kotlin.cli.common.arguments.ParseCommandLineArgumentsKt::parsePreprocessedCommandLineArguments$matches (256 bytes)

Stack: [0x00000051c7b00000,0x00000051c7c00000]
Native frames: (J=compiled Java code, j=interpreted, Vv=VM code, C=native code)
V  [jvm.dll+0x6846f9]
V  [jvm.dll+0x839ea5]
V  [jvm.dll+0x83b91e]
V  [jvm.dll+0x83bfa3]
V  [jvm.dll+0x248eff]
V  [jvm.dll+0xad496]
V  [jvm.dll+0xadb3c]
V  [jvm.dll+0x2b05df]
V  [jvm.dll+0x58acf5]
V  [jvm.dll+0x222e84]
V  [jvm.dll+0x22327d]
V  [jvm.dll+0x21bfdb]
V  [jvm.dll+0x2190fe]
V  [jvm.dll+0x1a4920]
V  [jvm.dll+0x22989a]
V  [jvm.dll+0x227a4b]
V  [jvm.dll+0x7f0658]
V  [jvm.dll+0x7eaaec]
V  [jvm.dll+0x6835c7]
C  [ucrtbase.dll+0x29333]
C  [KERNEL32.DLL+0x1259d]
C  [ntdll.dll+0x5af78]


---------------  P R O C E S S  ---------------

Threads class SMR info:
_java_thread_list=0x00000233f043ae20, length=12, elements={
0x000002338c979450, 0x00000233aad3afc0, 0x00000233aad3c5e0, 0x00000233aad52c70,
0x00000233aad54840, 0x00000233aad59720, 0x00000233aad5a0e0, 0x00000233aad5ae80,
0x00000233aad5b930, 0x00000233aad91270, 0x00000233f00de070, 0x00000233f00e2170
}

Java Threads: ( => current thread )
  0x000002338c979450 JavaThread "main" [_thread_in_vm, id=38108, stack(0x00000051c6e00000,0x00000051c6f00000)]
  0x00000233aad3afc0 JavaThread "Reference Handler" daemon [_thread_blocked, id=19640, stack(0x00000051c7500000,0x00000051c7600000)]
  0x00000233aad3c5e0 JavaThread "Finalizer" daemon [_thread_blocked, id=21540, stack(0x00000051c7600000,0x00000051c7700000)]
  0x00000233aad52c70 JavaThread "Signal Dispatcher" daemon [_thread_blocked, id=21716, stack(0x00000051c7700000,0x00000051c7800000)]
  0x00000233aad54840 JavaThread "Attach Listener" daemon [_thread_blocked, id=48520, stack(0x00000051c7800000,0x00000051c7900000)]
  0x00000233aad59720 JavaThread "Service Thread" daemon [_thread_blocked, id=45504, stack(0x00000051c7900000,0x00000051c7a00000)]
  0x00000233aad5a0e0 JavaThread "Monitor Deflation Thread" daemon [_thread_blocked, id=16548, stack(0x00000051c7a00000,0x00000051c7b00000)]
=>0x00000233aad5ae80 JavaThread "C2 CompilerThread0" daemon [_thread_in_native, id=24100, stack(0x00000051c7b00000,0x00000051c7c00000)]
  0x00000233aad5b930 JavaThread "C1 CompilerThread0" daemon [_thread_blocked, id=22284, stack(0x00000051c7c00000,0x00000051c7d00000)]
  0x00000233aad91270 JavaThread "Sweeper thread" daemon [_thread_blocked, id=42652, stack(0x00000051c7d00000,0x00000051c7e00000)]
  0x00000233f00de070 JavaThread "Notification Thread" daemon [_thread_blocked, id=33404, stack(0x00000051c7e00000,0x00000051c7f00000)]
  0x00000233f00e2170 JavaThread "Common-Cleaner" daemon [_thread_blocked, id=63392, stack(0x00000051c8000000,0x00000051c8100000)]

Other Threads:
  0x00000233aad36d90 VMThread "VM Thread" [stack: 0x00000051c7400000,0x00000051c7500000] [id=25952]
  0x00000233f00e0560 WatcherThread [stack: 0x00000051c7f00000,0x00000051c8000000] [id=10848]
  0x000002338c9d5880 GCTaskThread "GC Thread#0" [stack: 0x00000051c6f00000,0x00000051c7000000] [id=26760]
  0x00000233f056fee0 GCTaskThread "GC Thread#1" [stack: 0x00000051c8100000,0x00000051c8200000] [id=16880]
  0x00000233f05701a0 GCTaskThread "GC Thread#2" [stack: 0x00000051c8200000,0x00000051c8300000] [id=31804]
  0x00000233f0676610 GCTaskThread "GC Thread#3" [stack: 0x00000051c8300000,0x00000051c8400000] [id=41032]
  0x00000233f06768d0 GCTaskThread "GC Thread#4" [stack: 0x00000051c8400000,0x00000051c8500000] [id=19288]
  0x000002338c9e6410 ConcurrentGCThread "G1 Main Marker" [stack: 0x00000051c7000000,0x00000051c7100000] [id=18564]
  0x000002338c9e6e30 ConcurrentGCThread "G1 Conc#0" [stack: 0x00000051c7100000,0x00000051c7200000] [id=57636]
  0x00000233aabf20d0 ConcurrentGCThread "G1 Refine#0" [stack: 0x00000051c7200000,0x00000051c7300000] [id=61268]
  0x00000233aabf2b00 ConcurrentGCThread "G1 Service" [stack: 0x00000051c7300000,0x00000051c7400000] [id=61456]

Threads with active compile tasks:
C2 CompilerThread0  5166 1575       4       org.jetbrains.kotlin.cli.common.arguments.ParseCommandLineArgumentsKt::parsePreprocessedCommandLineArguments$matches (256 bytes)

VM state: not at safepoint (normal execution)

VM Mutex/Monitor currently owned by a thread: None

Heap address: 0x0000000081e00000, size: 2018 MB, Compressed Oops mode: 32-bit

CDS archive(s) mapped at: [0x00000233ab000000-0x00000233abbb0000-0x00000233abbb0000), size 12255232, SharedBaseAddress: 0x00000233ab000000, ArchiveRelocationMode: 1.
Compressed class space mapped at: 0x00000233ac000000-0x00000233ec000000, reserved size: 1073741824
Narrow klass base: 0x00000233ab000000, Narrow klass shift: 0, Narrow klass range: 0x100000000

GC Precious Log:
 CPUs: 8 total, 8 available
 Memory: 8070M
 Large Page Support: Disabled
 NUMA Support: Disabled
 Compressed Oops: Enabled (32-bit)
 Heap Region Size: 1M
 Heap Min Capacity: 8M
 Heap Initial Capacity: 128M
 Heap Max Capacity: 2018M
 Pre-touch: Disabled
 Parallel Workers: 8
 Concurrent Workers: 2
 Concurrent Refinement Workers: 8
 Periodic GC: Disabled

Heap:
 garbage-first heap   total 131072K, used 31402K [0x0000000081e00000, 0x0000000100000000)
  region size 1024K, 28 young (28672K), 3 survivors (3072K)
 Metaspace       used 10125K, committed 10240K, reserved 1114112K
  class space    used 1051K, committed 1088K, reserved 1048576K

Heap Regions: E=young(eden), S=young(survivor), O=old, HS=humongous(starts), HC=humongous(continues), CS=collection set, F=free, OA=open archive, CA=closed archive, TAMS=top-at-mark-start (previous, next)
|   0|0x0000000081e00000, 0x0000000081f00000, 0x0000000081f00000|100%|HS|  |TAMS 0x0000000081e00000, 0x0000000081e00000| Complete 
|   1|0x0000000081f00000, 0x0000000082000000, 0x0000000082000000|100%|HC|  |TAMS 0x0000000081f00000, 0x0000000081f00000| Complete 
|   2|0x0000000082000000, 0x0000000082100000, 0x0000000082100000|100%|HC|  |TAMS 0x0000000082000000, 0x0000000082000000| Complete 
|   3|0x0000000082100000, 0x0000000082200000, 0x0000000082200000|100%|HC|  |TAMS 0x0000000082100000, 0x0000000082100000| Complete 
|   4|0x0000000082200000, 0x0000000082200000, 0x0000000082300000|  0%| F|  |TAMS 0x0000000082200000, 0x0000000082200000| Untracked 
|   5|0x0000000082300000, 0x0000000082300000, 0x0000000082400000|  0%| F|  |TAMS 0x0000000082300000, 0x0000000082300000| Untracked 
|   6|0x0000000082400000, 0x0000000082400000, 0x0000000082500000|  0%| F|  |TAMS 0x0000000082400000, 0x0000000082400000| Untracked 
|   7|0x0000000082500000, 0x0000000082500000, 0x0000000082600000|  0%| F|  |TAMS 0x0000000082500000, 0x0000000082500000| Untracked 
|   8|0x0000000082600000, 0x0000000082600000, 0x0000000082700000|  0%| F|  |TAMS 0x0000000082600000, 0x0000000082600000| Untracked 
|   9|0x0000000082700000, 0x0000000082700000, 0x0000000082800000|  0%| F|  |TAMS 0x0000000082700000, 0x0000000082700000| Untracked 
|  10|0x0000000082800000, 0x0000000082800000, 0x0000000082900000|  0%| F|  |TAMS 0x0000000082800000, 0x0000000082800000| Untracked 
|  11|0x0000000082900000, 0x0000000082900000, 0x0000000082a00000|  0%| F|  |TAMS 0x0000000082900000, 0x0000000082900000| Untracked 
|  12|0x0000000082a00000, 0x0000000082a00000, 0x0000000082b00000|  0%| F|  |TAMS 0x0000000082a00000, 0x0000000082a00000| Untracked 
|  13|0x0000000082b00000, 0x0000000082b00000, 0x0000000082c00000|  0%| F|  |TAMS 0x0000000082b00000, 0x0000000082b00000| Untracked 
|  14|0x0000000082c00000, 0x0000000082c00000, 0x0000000082d00000|  0%| F|  |TAMS 0x0000000082c00000, 0x0000000082c00000| Untracked 
|  15|0x0000000082d00000, 0x0000000082d00000, 0x0000000082e00000|  0%| F|  |TAMS 0x0000000082d00000, 0x0000000082d00000| Untracked 
|  16|0x0000000082e00000, 0x0000000082e00000, 0x0000000082f00000|  0%| F|  |TAMS 0x0000000082e00000, 0x0000000082e00000| Untracked 
|  17|0x0000000082f00000, 0x0000000082f00000, 0x0000000083000000|  0%| F|  |TAMS 0x0000000082f00000, 0x0000000082f00000| Untracked 
|  18|0x0000000083000000, 0x0000000083000000, 0x0000000083100000|  0%| F|  |TAMS 0x0000000083000000, 0x0000000083000000| Untracked 
|  19|0x0000000083100000, 0x0000000083100000, 0x0000000083200000|  0%| F|  |TAMS 0x0000000083100000, 0x0000000083100000| Untracked 
|  20|0x0000000083200000, 0x0000000083200000, 0x0000000083300000|  0%| F|  |TAMS 0x0000000083200000, 0x0000000083200000| Untracked 
|  21|0x0000000083300000, 0x0000000083300000, 0x0000000083400000|  0%| F|  |TAMS 0x0000000083300000, 0x0000000083300000| Untracked 
|  22|0x0000000083400000, 0x0000000083400000, 0x0000000083500000|  0%| F|  |TAMS 0x0000000083400000, 0x0000000083400000| Untracked 
|  23|0x0000000083500000, 0x0000000083500000, 0x0000000083600000|  0%| F|  |TAMS 0x0000000083500000, 0x0000000083500000| Untracked 
|  24|0x0000000083600000, 0x0000000083600000, 0x0000000083700000|  0%| F|  |TAMS 0x0000000083600000, 0x0000000083600000| Untracked 
|  25|0x0000000083700000, 0x0000000083700000, 0x0000000083800000|  0%| F|  |TAMS 0x0000000083700000, 0x0000000083700000| Untracked 
|  26|0x0000000083800000, 0x0000000083800000, 0x0000000083900000|  0%| F|  |TAMS 0x0000000083800000, 0x0000000083800000| Untracked 
|  27|0x0000000083900000, 0x0000000083900000, 0x0000000083a00000|  0%| F|  |TAMS 0x0000000083900000, 0x0000000083900000| Untracked 
|  28|0x0000000083a00000, 0x0000000083a00000, 0x0000000083b00000|  0%| F|  |TAMS 0x0000000083a00000, 0x0000000083a00000| Untracked 
|  29|0x0000000083b00000, 0x0000000083b00000, 0x0000000083c00000|  0%| F|  |TAMS 0x0000000083b00000, 0x0000000083b00000| Untracked 
|  30|0x0000000083c00000, 0x0000000083c00000, 0x0000000083d00000|  0%| F|  |TAMS 0x0000000083c00000, 0x0000000083c00000| Untracked 
|  31|0x0000000083d00000, 0x0000000083d00000, 0x0000000083e00000|  0%| F|  |TAMS 0x0000000083d00000, 0x0000000083d00000| Untracked 
|  32|0x0000000083e00000, 0x0000000083e00000, 0x0000000083f00000|  0%| F|  |TAMS 0x0000000083e00000, 0x0000000083e00000| Untracked 
|  33|0x0000000083f00000, 0x0000000083f00000, 0x0000000084000000|  0%| F|  |TAMS 0x0000000083f00000, 0x0000000083f00000| Untracked 
|  34|0x0000000084000000, 0x0000000084000000, 0x0000000084100000|  0%| F|  |TAMS 0x0000000084000000, 0x0000000084000000| Untracked 
|  35|0x0000000084100000, 0x0000000084100000, 0x0000000084200000|  0%| F|  |TAMS 0x0000000084100000, 0x0000000084100000| Untracked 
|  36|0x0000000084200000, 0x0000000084200000, 0x0000000084300000|  0%| F|  |TAMS 0x0000000084200000, 0x0000000084200000| Untracked 
|  37|0x0000000084300000, 0x0000000084300000, 0x0000000084400000|  0%| F|  |TAMS 0x0000000084300000, 0x0000000084300000| Untracked 
|  38|0x0000000084400000, 0x0000000084400000, 0x0000000084500000|  0%| F|  |TAMS 0x0000000084400000, 0x0000000084400000| Untracked 
|  39|0x0000000084500000, 0x0000000084500000, 0x0000000084600000|  0%| F|  |TAMS 0x0000000084500000, 0x0000000084500000| Untracked 
|  40|0x0000000084600000, 0x0000000084600000, 0x0000000084700000|  0%| F|  |TAMS 0x0000000084600000, 0x0000000084600000| Untracked 
|  41|0x0000000084700000, 0x0000000084700000, 0x0000000084800000|  0%| F|  |TAMS 0x0000000084700000, 0x0000000084700000| Untracked 
|  42|0x0000000084800000, 0x0000000084800000, 0x0000000084900000|  0%| F|  |TAMS 0x0000000084800000, 0x0000000084800000| Untracked 
|  43|0x0000000084900000, 0x0000000084900000, 0x0000000084a00000|  0%| F|  |TAMS 0x0000000084900000, 0x0000000084900000| Untracked 
|  44|0x0000000084a00000, 0x0000000084a00000, 0x0000000084b00000|  0%| F|  |TAMS 0x0000000084a00000, 0x0000000084a00000| Untracked 
|  45|0x0000000084b00000, 0x0000000084b00000, 0x0000000084c00000|  0%| F|  |TAMS 0x0000000084b00000, 0x0000000084b00000| Untracked 
|  46|0x0000000084c00000, 0x0000000084c00000, 0x0000000084d00000|  0%| F|  |TAMS 0x0000000084c00000, 0x0000000084c00000| Untracked 
|  47|0x0000000084d00000, 0x0000000084d00000, 0x0000000084e00000|  0%| F|  |TAMS 0x0000000084d00000, 0x0000000084d00000| Untracked 
|  48|0x0000000084e00000, 0x0000000084e00000, 0x0000000084f00000|  0%| F|  |TAMS 0x0000000084e00000, 0x0000000084e00000| Untracked 
|  49|0x0000000084f00000, 0x0000000084f00000, 0x0000000085000000|  0%| F|  |TAMS 0x0000000084f00000, 0x0000000084f00000| Untracked 
|  50|0x0000000085000000, 0x0000000085000000, 0x0000000085100000|  0%| F|  |TAMS 0x0000000085000000, 0x0000000085000000| Untracked 
|  51|0x0000000085100000, 0x0000000085100000, 0x0000000085200000|  0%| F|  |TAMS 0x0000000085100000, 0x0000000085100000| Untracked 
|  52|0x0000000085200000, 0x0000000085200000, 0x0000000085300000|  0%| F|  |TAMS 0x0000000085200000, 0x0000000085200000| Untracked 
|  53|0x0000000085300000, 0x0000000085300000, 0x0000000085400000|  0%| F|  |TAMS 0x0000000085300000, 0x0000000085300000| Untracked 
|  54|0x0000000085400000, 0x0000000085400000, 0x0000000085500000|  0%| F|  |TAMS 0x0000000085400000, 0x0000000085400000| Untracked 
|  55|0x0000000085500000, 0x0000000085500000, 0x0000000085600000|  0%| F|  |TAMS 0x0000000085500000, 0x0000000085500000| Untracked 
|  56|0x0000000085600000, 0x0000000085600000, 0x0000000085700000|  0%| F|  |TAMS 0x0000000085600000, 0x0000000085600000| Untracked 
|  57|0x0000000085700000, 0x0000000085700000, 0x0000000085800000|  0%| F|  |TAMS 0x0000000085700000, 0x0000000085700000| Untracked 
|  58|0x0000000085800000, 0x0000000085800000, 0x0000000085900000|  0%| F|  |TAMS 0x0000000085800000, 0x0000000085800000| Untracked 
|  59|0x0000000085900000, 0x0000000085900000, 0x0000000085a00000|  0%| F|  |TAMS 0x0000000085900000, 0x0000000085900000| Untracked 
|  60|0x0000000085a00000, 0x0000000085a00000, 0x0000000085b00000|  0%| F|  |TAMS 0x0000000085a00000, 0x0000000085a00000| Untracked 
|  61|0x0000000085b00000, 0x0000000085b00000, 0x0000000085c00000|  0%| F|  |TAMS 0x0000000085b00000, 0x0000000085b00000| Untracked 
|  62|0x0000000085c00000, 0x0000000085c00000, 0x0000000085d00000|  0%| F|  |TAMS 0x0000000085c00000, 0x0000000085c00000| Untracked 
|  63|0x0000000085d00000, 0x0000000085d00000, 0x0000000085e00000|  0%| F|  |TAMS 0x0000000085d00000, 0x0000000085d00000| Untracked 
|  64|0x0000000085e00000, 0x0000000085e00000, 0x0000000085f00000|  0%| F|  |TAMS 0x0000000085e00000, 0x0000000085e00000| Untracked 
|  65|0x0000000085f00000, 0x0000000085f00000, 0x0000000086000000|  0%| F|  |TAMS 0x0000000085f00000, 0x0000000085f00000| Untracked 
|  66|0x0000000086000000, 0x0000000086000000, 0x0000000086100000|  0%| F|  |TAMS 0x0000000086000000, 0x0000000086000000| Untracked 
|  67|0x0000000086100000, 0x0000000086100000, 0x0000000086200000|  0%| F|  |TAMS 0x0000000086100000, 0x0000000086100000| Untracked 
|  68|0x0000000086200000, 0x0000000086200000, 0x0000000086300000|  0%| F|  |TAMS 0x0000000086200000, 0x0000000086200000| Untracked 
|  69|0x0000000086300000, 0x0000000086300000, 0x0000000086400000|  0%| F|  |TAMS 0x0000000086300000, 0x0000000086300000| Untracked 
|  70|0x0000000086400000, 0x0000000086400000, 0x0000000086500000|  0%| F|  |TAMS 0x0000000086400000, 0x0000000086400000| Untracked 
|  71|0x0000000086500000, 0x0000000086500000, 0x0000000086600000|  0%| F|  |TAMS 0x0000000086500000, 0x0000000086500000| Untracked 
|  72|0x0000000086600000, 0x0000000086600000, 0x0000000086700000|  0%| F|  |TAMS 0x0000000086600000, 0x0000000086600000| Untracked 
|  73|0x0000000086700000, 0x0000000086700000, 0x0000000086800000|  0%| F|  |TAMS 0x0000000086700000, 0x0000000086700000| Untracked 
|  74|0x0000000086800000, 0x0000000086800000, 0x0000000086900000|  0%| F|  |TAMS 0x0000000086800000, 0x0000000086800000| Untracked 
|  75|0x0000000086900000, 0x0000000086900000, 0x0000000086a00000|  0%| F|  |TAMS 0x0000000086900000, 0x0000000086900000| Untracked 
|  76|0x0000000086a00000, 0x0000000086a00000, 0x0000000086b00000|  0%| F|  |TAMS 0x0000000086a00000, 0x0000000086a00000| Untracked 
|  77|0x0000000086b00000, 0x0000000086b00000, 0x0000000086c00000|  0%| F|  |TAMS 0x0000000086b00000, 0x0000000086b00000| Untracked 
|  78|0x0000000086c00000, 0x0000000086c00000, 0x0000000086d00000|  0%| F|  |TAMS 0x0000000086c00000, 0x0000000086c00000| Untracked 
|  79|0x0000000086d00000, 0x0000000086d00000, 0x0000000086e00000|  0%| F|  |TAMS 0x0000000086d00000, 0x0000000086d00000| Untracked 
|  80|0x0000000086e00000, 0x0000000086e00000, 0x0000000086f00000|  0%| F|  |TAMS 0x0000000086e00000, 0x0000000086e00000| Untracked 
|  81|0x0000000086f00000, 0x0000000086f00000, 0x0000000087000000|  0%| F|  |TAMS 0x0000000086f00000, 0x0000000086f00000| Untracked 
|  82|0x0000000087000000, 0x0000000087000000, 0x0000000087100000|  0%| F|  |TAMS 0x0000000087000000, 0x0000000087000000| Untracked 
|  83|0x0000000087100000, 0x0000000087100000, 0x0000000087200000|  0%| F|  |TAMS 0x0000000087100000, 0x0000000087100000| Untracked 
|  84|0x0000000087200000, 0x0000000087200000, 0x0000000087300000|  0%| F|  |TAMS 0x0000000087200000, 0x0000000087200000| Untracked 
|  85|0x0000000087300000, 0x0000000087300000, 0x0000000087400000|  0%| F|  |TAMS 0x0000000087300000, 0x0000000087300000| Untracked 
|  86|0x0000000087400000, 0x0000000087400000, 0x0000000087500000|  0%| F|  |TAMS 0x0000000087400000, 0x0000000087400000| Untracked 
|  87|0x0000000087500000, 0x0000000087500000, 0x0000000087600000|  0%| F|  |TAMS 0x0000000087500000, 0x0000000087500000| Untracked 
|  88|0x0000000087600000, 0x0000000087600000, 0x0000000087700000|  0%| F|  |TAMS 0x0000000087600000, 0x0000000087600000| Untracked 
|  89|0x0000000087700000, 0x0000000087700000, 0x0000000087800000|  0%| F|  |TAMS 0x0000000087700000, 0x0000000087700000| Untracked 
|  90|0x0000000087800000, 0x0000000087800000, 0x0000000087900000|  0%| F|  |TAMS 0x0000000087800000, 0x0000000087800000| Untracked 
|  91|0x0000000087900000, 0x0000000087900000, 0x0000000087a00000|  0%| F|  |TAMS 0x0000000087900000, 0x0000000087900000| Untracked 
|  92|0x0000000087a00000, 0x0000000087a00000, 0x0000000087b00000|  0%| F|  |TAMS 0x0000000087a00000, 0x0000000087a00000| Untracked 
|  93|0x0000000087b00000, 0x0000000087b00000, 0x0000000087c00000|  0%| F|  |TAMS 0x0000000087b00000, 0x0000000087b00000| Untracked 
|  94|0x0000000087c00000, 0x0000000087c00000, 0x0000000087d00000|  0%| F|  |TAMS 0x0000000087c00000, 0x0000000087c00000| Untracked 
|  95|0x0000000087d00000, 0x0000000087d00000, 0x0000000087e00000|  0%| F|  |TAMS 0x0000000087d00000, 0x0000000087d00000| Untracked 
|  96|0x0000000087e00000, 0x0000000087e00000, 0x0000000087f00000|  0%| F|  |TAMS 0x0000000087e00000, 0x0000000087e00000| Untracked 
|  97|0x0000000087f00000, 0x0000000087f00000, 0x0000000088000000|  0%| F|  |TAMS 0x0000000087f00000, 0x0000000087f00000| Untracked 
|  98|0x0000000088000000, 0x0000000088000000, 0x0000000088100000|  0%| F|  |TAMS 0x0000000088000000, 0x0000000088000000| Untracked 
|  99|0x0000000088100000, 0x0000000088100000, 0x0000000088200000|  0%| F|  |TAMS 0x0000000088100000, 0x0000000088100000| Untracked 
| 100|0x0000000088200000, 0x0000000088300000, 0x0000000088300000|100%| E|  |TAMS 0x0000000088200000, 0x0000000088200000| Complete 
| 101|0x0000000088300000, 0x0000000088400000, 0x0000000088400000|100%| E|CS|TAMS 0x0000000088300000, 0x0000000088300000| Complete 
| 102|0x0000000088400000, 0x00000000884aaa80, 0x0000000088500000| 66%| S|CS|TAMS 0x0000000088400000, 0x0000000088400000| Complete 
| 103|0x0000000088500000, 0x0000000088600000, 0x0000000088600000|100%| S|CS|TAMS 0x0000000088500000, 0x0000000088500000| Complete 
| 104|0x0000000088600000, 0x0000000088700000, 0x0000000088700000|100%| S|CS|TAMS 0x0000000088600000, 0x0000000088600000| Complete 
| 105|0x0000000088700000, 0x0000000088800000, 0x0000000088800000|100%| E|CS|TAMS 0x0000000088700000, 0x0000000088700000| Complete 
| 106|0x0000000088800000, 0x0000000088900000, 0x0000000088900000|100%| E|CS|TAMS 0x0000000088800000, 0x0000000088800000| Complete 
| 107|0x0000000088900000, 0x0000000088a00000, 0x0000000088a00000|100%| E|CS|TAMS 0x0000000088900000, 0x0000000088900000| Complete 
| 108|0x0000000088a00000, 0x0000000088b00000, 0x0000000088b00000|100%| E|CS|TAMS 0x0000000088a00000, 0x0000000088a00000| Complete 
| 109|0x0000000088b00000, 0x0000000088c00000, 0x0000000088c00000|100%| E|CS|TAMS 0x0000000088b00000, 0x0000000088b00000| Complete 
| 110|0x0000000088c00000, 0x0000000088d00000, 0x0000000088d00000|100%| E|CS|TAMS 0x0000000088c00000, 0x0000000088c00000| Complete 
| 111|0x0000000088d00000, 0x0000000088e00000, 0x0000000088e00000|100%| E|CS|TAMS 0x0000000088d00000, 0x0000000088d00000| Complete 
| 112|0x0000000088e00000, 0x0000000088f00000, 0x0000000088f00000|100%| E|CS|TAMS 0x0000000088e00000, 0x0000000088e00000| Complete 
| 113|0x0000000088f00000, 0x0000000089000000, 0x0000000089000000|100%| E|CS|TAMS 0x0000000088f00000, 0x0000000088f00000| Complete 
| 114|0x0000000089000000, 0x0000000089100000, 0x0000000089100000|100%| E|CS|TAMS 0x0000000089000000, 0x0000000089000000| Complete 
| 115|0x0000000089100000, 0x0000000089200000, 0x0000000089200000|100%| E|CS|TAMS 0x0000000089100000, 0x0000000089100000| Complete 
| 116|0x0000000089200000, 0x0000000089300000, 0x0000000089300000|100%| E|CS|TAMS 0x0000000089200000, 0x0000000089200000| Complete 
| 117|0x0000000089300000, 0x0000000089400000, 0x0000000089400000|100%| E|CS|TAMS 0x0000000089300000, 0x0000000089300000| Complete 
| 118|0x0000000089400000, 0x0000000089500000, 0x0000000089500000|100%| E|CS|TAMS 0x0000000089400000, 0x0000000089400000| Complete 
| 119|0x0000000089500000, 0x0000000089600000, 0x0000000089600000|100%| E|CS|TAMS 0x0000000089500000, 0x0000000089500000| Complete 
| 120|0x0000000089600000, 0x0000000089700000, 0x0000000089700000|100%| E|CS|TAMS 0x0000000089600000, 0x0000000089600000| Complete 
| 121|0x0000000089700000, 0x0000000089800000, 0x0000000089800000|100%| E|CS|TAMS 0x0000000089700000, 0x0000000089700000| Complete 
| 122|0x0000000089800000, 0x0000000089900000, 0x0000000089900000|100%| E|CS|TAMS 0x0000000089800000, 0x0000000089800000| Complete 
| 123|0x0000000089900000, 0x0000000089a00000, 0x0000000089a00000|100%| E|CS|TAMS 0x0000000089900000, 0x0000000089900000| Complete 
| 124|0x0000000089a00000, 0x0000000089b00000, 0x0000000089b00000|100%| E|CS|TAMS 0x0000000089a00000, 0x0000000089a00000| Complete 
| 125|0x0000000089b00000, 0x0000000089c00000, 0x0000000089c00000|100%| E|CS|TAMS 0x0000000089b00000, 0x0000000089b00000| Complete 
| 126|0x0000000089c00000, 0x0000000089d00000, 0x0000000089d00000|100%| E|CS|TAMS 0x0000000089c00000, 0x0000000089c00000| Complete 
| 127|0x0000000089d00000, 0x0000000089e00000, 0x0000000089e00000|100%| E|CS|TAMS 0x0000000089d00000, 0x0000000089d00000| Complete 

Card table byte_map: [0x00000233a3c10000,0x00000233a4010000] _byte_map_base: 0x00000233a3801000

Marking Bits (Prev, Next): (CMBitMap*) 0x000002338c9d5ea0, (CMBitMap*) 0x000002338c9d5ee0
 Prev Bits: [0x00000233a4410000, 0x00000233a6398000)
 Next Bits: [0x00000233a63a0000, 0x00000233a8328000)

Polling page: 0x000002338c130000

Metaspace:

Usage:
  Non-class:      8.86 MB used.
      Class:      1.03 MB used.
       Both:      9.89 MB used.

Virtual space:
  Non-class space:       64.00 MB reserved,       8.94 MB ( 14%) committed,  1 nodes.
      Class space:        1.00 GB reserved,       1.06 MB ( <1%) committed,  1 nodes.
             Both:        1.06 GB reserved,      10.00 MB ( <1%) committed. 

Chunk freelists:
   Non-Class:  4.45 MB
       Class:  14.81 MB
        Both:  19.27 MB

MaxMetaspaceSize: unlimited
CompressedClassSpaceSize: 1.00 GB
Initial GC threshold: 21.00 MB
Current GC threshold: 21.00 MB
CDS: on
MetaspaceReclaimPolicy: balanced
 - commit_granule_bytes: 65536.
 - commit_granule_words: 8192.
 - virtual_space_node_default_size: 8388608.
 - enlarge_chunks_in_place: 1.
 - new_chunks_are_fully_committed: 0.
 - uncommit_free_chunks: 1.
 - use_allocation_guard: 0.
 - handle_deallocations: 1.


Internal statistics:

num_allocs_failed_limit: 0.
num_arena_births: 40.
num_arena_deaths: 0.
num_vsnodes_births: 2.
num_vsnodes_deaths: 0.
num_space_committed: 160.
num_space_uncommitted: 0.
num_chunks_returned_to_freelist: 0.
num_chunks_taken_from_freelist: 344.
num_chunk_merges: 0.
num_chunk_splits: 295.
num_chunks_enlarged: 265.
num_inconsistent_stats: 0.

CodeHeap 'non-profiled nmethods': size=120000Kb used=497Kb max_used=497Kb free=119502Kb
 bounds [0x000002339bfb0000, 0x000002339c220000, 0x00000233a34e0000]
CodeHeap 'profiled nmethods': size=120000Kb used=3069Kb max_used=3069Kb free=116930Kb
 bounds [0x00000233944e0000, 0x00000233947e0000, 0x000002339ba10000]
CodeHeap 'non-nmethods': size=5760Kb used=1178Kb max_used=1197Kb free=4581Kb
 bounds [0x000002339ba10000, 0x000002339bc80000, 0x000002339bfb0000]
 total_blobs=2037 nmethods=1575 adapters=374
 compilation: enabled
              stopped_count=0, restarted_count=0
 full_count=0

Compilation events (20 events):
Event: 4.765 Thread 0x00000233aad5b930 nmethod 1559 0x000002339c025990 code [0x000002339c025b20, 0x000002339c025bf8]
Event: 4.768 Thread 0x00000233aad5b930 1562       1       java.lang.invoke.MethodHandle::type (5 bytes)
Event: 4.768 Thread 0x00000233aad5b930 nmethod 1562 0x000002339c025c90 code [0x000002339c025e20, 0x000002339c025ef8]
Event: 4.769 Thread 0x00000233aad5b930 1565       3       java.lang.invoke.MemberName::initResolved (53 bytes)
Event: 4.769 Thread 0x00000233aad5b930 nmethod 1565 0x00000233947dd490 code [0x00000233947dd640, 0x00000233947dd7f8]
Event: 4.777 Thread 0x00000233aad5b930 1568   !   3       java.lang.invoke.MemberName::getMethodType (211 bytes)
Event: 4.779 Thread 0x00000233aad5b930 nmethod 1568 0x00000233947dd890 code [0x00000233947ddb80, 0x00000233947df118]
Event: 4.794 Thread 0x00000233aad5ae80 1569       4       java.util.LinkedHashMap::get (29 bytes)
Event: 4.801 Thread 0x00000233aad5ae80 nmethod 1569 0x000002339c026d90 code [0x000002339c026f20, 0x000002339c027238]
Event: 4.801 Thread 0x00000233aad5ae80 1570       4       sun.reflect.annotation.AnnotationInvocationHandler::invoke (178 bytes)
Event: 4.828 Thread 0x00000233aad5ae80 nmethod 1570 0x000002339c027510 code [0x000002339c027700, 0x000002339c027f68]
Event: 4.828 Thread 0x00000233aad5ae80 1571   !   4       jdk.proxy2.$Proxy3::value (29 bytes)
Event: 4.858 Thread 0x00000233aad5ae80 nmethod 1571 0x000002339c028610 code [0x000002339c028800, 0x000002339c029108]
Event: 4.858 Thread 0x00000233aad5ae80 1572       4       kotlin.text.StringsKt__StringsJVMKt::startsWith (36 bytes)
Event: 4.868 Thread 0x00000233aad5ae80 nmethod 1572 0x000002339c029890 code [0x000002339c029a20, 0x000002339c029cb8]
Event: 4.868 Thread 0x00000233aad5ae80 1573   !   4       jdk.proxy2.$Proxy3::deprecatedName (29 bytes)
Event: 4.902 Thread 0x00000233aad5ae80 nmethod 1573 0x000002339c029f10 code [0x000002339c02a100, 0x000002339c02aa08]
Event: 4.902 Thread 0x00000233aad5ae80 1574   !   4       jdk.proxy2.$Proxy3::shortName (29 bytes)
Event: 4.932 Thread 0x00000233aad5ae80 nmethod 1574 0x000002339c02b190 code [0x000002339c02b380, 0x000002339c02bc88]
Event: 4.932 Thread 0x00000233aad5ae80 1575       4       org.jetbrains.kotlin.cli.common.arguments.ParseCommandLineArgumentsKt::parsePreprocessedCommandLineArguments$matches (256 bytes)

GC Heap History (2 events):
Event: 1.914 GC heap before
{Heap before GC invocations=0 (full 0):
 garbage-first heap   total 131072K, used 27648K [0x0000000081e00000, 0x0000000100000000)
  region size 1024K, 23 young (23552K), 0 survivors (0K)
 Metaspace       used 6489K, committed 6656K, reserved 1114112K
  class space    used 653K, committed 768K, reserved 1048576K
}
Event: 1.996 GC heap after
{Heap after GC invocations=1 (full 0):
 garbage-first heap   total 131072K, used 6826K [0x0000000081e00000, 0x0000000100000000)
  region size 1024K, 3 young (3072K), 3 survivors (3072K)
 Metaspace       used 6489K, committed 6656K, reserved 1114112K
  class space    used 653K, committed 768K, reserved 1048576K
}

Dll operation events (6 events):
Event: 0.044 Loaded shared library C:\Program Files\Eclipse Adoptium\jdk-17.0.18.8-hotspot\bin\java.dll
Event: 0.169 Loaded shared library C:\Program Files\Eclipse Adoptium\jdk-17.0.18.8-hotspot\bin\jsvml.dll
Event: 0.295 Loaded shared library C:\Program Files\Eclipse Adoptium\jdk-17.0.18.8-hotspot\bin\net.dll
Event: 0.300 Loaded shared library C:\Program Files\Eclipse Adoptium\jdk-17.0.18.8-hotspot\bin\nio.dll
Event: 0.366 Loaded shared library C:\Program Files\Eclipse Adoptium\jdk-17.0.18.8-hotspot\bin\zip.dll
Event: 0.468 Loaded shared library C:\Program Files\Eclipse Adoptium\jdk-17.0.18.8-hotspot\bin\jimage.dll

Deoptimization events (20 events):
Event: 2.815 Thread 0x000002338c979450 DEOPT PACKING pc=0x000002339bfe4b08 sp=0x00000051c6efb9d0
Event: 2.815 Thread 0x000002338c979450 DEOPT UNPACKING pc=0x000002339ba669a3 sp=0x00000051c6efb8b8 mode 2
Event: 2.842 Thread 0x000002338c979450 Uncommon trap: trap_request=0xffffffc6 fr.pc=0x000002339bfe4b08 relative=0x0000000000000508
Event: 2.842 Thread 0x000002338c979450 Uncommon trap: reason=bimorphic_or_optimized_type_check action=maybe_recompile pc=0x000002339bfe4b08 method=kotlin.reflect.jvm.internal.impl.protobuf.CodedInputStream.tryRefillBuffer(I)Z @ 175 c2
Event: 2.842 Thread 0x000002338c979450 DEOPT PACKING pc=0x000002339bfe4b08 sp=0x00000051c6efb9d0
Event: 2.842 Thread 0x000002338c979450 DEOPT UNPACKING pc=0x000002339ba669a3 sp=0x00000051c6efb8b8 mode 2
Event: 2.847 Thread 0x000002338c979450 Uncommon trap: trap_request=0xffffffc6 fr.pc=0x000002339bfe4b08 relative=0x0000000000000508
Event: 2.847 Thread 0x000002338c979450 Uncommon trap: reason=bimorphic_or_optimized_type_check action=maybe_recompile pc=0x000002339bfe4b08 method=kotlin.reflect.jvm.internal.impl.protobuf.CodedInputStream.tryRefillBuffer(I)Z @ 175 c2
Event: 2.847 Thread 0x000002338c979450 DEOPT PACKING pc=0x000002339bfe4b08 sp=0x00000051c6efbf70
Event: 2.847 Thread 0x000002338c979450 DEOPT UNPACKING pc=0x000002339ba669a3 sp=0x00000051c6efbe58 mode 2
Event: 2.876 Thread 0x000002338c979450 Uncommon trap: trap_request=0xffffff45 fr.pc=0x000002339bfec988 relative=0x00000000000003c8
Event: 2.876 Thread 0x000002338c979450 Uncommon trap: reason=unstable_if action=reinterpret pc=0x000002339bfec988 method=java.util.concurrent.ConcurrentHashMap.get(Ljava/lang/Object;)Ljava/lang/Object; @ 76 c2
Event: 2.876 Thread 0x000002338c979450 DEOPT PACKING pc=0x000002339bfec988 sp=0x00000051c6efc490
Event: 2.877 Thread 0x000002338c979450 DEOPT UNPACKING pc=0x000002339ba669a3 sp=0x00000051c6efc418 mode 2
Event: 3.503 Thread 0x000002338c979450 Uncommon trap: trap_request=0xffffff45 fr.pc=0x000002339bfeebd0 relative=0x0000000000000710
Event: 3.503 Thread 0x000002338c979450 Uncommon trap: reason=unstable_if action=reinterpret pc=0x000002339bfeebd0 method=java.util.ArrayList.grow(I)[Ljava/lang/Object; @ 17 c2
Event: 3.503 Thread 0x000002338c979450 DEOPT PACKING pc=0x000002339bfeebd0 sp=0x00000051c6efdca0
Event: 3.503 Thread 0x000002338c979450 DEOPT UNPACKING pc=0x000002339ba669a3 sp=0x00000051c6efdb38 mode 2
Event: 4.571 Thread 0x000002338c979450 DEOPT PACKING pc=0x000002339477729c sp=0x00000051c6efdee0
Event: 4.572 Thread 0x000002338c979450 DEOPT UNPACKING pc=0x000002339ba67143 sp=0x00000051c6efd508 mode 0

Classes loaded (20 events):
Event: 4.098 Loading class jdk/internal/reflect/Label
Event: 4.098 Loading class jdk/internal/reflect/Label done
Event: 4.099 Loading class jdk/internal/reflect/Label$PatchInfo
Event: 4.099 Loading class jdk/internal/reflect/Label$PatchInfo done
Event: 4.099 Loading class jdk/internal/reflect/MethodAccessorGenerator$1
Event: 4.099 Loading class jdk/internal/reflect/MethodAccessorGenerator$1 done
Event: 4.099 Loading class jdk/internal/reflect/ClassDefiner
Event: 4.099 Loading class jdk/internal/reflect/ClassDefiner done
Event: 4.099 Loading class jdk/internal/reflect/ClassDefiner$1
Event: 4.099 Loading class jdk/internal/reflect/ClassDefiner$1 done
Event: 4.100 Loading class jdk/internal/reflect/BootstrapConstructorAccessorImpl
Event: 4.100 Loading class jdk/internal/reflect/BootstrapConstructorAccessorImpl done
Event: 4.180 Loading class sun/reflect/generics/tree/TypeVariableSignature
Event: 4.180 Loading class sun/reflect/generics/tree/TypeVariableSignature done
Event: 4.181 Loading class sun/reflect/generics/reflectiveObjects/TypeVariableImpl
Event: 4.181 Loading class sun/reflect/generics/reflectiveObjects/LazyReflectiveObjectGenerator
Event: 4.181 Loading class sun/reflect/generics/reflectiveObjects/LazyReflectiveObjectGenerator done
Event: 4.181 Loading class sun/reflect/generics/reflectiveObjects/TypeVariableImpl done
Event: 5.113 Loading class java/lang/CloneNotSupportedException
Event: 5.114 Loading class java/lang/CloneNotSupportedException done

Classes unloaded (0 events):
No events

Classes redefined (0 events):
No events

Internal exceptions (3 events):
Event: 1.385 Thread 0x000002338c979450 Implicit null exception at 0x000002339bfcd972 to 0x000002339bfcdf8c
Event: 1.583 Thread 0x000002338c979450 Implicit null exception at 0x000002339bfceaf2 to 0x000002339bfcf12c
Event: 4.404 Thread 0x000002338c979450 Exception <a 'java/lang/NoSuchMethodError'{0x0000000088d69b60}: 'java.lang.Object java.lang.invoke.DirectMethodHandle$Holder.newInvokeSpecial(java.lang.Object, java.lang.Object, java.lang.Object, java.lang.Object, java.lang.Object)'> (0x0000000088d69b60) 
thrown [s\src\hotspot\share\interpreter\linkResolver.cpp, line 759]

VM Operations (18 events):
Event: 0.369 Executing VM operation: HandshakeAllThreads
Event: 0.369 Executing VM operation: HandshakeAllThreads done
Event: 0.862 Executing VM operation: HandshakeAllThreads
Event: 0.862 Executing VM operation: HandshakeAllThreads done
Event: 1.301 Executing VM operation: HandshakeAllThreads
Event: 1.301 Executing VM operation: HandshakeAllThreads done
Event: 1.301 Executing VM operation: Cleanup
Event: 1.301 Executing VM operation: Cleanup done
Event: 1.913 Executing VM operation: G1CollectForAllocation
Event: 1.997 Executing VM operation: G1CollectForAllocation done
Event: 2.853 Executing VM operation: HandshakeAllThreads
Event: 2.853 Executing VM operation: HandshakeAllThreads done
Event: 3.868 Executing VM operation: Cleanup
Event: 3.881 Executing VM operation: Cleanup done
Event: 4.005 Executing VM operation: HandshakeAllThreads
Event: 4.005 Executing VM operation: HandshakeAllThreads done
Event: 4.571 Executing VM operation: HandshakeAllThreads
Event: 4.571 Executing VM operation: HandshakeAllThreads done

Memory protections (0 events):
No events

Nmethod flushes (0 events):
No events

Events (14 events):
Event: 0.169 Thread 0x000002338c979450 Thread added: 0x000002338c979450
Event: 0.179 Thread 0x000002338c979450 Thread added: 0x00000233aad3afc0
Event: 0.181 Thread 0x000002338c979450 Thread added: 0x00000233aad3c5e0
Event: 0.205 Thread 0x000002338c979450 Thread added: 0x00000233aad52c70
Event: 0.205 Thread 0x000002338c979450 Thread added: 0x00000233aad54840
Event: 0.205 Thread 0x000002338c979450 Thread added: 0x00000233aad59720
Event: 0.206 Thread 0x000002338c979450 Thread added: 0x00000233aad5a0e0
Event: 0.206 Thread 0x000002338c979450 Thread added: 0x00000233aad5ae80
Event: 0.210 Thread 0x000002338c979450 Thread added: 0x00000233aad5b930
Event: 0.211 Thread 0x000002338c979450 Thread added: 0x00000233aad91270
Event: 0.278 Thread 0x000002338c979450 Thread added: 0x00000233f00de070
Event: 0.284 Thread 0x000002338c979450 Thread added: 0x00000233f00e2170
Event: 0.345 Thread 0x00000233aad5ae80 Thread added: 0x00000233f0149320
Event: 0.920 Thread 0x00000233f0149320 Thread exited: 0x00000233f0149320


Dynamic libraries:
0x00007ff634fb0000 - 0x00007ff634fbe000 	C:\Program Files\Eclipse Adoptium\jdk-17.0.18.8-hotspot\bin\java.exe
0x00007ffe65cb0000 - 0x00007ffe65ec8000 	C:\Windows\SYSTEM32\ntdll.dll
0x00007ffe65390000 - 0x00007ffe65454000 	C:\Windows\System32\KERNEL32.DLL
0x00007ffe63110000 - 0x00007ffe634e3000 	C:\Windows\System32\KERNELBASE.dll
0x00007ffe62f30000 - 0x00007ffe63041000 	C:\Windows\System32\ucrtbase.dll
0x00007ffdc0e60000 - 0x00007ffdc0e7e000 	C:\Program Files\Eclipse Adoptium\jdk-17.0.18.8-hotspot\bin\VCRUNTIME140.dll
0x00007ffdc0e40000 - 0x00007ffdc0e58000 	C:\Program Files\Eclipse Adoptium\jdk-17.0.18.8-hotspot\bin\jli.dll
0x00007ffe647f0000 - 0x00007ffe649a2000 	C:\Windows\System32\USER32.dll
0x00007ffe634f0000 - 0x00007ffe63516000 	C:\Windows\System32\win32u.dll
0x00007ffe49740000 - 0x00007ffe499dc000 	C:\Windows\WinSxS\amd64_microsoft.windows.common-controls_6595b64144ccf1df_6.0.22621.6060_none_2712eda17382d24b\COMCTL32.dll
0x00007ffe652e0000 - 0x00007ffe65387000 	C:\Windows\System32\msvcrt.dll
0x00007ffe63c60000 - 0x00007ffe63c89000 	C:\Windows\System32\GDI32.dll
0x00007ffe63710000 - 0x00007ffe6382b000 	C:\Windows\System32\gdi32full.dll
0x00007ffe63830000 - 0x00007ffe638ca000 	C:\Windows\System32\msvcp_win.dll
0x00007ffe655c0000 - 0x00007ffe655f1000 	C:\Windows\System32\IMM32.DLL
0x00007ffdc0e30000 - 0x00007ffdc0e3c000 	C:\Program Files\Eclipse Adoptium\jdk-17.0.18.8-hotspot\bin\vcruntime140_1.dll
0x00007ffdc0da0000 - 0x00007ffdc0e2d000 	C:\Program Files\Eclipse Adoptium\jdk-17.0.18.8-hotspot\bin\msvcp140.dll
0x00007ffd37d50000 - 0x00007ffd389bb000 	C:\Program Files\Eclipse Adoptium\jdk-17.0.18.8-hotspot\bin\server\jvm.dll
0x00007ffe64550000 - 0x00007ffe64601000 	C:\Windows\System32\ADVAPI32.dll
0x00007ffe65a80000 - 0x00007ffe65b28000 	C:\Windows\System32\sechost.dll
0x00007ffe62dc0000 - 0x00007ffe62de8000 	C:\Windows\System32\bcrypt.dll
0x00007ffe65b50000 - 0x00007ffe65c68000 	C:\Windows\System32\RPCRT4.dll
0x00007ffe65540000 - 0x00007ffe655b1000 	C:\Windows\System32\WS2_32.dll
0x00007ffe62c90000 - 0x00007ffe62cdd000 	C:\Windows\SYSTEM32\POWRPROF.dll
0x00007ffe5de40000 - 0x00007ffe5de74000 	C:\Windows\SYSTEM32\WINMM.dll
0x00007ffe5e440000 - 0x00007ffe5e44a000 	C:\Windows\SYSTEM32\VERSION.dll
0x00007ffe62c70000 - 0x00007ffe62c83000 	C:\Windows\SYSTEM32\UMPDC.dll
0x00007ffe61d60000 - 0x00007ffe61d78000 	C:\Windows\SYSTEM32\kernel.appcore.dll
0x00007ffdc0d90000 - 0x00007ffdc0d9a000 	C:\Program Files\Eclipse Adoptium\jdk-17.0.18.8-hotspot\bin\jimage.dll
0x00007ffe60680000 - 0x00007ffe608b3000 	C:\Windows\SYSTEM32\DBGHELP.DLL
0x00007ffe64f40000 - 0x00007ffe652d1000 	C:\Windows\System32\combase.dll
0x00007ffe65460000 - 0x00007ffe65538000 	C:\Windows\System32\OLEAUT32.dll
0x00007ffe4a670000 - 0x00007ffe4a6a2000 	C:\Windows\SYSTEM32\dbgcore.DLL
0x00007ffe638d0000 - 0x00007ffe6394b000 	C:\Windows\System32\bcryptPrimitives.dll
0x00007ffdc0d50000 - 0x00007ffdc0d75000 	C:\Program Files\Eclipse Adoptium\jdk-17.0.18.8-hotspot\bin\java.dll
0x00007ffdc0c70000 - 0x00007ffdc0d47000 	C:\Program Files\Eclipse Adoptium\jdk-17.0.18.8-hotspot\bin\jsvml.dll
0x00007ffe63ca0000 - 0x00007ffe6453c000 	C:\Windows\System32\SHELL32.dll
0x00007ffe62df0000 - 0x00007ffe62f2f000 	C:\Windows\System32\wintypes.dll
0x00007ffe60c70000 - 0x00007ffe6158a000 	C:\Windows\SYSTEM32\windows.storage.dll
0x00007ffe657b0000 - 0x00007ffe658b4000 	C:\Windows\System32\SHCORE.dll
0x00007ffe63950000 - 0x00007ffe639b9000 	C:\Windows\System32\shlwapi.dll
0x00007ffe62cf0000 - 0x00007ffe62d15000 	C:\Windows\SYSTEM32\profapi.dll
0x00007ffda3050000 - 0x00007ffda306a000 	C:\Program Files\Eclipse Adoptium\jdk-17.0.18.8-hotspot\bin\net.dll
0x00007ffe5e1a0000 - 0x00007ffe5e2cc000 	C:\Windows\SYSTEM32\WINHTTP.dll
0x00007ffe62220000 - 0x00007ffe62289000 	C:\Windows\system32\mswsock.dll
0x00007ffda3030000 - 0x00007ffda3046000 	C:\Program Files\Eclipse Adoptium\jdk-17.0.18.8-hotspot\bin\nio.dll
0x00007ffdc0c50000 - 0x00007ffdc0c68000 	C:\Program Files\Eclipse Adoptium\jdk-17.0.18.8-hotspot\bin\zip.dll

dbghelp: loaded successfully - version: 4.0.5 - missing functions: none
symbol engine: initialized successfully - sym options: 0x614 - pdb path: .;C:\Program Files\Eclipse Adoptium\jdk-17.0.18.8-hotspot\bin;C:\Windows\SYSTEM32;C:\Windows\WinSxS\amd64_microsoft.windows.common-controls_6595b64144ccf1df_6.0.22621.6060_none_2712eda17382d24b;C:\Program Files\Eclipse Adoptium\jdk-17.0.18.8-hotspot\bin\server

VM Arguments:
java_command: org.jetbrains.kotlin.cli.jvm.K2JVMCompiler @C:\Users\Administrator\StudioProjects\FlexiFitApp_Initial\app\build\20260417_16491470356642531306.compiler.options
java_class_path (initial): C:\Users\Administrator\.gradle\caches\modules-2\files-2.1\org.jetbrains.kotlin\kotlin-compiler-embeddable\1.9.0\2c8c3a7402becca891f12739b3e9fd2dc2adbd7a\kotlin-compiler-embeddable-1.9.0.jar;C:\Users\Administrator\.gradle\caches\modules-2\files-2.1\org.jetbrains.kotlin\kotlin-stdlib\1.9.0\8ee15ef0c67dc83d874f412d84378d7f0eb50b63\kotlin-stdlib-1.9.0.jar;C:\Users\Administrator\.gradle\caches\modules-2\files-2.1\org.jetbrains.kotlin\kotlin-script-runtime\1.9.0\4b3102cbbb7e1b58d9d1adf89563f00069ffa7d1\kotlin-script-runtime-1.9.0.jar;C:\Users\Administrator\.gradle\caches\modules-2\files-2.1\org.jetbrains.kotlin\kotlin-reflect\1.9.0\2891f552979d4bf4d4ec516acb9df769fb62dbe9\kotlin-reflect-1.9.0.jar;C:\Users\Administrator\.gradle\caches\modules-2\files-2.1\org.jetbrains.kotlin\kotlin-daemon-embeddable\1.9.0\186543f5e28cf8d9a0290fecc2cf34301c40a65c\kotlin-daemon-embeddable-1.9.0.jar;C:\Users\Administrator\.gradle\caches\modules-2\files-2.1\org.jetbrains.intellij.deps\trove4j\1.0.20200330\3afb14d5f9ceb459d724e907a21145e8ff394f02\trove4j-1.0.20200330.jar;C:\Users\Administrator\.gradle\caches\modules-2\files-2.1\org.jetbrains.kotlin\kotlin-stdlib-common\1.9.0\cd65c21cfd1eec4d44ef09f9f52b6d9f8a720636\kotlin-stdlib-common-1.9.0.jar;C:\Users\Administrator\.gradle\caches\modules-2\files-2.1\org.jetbrains\annotations\13.0\919f0dfe192fb4e063e7dacadee7f8bb9a2672a9\annotations-13.0.jar
Launcher Type: SUN_STANDARD

[Global flags]
     intx CICompilerCount                          = 4                                         {product} {ergonomic}
     uint ConcGCThreads                            = 2                                         {product} {ergonomic}
     uint G1ConcRefinementThreads                  = 8                                         {product} {ergonomic}
   size_t G1HeapRegionSize                         = 1048576                                   {product} {ergonomic}
    uintx GCDrainStackTargetSize                   = 64                                        {product} {ergonomic}
   size_t InitialHeapSize                          = 134217728                                 {product} {ergonomic}
   size_t MarkStackSize                            = 4194304                                   {product} {ergonomic}
   size_t MaxHeapSize                              = 2116026368                                {product} {ergonomic}
   size_t MaxNewSize                               = 1268776960                                {product} {ergonomic}
   size_t MinHeapDeltaBytes                        = 1048576                                   {product} {ergonomic}
   size_t MinHeapSize                              = 8388608                                   {product} {ergonomic}
    uintx NonNMethodCodeHeapSize                   = 5839372                                {pd product} {ergonomic}
    uintx NonProfiledCodeHeapSize                  = 122909434                              {pd product} {ergonomic}
    uintx ProfiledCodeHeapSize                     = 122909434                              {pd product} {ergonomic}
    uintx ReservedCodeCacheSize                    = 251658240                              {pd product} {ergonomic}
     bool SegmentedCodeCache                       = true                                      {product} {ergonomic}
   size_t SoftMaxHeapSize                          = 2116026368                             {manageable} {ergonomic}
     bool UseCompressedClassPointers               = true                           {product lp64_product} {ergonomic}
     bool UseCompressedOops                        = true                           {product lp64_product} {ergonomic}
     bool UseG1GC                                  = true                                      {product} {ergonomic}
     bool UseLargePagesIndividualAllocation        = false                                  {pd product} {ergonomic}

Logging:
Log output configuration:
 #0: stdout all=warning uptime,level,tags
 #1: stderr all=off uptime,level,tags

Environment Variables:
JAVA_HOME=C:\Program Files\Eclipse Adoptium\jdk-17.0.18.8-hotspot
PATH=C:\Program Files\Eclipse Adoptium\jdk-11.0.30.7-hotspot\bin;C:\Program Files\Eclipse Adoptium\jdk-17.0.18.8-hotspot\bin;C:\Program Files\Microsoft MPI\Bin\;C:\Windows\system32;C:\Windows;C:\Windows\System32\Wbem;C:\Windows\System32\WindowsPowerShell\v1.0\;C:\Windows\System32\OpenSSH\;C:\Program Files\Git\cmd;C:\Program Files (x86)\Microsoft SQL Server\160\DTS\Binn\;C:\Program Files (x86)\Microsoft SQL Server\150\Tools\Binn\;C:\Program Files\Microsoft SQL Server\150\Tools\Binn\;C:\Program Files (x86)\Microsoft SQL Server\150\DTS\Binn\;C:\Program Files\Microsoft SQL Server\150\DTS\Binn\;C:\Program Files\Microsoft SQL Server\Client SDK\ODBC\170\Tools\Binn\;C:\Program Files\Microsoft SQL Server\170\Tools\Binn\;C:\Program Files\dotnet\;C:\Program Files\nodejs\;C:\Users\Administrator\AppData\Local\Microsoft\WindowsApps;;C:\Users\Administrator\AppData\Local\Programs\Microsoft VS Code\bin;C:\Users\Administrator\AppData\Local\Python\bin;C:\Users\Administrator\.dotnet\tools;C:\Users\Administrator\AppData\Roaming\npm
USERNAME=Administrator
OS=Windows_NT
PROCESSOR_IDENTIFIER=Intel64 Family 6 Model 142 Stepping 12, GenuineIntel
TMP=C:\Users\ADMINI~1\AppData\Local\Temp
TEMP=C:\Users\ADMINI~1\AppData\Local\Temp



Periodic native trim disabled


---------------  S Y S T E M  ---------------

OS:
 Windows 11 , 64 bit Build 22621 (10.0.22621.5415)
OS uptime: 15 days 20:38 hours
Hyper-V role detected

CPU: total 8 (initial active 8) (4 cores per cpu, 2 threads per core) family 6 model 142 stepping 12 microcode 0xfa, cx8, cmov, fxsr, ht, mmx, 3dnowpref, sse, sse2, sse3, ssse3, sse4.1, sse4.2, popcnt, lzcnt, tsc, tscinvbit, avx, avx2, aes, erms, clmul, bmi1, bmi2, adx, fma, vzeroupper, clflush, clflushopt, hv
Processor Information for all 8 processors :
  Max Mhz: 1800, Current Mhz: 1600, Mhz Limit: 1584

Memory: 4k page, system-wide physical 8070M (333M free)
TotalPageFile size 16262M (AvailPageFile size 5M)
current process WorkingSet (physical memory assigned to process): 91M, peak: 91M
current process commit charge ("private bytes"): 232M, peak: 232M

vm_info: OpenJDK 64-Bit Server VM (17.0.18+8) for windows-amd64 JRE (17.0.18+8), built on Jan 20 2026 22:28:22 by "admin" with MS VC++ 17.12 (VS2022)

END.
