#
# There is insufficient memory for the Java Runtime Environment to continue.
# Native memory allocation (mmap) failed to map 89128960 bytes. Error detail: G1 virtual space
# Possible reasons:
#   The system is out of physical RAM or swap space
#   This process is running with CompressedOops enabled, and the Java Heap may be blocking the growth of the native heap
# Possible solutions:
#   Reduce memory load on the system
#   Increase physical memory or swap space
#   Check if swap backing store is full
#   Decrease Java heap size (-Xmx/-Xms)
#   Decrease number of Java threads
#   Decrease Java thread stack sizes (-Xss)
#   Set larger code cache with -XX:ReservedCodeCacheSize=
#   JVM is running with Unscaled Compressed Oops mode in which the Java heap is
#     placed in the first 4GB address space. The Java Heap base address is the
#     maximum limit for the native heap growth. Please use -XX:HeapBaseMinAddress
#     to set the Java Heap base and to place the Java Heap above 4GB virtual address.
# This output file may be truncated or incomplete.
#
#  Out of Memory Error (os_windows.cpp:3618), pid=17844, tid=17320
#
# JRE version: OpenJDK Runtime Environment Temurin-17.0.18+8 (17.0.18+8) (build 17.0.18+8)
# Java VM: OpenJDK 64-Bit Server VM Temurin-17.0.18+8 (17.0.18+8, mixed mode, sharing, tiered, compressed oops, compressed class ptrs, g1 gc, windows-amd64)
# No core dump will be written. Minidumps are not enabled by default on client versions of Windows
#

---------------  S U M M A R Y ------------

Command Line: --add-opens=java.base/java.lang=ALL-UNNAMED --add-opens=java.base/java.lang.invoke=ALL-UNNAMED --add-opens=java.base/java.util=ALL-UNNAMED --add-opens=java.prefs/java.util.prefs=ALL-UNNAMED --add-exports=jdk.compiler/com.sun.tools.javac.api=ALL-UNNAMED --add-exports=jdk.compiler/com.sun.tools.javac.util=ALL-UNNAMED --add-opens=java.base/java.util=ALL-UNNAMED --add-opens=java.prefs/java.util.prefs=ALL-UNNAMED --add-opens=java.base/java.nio.charset=ALL-UNNAMED --add-opens=java.base/java.net=ALL-UNNAMED --add-opens=java.base/java.util.concurrent.atomic=ALL-UNNAMED --add-opens=java.xml/javax.xml.namespace=ALL-UNNAMED -Xmx2048m -Dfile.encoding=UTF-8 -Duser.country=US -Duser.language=en -Duser.variant -javaagent:C:\Users\Administrator\.gradle\wrapper\dists\gradle-8.13-bin\5xuhj0ry160q40clulazy9h7d\gradle-8.13\lib\agents\gradle-instrumentation-agent-8.13.jar org.gradle.launcher.daemon.bootstrap.GradleDaemon 8.13

Host: Intel(R) Core(TM) i5-8265U CPU @ 1.60GHz, 8 cores, 7G,  Windows 11 , 64 bit Build 22621 (10.0.22621.5415)
Time: Wed Mar 25 08:20:14 2026 Taipei Standard Time elapsed time: 20.084243 seconds (0d 0h 0m 20s)

---------------  T H R E A D  ---------------

Current thread (0x00000130c76718b0):  VMThread "VM Thread" [stack: 0x000000059da00000,0x000000059db00000] [id=17320]

Stack: [0x000000059da00000,0x000000059db00000]
Native frames: (J=compiled Java code, j=interpreted, Vv=VM code, C=native code)
V  [jvm.dll+0x6846f9]
V  [jvm.dll+0x839ea5]
V  [jvm.dll+0x83b91e]
V  [jvm.dll+0x83bfa3]
V  [jvm.dll+0x248eff]
V  [jvm.dll+0x6814b9]
V  [jvm.dll+0x6762ba]
V  [jvm.dll+0x309257]
V  [jvm.dll+0x310826]
V  [jvm.dll+0x360d9e]
V  [jvm.dll+0x360fdd]
V  [jvm.dll+0x2e02dc]
V  [jvm.dll+0x2de6b2]
V  [jvm.dll+0x2dde4c]
V  [jvm.dll+0x320ec1]
V  [jvm.dll+0x8407bd]
V  [jvm.dll+0x8414f3]
V  [jvm.dll+0x841a1f]
V  [jvm.dll+0x841e05]
V  [jvm.dll+0x841ece]
V  [jvm.dll+0x7eaaec]
V  [jvm.dll+0x6835c7]
C  [ucrtbase.dll+0x29333]
C  [KERNEL32.DLL+0x1259d]
C  [ntdll.dll+0x5af78]

VM_Operation (0x000000059f1f4c40): G1TryInitiateConcMark, mode: safepoint, requested by thread 0x000001310e1bf220


---------------  P R O C E S S  ---------------

Threads class SMR info:
_java_thread_list=0x000001311050e030, length=81, elements={
0x00000130a91c3350, 0x00000130c7677a30, 0x00000130c76787c0, 0x00000130c76888a0,
0x00000130c768a180, 0x00000130c768b060, 0x00000130c768d940, 0x00000130c7699b00,
0x00000130c769c4d0, 0x00000130c769edf0, 0x00000130c79200a0, 0x00000130c796bc90,
0x000001310e1bb8a0, 0x000001310de9ae70, 0x000001310e3b1810, 0x000001310e531050,
0x00000130c7ad1ee0, 0x000001310e1bceb0, 0x000001310e1bf220, 0x000001310e1bed10,
0x000001310e1be2f0, 0x000001310e1bd3c0, 0x000001310e1be800, 0x000001310e1bc490,
0x000001310e1bd8d0, 0x000001310e302810, 0x000001310e3013d0, 0x000001310e303c50,
0x000001310e302d20, 0x000001310e307400, 0x000001310e3064d0, 0x000001310e305090,
0x000001310e3018e0, 0x000001310e307910, 0x000001310e302300, 0x000001310e306ef0,
0x000001310e303230, 0x000001310e304160, 0x000001310e304670, 0x000001310e305ab0,
0x000001310e300ec0, 0x000001310e304b80, 0x000001310e305fc0, 0x000001310e3004a0,
0x000001310e307e20, 0x00000131103c6240, 0x00000131103c94e0, 0x00000131103c2070,
0x00000131103c3ed0, 0x00000131103c85b0, 0x00000131103c43e0, 0x00000131103c99f0,
0x00000131103c7680, 0x00000131103c2580, 0x00000131103c8fd0, 0x00000131103c6750,
0x00000131103c7170, 0x00000131103c8ac0, 0x00000131103c5820, 0x00000131103c6c60,
0x00000131103c2a90, 0x00000131103c48f0, 0x00000131103c7b90, 0x00000131103c2fa0,
0x00000131103c39c0, 0x00000131103c4e00, 0x00000131103c80a0, 0x00000131103c5310,
0x00000131103c5d30, 0x000001310ffe85b0, 0x000001310ffee5e0, 0x000001310ffecc90,
0x000001310ffedbc0, 0x000001310ffe8ac0, 0x000001310ffed1a0, 0x000001310ffeae30,
0x000001310ffeeaf0, 0x000001310ffe8fd0, 0x000001310ffebd60, 0x000001310ffef510,
0x000001310ffed6b0
}

Java Threads: ( => current thread )
  0x00000130a91c3350 JavaThread "main" [_thread_blocked, id=19200, stack(0x000000059d400000,0x000000059d500000)]
  0x00000130c7677a30 JavaThread "Reference Handler" daemon [_thread_blocked, id=18552, stack(0x000000059db00000,0x000000059dc00000)]
  0x00000130c76787c0 JavaThread "Finalizer" daemon [_thread_blocked, id=10220, stack(0x000000059dc00000,0x000000059dd00000)]
  0x00000130c76888a0 JavaThread "Signal Dispatcher" daemon [_thread_blocked, id=12416, stack(0x000000059dd00000,0x000000059de00000)]
  0x00000130c768a180 JavaThread "Attach Listener" daemon [_thread_blocked, id=14812, stack(0x000000059de00000,0x000000059df00000)]
  0x00000130c768b060 JavaThread "Service Thread" daemon [_thread_blocked, id=19160, stack(0x000000059df00000,0x000000059e000000)]
  0x00000130c768d940 JavaThread "Monitor Deflation Thread" daemon [_thread_blocked, id=1028, stack(0x000000059e000000,0x000000059e100000)]
  0x00000130c7699b00 JavaThread "C2 CompilerThread0" daemon [_thread_blocked, id=15868, stack(0x000000059e100000,0x000000059e200000)]
  0x00000130c769c4d0 JavaThread "C1 CompilerThread0" daemon [_thread_blocked, id=14036, stack(0x000000059e200000,0x000000059e300000)]
  0x00000130c769edf0 JavaThread "Sweeper thread" daemon [_thread_blocked, id=6408, stack(0x000000059e300000,0x000000059e400000)]
  0x00000130c79200a0 JavaThread "Common-Cleaner" daemon [_thread_blocked, id=18308, stack(0x000000059e400000,0x000000059e500000)]
  0x00000130c796bc90 JavaThread "Notification Thread" daemon [_thread_blocked, id=5316, stack(0x000000059e500000,0x000000059e600000)]
  0x000001310e1bb8a0 JavaThread "Daemon health stats" [_thread_blocked, id=2148, stack(0x000000059eb00000,0x000000059ec00000)]
  0x000001310de9ae70 JavaThread "Incoming local TCP Connector on port 60136" [_thread_in_native, id=16160, stack(0x000000059ec00000,0x000000059ed00000)]
  0x000001310e3b1810 JavaThread "Daemon periodic checks" [_thread_blocked, id=17928, stack(0x000000059ed00000,0x000000059ee00000)]
  0x000001310e531050 JavaThread "Daemon" [_thread_blocked, id=10480, stack(0x000000059ee00000,0x000000059ef00000)]
  0x00000130c7ad1ee0 JavaThread "Handler for socket connection from /127.0.0.1:60136 to /127.0.0.1:60137" [_thread_in_native, id=14072, stack(0x000000059ef00000,0x000000059f000000)]
  0x000001310e1bceb0 JavaThread "Cancel handler" [_thread_blocked, id=16180, stack(0x000000059f000000,0x000000059f100000)]
  0x000001310e1bf220 JavaThread "Daemon worker" [_thread_blocked, id=10372, stack(0x000000059f100000,0x000000059f200000)]
  0x000001310e1bed10 JavaThread "Asynchronous log dispatcher for DefaultDaemonConnection: socket connection from /127.0.0.1:60136 to /127.0.0.1:60137" [_thread_blocked, id=8152, stack(0x000000059f200000,0x000000059f300000)]
  0x000001310e1be2f0 JavaThread "Stdin handler" [_thread_blocked, id=13528, stack(0x000000059f300000,0x000000059f400000)]
  0x000001310e1bd3c0 JavaThread "Daemon client event forwarder" [_thread_blocked, id=2120, stack(0x000000059f400000,0x000000059f500000)]
  0x000001310e1be800 JavaThread "Cache worker for journal cache (C:\Users\Administrator\.gradle\caches\journal-1)" [_thread_blocked, id=17432, stack(0x000000059f500000,0x000000059f600000)]
  0x000001310e1bc490 JavaThread "File lock request listener" [_thread_in_native, id=18172, stack(0x000000059f600000,0x000000059f700000)]
  0x000001310e1bd8d0 JavaThread "Cache worker for file hash cache (C:\Users\Administrator\.gradle\caches\8.13\fileHashes)" [_thread_blocked, id=13284, stack(0x000000059f700000,0x000000059f800000)]
  0x000001310e302810 JavaThread "Cache worker for file hash cache (C:\Users\Administrator\StudioProjects\FlexiFitApp_Initial\.gradle\8.13\fileHashes)" [_thread_blocked, id=16556, stack(0x000000059fb00000,0x000000059fc00000)]
  0x000001310e3013d0 JavaThread "Cache worker for Build Output Cleanup Cache (C:\Users\Administrator\StudioProjects\FlexiFitApp_Initial\.gradle\buildOutputCleanup)" [_thread_blocked, id=5340, stack(0x000000059fc00000,0x000000059fd00000)]
  0x000001310e303c50 JavaThread "File watcher server" daemon [_thread_in_native, id=17300, stack(0x000000059fe00000,0x000000059ff00000)]
  0x000001310e302d20 JavaThread "File watcher consumer" daemon [_thread_blocked, id=16268, stack(0x000000059ff00000,0x00000005a0000000)]
  0x000001310e307400 JavaThread "jar transforms" [_thread_blocked, id=4300, stack(0x00000005a0000000,0x00000005a0100000)]
  0x000001310e3064d0 JavaThread "jar transforms Thread 2" [_thread_blocked, id=16416, stack(0x00000005a0100000,0x00000005a0200000)]
  0x000001310e305090 JavaThread "Cache worker for checksums cache (C:\Users\Administrator\StudioProjects\FlexiFitApp_Initial\.gradle\8.13\checksums)" [_thread_blocked, id=13712, stack(0x00000005a0200000,0x00000005a0300000)]
  0x000001310e3018e0 JavaThread "Cache worker for file content cache (C:\Users\Administrator\.gradle\caches\8.13\fileContent)" [_thread_blocked, id=2688, stack(0x00000005a0300000,0x00000005a0400000)]
  0x000001310e307910 JavaThread "jar transforms Thread 3" [_thread_blocked, id=7632, stack(0x00000005a0400000,0x00000005a0500000)]
  0x000001310e302300 JavaThread "Cache worker for cache directory md-supplier (C:\Users\Administrator\.gradle\caches\8.13\md-supplier)" [_thread_blocked, id=17220, stack(0x00000005a0500000,0x00000005a0600000)]
  0x000001310e306ef0 JavaThread "Cache worker for cache directory md-rule (C:\Users\Administrator\.gradle\caches\8.13\md-rule)" [_thread_blocked, id=10444, stack(0x00000005a0600000,0x00000005a0700000)]
  0x000001310e303230 JavaThread "Unconstrained build operations" [_thread_blocked, id=9304, stack(0x00000005a0700000,0x00000005a0800000)]
  0x000001310e304160 JavaThread "Unconstrained build operations Thread 2" [_thread_blocked, id=18164, stack(0x00000005a0800000,0x00000005a0900000)]
  0x000001310e304670 JavaThread "Unconstrained build operations Thread 3" [_thread_blocked, id=16032, stack(0x00000005a0900000,0x00000005a0a00000)]
  0x000001310e305ab0 JavaThread "Unconstrained build operations Thread 4" [_thread_blocked, id=5320, stack(0x00000005a0a00000,0x00000005a0b00000)]
  0x000001310e300ec0 JavaThread "Unconstrained build operations Thread 5" [_thread_blocked, id=11624, stack(0x00000005a0b00000,0x00000005a0c00000)]
  0x000001310e304b80 JavaThread "Unconstrained build operations Thread 6" [_thread_blocked, id=1272, stack(0x00000005a0c00000,0x00000005a0d00000)]
  0x000001310e305fc0 JavaThread "Unconstrained build operations Thread 7" [_thread_blocked, id=4744, stack(0x00000005a0d00000,0x00000005a0e00000)]
  0x000001310e3004a0 JavaThread "Unconstrained build operations Thread 8" [_thread_blocked, id=5884, stack(0x00000005a0e00000,0x00000005a0f00000)]
  0x000001310e307e20 JavaThread "Unconstrained build operations Thread 9" [_thread_blocked, id=17760, stack(0x00000005a0f00000,0x00000005a1000000)]
  0x00000131103c6240 JavaThread "Unconstrained build operations Thread 10" [_thread_blocked, id=17992, stack(0x00000005a1000000,0x00000005a1100000)]
  0x00000131103c94e0 JavaThread "jar transforms Thread 4" [_thread_blocked, id=18072, stack(0x00000005a1100000,0x00000005a1200000)]
  0x00000131103c2070 JavaThread "jar transforms Thread 5" [_thread_blocked, id=12424, stack(0x00000005a1200000,0x00000005a1300000)]
  0x00000131103c3ed0 JavaThread "Unconstrained build operations Thread 11" [_thread_blocked, id=1360, stack(0x00000005a1300000,0x00000005a1400000)]
  0x00000131103c85b0 JavaThread "Unconstrained build operations Thread 12" [_thread_blocked, id=11072, stack(0x00000005a1400000,0x00000005a1500000)]
  0x00000131103c43e0 JavaThread "Unconstrained build operations Thread 13" [_thread_blocked, id=13168, stack(0x00000005a1500000,0x00000005a1600000)]
  0x00000131103c99f0 JavaThread "Unconstrained build operations Thread 14" [_thread_blocked, id=12420, stack(0x00000005a1600000,0x00000005a1700000)]
  0x00000131103c7680 JavaThread "Unconstrained build operations Thread 15" [_thread_blocked, id=10036, stack(0x00000005a1700000,0x00000005a1800000)]
  0x00000131103c2580 JavaThread "jar transforms Thread 6" [_thread_blocked, id=19292, stack(0x00000005a1800000,0x00000005a1900000)]
  0x00000131103c8fd0 JavaThread "jar transforms Thread 7" [_thread_blocked, id=5476, stack(0x00000005a1900000,0x00000005a1a00000)]
  0x00000131103c6750 JavaThread "jar transforms Thread 8" [_thread_blocked, id=17756, stack(0x00000005a1a00000,0x00000005a1b00000)]
  0x00000131103c7170 JavaThread "Unconstrained build operations Thread 16" [_thread_blocked, id=7184, stack(0x00000005a1b00000,0x00000005a1c00000)]
  0x00000131103c8ac0 JavaThread "Unconstrained build operations Thread 17" [_thread_blocked, id=4948, stack(0x00000005a1c00000,0x00000005a1d00000)]
  0x00000131103c5820 JavaThread "Unconstrained build operations Thread 18" [_thread_blocked, id=12196, stack(0x00000005a1d00000,0x00000005a1e00000)]
  0x00000131103c6c60 JavaThread "Unconstrained build operations Thread 19" [_thread_blocked, id=17608, stack(0x00000005a1e00000,0x00000005a1f00000)]
  0x00000131103c2a90 JavaThread "Unconstrained build operations Thread 20" [_thread_blocked, id=16712, stack(0x00000005a1f00000,0x00000005a2000000)]
  0x00000131103c48f0 JavaThread "Unconstrained build operations Thread 21" [_thread_blocked, id=7544, stack(0x00000005a2000000,0x00000005a2100000)]
  0x00000131103c7b90 JavaThread "Unconstrained build operations Thread 22" [_thread_blocked, id=6888, stack(0x00000005a2100000,0x00000005a2200000)]
  0x00000131103c2fa0 JavaThread "Unconstrained build operations Thread 23" [_thread_blocked, id=16584, stack(0x00000005a2200000,0x00000005a2300000)]
  0x00000131103c39c0 JavaThread "Unconstrained build operations Thread 24" [_thread_blocked, id=1748, stack(0x00000005a2300000,0x00000005a2400000)]
  0x00000131103c4e00 JavaThread "Unconstrained build operations Thread 25" [_thread_blocked, id=15928, stack(0x00000005a2400000,0x00000005a2500000)]
  0x00000131103c80a0 JavaThread "Unconstrained build operations Thread 26" [_thread_blocked, id=13060, stack(0x00000005a2500000,0x00000005a2600000)]
  0x00000131103c5310 JavaThread "Unconstrained build operations Thread 27" [_thread_blocked, id=16360, stack(0x00000005a2600000,0x00000005a2700000)]
  0x00000131103c5d30 JavaThread "Unconstrained build operations Thread 28" [_thread_blocked, id=18236, stack(0x00000005a2700000,0x00000005a2800000)]
  0x000001310ffe85b0 JavaThread "Unconstrained build operations Thread 29" [_thread_blocked, id=17544, stack(0x00000005a2800000,0x00000005a2900000)]
  0x000001310ffee5e0 JavaThread "Unconstrained build operations Thread 30" [_thread_blocked, id=4588, stack(0x00000005a2900000,0x00000005a2a00000)]
  0x000001310ffecc90 JavaThread "Unconstrained build operations Thread 31" [_thread_blocked, id=1428, stack(0x00000005a2a00000,0x00000005a2b00000)]
  0x000001310ffedbc0 JavaThread "Unconstrained build operations Thread 32" [_thread_blocked, id=16836, stack(0x00000005a2b00000,0x00000005a2c00000)]
  0x000001310ffe8ac0 JavaThread "Unconstrained build operations Thread 33" [_thread_blocked, id=4704, stack(0x00000005a2c00000,0x00000005a2d00000)]
  0x000001310ffed1a0 JavaThread "Unconstrained build operations Thread 34" [_thread_blocked, id=5796, stack(0x00000005a2d00000,0x00000005a2e00000)]
  0x000001310ffeae30 JavaThread "Unconstrained build operations Thread 35" [_thread_blocked, id=8320, stack(0x00000005a2e00000,0x00000005a2f00000)]
  0x000001310ffeeaf0 JavaThread "Unconstrained build operations Thread 36" [_thread_blocked, id=2168, stack(0x00000005a2f00000,0x00000005a3000000)]
  0x000001310ffe8fd0 JavaThread "build event listener" [_thread_blocked, id=16772, stack(0x00000005a3000000,0x00000005a3100000)]
  0x000001310ffebd60 JavaThread "Memory manager" [_thread_blocked, id=18140, stack(0x00000005a3100000,0x00000005a3200000)]
  0x000001310ffef510 JavaThread "Problems report writer" [_thread_blocked, id=7828, stack(0x00000005a3200000,0x00000005a3300000)]
  0x000001310ffed6b0 JavaThread "build event listener" [_thread_blocked, id=12636, stack(0x00000005a3300000,0x00000005a3400000)]

Other Threads:
=>0x00000130c76718b0 VMThread "VM Thread" [stack: 0x000000059da00000,0x000000059db00000] [id=17320]
  0x00000130a91c40e0 WatcherThread [stack: 0x000000059e600000,0x000000059e700000] [id=4544]
  0x00000130a708e870 GCTaskThread "GC Thread#0" [stack: 0x000000059d500000,0x000000059d600000] [id=14248]
  0x000001310d1ea080 GCTaskThread "GC Thread#1" [stack: 0x000000059e700000,0x000000059e800000] [id=696]
  0x00000130c7a9a480 GCTaskThread "GC Thread#2" [stack: 0x000000059e800000,0x000000059e900000] [id=11712]
  0x000001310d90d8d0 GCTaskThread "GC Thread#3" [stack: 0x000000059e900000,0x000000059ea00000] [id=11720]
  0x000001310d90db90 GCTaskThread "GC Thread#4" [stack: 0x000000059ea00000,0x000000059eb00000] [id=14272]
  0x000001310e68b630 GCTaskThread "GC Thread#5" [stack: 0x000000059f800000,0x000000059f900000] [id=9640]
  0x00000130c7af43a0 GCTaskThread "GC Thread#6" [stack: 0x000000059f900000,0x000000059fa00000] [id=9184]
  0x000001310e4ad690 GCTaskThread "GC Thread#7" [stack: 0x000000059fa00000,0x000000059fb00000] [id=3716]
  0x00000130a922b2d0 ConcurrentGCThread "G1 Main Marker" [stack: 0x000000059d600000,0x000000059d700000] [id=14352]
  0x00000130a922bc00 ConcurrentGCThread "G1 Conc#0" [stack: 0x000000059d700000,0x000000059d800000] [id=18436]
  0x000001310ee9bbc0 ConcurrentGCThread "G1 Conc#1" [stack: 0x000000059fd00000,0x000000059fe00000] [id=18176]
  0x00000130a926e810 ConcurrentGCThread "G1 Refine#0" [stack: 0x000000059d800000,0x000000059d900000] [id=2960]
  0x00000130c7529770 ConcurrentGCThread "G1 Service" [stack: 0x000000059d900000,0x000000059da00000] [id=7788]

Threads with active compile tasks:
C2 CompilerThread0  20111 9068       4       org.objectweb.asm.Frame::getAbstractTypeFromDescriptor (432 bytes)

VM state: at safepoint (normal execution)

VM Mutex/Monitor currently owned by a thread:  ([mutex/lock_event])
[0x00000130a91bffb0] Threads_lock - owner thread: 0x00000130c76718b0
[0x00000130a91c03a0] Heap_lock - owner thread: 0x000001310e1bf220

Heap address: 0x0000000080000000, size: 2048 MB, Compressed Oops mode: 32-bit

CDS archive(s) mapped at: [0x00000130c8000000-0x00000130c8bb0000-0x00000130c8bb0000), size 12255232, SharedBaseAddress: 0x00000130c8000000, ArchiveRelocationMode: 1.
Compressed class space mapped at: 0x00000130c9000000-0x0000013109000000, reserved size: 1073741824
Narrow klass base: 0x00000130c8000000, Narrow klass shift: 0, Narrow klass range: 0x100000000

GC Precious Log:
 CPUs: 8 total, 8 available
 Memory: 8070M
 Large Page Support: Disabled
 NUMA Support: Disabled
 Compressed Oops: Enabled (32-bit)
 Heap Region Size: 1M
 Heap Min Capacity: 8M
 Heap Initial Capacity: 128M
 Heap Max Capacity: 2G
 Pre-touch: Disabled
 Parallel Workers: 8
 Concurrent Workers: 2
 Concurrent Refinement Workers: 8
 Periodic GC: Disabled

Heap:
 garbage-first heap   total 158720K, used 86419K [0x0000000080000000, 0x0000000100000000)
  region size 1024K, 4 young (4096K), 4 survivors (4096K)
 Metaspace       used 70393K, committed 71104K, reserved 1114112K
  class space    used 9627K, committed 9984K, reserved 1048576K

Heap Regions: E=young(eden), S=young(survivor), O=old, HS=humongous(starts), HC=humongous(continues), CS=collection set, F=free, OA=open archive, CA=closed archive, TAMS=top-at-mark-start (previous, next)
|   0|0x0000000080000000, 0x0000000080100000, 0x0000000080100000|100%|HS|  |TAMS 0x0000000080100000, 0x0000000080100000| Complete 
|   1|0x0000000080100000, 0x0000000080200000, 0x0000000080200000|100%|HC|  |TAMS 0x0000000080200000, 0x0000000080200000| Complete 
|   2|0x0000000080200000, 0x0000000080300000, 0x0000000080300000|100%|HC|  |TAMS 0x0000000080300000, 0x0000000080300000| Complete 
|   3|0x0000000080300000, 0x0000000080400000, 0x0000000080400000|100%| O|  |TAMS 0x0000000080400000, 0x0000000080400000| Untracked 
|   4|0x0000000080400000, 0x0000000080500000, 0x0000000080500000|100%| O|  |TAMS 0x0000000080500000, 0x0000000080500000| Untracked 
|   5|0x0000000080500000, 0x0000000080600000, 0x0000000080600000|100%| O|  |TAMS 0x0000000080600000, 0x0000000080600000| Untracked 
|   6|0x0000000080600000, 0x0000000080700000, 0x0000000080700000|100%|HS|  |TAMS 0x0000000080700000, 0x0000000080700000| Complete 
|   7|0x0000000080700000, 0x0000000080800000, 0x0000000080800000|100%| O|  |TAMS 0x0000000080800000, 0x0000000080800000| Untracked 
|   8|0x0000000080800000, 0x0000000080900000, 0x0000000080900000|100%| O|  |TAMS 0x0000000080900000, 0x0000000080900000| Untracked 
|   9|0x0000000080900000, 0x0000000080a00000, 0x0000000080a00000|100%| O|  |TAMS 0x0000000080a00000, 0x0000000080a00000| Untracked 
|  10|0x0000000080a00000, 0x0000000080b00000, 0x0000000080b00000|100%| O|  |TAMS 0x0000000080b00000, 0x0000000080b00000| Untracked 
|  11|0x0000000080b00000, 0x0000000080c00000, 0x0000000080c00000|100%| O|  |TAMS 0x0000000080c00000, 0x0000000080c00000| Untracked 
|  12|0x0000000080c00000, 0x0000000080d00000, 0x0000000080d00000|100%| O|  |TAMS 0x0000000080d00000, 0x0000000080d00000| Untracked 
|  13|0x0000000080d00000, 0x0000000080e00000, 0x0000000080e00000|100%| O|  |TAMS 0x0000000080e00000, 0x0000000080e00000| Untracked 
|  14|0x0000000080e00000, 0x0000000080f00000, 0x0000000080f00000|100%| O|  |TAMS 0x0000000080f00000, 0x0000000080f00000| Untracked 
|  15|0x0000000080f00000, 0x0000000081000000, 0x0000000081000000|100%| O|  |TAMS 0x0000000081000000, 0x0000000081000000| Untracked 
|  16|0x0000000081000000, 0x0000000081100000, 0x0000000081100000|100%| O|  |TAMS 0x0000000081100000, 0x0000000081100000| Untracked 
|  17|0x0000000081100000, 0x0000000081200000, 0x0000000081200000|100%| O|  |TAMS 0x0000000081200000, 0x0000000081200000| Untracked 
|  18|0x0000000081200000, 0x0000000081300000, 0x0000000081300000|100%| O|  |TAMS 0x0000000081300000, 0x0000000081300000| Untracked 
|  19|0x0000000081300000, 0x0000000081400000, 0x0000000081400000|100%| O|  |TAMS 0x0000000081400000, 0x0000000081400000| Untracked 
|  20|0x0000000081400000, 0x0000000081500000, 0x0000000081500000|100%| O|  |TAMS 0x0000000081500000, 0x0000000081500000| Untracked 
|  21|0x0000000081500000, 0x0000000081600000, 0x0000000081600000|100%| O|  |TAMS 0x0000000081600000, 0x0000000081600000| Untracked 
|  22|0x0000000081600000, 0x0000000081700000, 0x0000000081700000|100%| O|  |TAMS 0x0000000081700000, 0x0000000081700000| Untracked 
|  23|0x0000000081700000, 0x0000000081800000, 0x0000000081800000|100%| O|  |TAMS 0x0000000081800000, 0x0000000081800000| Untracked 
|  24|0x0000000081800000, 0x0000000081900000, 0x0000000081900000|100%| O|  |TAMS 0x0000000081900000, 0x0000000081900000| Untracked 
|  25|0x0000000081900000, 0x0000000081a00000, 0x0000000081a00000|100%| O|  |TAMS 0x0000000081a00000, 0x0000000081a00000| Untracked 
|  26|0x0000000081a00000, 0x0000000081b00000, 0x0000000081b00000|100%| O|  |TAMS 0x0000000081b00000, 0x0000000081b00000| Untracked 
|  27|0x0000000081b00000, 0x0000000081c00000, 0x0000000081c00000|100%|HS|  |TAMS 0x0000000081c00000, 0x0000000081c00000| Complete 
|  28|0x0000000081c00000, 0x0000000081d00000, 0x0000000081d00000|100%|HC|  |TAMS 0x0000000081d00000, 0x0000000081d00000| Complete 
|  29|0x0000000081d00000, 0x0000000081e00000, 0x0000000081e00000|100%| O|  |TAMS 0x0000000081e00000, 0x0000000081e00000| Untracked 
|  30|0x0000000081e00000, 0x0000000081f00000, 0x0000000081f00000|100%| O|  |TAMS 0x0000000081f00000, 0x0000000081f00000| Untracked 
|  31|0x0000000081f00000, 0x0000000082000000, 0x0000000082000000|100%| O|  |TAMS 0x0000000082000000, 0x0000000082000000| Untracked 
|  32|0x0000000082000000, 0x0000000082100000, 0x0000000082100000|100%| O|  |TAMS 0x0000000082100000, 0x0000000082100000| Untracked 
|  33|0x0000000082100000, 0x0000000082200000, 0x0000000082200000|100%| O|  |TAMS 0x0000000082200000, 0x0000000082200000| Untracked 
|  34|0x0000000082200000, 0x0000000082300000, 0x0000000082300000|100%| O|  |TAMS 0x0000000082300000, 0x0000000082300000| Untracked 
|  35|0x0000000082300000, 0x0000000082400000, 0x0000000082400000|100%| O|  |TAMS 0x0000000082400000, 0x0000000082400000| Untracked 
|  36|0x0000000082400000, 0x0000000082500000, 0x0000000082500000|100%| O|  |TAMS 0x0000000082500000, 0x0000000082500000| Untracked 
|  37|0x0000000082500000, 0x0000000082600000, 0x0000000082600000|100%| O|  |TAMS 0x0000000082600000, 0x0000000082600000| Untracked 
|  38|0x0000000082600000, 0x0000000082700000, 0x0000000082700000|100%| O|  |TAMS 0x0000000082700000, 0x0000000082700000| Untracked 
|  39|0x0000000082700000, 0x0000000082800000, 0x0000000082800000|100%| O|  |TAMS 0x0000000082800000, 0x0000000082800000| Untracked 
|  40|0x0000000082800000, 0x0000000082900000, 0x0000000082900000|100%| O|  |TAMS 0x0000000082900000, 0x0000000082900000| Untracked 
|  41|0x0000000082900000, 0x0000000082a00000, 0x0000000082a00000|100%| O|  |TAMS 0x0000000082a00000, 0x0000000082a00000| Untracked 
|  42|0x0000000082a00000, 0x0000000082b00000, 0x0000000082b00000|100%| O|  |TAMS 0x0000000082b00000, 0x0000000082b00000| Untracked 
|  43|0x0000000082b00000, 0x0000000082c00000, 0x0000000082c00000|100%| O|  |TAMS 0x0000000082c00000, 0x0000000082c00000| Untracked 
|  44|0x0000000082c00000, 0x0000000082d00000, 0x0000000082d00000|100%| O|  |TAMS 0x0000000082d00000, 0x0000000082d00000| Untracked 
|  45|0x0000000082d00000, 0x0000000082e00000, 0x0000000082e00000|100%| O|  |TAMS 0x0000000082e00000, 0x0000000082e00000| Untracked 
|  46|0x0000000082e00000, 0x0000000082f00000, 0x0000000082f00000|100%| O|  |TAMS 0x0000000082f00000, 0x0000000082f00000| Untracked 
|  47|0x0000000082f00000, 0x0000000083000000, 0x0000000083000000|100%|HS|  |TAMS 0x0000000083000000, 0x0000000083000000| Complete 
|  48|0x0000000083000000, 0x0000000083100000, 0x0000000083100000|100%|HS|  |TAMS 0x0000000083100000, 0x0000000083100000| Complete 
|  49|0x0000000083100000, 0x0000000083200000, 0x0000000083200000|100%|HC|  |TAMS 0x0000000083200000, 0x0000000083200000| Complete 
|  50|0x0000000083200000, 0x0000000083300000, 0x0000000083300000|100%|HS|  |TAMS 0x0000000083300000, 0x0000000083300000| Complete 
|  51|0x0000000083300000, 0x0000000083400000, 0x0000000083400000|100%|HS|  |TAMS 0x0000000083400000, 0x0000000083400000| Complete 
|  52|0x0000000083400000, 0x0000000083500000, 0x0000000083500000|100%|HS|  |TAMS 0x0000000083500000, 0x0000000083500000| Complete 
|  53|0x0000000083500000, 0x0000000083600000, 0x0000000083600000|100%|HC|  |TAMS 0x0000000083600000, 0x0000000083600000| Complete 
|  54|0x0000000083600000, 0x0000000083700000, 0x0000000083700000|100%|HC|  |TAMS 0x0000000083700000, 0x0000000083700000| Complete 
|  55|0x0000000083700000, 0x0000000083800000, 0x0000000083800000|100%|HC|  |TAMS 0x0000000083800000, 0x0000000083800000| Complete 
|  56|0x0000000083800000, 0x0000000083900000, 0x0000000083900000|100%|HS|  |TAMS 0x0000000083900000, 0x0000000083900000| Complete 
|  57|0x0000000083900000, 0x0000000083a00000, 0x0000000083a00000|100%| O|  |TAMS 0x0000000083a00000, 0x0000000083a00000| Untracked 
|  58|0x0000000083a00000, 0x0000000083b00000, 0x0000000083b00000|100%|HS|  |TAMS 0x0000000083b00000, 0x0000000083b00000| Complete 
|  59|0x0000000083b00000, 0x0000000083c00000, 0x0000000083c00000|100%|HC|  |TAMS 0x0000000083c00000, 0x0000000083c00000| Complete 
|  60|0x0000000083c00000, 0x0000000083d00000, 0x0000000083d00000|100%|HS|  |TAMS 0x0000000083d00000, 0x0000000083d00000| Complete 
|  61|0x0000000083d00000, 0x0000000083e00000, 0x0000000083e00000|100%|HS|  |TAMS 0x0000000083e00000, 0x0000000083e00000| Complete 
|  62|0x0000000083e00000, 0x0000000083f00000, 0x0000000083f00000|100%| O|  |TAMS 0x0000000083f00000, 0x0000000083f00000| Untracked 
|  63|0x0000000083f00000, 0x0000000084000000, 0x0000000084000000|100%| O|  |TAMS 0x0000000084000000, 0x0000000084000000| Untracked 
|  64|0x0000000084000000, 0x0000000084100000, 0x0000000084100000|100%| O|  |TAMS 0x0000000084100000, 0x0000000084100000| Untracked 
|  65|0x0000000084100000, 0x0000000084200000, 0x0000000084200000|100%| O|  |TAMS 0x0000000084200000, 0x0000000084200000| Untracked 
|  66|0x0000000084200000, 0x0000000084300000, 0x0000000084300000|100%| O|  |TAMS 0x0000000084300000, 0x0000000084300000| Untracked 
|  67|0x0000000084300000, 0x0000000084400000, 0x0000000084400000|100%|HS|  |TAMS 0x0000000084300000, 0x0000000084400000| Complete 
|  68|0x0000000084400000, 0x0000000084500000, 0x0000000084500000|100%| O|  |TAMS 0x0000000084400000, 0x0000000084500000| Untracked 
|  69|0x0000000084500000, 0x0000000084600000, 0x0000000084600000|100%| O|  |TAMS 0x0000000084600000, 0x0000000084600000| Untracked 
|  70|0x0000000084600000, 0x0000000084700000, 0x0000000084700000|100%| O|  |TAMS 0x0000000084600000, 0x00000000846be800| Untracked 
|  71|0x0000000084700000, 0x0000000084800000, 0x0000000084800000|100%| O|  |TAMS 0x0000000084700000, 0x0000000084700000| Untracked 
|  72|0x0000000084800000, 0x0000000084900000, 0x0000000084900000|100%| O|  |TAMS 0x0000000084800000, 0x0000000084800000| Untracked 
|  73|0x0000000084900000, 0x0000000084989400, 0x0000000084a00000| 53%| O|  |TAMS 0x0000000084900000, 0x0000000084900000| Untracked 
|  74|0x0000000084a00000, 0x0000000084a00000, 0x0000000084b00000|  0%| F|  |TAMS 0x0000000084a00000, 0x0000000084a00000| Untracked 
|  75|0x0000000084b00000, 0x0000000084c00000, 0x0000000084c00000|100%| O|  |TAMS 0x0000000084c00000, 0x0000000084c00000| Untracked 
|  76|0x0000000084c00000, 0x0000000084d00000, 0x0000000084d00000|100%| O|  |TAMS 0x0000000084d00000, 0x0000000084d00000| Untracked 
|  77|0x0000000084d00000, 0x0000000084e00000, 0x0000000084e00000|100%| O|  |TAMS 0x0000000084e00000, 0x0000000084e00000| Untracked 
|  78|0x0000000084e00000, 0x0000000084f00000, 0x0000000084f00000|100%| O|  |TAMS 0x0000000084f00000, 0x0000000084f00000| Untracked 
|  79|0x0000000084f00000, 0x0000000084f00000, 0x0000000085000000|  0%| F|  |TAMS 0x0000000084f00000, 0x0000000084f00000| Untracked 
|  80|0x0000000085000000, 0x0000000085000000, 0x0000000085100000|  0%| F|  |TAMS 0x0000000085000000, 0x0000000085000000| Untracked 
|  81|0x0000000085100000, 0x0000000085200000, 0x0000000085200000|100%| O|  |TAMS 0x0000000085200000, 0x0000000085200000| Untracked 
|  82|0x0000000085200000, 0x0000000085300000, 0x0000000085300000|100%| O|  |TAMS 0x0000000085300000, 0x0000000085300000| Untracked 
|  83|0x0000000085300000, 0x0000000085400000, 0x0000000085400000|100%| O|  |TAMS 0x0000000085382a00, 0x0000000085400000| Untracked 
|  84|0x0000000085400000, 0x0000000085400000, 0x0000000085500000|  0%| F|  |TAMS 0x0000000085400000, 0x0000000085400000| Untracked 
|  85|0x0000000085500000, 0x0000000085500000, 0x0000000085600000|  0%| F|  |TAMS 0x0000000085500000, 0x0000000085500000| Untracked 
|  86|0x0000000085600000, 0x0000000085600000, 0x0000000085700000|  0%| F|  |TAMS 0x0000000085600000, 0x0000000085600000| Untracked 
|  87|0x0000000085700000, 0x0000000085700000, 0x0000000085800000|  0%| F|  |TAMS 0x0000000085700000, 0x0000000085700000| Untracked 
|  88|0x0000000085800000, 0x0000000085800000, 0x0000000085900000|  0%| F|  |TAMS 0x0000000085800000, 0x0000000085800000| Untracked 
|  89|0x0000000085900000, 0x0000000085900000, 0x0000000085a00000|  0%| F|  |TAMS 0x0000000085900000, 0x0000000085900000| Untracked 
|  90|0x0000000085a00000, 0x0000000085a00000, 0x0000000085b00000|  0%| F|  |TAMS 0x0000000085a00000, 0x0000000085a00000| Untracked 
|  91|0x0000000085b00000, 0x0000000085b00000, 0x0000000085c00000|  0%| F|  |TAMS 0x0000000085b00000, 0x0000000085b00000| Untracked 
|  92|0x0000000085c00000, 0x0000000085c00000, 0x0000000085d00000|  0%| F|  |TAMS 0x0000000085c00000, 0x0000000085c00000| Untracked 
|  93|0x0000000085d00000, 0x0000000085d00000, 0x0000000085e00000|  0%| F|  |TAMS 0x0000000085d00000, 0x0000000085d00000| Untracked 
|  94|0x0000000085e00000, 0x0000000085e00000, 0x0000000085f00000|  0%| F|  |TAMS 0x0000000085e00000, 0x0000000085e00000| Untracked 
|  95|0x0000000085f00000, 0x0000000085f00000, 0x0000000086000000|  0%| F|  |TAMS 0x0000000085f00000, 0x0000000085f00000| Untracked 
|  96|0x0000000086000000, 0x0000000086000000, 0x0000000086100000|  0%| F|  |TAMS 0x0000000086000000, 0x0000000086000000| Untracked 
|  97|0x0000000086100000, 0x0000000086100000, 0x0000000086200000|  0%| F|  |TAMS 0x0000000086100000, 0x0000000086100000| Untracked 
|  98|0x0000000086200000, 0x0000000086200000, 0x0000000086300000|  0%| F|  |TAMS 0x0000000086200000, 0x0000000086200000| Untracked 
|  99|0x0000000086300000, 0x0000000086300000, 0x0000000086400000|  0%| F|  |TAMS 0x0000000086300000, 0x0000000086300000| Untracked 
| 100|0x0000000086400000, 0x0000000086400000, 0x0000000086500000|  0%| F|  |TAMS 0x0000000086400000, 0x0000000086400000| Untracked 
| 101|0x0000000086500000, 0x0000000086500000, 0x0000000086600000|  0%| F|  |TAMS 0x0000000086500000, 0x0000000086500000| Untracked 
| 102|0x0000000086600000, 0x0000000086600000, 0x0000000086700000|  0%| F|  |TAMS 0x0000000086600000, 0x0000000086600000| Untracked 
| 103|0x0000000086700000, 0x0000000086700000, 0x0000000086800000|  0%| F|  |TAMS 0x0000000086700000, 0x0000000086700000| Untracked 
| 104|0x0000000086800000, 0x0000000086800000, 0x0000000086900000|  0%| F|  |TAMS 0x0000000086800000, 0x0000000086800000| Untracked 
| 105|0x0000000086900000, 0x0000000086900000, 0x0000000086a00000|  0%| F|  |TAMS 0x0000000086900000, 0x0000000086900000| Untracked 
| 106|0x0000000086a00000, 0x0000000086a00000, 0x0000000086b00000|  0%| F|  |TAMS 0x0000000086a00000, 0x0000000086a00000| Untracked 
| 107|0x0000000086b00000, 0x0000000086b00000, 0x0000000086c00000|  0%| F|  |TAMS 0x0000000086b00000, 0x0000000086b00000| Untracked 
| 108|0x0000000086c00000, 0x0000000086c00000, 0x0000000086d00000|  0%| F|  |TAMS 0x0000000086c00000, 0x0000000086c00000| Untracked 
| 109|0x0000000086d00000, 0x0000000086d00000, 0x0000000086e00000|  0%| F|  |TAMS 0x0000000086d00000, 0x0000000086d00000| Untracked 
| 110|0x0000000086e00000, 0x0000000086e00000, 0x0000000086f00000|  0%| F|  |TAMS 0x0000000086e00000, 0x0000000086e00000| Untracked 
| 111|0x0000000086f00000, 0x0000000086f00000, 0x0000000087000000|  0%| F|  |TAMS 0x0000000086f00000, 0x0000000086f00000| Untracked 
| 112|0x0000000087000000, 0x0000000087000000, 0x0000000087100000|  0%| F|  |TAMS 0x0000000087000000, 0x0000000087000000| Untracked 
| 113|0x0000000087100000, 0x0000000087100000, 0x0000000087200000|  0%| F|  |TAMS 0x0000000087100000, 0x0000000087100000| Untracked 
| 114|0x0000000087200000, 0x0000000087200000, 0x0000000087300000|  0%| F|  |TAMS 0x0000000087200000, 0x0000000087200000| Untracked 
| 115|0x0000000087300000, 0x0000000087300000, 0x0000000087400000|  0%| F|  |TAMS 0x0000000087300000, 0x0000000087300000| Untracked 
| 116|0x0000000087400000, 0x0000000087400000, 0x0000000087500000|  0%| F|  |TAMS 0x0000000087400000, 0x0000000087400000| Untracked 
| 117|0x0000000087500000, 0x0000000087500000, 0x0000000087600000|  0%| F|  |TAMS 0x0000000087500000, 0x0000000087500000| Untracked 
| 118|0x0000000087600000, 0x0000000087600000, 0x0000000087700000|  0%| F|  |TAMS 0x0000000087600000, 0x0000000087600000| Untracked 
| 119|0x0000000087700000, 0x0000000087700000, 0x0000000087800000|  0%| F|  |TAMS 0x0000000087700000, 0x0000000087700000| Untracked 
| 120|0x0000000087800000, 0x0000000087800000, 0x0000000087900000|  0%| F|  |TAMS 0x0000000087800000, 0x0000000087800000| Untracked 
| 121|0x0000000087900000, 0x00000000879db890, 0x0000000087a00000| 85%| S|CS|TAMS 0x0000000087900000, 0x0000000087900000| Complete 
| 122|0x0000000087a00000, 0x0000000087b00000, 0x0000000087b00000|100%| S|CS|TAMS 0x0000000087a00000, 0x0000000087a00000| Complete 
| 123|0x0000000087b00000, 0x0000000087c00000, 0x0000000087c00000|100%| S|CS|TAMS 0x0000000087b00000, 0x0000000087b00000| Complete 
| 124|0x0000000087c00000, 0x0000000087d00000, 0x0000000087d00000|100%| S|CS|TAMS 0x0000000087c00000, 0x0000000087c00000| Complete 
| 125|0x0000000087d00000, 0x0000000087d00000, 0x0000000087e00000|  0%| F|  |TAMS 0x0000000087d00000, 0x0000000087d00000| Untracked 
| 126|0x0000000087e00000, 0x0000000087e00000, 0x0000000087f00000|  0%| F|  |TAMS 0x0000000087e00000, 0x0000000087e00000| Untracked 
| 127|0x0000000087f00000, 0x0000000087f00000, 0x0000000088000000|  0%| F|  |TAMS 0x0000000087f00000, 0x0000000087f00000| Untracked 
| 128|0x0000000088000000, 0x0000000088000000, 0x0000000088100000|  0%| F|  |TAMS 0x0000000088000000, 0x0000000088000000| Untracked 
| 129|0x0000000088100000, 0x0000000088100000, 0x0000000088200000|  0%| F|  |TAMS 0x0000000088100000, 0x0000000088100000| Untracked 
| 130|0x0000000088200000, 0x0000000088200000, 0x0000000088300000|  0%| F|  |TAMS 0x0000000088200000, 0x0000000088200000| Untracked 
| 131|0x0000000088300000, 0x0000000088300000, 0x0000000088400000|  0%| F|  |TAMS 0x0000000088300000, 0x0000000088300000| Untracked 
| 132|0x0000000088400000, 0x0000000088400000, 0x0000000088500000|  0%| F|  |TAMS 0x0000000088400000, 0x0000000088400000| Untracked 
| 133|0x0000000088500000, 0x0000000088500000, 0x0000000088600000|  0%| F|  |TAMS 0x0000000088500000, 0x0000000088500000| Untracked 
| 134|0x0000000088600000, 0x0000000088600000, 0x0000000088700000|  0%| F|  |TAMS 0x0000000088600000, 0x0000000088600000| Untracked 
| 135|0x0000000088700000, 0x0000000088700000, 0x0000000088800000|  0%| F|  |TAMS 0x0000000088700000, 0x0000000088700000| Untracked 
| 136|0x0000000088800000, 0x0000000088800000, 0x0000000088900000|  0%| F|  |TAMS 0x0000000088800000, 0x0000000088800000| Untracked 
| 137|0x0000000088900000, 0x0000000088900000, 0x0000000088a00000|  0%| F|  |TAMS 0x0000000088900000, 0x0000000088900000| Untracked 
| 138|0x0000000088a00000, 0x0000000088a00000, 0x0000000088b00000|  0%| F|  |TAMS 0x0000000088a00000, 0x0000000088a00000| Untracked 
| 139|0x0000000088b00000, 0x0000000088b00000, 0x0000000088c00000|  0%| F|  |TAMS 0x0000000088b00000, 0x0000000088b00000| Untracked 
| 140|0x0000000088c00000, 0x0000000088c00000, 0x0000000088d00000|  0%| F|  |TAMS 0x0000000088c00000, 0x0000000088c00000| Untracked 
| 141|0x0000000088d00000, 0x0000000088d00000, 0x0000000088e00000|  0%| F|  |TAMS 0x0000000088d00000, 0x0000000088d00000| Untracked 
| 142|0x0000000088e00000, 0x0000000088e00000, 0x0000000088f00000|  0%| F|  |TAMS 0x0000000088e00000, 0x0000000088e00000| Untracked 
| 143|0x0000000088f00000, 0x0000000088f00000, 0x0000000089000000|  0%| F|  |TAMS 0x0000000088f00000, 0x0000000088f00000| Untracked 
| 144|0x0000000089000000, 0x0000000089000000, 0x0000000089100000|  0%| F|  |TAMS 0x0000000089000000, 0x0000000089000000| Untracked 
| 145|0x0000000089100000, 0x0000000089100000, 0x0000000089200000|  0%| F|  |TAMS 0x0000000089100000, 0x0000000089100000| Untracked 
| 146|0x0000000089200000, 0x0000000089200000, 0x0000000089300000|  0%| F|  |TAMS 0x0000000089200000, 0x0000000089200000| Untracked 
| 147|0x0000000089300000, 0x0000000089300000, 0x0000000089400000|  0%| F|  |TAMS 0x0000000089300000, 0x0000000089300000| Untracked 
| 148|0x0000000089400000, 0x0000000089400000, 0x0000000089500000|  0%| F|  |TAMS 0x0000000089400000, 0x0000000089400000| Untracked 
| 149|0x0000000089500000, 0x0000000089500000, 0x0000000089600000|  0%| F|  |TAMS 0x0000000089500000, 0x0000000089500000| Untracked 
| 150|0x0000000089600000, 0x0000000089600000, 0x0000000089700000|  0%| F|  |TAMS 0x0000000089600000, 0x0000000089600000| Untracked 
| 151|0x0000000089700000, 0x0000000089700000, 0x0000000089800000|  0%| F|  |TAMS 0x0000000089700000, 0x0000000089700000| Untracked 
| 152|0x0000000089800000, 0x0000000089800000, 0x0000000089900000|  0%| F|  |TAMS 0x0000000089800000, 0x0000000089800000| Untracked 
| 153|0x0000000089900000, 0x0000000089900000, 0x0000000089a00000|  0%| F|  |TAMS 0x0000000089900000, 0x0000000089900000| Untracked 
| 154|0x0000000089a00000, 0x0000000089a00000, 0x0000000089b00000|  0%| F|  |TAMS 0x0000000089a00000, 0x0000000089a00000| Untracked 

Card table byte_map: [0x00000130c0460000,0x00000130c0860000] _byte_map_base: 0x00000130c0060000

Marking Bits (Prev, Next): (CMBitMap*) 0x00000130a921a9a0, (CMBitMap*) 0x00000130a921a9e0
 Prev Bits: [0x00000130c0c60000, 0x00000130c2c60000)
 Next Bits: [0x00000130c2c60000, 0x00000130c4c60000)

Polling page: 0x00000130a8970000

Metaspace:

Usage:
  Non-class:     59.34 MB used.
      Class:      9.40 MB used.
       Both:     68.74 MB used.

Virtual space:
  Non-class space:       64.00 MB reserved,      59.69 MB ( 93%) committed,  1 nodes.
      Class space:        1.00 GB reserved,       9.75 MB ( <1%) committed,  1 nodes.
             Both:        1.06 GB reserved,      69.44 MB (  6%) committed. 

Chunk freelists:
   Non-Class:  4.08 MB
       Class:  6.11 MB
        Both:  10.19 MB

MaxMetaspaceSize: unlimited
CompressedClassSpaceSize: 1.00 GB
Initial GC threshold: 21.00 MB
Current GC threshold: 105.94 MB
CDS: on
MetaspaceReclaimPolicy: balanced
 - commit_granule_bytes: 65536.
 - commit_granule_words: 8192.
 - virtual_space_node_default_size: 8388608.
 - enlarge_chunks_in_place: 1.
 - new_chunks_are_fully_committed: 0.
 - uncommit_free_chunks: 1.
 - use_allocation_guard: 0.
 - handle_deallocations: 1.


Internal statistics:

num_allocs_failed_limit: 6.
num_arena_births: 890.
num_arena_deaths: 0.
num_vsnodes_births: 2.
num_vsnodes_deaths: 0.
num_space_committed: 1111.
num_space_uncommitted: 0.
num_chunks_returned_to_freelist: 6.
num_chunks_taken_from_freelist: 3778.
num_chunk_merges: 6.
num_chunk_splits: 2485.
num_chunks_enlarged: 1682.
num_inconsistent_stats: 0.

CodeHeap 'non-profiled nmethods': size=120000Kb used=3281Kb max_used=3281Kb free=116718Kb
 bounds [0x00000130b87f0000, 0x00000130b8b30000, 0x00000130bfd20000]
CodeHeap 'profiled nmethods': size=120000Kb used=14403Kb max_used=14403Kb free=105597Kb
 bounds [0x00000130b0d20000, 0x00000130b1b40000, 0x00000130b8250000]
CodeHeap 'non-nmethods': size=5760Kb used=2380Kb max_used=2442Kb free=3379Kb
 bounds [0x00000130b8250000, 0x00000130b84c0000, 0x00000130b87f0000]
 total_blobs=9195 nmethods=8286 adapters=821
 compilation: enabled
              stopped_count=0, restarted_count=0
 full_count=0

Compilation events (20 events):
Event: 20.061 Thread 0x00000130c7699b00 9228       4       java.lang.StringUTF16::putChar (54 bytes)
Event: 20.062 Thread 0x00000130c769c4d0 nmethod 9388 0x00000130b1b2c710 code [0x00000130b1b2ca60, 0x00000130b1b2d888]
Event: 20.062 Thread 0x00000130c7699b00 nmethod 9228 0x00000130b8b22b10 code [0x00000130b8b22ca0, 0x00000130b8b22d78]
Event: 20.062 Thread 0x00000130c7699b00 9332       4       java.lang.ref.Reference::refersTo (6 bytes)
Event: 20.062 Thread 0x00000130c769c4d0 9389       3       com.google.common.collect.MapMakerInternalMap$StrongKeyWeakValueEntry$Helper::setValue (32 bytes)
Event: 20.063 Thread 0x00000130c769c4d0 nmethod 9389 0x00000130b1b2e490 code [0x00000130b1b2e680, 0x00000130b1b2ec88]
Event: 20.063 Thread 0x00000130c7699b00 nmethod 9332 0x00000130b8b22e90 code [0x00000130b8b23020, 0x00000130b8b230d8]
Event: 20.063 Thread 0x00000130c7699b00 9146       4       java.util.AbstractSet::<init> (5 bytes)
Event: 20.063 Thread 0x00000130c7699b00 nmethod 9146 0x00000130b8b23190 code [0x00000130b8b23300, 0x00000130b8b23378]
Event: 20.063 Thread 0x00000130c7699b00 9373       4       java.lang.String::toLowerCase (8 bytes)
Event: 20.064 Thread 0x00000130c769c4d0 9390       2       org.objectweb.asm.SymbolTable::putBootstrapMethods (56 bytes)
Event: 20.064 Thread 0x00000130c769c4d0 nmethod 9390 0x00000130b1b2ef10 code [0x00000130b1b2f100, 0x00000130b1b2f308]
Event: 20.065 Thread 0x00000130c769c4d0 9391       2       org.gradle.api.internal.provider.DefaultProvider::<init> (10 bytes)
Event: 20.065 Thread 0x00000130c769c4d0 nmethod 9391 0x00000130b1b2f510 code [0x00000130b1b2f6a0, 0x00000130b1b2f7f8]
Event: 20.066 Thread 0x00000130c769c4d0 9392   !   3       org.gradle.internal.classloader.FilteringClassLoader::loadClass (62 bytes)
Event: 20.066 Thread 0x00000130c769c4d0 nmethod 9392 0x00000130b1b2f890 code [0x00000130b1b2fb40, 0x00000130b1b30768]
Event: 20.073 Thread 0x00000130c7699b00 nmethod 9373 0x00000130b8b23490 code [0x00000130b8b23660, 0x00000130b8b23fd8]
Event: 20.073 Thread 0x00000130c7699b00 8723       4       org.objectweb.asm.Frame::getLocal (46 bytes)
Event: 20.074 Thread 0x00000130c7699b00 nmethod 8723 0x00000130b8b24490 code [0x00000130b8b24620, 0x00000130b8b246f8]
Event: 20.074 Thread 0x00000130c7699b00 9068       4       org.objectweb.asm.Frame::getAbstractTypeFromDescriptor (432 bytes)

GC Heap History (20 events):
Event: 13.679 GC heap after
{Heap after GC invocations=15 (full 0):
 garbage-first heap   total 151552K, used 40631K [0x0000000080000000, 0x0000000100000000)
  region size 1024K, 2 young (2048K), 2 survivors (2048K)
 Metaspace       used 45922K, committed 46464K, reserved 1114112K
  class space    used 6420K, committed 6656K, reserved 1048576K
}
Event: 15.193 GC heap before
{Heap before GC invocations=16 (full 0):
 garbage-first heap   total 147456K, used 116407K [0x0000000080000000, 0x0000000100000000)
  region size 1024K, 76 young (77824K), 2 survivors (2048K)
 Metaspace       used 53385K, committed 54016K, reserved 1114112K
  class space    used 7516K, committed 7808K, reserved 1048576K
}
Event: 15.199 GC heap after
{Heap after GC invocations=17 (full 0):
 garbage-first heap   total 147456K, used 45580K [0x0000000080000000, 0x0000000100000000)
  region size 1024K, 7 young (7168K), 7 survivors (7168K)
 Metaspace       used 53385K, committed 54016K, reserved 1114112K
  class space    used 7516K, committed 7808K, reserved 1048576K
}
Event: 15.223 GC heap before
{Heap before GC invocations=17 (full 0):
 garbage-first heap   total 147456K, used 46604K [0x0000000080000000, 0x0000000100000000)
  region size 1024K, 8 young (8192K), 7 survivors (7168K)
 Metaspace       used 53499K, committed 54080K, reserved 1114112K
  class space    used 7533K, committed 7808K, reserved 1048576K
}
Event: 15.228 GC heap after
{Heap after GC invocations=18 (full 0):
 garbage-first heap   total 147456K, used 45649K [0x0000000080000000, 0x0000000100000000)
  region size 1024K, 1 young (1024K), 1 survivors (1024K)
 Metaspace       used 53499K, committed 54080K, reserved 1114112K
  class space    used 7533K, committed 7808K, reserved 1048576K
}
Event: 15.967 GC heap before
{Heap before GC invocations=18 (full 0):
 garbage-first heap   total 147456K, used 114257K [0x0000000080000000, 0x0000000100000000)
  region size 1024K, 69 young (70656K), 1 survivors (1024K)
 Metaspace       used 54140K, committed 54720K, reserved 1114112K
  class space    used 7561K, committed 7808K, reserved 1048576K
}
Event: 15.976 GC heap after
{Heap after GC invocations=19 (full 0):
 garbage-first heap   total 147456K, used 49860K [0x0000000080000000, 0x0000000100000000)
  region size 1024K, 5 young (5120K), 5 survivors (5120K)
 Metaspace       used 54140K, committed 54720K, reserved 1114112K
  class space    used 7561K, committed 7808K, reserved 1048576K
}
Event: 16.380 GC heap before
{Heap before GC invocations=19 (full 0):
 garbage-first heap   total 147456K, used 115396K [0x0000000080000000, 0x0000000100000000)
  region size 1024K, 70 young (71680K), 5 survivors (5120K)
 Metaspace       used 54243K, committed 54784K, reserved 1114112K
  class space    used 7561K, committed 7808K, reserved 1048576K
}
Event: 16.388 GC heap after
{Heap after GC invocations=20 (full 0):
 garbage-first heap   total 147456K, used 51947K [0x0000000080000000, 0x0000000100000000)
  region size 1024K, 5 young (5120K), 5 survivors (5120K)
 Metaspace       used 54243K, committed 54784K, reserved 1114112K
  class space    used 7561K, committed 7808K, reserved 1048576K
}
Event: 17.582 GC heap before
{Heap before GC invocations=20 (full 0):
 garbage-first heap   total 147456K, used 131819K [0x0000000080000000, 0x0000000100000000)
  region size 1024K, 68 young (69632K), 5 survivors (5120K)
 Metaspace       used 57557K, committed 58240K, reserved 1114112K
  class space    used 7990K, committed 8256K, reserved 1048576K
}
Event: 17.587 GC heap after
{Heap after GC invocations=21 (full 0):
 garbage-first heap   total 147456K, used 76092K [0x0000000080000000, 0x0000000100000000)
  region size 1024K, 9 young (9216K), 9 survivors (9216K)
 Metaspace       used 57557K, committed 58240K, reserved 1114112K
  class space    used 7990K, committed 8256K, reserved 1048576K
}
Event: 18.162 GC heap before
{Heap before GC invocations=21 (full 0):
 garbage-first heap   total 147456K, used 119100K [0x0000000080000000, 0x0000000100000000)
  region size 1024K, 51 young (52224K), 9 survivors (9216K)
 Metaspace       used 61713K, committed 62464K, reserved 1114112K
  class space    used 8500K, committed 8832K, reserved 1048576K
}
Event: 18.166 GC heap after
{Heap after GC invocations=22 (full 0):
 garbage-first heap   total 147456K, used 77994K [0x0000000080000000, 0x0000000100000000)
  region size 1024K, 2 young (2048K), 2 survivors (2048K)
 Metaspace       used 61713K, committed 62464K, reserved 1114112K
  class space    used 8500K, committed 8832K, reserved 1048576K
}
Event: 18.465 GC heap before
{Heap before GC invocations=23 (full 0):
 garbage-first heap   total 147456K, used 94378K [0x0000000080000000, 0x0000000100000000)
  region size 1024K, 19 young (19456K), 2 survivors (2048K)
 Metaspace       used 64066K, committed 64768K, reserved 1114112K
  class space    used 8823K, committed 9152K, reserved 1048576K
}
Event: 18.468 GC heap after
{Heap after GC invocations=24 (full 0):
 garbage-first heap   total 147456K, used 79512K [0x0000000080000000, 0x0000000100000000)
  region size 1024K, 4 young (4096K), 4 survivors (4096K)
 Metaspace       used 64066K, committed 64768K, reserved 1114112K
  class space    used 8823K, committed 9152K, reserved 1048576K
}
Event: 18.562 GC heap before
{Heap before GC invocations=25 (full 0):
 garbage-first heap   total 158720K, used 93848K [0x0000000080000000, 0x0000000100000000)
  region size 1024K, 15 young (15360K), 4 survivors (4096K)
 Metaspace       used 64074K, committed 64832K, reserved 1114112K
  class space    used 8824K, committed 9152K, reserved 1048576K
}
Event: 18.569 GC heap after
{Heap after GC invocations=26 (full 0):
 garbage-first heap   total 158720K, used 81578K [0x0000000080000000, 0x0000000100000000)
  region size 1024K, 6 young (6144K), 6 survivors (6144K)
 Metaspace       used 64074K, committed 64832K, reserved 1114112K
  class space    used 8824K, committed 9152K, reserved 1048576K
}
Event: 19.348 GC heap before
{Heap before GC invocations=27 (full 0):
 garbage-first heap   total 158720K, used 118442K [0x0000000080000000, 0x0000000100000000)
  region size 1024K, 41 young (41984K), 6 survivors (6144K)
 Metaspace       used 66761K, committed 67456K, reserved 1114112K
  class space    used 9193K, committed 9536K, reserved 1048576K
}
Event: 19.355 GC heap after
{Heap after GC invocations=28 (full 0):
 garbage-first heap   total 158720K, used 84539K [0x0000000080000000, 0x0000000100000000)
  region size 1024K, 5 young (5120K), 5 survivors (5120K)
 Metaspace       used 66761K, committed 67456K, reserved 1114112K
  class space    used 9193K, committed 9536K, reserved 1048576K
}
Event: 20.077 GC heap before
{Heap before GC invocations=28 (full 0):
 garbage-first heap   total 158720K, used 113211K [0x0000000080000000, 0x0000000100000000)
  region size 1024K, 35 young (35840K), 5 survivors (5120K)
 Metaspace       used 70393K, committed 71104K, reserved 1114112K
  class space    used 9627K, committed 9984K, reserved 1048576K
}

Dll operation events (15 events):
Event: 0.033 Loaded shared library C:\Program Files\Eclipse Adoptium\jdk-17.0.18.8-hotspot\bin\java.dll
Event: 0.053 Loaded shared library C:\Program Files\Eclipse Adoptium\jdk-17.0.18.8-hotspot\bin\jsvml.dll
Event: 0.141 Loaded shared library C:\Program Files\Eclipse Adoptium\jdk-17.0.18.8-hotspot\bin\zip.dll
Event: 0.146 Loaded shared library C:\Program Files\Eclipse Adoptium\jdk-17.0.18.8-hotspot\bin\instrument.dll
Event: 0.154 Loaded shared library C:\Program Files\Eclipse Adoptium\jdk-17.0.18.8-hotspot\bin\net.dll
Event: 0.157 Loaded shared library C:\Program Files\Eclipse Adoptium\jdk-17.0.18.8-hotspot\bin\nio.dll
Event: 0.160 Loaded shared library C:\Program Files\Eclipse Adoptium\jdk-17.0.18.8-hotspot\bin\zip.dll
Event: 0.741 Loaded shared library C:\Program Files\Eclipse Adoptium\jdk-17.0.18.8-hotspot\bin\jimage.dll
Event: 1.165 Loaded shared library C:\Program Files\Eclipse Adoptium\jdk-17.0.18.8-hotspot\bin\verify.dll
Event: 1.529 Loaded shared library C:\Users\Administrator\.gradle\native\1def1411415f61bf3af743bc5b6707747c0891f09f0c88961ee8f79bc544acac\windows-amd64\native-platform.dll
Event: 1.586 Loaded shared library C:\Users\Administrator\.gradle\native\0.2.7\x86_64-windows-gnu\gradle-fileevents.dll
Event: 4.057 Loaded shared library C:\Program Files\Eclipse Adoptium\jdk-17.0.18.8-hotspot\bin\management.dll
Event: 4.064 Loaded shared library C:\Program Files\Eclipse Adoptium\jdk-17.0.18.8-hotspot\bin\management_ext.dll
Event: 4.616 Loaded shared library C:\Program Files\Eclipse Adoptium\jdk-17.0.18.8-hotspot\bin\extnet.dll
Event: 5.219 Loaded shared library C:\Program Files\Eclipse Adoptium\jdk-17.0.18.8-hotspot\bin\sunmscapi.dll

Deoptimization events (20 events):
Event: 19.558 Thread 0x000001310e1bf220 Uncommon trap: trap_request=0xffffff45 fr.pc=0x00000130b887f6d0 relative=0x0000000000000490
Event: 19.558 Thread 0x000001310e1bf220 Uncommon trap: reason=unstable_if action=reinterpret pc=0x00000130b887f6d0 method=java.lang.String.substring(II)Ljava/lang/String; @ 31 c2
Event: 19.558 Thread 0x000001310e1bf220 DEOPT PACKING pc=0x00000130b887f6d0 sp=0x000000059f1f6710
Event: 19.558 Thread 0x000001310e1bf220 DEOPT UNPACKING pc=0x00000130b82a69a3 sp=0x000000059f1f66e0 mode 2
Event: 19.558 Thread 0x000001310e1bf220 Uncommon trap: trap_request=0xffffff45 fr.pc=0x00000130b88ae188 relative=0x0000000000000468
Event: 19.558 Thread 0x000001310e1bf220 Uncommon trap: reason=unstable_if action=reinterpret pc=0x00000130b88ae188 method=java.lang.String.substring(II)Ljava/lang/String; @ 31 c2
Event: 19.558 Thread 0x000001310e1bf220 DEOPT PACKING pc=0x00000130b88ae188 sp=0x000000059f1f6720
Event: 19.558 Thread 0x000001310e1bf220 DEOPT UNPACKING pc=0x00000130b82a69a3 sp=0x000000059f1f6680 mode 2
Event: 19.661 Thread 0x000001310e1bf220 Uncommon trap: trap_request=0xffffffde fr.pc=0x00000130b895e218 relative=0x00000000000003b8
Event: 19.661 Thread 0x000001310e1bf220 Uncommon trap: reason=class_check action=maybe_recompile pc=0x00000130b895e218 method=java.lang.StringConcatHelper.stringOf(Ljava/lang/Object;)Ljava/lang/String; @ 5 c2
Event: 19.661 Thread 0x000001310e1bf220 DEOPT PACKING pc=0x00000130b895e218 sp=0x000000059f1f55c0
Event: 19.661 Thread 0x000001310e1bf220 DEOPT UNPACKING pc=0x00000130b82a69a3 sp=0x000000059f1f5500 mode 2
Event: 19.690 Thread 0x000001310e1bf220 Uncommon trap: trap_request=0xffffff45 fr.pc=0x00000130b88722ec relative=0x000000000000024c
Event: 19.690 Thread 0x000001310e1bf220 Uncommon trap: reason=unstable_if action=reinterpret pc=0x00000130b88722ec method=org.objectweb.asm.Label.resolve([BLorg/objectweb/asm/ByteVector;I)Z @ 81 c2
Event: 19.690 Thread 0x000001310e1bf220 DEOPT PACKING pc=0x00000130b88722ec sp=0x000000059f1f5630
Event: 19.690 Thread 0x000001310e1bf220 DEOPT UNPACKING pc=0x00000130b82a69a3 sp=0x000000059f1f55a0 mode 2
Event: 19.853 Thread 0x000001310e1bf220 Uncommon trap: trap_request=0xffffff45 fr.pc=0x00000130b8a5fea8 relative=0x00000000000008e8
Event: 19.853 Thread 0x000001310e1bf220 Uncommon trap: reason=unstable_if action=reinterpret pc=0x00000130b8a5fea8 method=java.lang.Integer.stringSize(I)I @ 19 c2
Event: 19.853 Thread 0x000001310e1bf220 DEOPT PACKING pc=0x00000130b8a5fea8 sp=0x000000059f1f8990
Event: 19.853 Thread 0x000001310e1bf220 DEOPT UNPACKING pc=0x00000130b82a69a3 sp=0x000000059f1f88d8 mode 2

Classes loaded (20 events):
Event: 20.036 Loading class javax/management/ListenerNotFoundException
Event: 20.036 Loading class javax/management/OperationsException
Event: 20.036 Loading class javax/management/JMException
Event: 20.036 Loading class javax/management/JMException done
Event: 20.036 Loading class javax/management/OperationsException done
Event: 20.036 Loading class javax/management/ListenerNotFoundException done
Event: 20.036 Loading class jdk/jfr/Recording
Event: 20.037 Loading class jdk/jfr/Recording done
Event: 20.037 Loading class jdk/jfr/FlightRecorder
Event: 20.037 Loading class jdk/jfr/FlightRecorder done
Event: 20.037 Loading class jdk/management/jfr/FlightRecorderMXBeanImpl$MXBeanListener
Event: 20.038 Loading class jdk/jfr/FlightRecorderListener
Event: 20.038 Loading class jdk/jfr/FlightRecorderListener done
Event: 20.038 Loading class jdk/management/jfr/FlightRecorderMXBeanImpl$MXBeanListener done
Event: 20.044 Loading class java/time/format/DateTimeFormatterBuilder$WeekBasedFieldPrinterParser
Event: 20.044 Loading class java/time/format/DateTimeFormatterBuilder$WeekBasedFieldPrinterParser done
Event: 20.055 Loading class com/sun/jmx/mbeanserver/StandardMBeanSupport
Event: 20.056 Loading class com/sun/jmx/mbeanserver/StandardMBeanSupport done
Event: 20.056 Loading class com/sun/jmx/mbeanserver/StandardMBeanIntrospector
Event: 20.056 Loading class com/sun/jmx/mbeanserver/StandardMBeanIntrospector done

Classes unloaded (0 events):
No events

Classes redefined (0 events):
No events

Internal exceptions (20 events):
Event: 17.162 Thread 0x000001310e1bf220 Exception <a 'java/lang/NoSuchMethodError'{0x00000000870a2d80}: 'long java.lang.invoke.DirectMethodHandle$Holder.invokeVirtual(java.lang.Object, java.lang.Object)'> (0x00000000870a2d80) 
thrown [s\src\hotspot\share\interpreter\linkResolver.cpp, line 759]
Event: 17.166 Thread 0x000001310e1bd3c0 Exception <a 'java/lang/NoSuchMethodError'{0x0000000086f09998}: static Lorg/gradle/internal/build/event/types/DefaultOperationFinishedProgressEvent;.<clinit>()V> (0x0000000086f09998) 
thrown [s\src\hotspot\share\prims\jni.cpp, line 1112]
Event: 17.168 Thread 0x000001310e1bd3c0 Exception <a 'java/lang/NoSuchMethodError'{0x0000000086f33d90}: static Lorg/gradle/internal/build/event/types/DefaultProjectConfigurationSuccessResult;.<clinit>()V> (0x0000000086f33d90) 
thrown [s\src\hotspot\share\prims\jni.cpp, line 1112]
Event: 17.168 Thread 0x000001310e1bd3c0 Exception <a 'java/lang/NoSuchMethodError'{0x0000000086f35328}: static Lorg/gradle/internal/build/event/types/AbstractProjectConfigurationResult;.<clinit>()V> (0x0000000086f35328) 
thrown [s\src\hotspot\share\prims\jni.cpp, line 1112]
Event: 17.168 Thread 0x000001310e1bd3c0 Exception <a 'java/lang/NoSuchMethodError'{0x0000000086f36a70}: static Lorg/gradle/internal/build/event/types/AbstractOperationResult;.<clinit>()V> (0x0000000086f36a70) 
thrown [s\src\hotspot\share\prims\jni.cpp, line 1112]
Event: 17.168 Thread 0x000001310e1bd3c0 Exception <a 'java/lang/NoSuchMethodError'{0x0000000086f37ee8}: static Lorg/gradle/internal/build/event/types/AbstractResult;.<clinit>()V> (0x0000000086f37ee8) 
thrown [s\src\hotspot\share\prims\jni.cpp, line 1112]
Event: 17.171 Thread 0x000001310e1bd3c0 Exception <a 'java/lang/NoSuchMethodError'{0x0000000086f50b88}: static Lorg/gradle/internal/build/event/types/DefaultPluginApplicationResult;.<clinit>()V> (0x0000000086f50b88) 
thrown [s\src\hotspot\share\prims\jni.cpp, line 1112]
Event: 17.172 Thread 0x000001310e1bd3c0 Exception <a 'java/lang/NoSuchMethodError'{0x0000000086f5d3c8}: static Lorg/gradle/internal/build/event/types/DefaultBinaryPluginIdentifier;.<clinit>()V> (0x0000000086f5d3c8) 
thrown [s\src\hotspot\share\prims\jni.cpp, line 1112]
Event: 17.173 Thread 0x000001310e1bd3c0 Exception <a 'java/lang/NoSuchMethodError'{0x0000000086ff7188}: static Lorg/gradle/internal/build/event/types/DefaultScriptPluginIdentifier;.<clinit>()V> (0x0000000086ff7188) 
thrown [s\src\hotspot\share\prims\jni.cpp, line 1112]
Event: 17.241 Thread 0x000001310e1bf220 Exception <a 'java/lang/ClassNotFoundException'{0x0000000086cb8d40}: org/gradle/api/internal/plugins/DefaultObjectConfigurationActionBeanInfo> (0x0000000086cb8d40) 
thrown [s\src\hotspot\share\classfile\systemDictionary.cpp, line 256]
Event: 17.241 Thread 0x000001310e1bf220 Exception <a 'java/lang/ClassNotFoundException'{0x0000000086ccca50}: org/gradle/api/internal/plugins/DefaultObjectConfigurationActionCustomizer> (0x0000000086ccca50) 
thrown [s\src\hotspot\share\classfile\systemDictionary.cpp, line 256]
Event: 18.265 Thread 0x000001310e1bf220 Exception <a 'java/lang/NoSuchMethodError'{0x0000000088ac0000}: 'void java.lang.invoke.DirectMethodHandle$Holder.invokeVirtual(java.lang.Object, java.lang.Object)'> (0x0000000088ac0000) 
thrown [s\src\hotspot\share\interpreter\linkResolver.cpp, line 759]
Event: 18.397 Thread 0x000001310e1bf220 Implicit null exception at 0x00000130b8998fac to 0x00000130b89990e2
Event: 19.901 Thread 0x000001310e1bf220 Exception <a 'java/lang/ClassNotFoundException'{0x00000000882acaf8}: org/gradle/plugin/software/internal/SoftwareFeaturesDynamicObject_DecoratedBeanInfo> (0x00000000882acaf8) 
thrown [s\src\hotspot\share\classfile\systemDictionary.cpp, line 256]
Event: 19.904 Thread 0x000001310e1bf220 Exception <a 'java/lang/ClassNotFoundException'{0x00000000882c1e58}: org/gradle/plugin/software/internal/SoftwareFeaturesDynamicObjectBeanInfo> (0x00000000882c1e58) 
thrown [s\src\hotspot\share\classfile\systemDictionary.cpp, line 256]
Event: 19.907 Thread 0x000001310e1bf220 Exception <a 'java/lang/ClassNotFoundException'{0x00000000882d6ac8}: org/gradle/internal/metaobject/AbstractDynamicObjectBeanInfo> (0x00000000882d6ac8) 
thrown [s\src\hotspot\share\classfile\systemDictionary.cpp, line 256]
Event: 19.909 Thread 0x000001310e1bf220 Exception <a 'java/lang/ClassNotFoundException'{0x00000000882eb770}: org/gradle/internal/metaobject/AbstractDynamicObjectCustomizer> (0x00000000882eb770) 
thrown [s\src\hotspot\share\classfile\systemDictionary.cpp, line 256]
Event: 19.912 Thread 0x000001310e1bf220 Exception <a 'java/lang/ClassNotFoundException'{0x000000008810db80}: org/gradle/plugin/software/internal/SoftwareFeaturesDynamicObjectCustomizer> (0x000000008810db80) 
thrown [s\src\hotspot\share\classfile\systemDictionary.cpp, line 256]
Event: 19.916 Thread 0x000001310e1bf220 Exception <a 'java/lang/ClassNotFoundException'{0x000000008812a870}: org/gradle/plugin/software/internal/SoftwareFeaturesDynamicObject_DecoratedCustomizer> (0x000000008812a870) 
thrown [s\src\hotspot\share\classfile\systemDictionary.cpp, line 256]
Event: 19.953 Thread 0x000001310e1bf220 Exception <a 'java/lang/IncompatibleClassChangeError'{0x0000000088199048}: Found class java.lang.Object, but interface was expected> (0x0000000088199048) 
thrown [s\src\hotspot\share\interpreter\linkResolver.cpp, line 826]

VM Operations (20 events):
Event: 18.354 Executing VM operation: HandshakeAllThreads done
Event: 18.408 Executing VM operation: HandshakeAllThreads
Event: 18.408 Executing VM operation: HandshakeAllThreads done
Event: 18.465 Executing VM operation: G1TryInitiateConcMark
Event: 18.468 Executing VM operation: G1TryInitiateConcMark done
Event: 18.523 Executing VM operation: G1PauseRemark
Event: 18.527 Executing VM operation: G1PauseRemark done
Event: 18.561 Executing VM operation: G1PauseCleanup
Event: 18.561 Executing VM operation: G1PauseCleanup done
Event: 18.562 Executing VM operation: G1TryInitiateConcMark
Event: 18.569 Executing VM operation: G1TryInitiateConcMark done
Event: 18.661 Executing VM operation: G1PauseRemark
Event: 18.669 Executing VM operation: G1PauseRemark done
Event: 18.713 Executing VM operation: G1PauseCleanup
Event: 18.714 Executing VM operation: G1PauseCleanup done
Event: 18.883 Executing VM operation: HandshakeAllThreads
Event: 18.884 Executing VM operation: HandshakeAllThreads done
Event: 19.348 Executing VM operation: G1CollectForAllocation
Event: 19.355 Executing VM operation: G1CollectForAllocation done
Event: 20.077 Executing VM operation: G1TryInitiateConcMark

Memory protections (0 events):
No events

Nmethod flushes (20 events):
Event: 15.530 Thread 0x00000130c769edf0 flushing  nmethod 0x00000130b17a0e90
Event: 15.530 Thread 0x00000130c769edf0 flushing  nmethod 0x00000130b17be810
Event: 15.530 Thread 0x00000130c769edf0 flushing  nmethod 0x00000130b17c2090
Event: 15.530 Thread 0x00000130c769edf0 flushing  nmethod 0x00000130b17c8510
Event: 15.530 Thread 0x00000130c769edf0 flushing  nmethod 0x00000130b17d8510
Event: 15.530 Thread 0x00000130c769edf0 flushing  nmethod 0x00000130b17dc390
Event: 15.530 Thread 0x00000130c769edf0 flushing  nmethod 0x00000130b17de490
Event: 15.530 Thread 0x00000130c769edf0 flushing  nmethod 0x00000130b17e5c10
Event: 15.531 Thread 0x00000130c769edf0 flushing  nmethod 0x00000130b1802390
Event: 15.531 Thread 0x00000130c769edf0 flushing  nmethod 0x00000130b1842410
Event: 15.531 Thread 0x00000130c769edf0 flushing  nmethod 0x00000130b1844590
Event: 18.888 Thread 0x00000130c769edf0 flushing  nmethod 0x00000130b0d77710
Event: 18.888 Thread 0x00000130c769edf0 flushing  nmethod 0x00000130b0db2b10
Event: 18.889 Thread 0x00000130c769edf0 flushing  nmethod 0x00000130b0e71a10
Event: 18.895 Thread 0x00000130c769edf0 flushing  nmethod 0x00000130b1472590
Event: 18.896 Thread 0x00000130c769edf0 flushing  nmethod 0x00000130b1512d10
Event: 18.897 Thread 0x00000130c769edf0 flushing  nmethod 0x00000130b1580b10
Event: 18.897 Thread 0x00000130c769edf0 flushing  nmethod 0x00000130b1581690
Event: 18.897 Thread 0x00000130c769edf0 flushing  nmethod 0x00000130b15a2790
Event: 18.898 Thread 0x00000130c769edf0 flushing  nmethod 0x00000130b1623d10

Events (20 events):
Event: 15.238 Thread 0x000001310e1bf220 Thread added: 0x00000131103c48f0
Event: 15.238 Thread 0x000001310e1bf220 Thread added: 0x00000131103c7b90
Event: 15.325 Thread 0x000001310e1bf220 Thread added: 0x00000131103c2fa0
Event: 15.326 Thread 0x000001310e1bf220 Thread added: 0x00000131103c39c0
Event: 15.327 Thread 0x000001310e1bf220 Thread added: 0x00000131103c4e00
Event: 15.331 Thread 0x000001310e1bf220 Thread added: 0x00000131103c80a0
Event: 15.333 Thread 0x000001310e1bf220 Thread added: 0x00000131103c5310
Event: 15.335 Thread 0x000001310e1bf220 Thread added: 0x00000131103c5d30
Event: 15.336 Thread 0x000001310e1bf220 Thread added: 0x000001310ffe85b0
Event: 15.689 Thread 0x000001310e1bf220 Thread added: 0x000001310ffee5e0
Event: 15.689 Thread 0x000001310e1bf220 Thread added: 0x000001310ffecc90
Event: 15.690 Thread 0x000001310e1bf220 Thread added: 0x000001310ffedbc0
Event: 15.690 Thread 0x000001310e1bf220 Thread added: 0x000001310ffe8ac0
Event: 15.691 Thread 0x000001310e1bf220 Thread added: 0x000001310ffed1a0
Event: 15.693 Thread 0x000001310e1bf220 Thread added: 0x000001310ffeae30
Event: 15.694 Thread 0x000001310e1bf220 Thread added: 0x000001310ffeeaf0
Event: 17.791 Thread 0x000001310e1bf220 Thread added: 0x000001310ffe8fd0
Event: 18.245 Thread 0x000001310e1bf220 Thread added: 0x000001310ffebd60
Event: 19.638 Thread 0x000001310e1bf220 Thread added: 0x000001310ffef510
Event: 20.065 Thread 0x000001310e1bf220 Thread added: 0x000001310ffed6b0


Dynamic libraries:
0x00007ff6666d0000 - 0x00007ff6666de000 	C:\Program Files\Eclipse Adoptium\jdk-17.0.18.8-hotspot\bin\java.exe
0x00007ff8bbd30000 - 0x00007ff8bbf48000 	C:\Windows\SYSTEM32\ntdll.dll
0x00007ff8ba310000 - 0x00007ff8ba3d4000 	C:\Windows\System32\KERNEL32.DLL
0x00007ff8b9360000 - 0x00007ff8b9733000 	C:\Windows\System32\KERNELBASE.dll
0x00007ff8b9740000 - 0x00007ff8b9851000 	C:\Windows\System32\ucrtbase.dll
0x00007ff8b4b20000 - 0x00007ff8b4b38000 	C:\Program Files\Eclipse Adoptium\jdk-17.0.18.8-hotspot\bin\jli.dll
0x00007ff8aa3e0000 - 0x00007ff8aa3fe000 	C:\Program Files\Eclipse Adoptium\jdk-17.0.18.8-hotspot\bin\VCRUNTIME140.dll
0x00007ff8ba7b0000 - 0x00007ff8ba962000 	C:\Windows\System32\USER32.dll
0x00007ff8b99a0000 - 0x00007ff8b99c6000 	C:\Windows\System32\win32u.dll
0x00007ff8a0260000 - 0x00007ff8a04fc000 	C:\Windows\WinSxS\amd64_microsoft.windows.common-controls_6595b64144ccf1df_6.0.22621.6060_none_2712eda17382d24b\COMCTL32.dll
0x00007ff8ba5a0000 - 0x00007ff8ba5c9000 	C:\Windows\System32\GDI32.dll
0x00007ff8bbc40000 - 0x00007ff8bbce7000 	C:\Windows\System32\msvcrt.dll
0x00007ff8b9180000 - 0x00007ff8b929b000 	C:\Windows\System32\gdi32full.dll
0x00007ff8b8f70000 - 0x00007ff8b900a000 	C:\Windows\System32\msvcp_win.dll
0x00007ff8bbb20000 - 0x00007ff8bbb51000 	C:\Windows\System32\IMM32.DLL
0x00007ff8b2ea0000 - 0x00007ff8b2eac000 	C:\Program Files\Eclipse Adoptium\jdk-17.0.18.8-hotspot\bin\vcruntime140_1.dll
0x00007ff896fc0000 - 0x00007ff89704d000 	C:\Program Files\Eclipse Adoptium\jdk-17.0.18.8-hotspot\bin\msvcp140.dll
0x00007ff864b20000 - 0x00007ff86578b000 	C:\Program Files\Eclipse Adoptium\jdk-17.0.18.8-hotspot\bin\server\jvm.dll
0x00007ff8ba650000 - 0x00007ff8ba701000 	C:\Windows\System32\ADVAPI32.dll
0x00007ff8ba970000 - 0x00007ff8baa18000 	C:\Windows\System32\sechost.dll
0x00007ff8b8e40000 - 0x00007ff8b8e68000 	C:\Windows\System32\bcrypt.dll
0x00007ff8ba0e0000 - 0x00007ff8ba1f8000 	C:\Windows\System32\RPCRT4.dll
0x00007ff8ba710000 - 0x00007ff8ba781000 	C:\Windows\System32\WS2_32.dll
0x00007ff8b8d10000 - 0x00007ff8b8d5d000 	C:\Windows\SYSTEM32\POWRPROF.dll
0x00007ff8b2a90000 - 0x00007ff8b2ac4000 	C:\Windows\SYSTEM32\WINMM.dll
0x00007ff8b4a80000 - 0x00007ff8b4a8a000 	C:\Windows\SYSTEM32\VERSION.dll
0x00007ff8b8cf0000 - 0x00007ff8b8d03000 	C:\Windows\SYSTEM32\UMPDC.dll
0x00007ff8b7de0000 - 0x00007ff8b7df8000 	C:\Windows\SYSTEM32\kernel.appcore.dll
0x00007ff8b2e00000 - 0x00007ff8b2e0a000 	C:\Program Files\Eclipse Adoptium\jdk-17.0.18.8-hotspot\bin\jimage.dll
0x00007ff8b6700000 - 0x00007ff8b6933000 	C:\Windows\SYSTEM32\DBGHELP.DLL
0x00007ff8b9ab0000 - 0x00007ff8b9e41000 	C:\Windows\System32\combase.dll
0x00007ff8b99d0000 - 0x00007ff8b9aa8000 	C:\Windows\System32\OLEAUT32.dll
0x00007ff89b1a0000 - 0x00007ff89b1d2000 	C:\Windows\SYSTEM32\dbgcore.DLL
0x00007ff8b8ef0000 - 0x00007ff8b8f6b000 	C:\Windows\System32\bcryptPrimitives.dll
0x00007ff8b1d10000 - 0x00007ff8b1d1e000 	C:\Program Files\Eclipse Adoptium\jdk-17.0.18.8-hotspot\bin\instrument.dll
0x00007ff89cf50000 - 0x00007ff89cf75000 	C:\Program Files\Eclipse Adoptium\jdk-17.0.18.8-hotspot\bin\java.dll
0x00007ff896d50000 - 0x00007ff896e27000 	C:\Program Files\Eclipse Adoptium\jdk-17.0.18.8-hotspot\bin\jsvml.dll
0x00007ff8bb280000 - 0x00007ff8bbb1c000 	C:\Windows\System32\SHELL32.dll
0x00007ff8b9860000 - 0x00007ff8b999f000 	C:\Windows\System32\wintypes.dll
0x00007ff8b6cf0000 - 0x00007ff8b760a000 	C:\Windows\SYSTEM32\windows.storage.dll
0x00007ff8ba200000 - 0x00007ff8ba304000 	C:\Windows\System32\SHCORE.dll
0x00007ff8bbb60000 - 0x00007ff8bbbc9000 	C:\Windows\System32\shlwapi.dll
0x00007ff8b8d70000 - 0x00007ff8b8d95000 	C:\Windows\SYSTEM32\profapi.dll
0x00007ff89ee90000 - 0x00007ff89eea8000 	C:\Program Files\Eclipse Adoptium\jdk-17.0.18.8-hotspot\bin\zip.dll
0x00007ff89d030000 - 0x00007ff89d04a000 	C:\Program Files\Eclipse Adoptium\jdk-17.0.18.8-hotspot\bin\net.dll
0x00007ff8b2420000 - 0x00007ff8b254c000 	C:\Windows\SYSTEM32\WINHTTP.dll
0x00007ff8b82a0000 - 0x00007ff8b8309000 	C:\Windows\system32\mswsock.dll
0x00007ff89cba0000 - 0x00007ff89cbb6000 	C:\Program Files\Eclipse Adoptium\jdk-17.0.18.8-hotspot\bin\nio.dll
0x00007ff8aa410000 - 0x00007ff8aa420000 	C:\Program Files\Eclipse Adoptium\jdk-17.0.18.8-hotspot\bin\verify.dll
0x00007ff89dd00000 - 0x00007ff89dd27000 	C:\Users\Administrator\.gradle\native\1def1411415f61bf3af743bc5b6707747c0891f09f0c88961ee8f79bc544acac\windows-amd64\native-platform.dll
0x00007ff896180000 - 0x00007ff8961f8000 	C:\Users\Administrator\.gradle\native\0.2.7\x86_64-windows-gnu\gradle-fileevents.dll
0x00007ff8aa2d0000 - 0x00007ff8aa2da000 	C:\Program Files\Eclipse Adoptium\jdk-17.0.18.8-hotspot\bin\management.dll
0x00007ff8aa160000 - 0x00007ff8aa16c000 	C:\Program Files\Eclipse Adoptium\jdk-17.0.18.8-hotspot\bin\management_ext.dll
0x00007ff8ba790000 - 0x00007ff8ba798000 	C:\Windows\System32\PSAPI.DLL
0x00007ff8b78b0000 - 0x00007ff8b78dd000 	C:\Windows\SYSTEM32\IPHLPAPI.DLL
0x00007ff8ba7a0000 - 0x00007ff8ba7a9000 	C:\Windows\System32\NSI.dll
0x00007ff8b2250000 - 0x00007ff8b2269000 	C:\Windows\SYSTEM32\dhcpcsvc6.DLL
0x00007ff8b2010000 - 0x00007ff8b202f000 	C:\Windows\SYSTEM32\dhcpcsvc.DLL
0x00007ff8b78e0000 - 0x00007ff8b79d8000 	C:\Windows\SYSTEM32\DNSAPI.dll
0x00007ff89dcf0000 - 0x00007ff89dcf9000 	C:\Program Files\Eclipse Adoptium\jdk-17.0.18.8-hotspot\bin\extnet.dll
0x00007ff8b85f0000 - 0x00007ff8b860b000 	C:\Windows\SYSTEM32\CRYPTSP.dll
0x00007ff8b7d40000 - 0x00007ff8b7d77000 	C:\Windows\system32\rsaenh.dll
0x00007ff8b8340000 - 0x00007ff8b8368000 	C:\Windows\SYSTEM32\USERENV.dll
0x00007ff8b85d0000 - 0x00007ff8b85dc000 	C:\Windows\SYSTEM32\CRYPTBASE.dll
0x00007ff89d4c0000 - 0x00007ff89d4ce000 	C:\Program Files\Eclipse Adoptium\jdk-17.0.18.8-hotspot\bin\sunmscapi.dll
0x00007ff8b9010000 - 0x00007ff8b9178000 	C:\Windows\System32\CRYPT32.dll
0x00007ff8b86f0000 - 0x00007ff8b871e000 	C:\Windows\SYSTEM32\ncrypt.dll
0x00007ff8b86b0000 - 0x00007ff8b86e7000 	C:\Windows\SYSTEM32\NTASN1.dll
0x00007ff851130000 - 0x00007ff851138000 	C:\Windows\system32\wshunix.dll

dbghelp: loaded successfully - version: 4.0.5 - missing functions: none
symbol engine: initialized successfully - sym options: 0x614 - pdb path: .;C:\Program Files\Eclipse Adoptium\jdk-17.0.18.8-hotspot\bin;C:\Windows\SYSTEM32;C:\Windows\WinSxS\amd64_microsoft.windows.common-controls_6595b64144ccf1df_6.0.22621.6060_none_2712eda17382d24b;C:\Program Files\Eclipse Adoptium\jdk-17.0.18.8-hotspot\bin\server;C:\Users\Administrator\.gradle\native\1def1411415f61bf3af743bc5b6707747c0891f09f0c88961ee8f79bc544acac\windows-amd64;C:\Users\Administrator\.gradle\native\0.2.7\x86_64-windows-gnu

VM Arguments:
jvm_args: --add-opens=java.base/java.lang=ALL-UNNAMED --add-opens=java.base/java.lang.invoke=ALL-UNNAMED --add-opens=java.base/java.util=ALL-UNNAMED --add-opens=java.prefs/java.util.prefs=ALL-UNNAMED --add-exports=jdk.compiler/com.sun.tools.javac.api=ALL-UNNAMED --add-exports=jdk.compiler/com.sun.tools.javac.util=ALL-UNNAMED --add-opens=java.base/java.util=ALL-UNNAMED --add-opens=java.prefs/java.util.prefs=ALL-UNNAMED --add-opens=java.base/java.nio.charset=ALL-UNNAMED --add-opens=java.base/java.net=ALL-UNNAMED --add-opens=java.base/java.util.concurrent.atomic=ALL-UNNAMED --add-opens=java.xml/javax.xml.namespace=ALL-UNNAMED -Xmx2048m -Dfile.encoding=UTF-8 -Duser.country=US -Duser.language=en -Duser.variant -javaagent:C:\Users\Administrator\.gradle\wrapper\dists\gradle-8.13-bin\5xuhj0ry160q40clulazy9h7d\gradle-8.13\lib\agents\gradle-instrumentation-agent-8.13.jar 
java_command: org.gradle.launcher.daemon.bootstrap.GradleDaemon 8.13
java_class_path (initial): C:\Users\Administrator\.gradle\wrapper\dists\gradle-8.13-bin\5xuhj0ry160q40clulazy9h7d\gradle-8.13\lib\gradle-daemon-main-8.13.jar
Launcher Type: SUN_STANDARD

[Global flags]
     intx CICompilerCount                          = 4                                         {product} {ergonomic}
     uint ConcGCThreads                            = 2                                         {product} {ergonomic}
     uint G1ConcRefinementThreads                  = 8                                         {product} {ergonomic}
   size_t G1HeapRegionSize                         = 1048576                                   {product} {ergonomic}
    uintx GCDrainStackTargetSize                   = 64                                        {product} {ergonomic}
   size_t InitialHeapSize                          = 134217728                                 {product} {ergonomic}
   size_t MarkStackSize                            = 4194304                                   {product} {ergonomic}
   size_t MaxHeapSize                              = 2147483648                                {product} {command line}
   size_t MaxNewSize                               = 1287651328                                {product} {ergonomic}
   size_t MinHeapDeltaBytes                        = 1048576                                   {product} {ergonomic}
   size_t MinHeapSize                              = 8388608                                   {product} {ergonomic}
    uintx NonNMethodCodeHeapSize                   = 5839372                                {pd product} {ergonomic}
    uintx NonProfiledCodeHeapSize                  = 122909434                              {pd product} {ergonomic}
    uintx ProfiledCodeHeapSize                     = 122909434                              {pd product} {ergonomic}
    uintx ReservedCodeCacheSize                    = 251658240                              {pd product} {ergonomic}
     bool SegmentedCodeCache                       = true                                      {product} {ergonomic}
   size_t SoftMaxHeapSize                          = 2147483648                             {manageable} {ergonomic}
     bool UseCompressedClassPointers               = true                           {product lp64_product} {ergonomic}
     bool UseCompressedOops                        = true                           {product lp64_product} {ergonomic}
     bool UseG1GC                                  = true                                      {product} {ergonomic}
     bool UseLargePagesIndividualAllocation        = false                                  {pd product} {ergonomic}

Logging:
Log output configuration:
 #0: stdout all=warning uptime,level,tags
 #1: stderr all=off uptime,level,tags

Environment Variables:
JAVA_HOME=C:\Program Files\Eclipse Adoptium\jdk-17.0.18.8-hotspot
PATH=C:\Program Files\Eclipse Adoptium\jdk-11.0.30.7-hotspot\bin;C:\Program Files\Eclipse Adoptium\jdk-17.0.18.8-hotspot\bin;C:\Program Files\Microsoft MPI\Bin\;C:\Windows\system32;C:\Windows;C:\Windows\System32\Wbem;C:\Windows\System32\WindowsPowerShell\v1.0\;C:\Windows\System32\OpenSSH\;C:\Program Files\Git\cmd;C:\Program Files (x86)\Microsoft SQL Server\160\DTS\Binn\;C:\Program Files (x86)\Microsoft SQL Server\150\Tools\Binn\;C:\Program Files\Microsoft SQL Server\150\Tools\Binn\;C:\Program Files (x86)\Microsoft SQL Server\150\DTS\Binn\;C:\Program Files\Microsoft SQL Server\150\DTS\Binn\;C:\Program Files\Microsoft SQL Server\Client SDK\ODBC\170\Tools\Binn\;C:\Program Files\Microsoft SQL Server\170\Tools\Binn\;C:\Program Files\dotnet\;C:\Program Files\nodejs\;C:\Users\Administrator\AppData\Local\Microsoft\WindowsApps;;C:\Users\Administrator\AppData\Local\Programs\Microsoft VS Code\bin;C:\Users\Administrator\AppData\Local\Python\bin;C:\Users\Administrator\.dotnet\tools;C:\Users\Administrator\AppData\Roaming\npm
USERNAME=Administrator
OS=Windows_NT
PROCESSOR_IDENTIFIER=Intel64 Family 6 Model 142 Stepping 12, GenuineIntel
TMP=C:\Users\ADMINI~1\AppData\Local\Temp
TEMP=C:\Users\ADMINI~1\AppData\Local\Temp



Periodic native trim disabled


---------------  S Y S T E M  ---------------

OS:
 Windows 11 , 64 bit Build 22621 (10.0.22621.5415)
OS uptime: 0 days 16:53 hours
Hyper-V role detected

CPU: total 8 (initial active 8) (4 cores per cpu, 2 threads per core) family 6 model 142 stepping 12 microcode 0xfa, cx8, cmov, fxsr, ht, mmx, 3dnowpref, sse, sse2, sse3, ssse3, sse4.1, sse4.2, popcnt, lzcnt, tsc, tscinvbit, avx, avx2, aes, erms, clmul, bmi1, bmi2, adx, fma, vzeroupper, clflush, clflushopt, hv
Processor Information for processor 0
  Max Mhz: 1800, Current Mhz: 1500, Mhz Limit: 1584
Processor Information for processor 1
  Max Mhz: 1800, Current Mhz: 1600, Mhz Limit: 1584
Processor Information for processor 2
  Max Mhz: 1800, Current Mhz: 1600, Mhz Limit: 1584
Processor Information for processor 3
  Max Mhz: 1800, Current Mhz: 1500, Mhz Limit: 1584
Processor Information for processor 4
  Max Mhz: 1800, Current Mhz: 1500, Mhz Limit: 1584
Processor Information for processor 5
  Max Mhz: 1800, Current Mhz: 1500, Mhz Limit: 1584
Processor Information for processor 6
  Max Mhz: 1800, Current Mhz: 1600, Mhz Limit: 1584
Processor Information for processor 7
  Max Mhz: 1800, Current Mhz: 1500, Mhz Limit: 1584

Memory: 4k page, system-wide physical 8070M (243M free)
TotalPageFile size 16262M (AvailPageFile size 51M)
current process WorkingSet (physical memory assigned to process): 375M, peak: 380M
current process commit charge ("private bytes"): 416M, peak: 500M

vm_info: OpenJDK 64-Bit Server VM (17.0.18+8) for windows-amd64 JRE (17.0.18+8), built on Jan 20 2026 22:28:22 by "admin" with MS VC++ 17.12 (VS2022)

END.
