#
# There is insufficient memory for the Java Runtime Environment to continue.
# Native memory allocation (malloc) failed to allocate 1049856 bytes. Error detail: Chunk::new
# Possible reasons:
#   The system is out of physical RAM or swap space
#   This process is running with CompressedOops enabled, and the Java Heap may be blocking the growth of the native heap
# Possible solutions:
#   Reduce memory load on the system
#   Increase physical memory or swap space
#   Check if swap backing store is full
#   Decrease Java heap size (-Xmx/-Xms)
#   Decrease number of Java threads
#   Decrease Java thread stack sizes (-Xss)
#   Set larger code cache with -XX:ReservedCodeCacheSize=
#   JVM is running with Unscaled Compressed Oops mode in which the Java heap is
#     placed in the first 4GB address space. The Java Heap base address is the
#     maximum limit for the native heap growth. Please use -XX:HeapBaseMinAddress
#     to set the Java Heap base and to place the Java Heap above 4GB virtual address.
# This output file may be truncated or incomplete.
#
#  Out of Memory Error (arena.cpp:168), pid=7540, tid=14164
#
# JRE version: OpenJDK Runtime Environment (21.0.8) (build 21.0.8+-14196175-b1038.72)
# Java VM: OpenJDK 64-Bit Server VM (21.0.8+-14196175-b1038.72, mixed mode, tiered, compressed oops, compressed class ptrs, g1 gc, windows-amd64)
# No core dump will be written. Minidumps are not enabled by default on client versions of Windows
#

---------------  S U M M A R Y ------------

Command Line: --add-opens=java.base/java.lang=ALL-UNNAMED --add-opens=java.base/java.lang.invoke=ALL-UNNAMED --add-opens=java.base/java.util=ALL-UNNAMED --add-opens=java.prefs/java.util.prefs=ALL-UNNAMED --add-exports=jdk.compiler/com.sun.tools.javac.api=ALL-UNNAMED --add-exports=jdk.compiler/com.sun.tools.javac.util=ALL-UNNAMED --add-opens=java.base/java.util=ALL-UNNAMED --add-opens=java.prefs/java.util.prefs=ALL-UNNAMED --add-opens=java.base/java.nio.charset=ALL-UNNAMED --add-opens=java.base/java.net=ALL-UNNAMED --add-opens=java.base/java.util.concurrent.atomic=ALL-UNNAMED --add-opens=java.xml/javax.xml.namespace=ALL-UNNAMED -Xmx2048m -Dfile.encoding=UTF-8 -Duser.country=US -Duser.language=en -Duser.variant -javaagent:C:\Users\Administrator\.gradle\wrapper\dists\gradle-8.13-bin\5xuhj0ry160q40clulazy9h7d\gradle-8.13\lib\agents\gradle-instrumentation-agent-8.13.jar org.gradle.launcher.daemon.bootstrap.GradleDaemon 8.13

Host: Intel(R) Core(TM) i5-8265U CPU @ 1.60GHz, 8 cores, 7G,  Windows 11 , 64 bit Build 22621 (10.0.22621.5415)
Time: Thu Mar 12 15:43:00 2026 Taipei Standard Time elapsed time: 7.700981 seconds (0d 0h 0m 7s)

---------------  T H R E A D  ---------------

Current thread (0x000001c3001b39a0):  JavaThread "C2 CompilerThread0" daemon [_thread_in_native, id=14164, stack(0x0000002b7d100000,0x0000002b7d200000) (1024K)]


Current CompileTask:
C2:7701 4925       4       java.lang.invoke.MethodType::makeImpl (109 bytes)

Stack: [0x0000002b7d100000,0x0000002b7d200000]
Native frames: (J=compiled Java code, j=interpreted, Vv=VM code, C=native code)
V  [jvm.dll+0x6d68d9]
V  [jvm.dll+0x866693]
V  [jvm.dll+0x868c4e]
V  [jvm.dll+0x869333]
V  [jvm.dll+0x280566]
V  [jvm.dll+0xc07cd]
V  [jvm.dll+0xc0d03]
V  [jvm.dll+0x2f5970]
V  [jvm.dll+0x5ff719]
V  [jvm.dll+0x252362]
V  [jvm.dll+0x24acaa]
V  [jvm.dll+0x24871e]
V  [jvm.dll+0x1c73a4]
V  [jvm.dll+0x257f9e]
V  [jvm.dll+0x2564e6]
V  [jvm.dll+0x3f4696]
V  [jvm.dll+0x80eac8]
V  [jvm.dll+0x6d512d]
C  [ucrtbase.dll+0x29333]
C  [KERNEL32.DLL+0x1259d]
C  [ntdll.dll+0x5af78]


---------------  P R O C E S S  ---------------

Threads class SMR info:
_java_thread_list=0x000001c308b63920, length=41, elements={
0x000001c3665202c0, 0x000001c300184850, 0x000001c300187be0, 0x000001c300188740,
0x000001c3001ad2a0, 0x000001c3001add00, 0x000001c3001ae970, 0x000001c3001af3d0,
0x000001c3001b39a0, 0x000001c3001dcd10, 0x000001c3004c7b40, 0x000001c30530e6a0,
0x000001c30609f9e0, 0x000001c306092bd0, 0x000001c3063326e0, 0x000001c306335040,
0x000001c306285650, 0x000001c3062864d0, 0x000001c3061532b0, 0x000001c306152c20,
0x000001c30614fe30, 0x000001c306151870, 0x000001c306151f00, 0x000001c3061504c0,
0x000001c30667db80, 0x000001c306150b50, 0x000001c3077798b0, 0x000001c307776430,
0x000001c307779f40, 0x000001c30777b2f0, 0x000001c30777cd30, 0x000001c3077777e0,
0x000001c30777c6a0, 0x000001c30777ac60, 0x000001c307776ac0, 0x000001c30777c010,
0x000001c307777150, 0x000001c30777b980, 0x000001c30777da50, 0x000001c307777e70,
0x000001c307778500
}

Java Threads: ( => current thread )
  0x000001c3665202c0 JavaThread "main"                              [_thread_blocked, id=7644, stack(0x0000002b7c200000,0x0000002b7c300000) (1024K)]
  0x000001c300184850 JavaThread "Common-Cleaner"             daemon [_thread_blocked, id=4160, stack(0x0000002b7ca00000,0x0000002b7cb00000) (1024K)]
  0x000001c300187be0 JavaThread "Reference Handler"          daemon [_thread_blocked, id=14668, stack(0x0000002b7cb00000,0x0000002b7cc00000) (1024K)]
  0x000001c300188740 JavaThread "Finalizer"                  daemon [_thread_blocked, id=14932, stack(0x0000002b7cc00000,0x0000002b7cd00000) (1024K)]
  0x000001c3001ad2a0 JavaThread "Signal Dispatcher"          daemon [_thread_blocked, id=20372, stack(0x0000002b7cd00000,0x0000002b7ce00000) (1024K)]
  0x000001c3001add00 JavaThread "Attach Listener"            daemon [_thread_blocked, id=18204, stack(0x0000002b7ce00000,0x0000002b7cf00000) (1024K)]
  0x000001c3001ae970 JavaThread "Service Thread"             daemon [_thread_blocked, id=9876, stack(0x0000002b7cf00000,0x0000002b7d000000) (1024K)]
  0x000001c3001af3d0 JavaThread "Monitor Deflation Thread"   daemon [_thread_blocked, id=6760, stack(0x0000002b7d000000,0x0000002b7d100000) (1024K)]
=>0x000001c3001b39a0 JavaThread "C2 CompilerThread0"         daemon [_thread_in_native, id=14164, stack(0x0000002b7d100000,0x0000002b7d200000) (1024K)]
  0x000001c3001dcd10 JavaThread "C1 CompilerThread0"         daemon [_thread_in_native, id=10904, stack(0x0000002b7d200000,0x0000002b7d300000) (1024K)]
  0x000001c3004c7b40 JavaThread "Notification Thread"        daemon [_thread_blocked, id=14760, stack(0x0000002b7d300000,0x0000002b7d400000) (1024K)]
  0x000001c30530e6a0 JavaThread "Daemon health stats"               [_thread_blocked, id=17948, stack(0x0000002b7db00000,0x0000002b7dc00000) (1024K)]
  0x000001c30609f9e0 JavaThread "Incoming local TCP Connector on port 49701"        [_thread_in_native, id=932, stack(0x0000002b7dd00000,0x0000002b7de00000) (1024K)]
  0x000001c306092bd0 JavaThread "Daemon periodic checks"            [_thread_blocked, id=17056, stack(0x0000002b7de00000,0x0000002b7df00000) (1024K)]
  0x000001c3063326e0 JavaThread "Daemon"                            [_thread_blocked, id=6112, stack(0x0000002b7df00000,0x0000002b7e000000) (1024K)]
  0x000001c306335040 JavaThread "Handler for socket connection from /127.0.0.1:49701 to /127.0.0.1:49702"        [_thread_in_native, id=18768, stack(0x0000002b7e000000,0x0000002b7e100000) (1024K)]
  0x000001c306285650 JavaThread "Cancel handler"                    [_thread_blocked, id=19720, stack(0x0000002b7e100000,0x0000002b7e200000) (1024K)]
  0x000001c3062864d0 JavaThread "Daemon worker"                     [_thread_in_Java, id=10580, stack(0x0000002b7e200000,0x0000002b7e300000) (1024K)]
  0x000001c3061532b0 JavaThread "Asynchronous log dispatcher for DefaultDaemonConnection: socket connection from /127.0.0.1:49701 to /127.0.0.1:49702"        [_thread_blocked, id=17924, stack(0x0000002b7e300000,0x0000002b7e400000) (1024K)]
  0x000001c306152c20 JavaThread "Stdin handler"                     [_thread_blocked, id=18260, stack(0x0000002b7e400000,0x0000002b7e500000) (1024K)]
  0x000001c30614fe30 JavaThread "Daemon client event forwarder"        [_thread_blocked, id=11540, stack(0x0000002b7e500000,0x0000002b7e600000) (1024K)]
  0x000001c306151870 JavaThread "Cache worker for journal cache (C:\Users\Administrator\.gradle\caches\journal-1)"        [_thread_blocked, id=17232, stack(0x0000002b7dc00000,0x0000002b7dd00000) (1024K)]
  0x000001c306151f00 JavaThread "File lock request listener"        [_thread_in_native, id=6848, stack(0x0000002b7e700000,0x0000002b7e800000) (1024K)]
  0x000001c3061504c0 JavaThread "Cache worker for file hash cache (C:\Users\Administrator\.gradle\caches\8.13\fileHashes)"        [_thread_blocked, id=9844, stack(0x0000002b7e800000,0x0000002b7e900000) (1024K)]
  0x000001c30667db80 JavaThread "C2 CompilerThread1"         daemon [_thread_in_native, id=6252, stack(0x0000002b7e900000,0x0000002b7ea00000) (1024K)]
  0x000001c306150b50 JavaThread "Cache worker for file hash cache (C:\Users\Administrator\StudioProjects\FlexiFitApp_Initial\.gradle\8.13\fileHashes)"        [_thread_blocked, id=3976, stack(0x0000002b7ea00000,0x0000002b7eb00000) (1024K)]
  0x000001c3077798b0 JavaThread "File watcher server"        daemon [_thread_in_native, id=16424, stack(0x0000002b7ec00000,0x0000002b7ed00000) (1024K)]
  0x000001c307776430 JavaThread "File watcher consumer"      daemon [_thread_blocked, id=16204, stack(0x0000002b7ed00000,0x0000002b7ee00000) (1024K)]
  0x000001c307779f40 JavaThread "jar transforms"                    [_thread_blocked, id=288, stack(0x0000002b7ee00000,0x0000002b7ef00000) (1024K)]
  0x000001c30777b2f0 JavaThread "jar transforms Thread 2"           [_thread_blocked, id=13068, stack(0x0000002b7ef00000,0x0000002b7f000000) (1024K)]
  0x000001c30777cd30 JavaThread "Cache worker for checksums cache (C:\Users\Administrator\StudioProjects\FlexiFitApp_Initial\.gradle\8.13\checksums)"        [_thread_blocked, id=10608, stack(0x0000002b7f000000,0x0000002b7f100000) (1024K)]
  0x000001c3077777e0 JavaThread "Cache worker for file content cache (C:\Users\Administrator\.gradle\caches\8.13\fileContent)"        [_thread_blocked, id=4996, stack(0x0000002b7f100000,0x0000002b7f200000) (1024K)]
  0x000001c30777c6a0 JavaThread "jar transforms Thread 3"           [_thread_blocked, id=10260, stack(0x0000002b7f200000,0x0000002b7f300000) (1024K)]
  0x000001c30777ac60 JavaThread "Unconstrained build operations"        [_thread_blocked, id=16288, stack(0x0000002b7f500000,0x0000002b7f600000) (1024K)]
  0x000001c307776ac0 JavaThread "Unconstrained build operations Thread 2"        [_thread_blocked, id=18656, stack(0x0000002b7f600000,0x0000002b7f700000) (1024K)]
  0x000001c30777c010 JavaThread "Unconstrained build operations Thread 3"        [_thread_blocked, id=12832, stack(0x0000002b7f700000,0x0000002b7f800000) (1024K)]
  0x000001c307777150 JavaThread "Unconstrained build operations Thread 4"        [_thread_blocked, id=10216, stack(0x0000002b7f800000,0x0000002b7f900000) (1024K)]
  0x000001c30777b980 JavaThread "Unconstrained build operations Thread 5"        [_thread_blocked, id=18056, stack(0x0000002b7f900000,0x0000002b7fa00000) (1024K)]
  0x000001c30777da50 JavaThread "Unconstrained build operations Thread 6"        [_thread_blocked, id=18648, stack(0x0000002b7fa00000,0x0000002b7fb00000) (1024K)]
  0x000001c307777e70 JavaThread "Unconstrained build operations Thread 7"        [_thread_blocked, id=15140, stack(0x0000002b7fb00000,0x0000002b7fc00000) (1024K)]
  0x000001c307778500 JavaThread "Unconstrained build operations Thread 8"        [_thread_blocked, id=6132, stack(0x0000002b7fc00000,0x0000002b7fd00000) (1024K)]
Total: 41

Other Threads:
  0x000001c37ff59be0 VMThread "VM Thread"                           [id=9424, stack(0x0000002b7c900000,0x0000002b7ca00000) (1024K)]
  0x000001c37fee63c0 WatcherThread "VM Periodic Task Thread"        [id=14824, stack(0x0000002b7c800000,0x0000002b7c900000) (1024K)]
  0x000001c3688b4ac0 WorkerThread "GC Thread#0"                     [id=9056, stack(0x0000002b7c300000,0x0000002b7c400000) (1024K)]
  0x000001c3007ddf80 WorkerThread "GC Thread#1"                     [id=16112, stack(0x0000002b7d400000,0x0000002b7d500000) (1024K)]
  0x000001c3007de320 WorkerThread "GC Thread#2"                     [id=3996, stack(0x0000002b7d500000,0x0000002b7d600000) (1024K)]
  0x000001c305304dd0 WorkerThread "GC Thread#3"                     [id=14460, stack(0x0000002b7d600000,0x0000002b7d700000) (1024K)]
  0x000001c30527ba20 WorkerThread "GC Thread#4"                     [id=20360, stack(0x0000002b7d700000,0x0000002b7d800000) (1024K)]
  0x000001c305de1080 WorkerThread "GC Thread#5"                     [id=14912, stack(0x0000002b7d800000,0x0000002b7d900000) (1024K)]
  0x000001c305493fa0 WorkerThread "GC Thread#6"                     [id=19164, stack(0x0000002b7d900000,0x0000002b7da00000) (1024K)]
  0x000001c3054ddae0 WorkerThread "GC Thread#7"                     [id=2340, stack(0x0000002b7da00000,0x0000002b7db00000) (1024K)]
  0x000001c3688c5aa0 ConcurrentGCThread "G1 Main Marker"            [id=15908, stack(0x0000002b7c400000,0x0000002b7c500000) (1024K)]
  0x000001c3688c6710 WorkerThread "G1 Conc#0"                       [id=17968, stack(0x0000002b7c500000,0x0000002b7c600000) (1024K)]
  0x000001c3060e7290 WorkerThread "G1 Conc#1"                       [id=1768, stack(0x0000002b7e600000,0x0000002b7e700000) (1024K)]
  0x000001c36891e350 ConcurrentGCThread "G1 Refine#0"               [id=16560, stack(0x0000002b7c600000,0x0000002b7c700000) (1024K)]
  0x000001c37fdac140 ConcurrentGCThread "G1 Service"                [id=17584, stack(0x0000002b7c700000,0x0000002b7c800000) (1024K)]
Total: 15

Threads with active compile tasks:
C2 CompilerThread0  7739 4925       4       java.lang.invoke.MethodType::makeImpl (109 bytes)
C1 CompilerThread0  7739 5203   !   3       java.io.ObjectOutputStream::writeObject0 (620 bytes)
C2 CompilerThread1  7740 5201   !   4       java.util.AbstractList$Itr::next (46 bytes)
Total: 3

VM state: not at safepoint (normal execution)

VM Mutex/Monitor currently owned by a thread: None

OutOfMemory and StackOverflow Exception counts:
OutOfMemoryError java_heap_errors=1
LinkageErrors=139

Heap address: 0x0000000080000000, size: 2048 MB, Compressed Oops mode: 32-bit

CDS archive(s) not mapped
Compressed class space mapped at: 0x0000000100000000-0x0000000140000000, reserved size: 1073741824
Narrow klass base: 0x0000000000000000, Narrow klass shift: 3, Narrow klass range: 0x140000000

GC Precious Log:
 CardTable entry size: 512
 Card Set container configuration: InlinePtr #cards 5 size 8 Array Of Cards #cards 12 size 40 Howl #buckets 4 coarsen threshold 1843 Howl Bitmap #cards 512 size 80 coarsen threshold 460 Card regions per heap region 1 cards per card region 2048
 CPUs: 8 total, 8 available
 Memory: 8070M
 Large Page Support: Disabled
 NUMA Support: Disabled
 Compressed Oops: Enabled (32-bit)
 Heap Region Size: 1M
 Heap Min Capacity: 8M
 Heap Initial Capacity: 128M
 Heap Max Capacity: 2G
 Pre-touch: Disabled
 Parallel Workers: 8
 Concurrent Workers: 2
 Concurrent Refinement Workers: 8
 Periodic GC: Disabled

Heap:
 garbage-first heap   total 71680K, used 41117K [0x0000000080000000, 0x0000000100000000)
  region size 1024K, 8 young (8192K), 4 survivors (4096K)
 Metaspace       used 56228K, committed 57600K, reserved 1114112K
  class space    used 7946K, committed 8576K, reserved 1048576K

Heap Regions: E=young(eden), S=young(survivor), O=old, HS=humongous(starts), HC=humongous(continues), CS=collection set, F=free, TAMS=top-at-mark-start, PB=parsable bottom
|   0|0x0000000080000000, 0x0000000080100000, 0x0000000080100000|100%|HS|  |TAMS 0x0000000080000000| PB 0x0000000080000000| Complete 
|   1|0x0000000080100000, 0x0000000080200000, 0x0000000080200000|100%|HC|  |TAMS 0x0000000080100000| PB 0x0000000080100000| Complete 
|   2|0x0000000080200000, 0x0000000080300000, 0x0000000080300000|100%|HC|  |TAMS 0x0000000080200000| PB 0x0000000080200000| Complete 
|   3|0x0000000080300000, 0x0000000080400000, 0x0000000080400000|100%| O|  |TAMS 0x0000000080300000| PB 0x0000000080300000| Untracked 
|   4|0x0000000080400000, 0x0000000080500000, 0x0000000080500000|100%| O|  |TAMS 0x0000000080400000| PB 0x0000000080400000| Untracked 
|   5|0x0000000080500000, 0x0000000080600000, 0x0000000080600000|100%| O|  |TAMS 0x0000000080500000| PB 0x0000000080500000| Untracked 
|   6|0x0000000080600000, 0x0000000080700000, 0x0000000080700000|100%|HS|  |TAMS 0x0000000080600000| PB 0x0000000080600000| Complete 
|   7|0x0000000080700000, 0x0000000080800000, 0x0000000080800000|100%| O|  |TAMS 0x0000000080700000| PB 0x0000000080700000| Untracked 
|   8|0x0000000080800000, 0x0000000080900000, 0x0000000080900000|100%| O|  |TAMS 0x0000000080800000| PB 0x0000000080800000| Untracked 
|   9|0x0000000080900000, 0x0000000080a00000, 0x0000000080a00000|100%| O|  |TAMS 0x0000000080900000| PB 0x0000000080900000| Untracked 
|  10|0x0000000080a00000, 0x0000000080b00000, 0x0000000080b00000|100%| O|  |TAMS 0x0000000080a00000| PB 0x0000000080a00000| Untracked 
|  11|0x0000000080b00000, 0x0000000080c00000, 0x0000000080c00000|100%| O|  |TAMS 0x0000000080b00000| PB 0x0000000080b00000| Untracked 
|  12|0x0000000080c00000, 0x0000000080d00000, 0x0000000080d00000|100%| O|  |TAMS 0x0000000080c00000| PB 0x0000000080c00000| Untracked 
|  13|0x0000000080d00000, 0x0000000080e00000, 0x0000000080e00000|100%| O|  |TAMS 0x0000000080d00000| PB 0x0000000080d00000| Untracked 
|  14|0x0000000080e00000, 0x0000000080f00000, 0x0000000080f00000|100%| O|  |TAMS 0x0000000080e00000| PB 0x0000000080e00000| Untracked 
|  15|0x0000000080f00000, 0x0000000081000000, 0x0000000081000000|100%| O|  |TAMS 0x0000000080f00000| PB 0x0000000080f00000| Untracked 
|  16|0x0000000081000000, 0x0000000081100000, 0x0000000081100000|100%| O|  |TAMS 0x0000000081000000| PB 0x0000000081000000| Untracked 
|  17|0x0000000081100000, 0x0000000081200000, 0x0000000081200000|100%| O|  |TAMS 0x0000000081100000| PB 0x0000000081100000| Untracked 
|  18|0x0000000081200000, 0x0000000081300000, 0x0000000081300000|100%| O|  |TAMS 0x0000000081200000| PB 0x0000000081200000| Untracked 
|  19|0x0000000081300000, 0x0000000081400000, 0x0000000081400000|100%| O|  |TAMS 0x0000000081300000| PB 0x0000000081300000| Untracked 
|  20|0x0000000081400000, 0x0000000081500000, 0x0000000081500000|100%| O|  |TAMS 0x0000000081400000| PB 0x0000000081400000| Untracked 
|  21|0x0000000081500000, 0x0000000081600000, 0x0000000081600000|100%| O|  |TAMS 0x0000000081500000| PB 0x0000000081500000| Untracked 
|  22|0x0000000081600000, 0x0000000081700000, 0x0000000081700000|100%| O|  |TAMS 0x0000000081600000| PB 0x0000000081600000| Untracked 
|  23|0x0000000081700000, 0x0000000081800000, 0x0000000081800000|100%| O|  |TAMS 0x0000000081700000| PB 0x0000000081700000| Untracked 
|  24|0x0000000081800000, 0x0000000081900000, 0x0000000081900000|100%| O|  |TAMS 0x0000000081800000| PB 0x0000000081800000| Untracked 
|  25|0x0000000081900000, 0x0000000081a00000, 0x0000000081a00000|100%| O|  |TAMS 0x0000000081900000| PB 0x0000000081900000| Untracked 
|  26|0x0000000081a00000, 0x0000000081b00000, 0x0000000081b00000|100%| O|  |TAMS 0x0000000081a00000| PB 0x0000000081a00000| Untracked 
|  27|0x0000000081b00000, 0x0000000081c00000, 0x0000000081c00000|100%| O|  |TAMS 0x0000000081b00000| PB 0x0000000081b00000| Untracked 
|  28|0x0000000081c00000, 0x0000000081c00000, 0x0000000081d00000|  0%| F|  |TAMS 0x0000000081c00000| PB 0x0000000081c00000| Untracked 
|  29|0x0000000081d00000, 0x0000000081e00000, 0x0000000081e00000|100%| O|  |TAMS 0x0000000081d00000| PB 0x0000000081d00000| Untracked 
|  30|0x0000000081e00000, 0x0000000081f00000, 0x0000000081f00000|100%| O|  |TAMS 0x0000000081e00000| PB 0x0000000081e00000| Untracked 
|  31|0x0000000081f00000, 0x0000000081f27598, 0x0000000082000000| 15%| O|  |TAMS 0x0000000081f00000| PB 0x0000000081f00000| Untracked 
|  32|0x0000000082000000, 0x0000000082100000, 0x0000000082100000|100%| O|  |TAMS 0x0000000082000000| PB 0x0000000082000000| Untracked 
|  33|0x0000000082100000, 0x0000000082200000, 0x0000000082200000|100%| O|  |TAMS 0x0000000082100000| PB 0x0000000082100000| Untracked 
|  34|0x0000000082200000, 0x0000000082300000, 0x0000000082300000|100%| O|Cm|TAMS 0x0000000082200000| PB 0x0000000082200000| Complete 
|  35|0x0000000082300000, 0x0000000082300000, 0x0000000082400000|  0%| F|  |TAMS 0x0000000082300000| PB 0x0000000082300000| Untracked 
|  36|0x0000000082400000, 0x0000000082500000, 0x0000000082500000|100%| S|CS|TAMS 0x0000000082400000| PB 0x0000000082400000| Complete 
|  37|0x0000000082500000, 0x0000000082600000, 0x0000000082600000|100%| S|CS|TAMS 0x0000000082500000| PB 0x0000000082500000| Complete 
|  38|0x0000000082600000, 0x0000000082700000, 0x0000000082700000|100%| S|CS|TAMS 0x0000000082600000| PB 0x0000000082600000| Complete 
|  39|0x0000000082700000, 0x0000000082800000, 0x0000000082800000|100%| S|CS|TAMS 0x0000000082700000| PB 0x0000000082700000| Complete 
|  40|0x0000000082800000, 0x0000000082800000, 0x0000000082900000|  0%| F|  |TAMS 0x0000000082800000| PB 0x0000000082800000| Untracked 
|  41|0x0000000082900000, 0x0000000082900000, 0x0000000082a00000|  0%| F|  |TAMS 0x0000000082900000| PB 0x0000000082900000| Untracked 
|  42|0x0000000082a00000, 0x0000000082a00000, 0x0000000082b00000|  0%| F|  |TAMS 0x0000000082a00000| PB 0x0000000082a00000| Untracked 
|  43|0x0000000082b00000, 0x0000000082b00000, 0x0000000082c00000|  0%| F|  |TAMS 0x0000000082b00000| PB 0x0000000082b00000| Untracked 
|  44|0x0000000082c00000, 0x0000000082c00000, 0x0000000082d00000|  0%| F|  |TAMS 0x0000000082c00000| PB 0x0000000082c00000| Untracked 
|  45|0x0000000082d00000, 0x0000000082d00000, 0x0000000082e00000|  0%| F|  |TAMS 0x0000000082d00000| PB 0x0000000082d00000| Untracked 
|  46|0x0000000082e00000, 0x0000000082e00000, 0x0000000082f00000|  0%| F|  |TAMS 0x0000000082e00000| PB 0x0000000082e00000| Untracked 
|  47|0x0000000082f00000, 0x0000000082f00000, 0x0000000083000000|  0%| F|  |TAMS 0x0000000082f00000| PB 0x0000000082f00000| Untracked 
|  48|0x0000000083000000, 0x0000000083000000, 0x0000000083100000|  0%| F|  |TAMS 0x0000000083000000| PB 0x0000000083000000| Untracked 
|  49|0x0000000083100000, 0x0000000083100000, 0x0000000083200000|  0%| F|  |TAMS 0x0000000083100000| PB 0x0000000083100000| Untracked 
|  50|0x0000000083200000, 0x0000000083200000, 0x0000000083300000|  0%| F|  |TAMS 0x0000000083200000| PB 0x0000000083200000| Untracked 
|  51|0x0000000083300000, 0x0000000083300000, 0x0000000083400000|  0%| F|  |TAMS 0x0000000083300000| PB 0x0000000083300000| Untracked 
|  52|0x0000000083400000, 0x0000000083400000, 0x0000000083500000|  0%| F|  |TAMS 0x0000000083400000| PB 0x0000000083400000| Untracked 
|  53|0x0000000083500000, 0x0000000083500000, 0x0000000083600000|  0%| F|  |TAMS 0x0000000083500000| PB 0x0000000083500000| Untracked 
|  54|0x0000000083600000, 0x0000000083600000, 0x0000000083700000|  0%| F|  |TAMS 0x0000000083600000| PB 0x0000000083600000| Untracked 
|  55|0x0000000083700000, 0x0000000083700000, 0x0000000083800000|  0%| F|  |TAMS 0x0000000083700000| PB 0x0000000083700000| Untracked 
|  56|0x0000000083800000, 0x0000000083800000, 0x0000000083900000|  0%| F|  |TAMS 0x0000000083800000| PB 0x0000000083800000| Untracked 
|  57|0x0000000083900000, 0x0000000083900000, 0x0000000083a00000|  0%| F|  |TAMS 0x0000000083900000| PB 0x0000000083900000| Untracked 
|  58|0x0000000083a00000, 0x0000000083a00000, 0x0000000083b00000|  0%| F|  |TAMS 0x0000000083a00000| PB 0x0000000083a00000| Untracked 
|  59|0x0000000083b00000, 0x0000000083b00000, 0x0000000083c00000|  0%| F|  |TAMS 0x0000000083b00000| PB 0x0000000083b00000| Untracked 
|  60|0x0000000083c00000, 0x0000000083c00000, 0x0000000083d00000|  0%| F|  |TAMS 0x0000000083c00000| PB 0x0000000083c00000| Untracked 
|  61|0x0000000083d00000, 0x0000000083d00000, 0x0000000083e00000|  0%| F|  |TAMS 0x0000000083d00000| PB 0x0000000083d00000| Untracked 
|  62|0x0000000083e00000, 0x0000000083e00000, 0x0000000083f00000|  0%| F|  |TAMS 0x0000000083e00000| PB 0x0000000083e00000| Untracked 
|  63|0x0000000083f00000, 0x0000000083f00000, 0x0000000084000000|  0%| F|  |TAMS 0x0000000083f00000| PB 0x0000000083f00000| Untracked 
|  64|0x0000000084000000, 0x0000000084000000, 0x0000000084100000|  0%| F|  |TAMS 0x0000000084000000| PB 0x0000000084000000| Untracked 
| 103|0x0000000086700000, 0x0000000086700000, 0x0000000086800000|  0%| F|  |TAMS 0x0000000086700000| PB 0x0000000086700000| Untracked 
| 104|0x0000000086800000, 0x0000000086872a00, 0x0000000086900000| 44%| E|  |TAMS 0x0000000086800000| PB 0x0000000086800000| Complete 
| 105|0x0000000086900000, 0x0000000086a00000, 0x0000000086a00000|100%| E|CS|TAMS 0x0000000086900000| PB 0x0000000086900000| Complete 
| 126|0x0000000087e00000, 0x0000000087f00000, 0x0000000087f00000|100%| E|CS|TAMS 0x0000000087e00000| PB 0x0000000087e00000| Complete 
| 127|0x0000000087f00000, 0x0000000088000000, 0x0000000088000000|100%| E|CS|TAMS 0x0000000087f00000| PB 0x0000000087f00000| Complete 

Card table byte_map: [0x000001c37b0e0000,0x000001c37b4e0000] _byte_map_base: 0x000001c37ace0000

Marking Bits: (CMBitMap*) 0x000001c3688b51c0
 Bits: [0x000001c37b4e0000, 0x000001c37d4e0000)

Polling page: 0x000001c368020000

Metaspace:

Usage:
  Non-class:     47.16 MB used.
      Class:      7.76 MB used.
       Both:     54.92 MB used.

Virtual space:
  Non-class space:       64.00 MB reserved,      47.88 MB ( 75%) committed,  1 nodes.
      Class space:        1.00 GB reserved,       8.38 MB ( <1%) committed,  1 nodes.
             Both:        1.06 GB reserved,      56.25 MB (  5%) committed. 

Chunk freelists:
   Non-Class:  15.51 MB
       Class:  7.50 MB
        Both:  23.01 MB

MaxMetaspaceSize: unlimited
CompressedClassSpaceSize: 1.00 GB
Initial GC threshold: 21.00 MB
Current GC threshold: 93.44 MB
CDS: off
 - commit_granule_bytes: 65536.
 - commit_granule_words: 8192.
 - virtual_space_node_default_size: 8388608.
 - enlarge_chunks_in_place: 1.
 - use_allocation_guard: 0.


Internal statistics:

num_allocs_failed_limit: 6.
num_arena_births: 2690.
num_arena_deaths: 0.
num_vsnodes_births: 2.
num_vsnodes_deaths: 0.
num_space_committed: 900.
num_space_uncommitted: 0.
num_chunks_returned_to_freelist: 6.
num_chunks_taken_from_freelist: 4945.
num_chunk_merges: 6.
num_chunk_splits: 3151.
num_chunks_enlarged: 1858.
num_inconsistent_stats: 0.

CodeHeap 'non-profiled nmethods': size=120000Kb used=2415Kb max_used=2709Kb free=117584Kb
 bounds [0x000001c373480000, 0x000001c373730000, 0x000001c37a9b0000]
CodeHeap 'profiled nmethods': size=120000Kb used=8354Kb max_used=8544Kb free=111645Kb
 bounds [0x000001c36b9b0000, 0x000001c36c210000, 0x000001c372ee0000]
CodeHeap 'non-nmethods': size=5760Kb used=2686Kb max_used=2760Kb free=3073Kb
 bounds [0x000001c372ee0000, 0x000001c3731a0000, 0x000001c373480000]
CodeCache: size=245760Kb, used=13455Kb, max_used=14013Kb, free=232302Kb
 total_blobs=5354, nmethods=4509, adapters=749, full_count=0
Compilation: enabled, stopped_count=0, restarted_count=0

Compilation events (20 events):
Event: 7.666 Thread 0x000001c3001dcd10 nmethod 5125 0x000001c373724410 code [0x000001c3737245a0, 0x000001c373724668]
Event: 7.666 Thread 0x000001c3001dcd10 5126       3       org.gradle.internal.snapshot.ChildMap$Entry::<init> (15 bytes)
Event: 7.667 Thread 0x000001c3001dcd10 nmethod 5126 0x000001c36c202f10 code [0x000001c36c2030c0, 0x000001c36c2032e0]
Event: 7.667 Thread 0x000001c3001dcd10 5127       3       com.google.common.cache.LocalCache$LocalManualCache::getIfPresent (9 bytes)
Event: 7.667 Thread 0x000001c3001dcd10 nmethod 5127 0x000001c36c203390 code [0x000001c36c203540, 0x000001c36c203698]
Event: 7.667 Thread 0x000001c3001dcd10 5128   !   3       com.google.common.cache.LocalCache$Segment::get (122 bytes)
Event: 7.669 Thread 0x000001c3001dcd10 nmethod 5128 0x000001c36c203790 code [0x000001c36c203ba0, 0x000001c36c205450]
Event: 7.671 Thread 0x000001c30667db80 nmethod 5084 0x000001c373724710 code [0x000001c373724940, 0x000001c373725140]
Event: 7.672 Thread 0x000001c30667db80 5085       4       org.gradle.internal.logging.text.AbstractLineChoppingStyledTextOutput$1::execute (140 bytes)
Event: 7.673 Thread 0x000001c3001dcd10 5129       3       com.google.common.collect.MapMakerInternalMap$WeakKeyDummyValueEntry$Helper::newEntry (39 bytes)
Event: 7.674 Thread 0x000001c3001dcd10 nmethod 5129 0x000001c36c206090 code [0x000001c36c206280, 0x000001c36c206720]
Event: 7.674 Thread 0x000001c3001dcd10 5130       3       com.google.common.collect.MapMakerInternalMap$WeakKeyDummyValueEntry::<init> (8 bytes)
Event: 7.674 Thread 0x000001c3001dcd10 nmethod 5130 0x000001c36c206a10 code [0x000001c36c206be0, 0x000001c36c206e70]
Event: 7.674 Thread 0x000001c3001dcd10 5131       3       com.google.common.collect.MapMakerInternalMap$AbstractWeakKeyEntry::<init> (12 bytes)
Event: 7.675 Thread 0x000001c3001dcd10 nmethod 5131 0x000001c36c207010 code [0x000001c36c2071e0, 0x000001c36c207510]
Event: 7.676 Thread 0x000001c3001dcd10 5133       3       sun.nio.fs.WindowsFileAttributes::isDirectory (25 bytes)
Event: 7.676 Thread 0x000001c3001dcd10 nmethod 5133 0x000001c36c207690 code [0x000001c36c207840, 0x000001c36c207ab0]
Event: 7.677 Thread 0x000001c3001dcd10 5134       3       java.util.concurrent.locks.ReentrantLock$FairSync::initialTryLock (70 bytes)
Event: 7.677 Thread 0x000001c3001dcd10 nmethod 5134 0x000001c36c207b90 code [0x000001c36c207d80, 0x000001c36c208218]
Event: 7.678 Thread 0x000001c3001dcd10 5135   !   3       com.google.common.collect.MapMakerInternalMap$Segment::put (298 bytes)

GC Heap History (20 events):
Event: 3.421 GC heap before
{Heap before GC invocations=3 (full 0):
 garbage-first heap   total 131072K, used 38978K [0x0000000080000000, 0x0000000100000000)
  region size 1024K, 28 young (28672K), 6 survivors (6144K)
 Metaspace       used 21208K, committed 21504K, reserved 1114112K
  class space    used 2532K, committed 2688K, reserved 1048576K
}
Event: 3.425 GC heap after
{Heap after GC invocations=4 (full 0):
 garbage-first heap   total 131072K, used 20537K [0x0000000080000000, 0x0000000100000000)
  region size 1024K, 3 young (3072K), 3 survivors (3072K)
 Metaspace       used 21208K, committed 21504K, reserved 1114112K
  class space    used 2532K, committed 2688K, reserved 1048576K
}
Event: 4.253 GC heap before
{Heap before GC invocations=5 (full 0):
 garbage-first heap   total 71680K, used 59449K [0x0000000080000000, 0x0000000100000000)
  region size 1024K, 42 young (43008K), 3 survivors (3072K)
 Metaspace       used 28059K, committed 28544K, reserved 1114112K
  class space    used 3629K, committed 3840K, reserved 1048576K
}
Event: 4.258 GC heap after
{Heap after GC invocations=6 (full 0):
 garbage-first heap   total 71680K, used 22541K [0x0000000080000000, 0x0000000100000000)
  region size 1024K, 5 young (5120K), 5 survivors (5120K)
 Metaspace       used 28059K, committed 28544K, reserved 1114112K
  class space    used 3629K, committed 3840K, reserved 1048576K
}
Event: 4.862 GC heap before
{Heap before GC invocations=6 (full 0):
 garbage-first heap   total 71680K, used 55309K [0x0000000080000000, 0x0000000100000000)
  region size 1024K, 38 young (38912K), 5 survivors (5120K)
 Metaspace       used 32474K, committed 33152K, reserved 1114112K
  class space    used 4413K, committed 4736K, reserved 1048576K
}
Event: 4.867 GC heap after
{Heap after GC invocations=7 (full 0):
 garbage-first heap   total 71680K, used 24916K [0x0000000080000000, 0x0000000100000000)
  region size 1024K, 5 young (5120K), 5 survivors (5120K)
 Metaspace       used 32474K, committed 33152K, reserved 1114112K
  class space    used 4413K, committed 4736K, reserved 1048576K
}
Event: 5.190 GC heap before
{Heap before GC invocations=7 (full 0):
 garbage-first heap   total 71680K, used 43348K [0x0000000080000000, 0x0000000100000000)
  region size 1024K, 24 young (24576K), 5 survivors (5120K)
 Metaspace       used 35211K, committed 35968K, reserved 1114112K
  class space    used 4878K, committed 5248K, reserved 1048576K
}
Event: 5.196 GC heap after
{Heap after GC invocations=8 (full 0):
 garbage-first heap   total 71680K, used 25861K [0x0000000080000000, 0x0000000100000000)
  region size 1024K, 2 young (2048K), 2 survivors (2048K)
 Metaspace       used 35211K, committed 35968K, reserved 1114112K
  class space    used 4878K, committed 5248K, reserved 1048576K
}
Event: 5.936 GC heap before
{Heap before GC invocations=9 (full 0):
 garbage-first heap   total 71680K, used 58629K [0x0000000080000000, 0x0000000100000000)
  region size 1024K, 34 young (34816K), 2 survivors (2048K)
 Metaspace       used 41900K, committed 42752K, reserved 1114112K
  class space    used 5781K, committed 6208K, reserved 1048576K
}
Event: 5.942 GC heap after
{Heap after GC invocations=10 (full 0):
 garbage-first heap   total 71680K, used 28721K [0x0000000080000000, 0x0000000100000000)
  region size 1024K, 4 young (4096K), 4 survivors (4096K)
 Metaspace       used 41900K, committed 42752K, reserved 1114112K
  class space    used 5781K, committed 6208K, reserved 1048576K
}
Event: 6.274 GC heap before
{Heap before GC invocations=10 (full 0):
 garbage-first heap   total 71680K, used 59441K [0x0000000080000000, 0x0000000100000000)
  region size 1024K, 35 young (35840K), 4 survivors (4096K)
 Metaspace       used 44010K, committed 44928K, reserved 1114112K
  class space    used 6013K, committed 6400K, reserved 1048576K
}
Event: 6.281 GC heap after
{Heap after GC invocations=11 (full 0):
 garbage-first heap   total 71680K, used 32012K [0x0000000080000000, 0x0000000100000000)
  region size 1024K, 4 young (4096K), 4 survivors (4096K)
 Metaspace       used 44010K, committed 44928K, reserved 1114112K
  class space    used 6013K, committed 6400K, reserved 1048576K
}
Event: 6.424 GC heap before
{Heap before GC invocations=11 (full 0):
 garbage-first heap   total 71680K, used 43276K [0x0000000080000000, 0x0000000100000000)
  region size 1024K, 14 young (14336K), 4 survivors (4096K)
 Metaspace       used 44989K, committed 45952K, reserved 1114112K
  class space    used 6166K, committed 6592K, reserved 1048576K
}
Event: 6.426 GC heap after
{Heap after GC invocations=12 (full 0):
 garbage-first heap   total 71680K, used 34050K [0x0000000080000000, 0x0000000100000000)
  region size 1024K, 1 young (1024K), 1 survivors (1024K)
 Metaspace       used 44989K, committed 45952K, reserved 1114112K
  class space    used 6166K, committed 6592K, reserved 1048576K
}
Event: 6.874 GC heap before
{Heap before GC invocations=13 (full 0):
 garbage-first heap   total 71680K, used 64770K [0x0000000080000000, 0x0000000100000000)
  region size 1024K, 29 young (29696K), 1 survivors (1024K)
 Metaspace       used 49051K, committed 50176K, reserved 1114112K
  class space    used 6724K, committed 7232K, reserved 1048576K
}
Event: 6.877 GC heap after
{Heap after GC invocations=14 (full 0):
 garbage-first heap   total 71680K, used 34124K [0x0000000080000000, 0x0000000100000000)
  region size 1024K, 4 young (4096K), 4 survivors (4096K)
 Metaspace       used 49051K, committed 50176K, reserved 1114112K
  class space    used 6724K, committed 7232K, reserved 1048576K
}
Event: 7.236 GC heap before
{Heap before GC invocations=14 (full 0):
 garbage-first heap   total 71680K, used 61772K [0x0000000080000000, 0x0000000100000000)
  region size 1024K, 31 young (31744K), 4 survivors (4096K)
 Metaspace       used 52495K, committed 53952K, reserved 1114112K
  class space    used 7296K, committed 8000K, reserved 1048576K
}
Event: 7.241 GC heap after
{Heap after GC invocations=15 (full 0):
 garbage-first heap   total 71680K, used 35441K [0x0000000080000000, 0x0000000100000000)
  region size 1024K, 2 young (2048K), 2 survivors (2048K)
 Metaspace       used 52495K, committed 53952K, reserved 1114112K
  class space    used 7296K, committed 8000K, reserved 1048576K
}
Event: 7.625 GC heap before
{Heap before GC invocations=15 (full 0):
 garbage-first heap   total 71680K, used 63089K [0x0000000080000000, 0x0000000100000000)
  region size 1024K, 30 young (30720K), 2 survivors (2048K)
 Metaspace       used 55756K, committed 57152K, reserved 1114112K
  class space    used 7870K, committed 8512K, reserved 1048576K
}
Event: 7.630 GC heap after
{Heap after GC invocations=16 (full 0):
 garbage-first heap   total 71680K, used 38045K [0x0000000080000000, 0x0000000100000000)
  region size 1024K, 4 young (4096K), 4 survivors (4096K)
 Metaspace       used 55756K, committed 57152K, reserved 1114112K
  class space    used 7870K, committed 8512K, reserved 1048576K
}

Dll operation events (3 events):
Event: 0.017 Loaded shared library C:\Program Files\Android\Android Studio\jbr\bin\java.dll
Event: 0.080 Loaded shared library C:\Program Files\Android\Android Studio\jbr\bin\zip.dll
Event: 1.122 Loaded shared library C:\Program Files\Android\Android Studio\jbr\bin\verify.dll

Deoptimization events (20 events):
Event: 7.587 Thread 0x000001c307777e70 DEOPT PACKING pc=0x000001c373694a08 sp=0x0000002b7fbfe2d0
Event: 7.587 Thread 0x000001c307777e70 DEOPT UNPACKING pc=0x000001c372f346a2 sp=0x0000002b7fbfe248 mode 2
Event: 7.592 Thread 0x000001c3062864d0 Uncommon trap: trap_request=0xffffff45 fr.pc=0x000001c3736b7118 relative=0x0000000000000618
Event: 7.592 Thread 0x000001c3062864d0 Uncommon trap: reason=unstable_if action=reinterpret pc=0x000001c3736b7118 method=java.util.regex.Matcher.search(I)Z @ 76 c2
Event: 7.592 Thread 0x000001c3062864d0 DEOPT PACKING pc=0x000001c3736b7118 sp=0x0000002b7e2fb660
Event: 7.592 Thread 0x000001c3062864d0 DEOPT UNPACKING pc=0x000001c372f346a2 sp=0x0000002b7e2fb620 mode 2
Event: 7.613 Thread 0x000001c30777da50 DEOPT PACKING pc=0x000001c36be1df16 sp=0x0000002b7fafd400
Event: 7.613 Thread 0x000001c30777da50 DEOPT UNPACKING pc=0x000001c372f34e42 sp=0x0000002b7fafc948 mode 0
Event: 7.677 Thread 0x000001c307778b90 Uncommon trap: trap_request=0xffffffde fr.pc=0x000001c37353ca5c relative=0x000000000000019c
Event: 7.677 Thread 0x000001c307778b90 Uncommon trap: reason=class_check action=maybe_recompile pc=0x000001c37353ca5c method=java.util.concurrent.locks.ReentrantLock$Sync.lock()V @ 1 c2
Event: 7.677 Thread 0x000001c307778b90 DEOPT PACKING pc=0x000001c37353ca5c sp=0x0000002b7f3ff080
Event: 7.677 Thread 0x000001c307778b90 DEOPT UNPACKING pc=0x000001c372f346a2 sp=0x0000002b7f3fefe0 mode 2
Event: 7.677 Thread 0x000001c307778b90 Uncommon trap: trap_request=0xffffff45 fr.pc=0x000001c37353ce78 relative=0x0000000000000058
Event: 7.677 Thread 0x000001c307778b90 Uncommon trap: reason=unstable_if action=reinterpret pc=0x000001c37353ce78 method=java.lang.Thread.getAndClearInterrupt()Z @ 6 c2
Event: 7.677 Thread 0x000001c307778b90 DEOPT PACKING pc=0x000001c37353ce78 sp=0x0000002b7f3ff220
Event: 7.677 Thread 0x000001c307778b90 DEOPT UNPACKING pc=0x000001c372f346a2 sp=0x0000002b7f3ff158 mode 2
Event: 7.680 Thread 0x000001c3061511e0 Uncommon trap: trap_request=0xffffffde fr.pc=0x000001c37353ca5c relative=0x000000000000019c
Event: 7.680 Thread 0x000001c3061511e0 Uncommon trap: reason=class_check action=maybe_recompile pc=0x000001c37353ca5c method=java.util.concurrent.locks.ReentrantLock$Sync.lock()V @ 1 c2
Event: 7.680 Thread 0x000001c3061511e0 DEOPT PACKING pc=0x000001c37353ca5c sp=0x0000002b7ebfeba0
Event: 7.680 Thread 0x000001c3061511e0 DEOPT UNPACKING pc=0x000001c372f346a2 sp=0x0000002b7ebfeb00 mode 2

Classes loaded (20 events):
Event: 7.551 Loading class sun/nio/ch/Streams
Event: 7.551 Loading class sun/nio/ch/Streams done
Event: 7.551 Loading class sun/nio/ch/ChannelInputStream
Event: 7.551 Loading class sun/nio/ch/ChannelInputStream done
Event: 7.588 Loading class java/lang/StackTraceElement$HashedModules
Event: 7.588 Loading class java/lang/StackTraceElement$HashedModules done
Event: 7.593 Loading class java/util/logging/LogRecord
Event: 7.593 Loading class java/util/logging/LogRecord done
Event: 7.593 Loading class java/time/Clock
Event: 7.594 Loading class java/time/InstantSource
Event: 7.594 Loading class java/time/InstantSource done
Event: 7.594 Loading class java/time/Clock done
Event: 7.607 Loading class sun/nio/fs/WindowsException
Event: 7.608 Loading class sun/nio/fs/WindowsException done
Event: 7.609 Loading class com/jetbrains/internal/IoToNioErrorMessageHolder
Event: 7.609 Loading class com/jetbrains/internal/IoToNioErrorMessageHolder done
Event: 7.609 Loading class java/util/HashMap$EntrySpliterator
Event: 7.610 Loading class java/util/HashMap$EntrySpliterator done
Event: 7.674 Loading class java/util/concurrent/ConcurrentLinkedQueue$Itr
Event: 7.674 Loading class java/util/concurrent/ConcurrentLinkedQueue$Itr done

Classes unloaded (0 events):
No events

Classes redefined (0 events):
No events

Internal exceptions (20 events):
Event: 7.254 Thread 0x000001c3062864d0 Exception <a 'java/lang/ClassNotFoundException'{0x0000000087fe0588}: org/gradle/api/internal/artifacts/dsl/dependencies/DefaultDependencyHandler_DecoratedBeanInfo> (0x0000000087fe0588) 
thrown [s\src\hotspot\share\classfile\systemDictionary.cpp, line 312]
Event: 7.254 Thread 0x000001c3062864d0 Exception <a 'java/lang/ClassNotFoundException'{0x0000000087ff3f98}: org/gradle/api/internal/artifacts/dsl/dependencies/DefaultDependencyHandlerBeanInfo> (0x0000000087ff3f98) 
thrown [s\src\hotspot\share\classfile\systemDictionary.cpp, line 312]
Event: 7.255 Thread 0x000001c3062864d0 Exception <a 'java/lang/ClassNotFoundException'{0x0000000087e07918}: org/gradle/api/internal/artifacts/dsl/dependencies/DefaultDependencyHandlerCustomizer> (0x0000000087e07918) 
thrown [s\src\hotspot\share\classfile\systemDictionary.cpp, line 312]
Event: 7.259 Thread 0x000001c3062864d0 Exception <a 'java/lang/ClassNotFoundException'{0x0000000087e4f400}: org/gradle/api/internal/artifacts/dsl/dependencies/DefaultDependencyHandler_DecoratedCustomizer> (0x0000000087e4f400) 
thrown [s\src\hotspot\share\classfile\systemDictionary.cpp, line 312]
Event: 7.262 Thread 0x000001c3062864d0 Exception <a 'java/lang/ClassNotFoundException'{0x0000000087e94f30}: ijJvmDebugger1_9g0qofofwcyj7zv76ipfztsnh$_run_closure1BeanInfo> (0x0000000087e94f30) 
thrown [s\src\hotspot\share\classfile\systemDictionary.cpp, line 312]
Event: 7.262 Thread 0x000001c3062864d0 Exception <a 'java/lang/ClassNotFoundException'{0x0000000087e9b5c8}: ijJvmDebugger1_9g0qofofwcyj7zv76ipfztsnh$_run_closure1Customizer> (0x0000000087e9b5c8) 
thrown [s\src\hotspot\share\classfile\systemDictionary.cpp, line 312]
Event: 7.307 Thread 0x000001c3062864d0 Exception <a 'java/lang/NoSuchMethodError'{0x000000008673e4a8}: 'java.lang.Object java.lang.invoke.DirectMethodHandle$Holder.newInvokeSpecial(java.lang.Object, int, java.lang.Object)'> (0x000000008673e4a8) 
thrown [s\src\hotspot\share\interpreter\linkResolver.cpp, line 784]
Event: 7.380 Thread 0x000001c3062864d0 Exception <a 'java/lang/NoSuchMethodError'{0x0000000083c94ec8}: 'java.lang.Object java.lang.invoke.DirectMethodHandle$Holder.newInvokeSpecial(java.lang.Object, java.lang.Object, java.lang.Object, int)'> (0x0000000083c94ec8) 
thrown [s\src\hotspot\share\interpreter\linkResolver.cpp, line 784]
Event: 7.380 Thread 0x000001c3062864d0 Exception <a 'java/lang/NoSuchMethodError'{0x0000000083c992b0}: 'java.lang.Object java.lang.invoke.Invokers$Holder.linkToTargetMethod(java.lang.Object, java.lang.Object, int, java.lang.Object)'> (0x0000000083c992b0) 
thrown [s\src\hotspot\share\interpreter\linkResolver.cpp, line 784]
Event: 7.422 Thread 0x000001c3062864d0 Exception <a 'java/lang/NoSuchMethodError'{0x00000000839ec710}: 'java.lang.Object java.lang.invoke.DirectMethodHandle$Holder.invokeSpecial(java.lang.Object, java.lang.Object, long, java.lang.Object, java.lang.Object)'> (0x00000000839ec710) 
thrown [s\src\hotspot\share\interpreter\linkResolver.cpp, line 784]
Event: 7.476 Thread 0x000001c3062864d0 Exception <a 'java/lang/NoSuchMethodError'{0x00000000835cb620}: 'int java.lang.invoke.DirectMethodHandle$Holder.invokeInterface(java.lang.Object, java.lang.Object, java.lang.Object, java.lang.Object, java.lang.Object)'> (0x00000000835cb620) 
thrown [s\src\hotspot\share\interpreter\linkResolver.cpp, line 784]
Event: 7.504 Thread 0x000001c3062864d0 Exception <a 'java/lang/NoSuchMethodError'{0x00000000834f7228}: 'java.lang.Object java.lang.invoke.DirectMethodHandle$Holder.newInvokeSpecial(java.lang.Object, java.lang.Object, java.lang.Object, java.lang.Object, int, java.lang.Object)'> (0x00000000834f7228) 
thrown [s\src\hotspot\share\interpreter\linkResolver.cpp, line 784]
Event: 7.504 Thread 0x000001c3062864d0 Exception <a 'java/lang/NoSuchMethodError'{0x00000000834ff8b8}: 'java.lang.Object java.lang.invoke.Invokers$Holder.linkToTargetMethod(java.lang.Object, java.lang.Object, java.lang.Object, int, java.lang.Object, java.lang.Object)'> (0x00000000834ff8b8) 
thrown [s\src\hotspot\share\interpreter\linkResolver.cpp, line 784]
Event: 7.579 Thread 0x000001c3062864d0 Exception <a 'java/lang/NoSuchMethodError'{0x0000000082e37058}: 'java.lang.Object java.lang.invoke.DirectMethodHandle$Holder.invokeSpecialIFC(java.lang.Object, java.lang.Object, java.lang.Object)'> (0x0000000082e37058) 
thrown [s\src\hotspot\share\interpreter\linkResolver.cpp, line 784]
Event: 7.582 Thread 0x000001c3062864d0 Exception <a 'java/lang/OutOfMemoryError'{0x0000000082e450b8}: unable to create native thread: possibly out of memory or process/resource limits reached> (0x0000000082e450b8) 
thrown [s\src\hotspot\share\prims\jvm.cpp, line 3019]
Event: 7.604 Thread 0x000001c3062864d0 Exception <a 'java/lang/NoSuchMethodError'{0x0000000082d72078}: 'void java.lang.invoke.DirectMethodHandle$Holder.invokeInterface(java.lang.Object, java.lang.Object, java.lang.Object, int)'> (0x0000000082d72078) 
thrown [s\src\hotspot\share\interpreter\linkResolver.cpp, line 784]
Event: 7.604 Thread 0x000001c3062864d0 Exception <a 'java/lang/IncompatibleClassChangeError'{0x0000000082d75bf0}: Found class java.lang.Object, but interface was expected> (0x0000000082d75bf0) 
thrown [s\src\hotspot\share\interpreter\linkResolver.cpp, line 851]
Event: 7.608 Thread 0x000001c3062864d0 Exception <a 'sun/nio/fs/WindowsException'{0x0000000082c53558}> (0x0000000082c53558) 
thrown [s\src\hotspot\share\prims\jni.cpp, line 537]
Event: 7.631 Thread 0x000001c3062864d0 Exception <a 'java/lang/NoSuchMethodError'{0x0000000087f02bb8}: 'void java.lang.invoke.DirectMethodHandle$Holder.invokeStatic(java.lang.Object, int, java.lang.Object)'> (0x0000000087f02bb8) 
thrown [s\src\hotspot\share\interpreter\linkResolver.cpp, line 784]
Event: 7.671 Thread 0x000001c3062864d0 Exception <a 'java/lang/IncompatibleClassChangeError'{0x0000000087e34188}: Found class java.lang.Object, but interface was expected> (0x0000000087e34188) 
thrown [s\src\hotspot\share\interpreter\linkResolver.cpp, line 851]

ZGC Phase Switch (0 events):
No events

VM Operations (20 events):
Event: 7.068 Executing VM operation: HandshakeAllThreads (Deoptimize)
Event: 7.068 Executing VM operation: HandshakeAllThreads (Deoptimize) done
Event: 7.127 Executing VM operation: HandshakeAllThreads (Deoptimize)
Event: 7.127 Executing VM operation: HandshakeAllThreads (Deoptimize) done
Event: 7.236 Executing VM operation: G1CollectForAllocation (G1 Evacuation Pause)
Event: 7.241 Executing VM operation: G1CollectForAllocation (G1 Evacuation Pause) done
Event: 7.396 Executing VM operation: HandshakeAllThreads (Deoptimize)
Event: 7.396 Executing VM operation: HandshakeAllThreads (Deoptimize) done
Event: 7.483 Executing VM operation: HandshakeAllThreads (Deoptimize)
Event: 7.484 Executing VM operation: HandshakeAllThreads (Deoptimize) done
Event: 7.585 Executing VM operation: HandshakeAllThreads (Deoptimize)
Event: 7.585 Executing VM operation: HandshakeAllThreads (Deoptimize) done
Event: 7.609 Executing VM operation: HandshakeAllThreads (Deoptimize)
Event: 7.609 Executing VM operation: HandshakeAllThreads (Deoptimize) done
Event: 7.625 Executing VM operation: G1CollectForAllocation (G1 Evacuation Pause)
Event: 7.625 Executing VM operation: G1CollectForAllocation (G1 Evacuation Pause) done
Event: 7.625 Executing VM operation: G1CollectForAllocation (GCLocker Initiated GC)
Event: 7.630 Executing VM operation: G1CollectForAllocation (GCLocker Initiated GC) done
Event: 7.681 Executing VM operation: G1PauseRemark
Event: 7.685 Executing VM operation: G1PauseRemark done

Memory protections (0 events):
No events

Nmethod flushes (20 events):
Event: 7.684 Thread 0x000001c37ff59be0 flushing  nmethod 0x000001c36bc5eb90
Event: 7.684 Thread 0x000001c37ff59be0 flushing  nmethod 0x000001c36bc5f210
Event: 7.684 Thread 0x000001c37ff59be0 flushing  nmethod 0x000001c36bcad410
Event: 7.684 Thread 0x000001c37ff59be0 flushing  nmethod 0x000001c36bcad710
Event: 7.684 Thread 0x000001c37ff59be0 flushing  nmethod 0x000001c36bce3090
Event: 7.684 Thread 0x000001c37ff59be0 flushing  nmethod 0x000001c36bce7890
Event: 7.684 Thread 0x000001c37ff59be0 flushing  nmethod 0x000001c36bced590
Event: 7.684 Thread 0x000001c37ff59be0 flushing  nmethod 0x000001c36bd31010
Event: 7.684 Thread 0x000001c37ff59be0 flushing  nmethod 0x000001c36bd33c10
Event: 7.684 Thread 0x000001c37ff59be0 flushing  nmethod 0x000001c36bd74910
Event: 7.684 Thread 0x000001c37ff59be0 flushing  nmethod 0x000001c36bd75590
Event: 7.684 Thread 0x000001c37ff59be0 flushing  nmethod 0x000001c36be45a90
Event: 7.684 Thread 0x000001c37ff59be0 flushing  nmethod 0x000001c36bf8c610
Event: 7.684 Thread 0x000001c37ff59be0 flushing  nmethod 0x000001c36c01f790
Event: 7.684 Thread 0x000001c37ff59be0 flushing  nmethod 0x000001c36c020290
Event: 7.684 Thread 0x000001c37ff59be0 flushing  nmethod 0x000001c36c020c90
Event: 7.684 Thread 0x000001c37ff59be0 flushing  nmethod 0x000001c36c021490
Event: 7.684 Thread 0x000001c37ff59be0 flushing  nmethod 0x000001c36c021a10
Event: 7.684 Thread 0x000001c37ff59be0 flushing  nmethod 0x000001c373586890
Event: 7.684 Thread 0x000001c37ff59be0 flushing  nmethod 0x000001c373609b90

Events (20 events):
Event: 4.878 Thread 0x000001c3062864d0 Thread added: 0x000001c3061511e0
Event: 5.106 Thread 0x000001c3062864d0 Thread added: 0x000001c3077798b0
Event: 5.113 Thread 0x000001c3062864d0 Thread added: 0x000001c307776430
Event: 5.407 Thread 0x000001c3062864d0 Thread added: 0x000001c307779f40
Event: 5.465 Thread 0x000001c3062864d0 Thread added: 0x000001c30777b2f0
Event: 6.319 Thread 0x000001c3062864d0 Thread added: 0x000001c30777cd30
Event: 6.346 Thread 0x000001c3062864d0 Thread added: 0x000001c3077777e0
Event: 6.506 Thread 0x000001c3062864d0 Thread added: 0x000001c30777c6a0
Event: 6.821 Thread 0x000001c3062864d0 Thread added: 0x000001c307778b90
Event: 6.892 Thread 0x000001c3062864d0 Thread added: 0x000001c30777d3c0
Event: 7.529 Thread 0x000001c3062864d0 Thread added: 0x000001c30777ac60
Event: 7.531 Thread 0x000001c3062864d0 Thread added: 0x000001c307776ac0
Event: 7.533 Thread 0x000001c3062864d0 Thread added: 0x000001c30777c010
Event: 7.534 Thread 0x000001c3062864d0 Thread added: 0x000001c307777150
Event: 7.536 Thread 0x000001c3062864d0 Thread added: 0x000001c30777b980
Event: 7.580 Thread 0x000001c3062864d0 Thread added: 0x000001c30777da50
Event: 7.580 Thread 0x000001c3062864d0 Thread added: 0x000001c307777e70
Event: 7.581 Thread 0x000001c3062864d0 Thread added: 0x000001c307778500
Event: 7.678 Thread 0x000001c307778b90 Thread exited: 0x000001c307778b90
Event: 7.680 Thread 0x000001c3061511e0 Thread exited: 0x000001c3061511e0


Dynamic libraries:
0x00007ff657b50000 - 0x00007ff657b5a000 	C:\Program Files\Android\Android Studio\jbr\bin\java.exe
0x00007ffec3df0000 - 0x00007ffec4008000 	C:\Windows\SYSTEM32\ntdll.dll
0x00007ffec2d30000 - 0x00007ffec2df4000 	C:\Windows\System32\KERNEL32.DLL
0x00007ffec14a0000 - 0x00007ffec1873000 	C:\Windows\System32\KERNELBASE.dll
0x00007ffec1940000 - 0x00007ffec1a51000 	C:\Windows\System32\ucrtbase.dll
0x00007ffebcb90000 - 0x00007ffebcbab000 	C:\Program Files\Android\Android Studio\jbr\bin\VCRUNTIME140.dll
0x00007ffea26c0000 - 0x00007ffea26d8000 	C:\Program Files\Android\Android Studio\jbr\bin\jli.dll
0x00007ffec1b50000 - 0x00007ffec1d02000 	C:\Windows\System32\USER32.dll
0x00007ffea7be0000 - 0x00007ffea7e7c000 	C:\Windows\WinSxS\amd64_microsoft.windows.common-controls_6595b64144ccf1df_6.0.22621.6060_none_2712eda17382d24b\COMCTL32.dll
0x00007ffec0f00000 - 0x00007ffec0f26000 	C:\Windows\System32\win32u.dll
0x00007ffec1ed0000 - 0x00007ffec1f77000 	C:\Windows\System32\msvcrt.dll
0x00007ffec2e00000 - 0x00007ffec2e29000 	C:\Windows\System32\GDI32.dll
0x00007ffec1240000 - 0x00007ffec135b000 	C:\Windows\System32\gdi32full.dll
0x00007ffec0f30000 - 0x00007ffec0fca000 	C:\Windows\System32\msvcp_win.dll
0x00007ffec2cd0000 - 0x00007ffec2d01000 	C:\Windows\System32\IMM32.DLL
0x00007ffebce70000 - 0x00007ffebce7c000 	C:\Program Files\Android\Android Studio\jbr\bin\vcruntime140_1.dll
0x00007ffe6a760000 - 0x00007ffe6a7ed000 	C:\Program Files\Android\Android Studio\jbr\bin\msvcp140.dll
0x00007ffe33980000 - 0x00007ffe34616000 	C:\Program Files\Android\Android Studio\jbr\bin\server\jvm.dll
0x00007ffec1a90000 - 0x00007ffec1b41000 	C:\Windows\System32\ADVAPI32.dll
0x00007ffec3bc0000 - 0x00007ffec3c68000 	C:\Windows\System32\sechost.dll
0x00007ffec1a60000 - 0x00007ffec1a88000 	C:\Windows\System32\bcrypt.dll
0x00007ffec29f0000 - 0x00007ffec2b08000 	C:\Windows\System32\RPCRT4.dll
0x00007ffec3730000 - 0x00007ffec37a1000 	C:\Windows\System32\WS2_32.dll
0x00007ffec0dd0000 - 0x00007ffec0e1d000 	C:\Windows\SYSTEM32\POWRPROF.dll
0x00007ffebcd10000 - 0x00007ffebcd1a000 	C:\Windows\SYSTEM32\VERSION.dll
0x00007ffebbeb0000 - 0x00007ffebbee4000 	C:\Windows\SYSTEM32\WINMM.dll
0x00007ffec0db0000 - 0x00007ffec0dc3000 	C:\Windows\SYSTEM32\UMPDC.dll
0x00007ffebfea0000 - 0x00007ffebfeb8000 	C:\Windows\SYSTEM32\kernel.appcore.dll
0x00007ffe9be40000 - 0x00007ffe9be4a000 	C:\Program Files\Android\Android Studio\jbr\bin\jimage.dll
0x00007ffebe810000 - 0x00007ffebea43000 	C:\Windows\SYSTEM32\DBGHELP.DLL
0x00007ffec37b0000 - 0x00007ffec3b41000 	C:\Windows\System32\combase.dll
0x00007ffec3400000 - 0x00007ffec34d8000 	C:\Windows\System32\OLEAUT32.dll
0x00007ffea7a90000 - 0x00007ffea7ac2000 	C:\Windows\SYSTEM32\dbgcore.DLL
0x00007ffec1140000 - 0x00007ffec11bb000 	C:\Windows\System32\bcryptPrimitives.dll
0x00007ffebcac0000 - 0x00007ffebcace000 	C:\Program Files\Android\Android Studio\jbr\bin\instrument.dll
0x00007ffe9be20000 - 0x00007ffe9be40000 	C:\Program Files\Android\Android Studio\jbr\bin\java.dll
0x00007ffe91da0000 - 0x00007ffe91db8000 	C:\Program Files\Android\Android Studio\jbr\bin\zip.dll
0x00007ffec1f80000 - 0x00007ffec281c000 	C:\Windows\System32\SHELL32.dll
0x00007ffec1360000 - 0x00007ffec149f000 	C:\Windows\System32\wintypes.dll
0x00007ffebedb0000 - 0x00007ffebf6ca000 	C:\Windows\SYSTEM32\windows.storage.dll
0x00007ffec1dc0000 - 0x00007ffec1ec4000 	C:\Windows\System32\SHCORE.dll
0x00007ffec3330000 - 0x00007ffec3399000 	C:\Windows\System32\shlwapi.dll
0x00007ffec0e30000 - 0x00007ffec0e55000 	C:\Windows\SYSTEM32\profapi.dll
0x00007ffe9be00000 - 0x00007ffe9be10000 	C:\Program Files\Android\Android Studio\jbr\bin\net.dll
0x00007ffebc920000 - 0x00007ffebca4c000 	C:\Windows\SYSTEM32\WINHTTP.dll
0x00007ffec0360000 - 0x00007ffec03c9000 	C:\Windows\system32\mswsock.dll
0x00007ffe91d80000 - 0x00007ffe91d96000 	C:\Program Files\Android\Android Studio\jbr\bin\nio.dll
0x00007ffebca90000 - 0x00007ffebcaa0000 	C:\Program Files\Android\Android Studio\jbr\bin\verify.dll
0x00007ffebcb50000 - 0x00007ffebcb77000 	C:\Users\Administrator\.gradle\native\1def1411415f61bf3af743bc5b6707747c0891f09f0c88961ee8f79bc544acac\windows-amd64\native-platform.dll
0x00007ffe6a6e0000 - 0x00007ffe6a758000 	C:\Users\Administrator\.gradle\native\0.2.7\x86_64-windows-gnu\gradle-fileevents.dll
0x00007ffe61e30000 - 0x00007ffe61e39000 	C:\Program Files\Android\Android Studio\jbr\bin\management.dll
0x00007ffe61e20000 - 0x00007ffe61e2b000 	C:\Program Files\Android\Android Studio\jbr\bin\management_ext.dll
0x00007ffec3da0000 - 0x00007ffec3da8000 	C:\Windows\System32\PSAPI.DLL
0x00007ffebf930000 - 0x00007ffebf95d000 	C:\Windows\SYSTEM32\IPHLPAPI.DLL
0x00007ffec33f0000 - 0x00007ffec33f9000 	C:\Windows\System32\NSI.dll
0x00007ffe65c90000 - 0x00007ffe65c99000 	C:\Program Files\Android\Android Studio\jbr\bin\extnet.dll
0x00007ffec06b0000 - 0x00007ffec06cb000 	C:\Windows\SYSTEM32\CRYPTSP.dll
0x00007ffebfe00000 - 0x00007ffebfe37000 	C:\Windows\system32\rsaenh.dll
0x00007ffec0400000 - 0x00007ffec0428000 	C:\Windows\SYSTEM32\USERENV.dll
0x00007ffec0690000 - 0x00007ffec069c000 	C:\Windows\SYSTEM32\CRYPTBASE.dll
0x00007ffe5d4c0000 - 0x00007ffe5d4c8000 	C:\Windows\system32\wshunix.dll

JVMTI agents:
C:\Users\Administrator\.gradle\wrapper\dists\gradle-8.13-bin\5xuhj0ry160q40clulazy9h7d\gradle-8.13\lib\agents\gradle-instrumentation-agent-8.13.jar path:C:\Program Files\Android\Android Studio\jbr\bin\instrument.dll, loaded, initialized, instrumentlib options:none

dbghelp: loaded successfully - version: 4.0.5 - missing functions: none
symbol engine: initialized successfully - sym options: 0x614 - pdb path: .;C:\Program Files\Android\Android Studio\jbr\bin;C:\Windows\SYSTEM32;C:\Windows\WinSxS\amd64_microsoft.windows.common-controls_6595b64144ccf1df_6.0.22621.6060_none_2712eda17382d24b;C:\Program Files\Android\Android Studio\jbr\bin\server;C:\Users\Administrator\.gradle\native\1def1411415f61bf3af743bc5b6707747c0891f09f0c88961ee8f79bc544acac\windows-amd64;C:\Users\Administrator\.gradle\native\0.2.7\x86_64-windows-gnu

VM Arguments:
jvm_args: --add-opens=java.base/java.lang=ALL-UNNAMED --add-opens=java.base/java.lang.invoke=ALL-UNNAMED --add-opens=java.base/java.util=ALL-UNNAMED --add-opens=java.prefs/java.util.prefs=ALL-UNNAMED --add-exports=jdk.compiler/com.sun.tools.javac.api=ALL-UNNAMED --add-exports=jdk.compiler/com.sun.tools.javac.util=ALL-UNNAMED --add-opens=java.base/java.util=ALL-UNNAMED --add-opens=java.prefs/java.util.prefs=ALL-UNNAMED --add-opens=java.base/java.nio.charset=ALL-UNNAMED --add-opens=java.base/java.net=ALL-UNNAMED --add-opens=java.base/java.util.concurrent.atomic=ALL-UNNAMED --add-opens=java.xml/javax.xml.namespace=ALL-UNNAMED -Xmx2048m -Dfile.encoding=UTF-8 -Duser.country=US -Duser.language=en -Duser.variant -javaagent:C:\Users\Administrator\.gradle\wrapper\dists\gradle-8.13-bin\5xuhj0ry160q40clulazy9h7d\gradle-8.13\lib\agents\gradle-instrumentation-agent-8.13.jar 
java_command: org.gradle.launcher.daemon.bootstrap.GradleDaemon 8.13
java_class_path (initial): C:\Users\Administrator\.gradle\wrapper\dists\gradle-8.13-bin\5xuhj0ry160q40clulazy9h7d\gradle-8.13\lib\gradle-daemon-main-8.13.jar
Launcher Type: SUN_STANDARD

[Global flags]
     intx CICompilerCount                          = 4                                         {product} {ergonomic}
     uint ConcGCThreads                            = 2                                         {product} {ergonomic}
     uint G1ConcRefinementThreads                  = 8                                         {product} {ergonomic}
   size_t G1HeapRegionSize                         = 1048576                                   {product} {ergonomic}
    uintx GCDrainStackTargetSize                   = 64                                        {product} {ergonomic}
   size_t InitialHeapSize                          = 134217728                                 {product} {ergonomic}
   size_t MarkStackSize                            = 4194304                                   {product} {ergonomic}
   size_t MaxHeapSize                              = 2147483648                                {product} {command line}
   size_t MaxNewSize                               = 1287651328                                {product} {ergonomic}
   size_t MinHeapDeltaBytes                        = 1048576                                   {product} {ergonomic}
   size_t MinHeapSize                              = 8388608                                   {product} {ergonomic}
    uintx NonNMethodCodeHeapSize                   = 5839372                                {pd product} {ergonomic}
    uintx NonProfiledCodeHeapSize                  = 122909434                              {pd product} {ergonomic}
    uintx ProfiledCodeHeapSize                     = 122909434                              {pd product} {ergonomic}
    uintx ReservedCodeCacheSize                    = 251658240                              {pd product} {ergonomic}
     bool SegmentedCodeCache                       = true                                      {product} {ergonomic}
   size_t SoftMaxHeapSize                          = 2147483648                             {manageable} {ergonomic}
     bool UseCompressedOops                        = true                           {product lp64_product} {ergonomic}
     bool UseG1GC                                  = true                                      {product} {ergonomic}
     bool UseLargePagesIndividualAllocation        = false                                  {pd product} {ergonomic}

Logging:
Log output configuration:
 #0: stdout all=warning uptime,level,tags foldmultilines=false
 #1: stderr all=off uptime,level,tags foldmultilines=false

Environment Variables:
PATH=C:\Program Files\Microsoft MPI\Bin\;C:\Windows\system32;C:\Windows;C:\Windows\System32\Wbem;C:\Windows\System32\WindowsPowerShell\v1.0\;C:\Windows\System32\OpenSSH\;C:\Program Files\Git\cmd;C:\Program Files (x86)\Microsoft SQL Server\160\DTS\Binn\;C:\Program Files (x86)\Microsoft SQL Server\150\Tools\Binn\;C:\Program Files\Microsoft SQL Server\150\Tools\Binn\;C:\Program Files (x86)\Microsoft SQL Server\150\DTS\Binn\;C:\Program Files\Microsoft SQL Server\150\DTS\Binn\;C:\Program Files\Microsoft SQL Server\Client SDK\ODBC\170\Tools\Binn\;C:\Program Files\Microsoft SQL Server\170\Tools\Binn\;C:\Program Files\dotnet\;C:\Users\Administrator\AppData\Local\Microsoft\WindowsApps;;C:\Users\Administrator\AppData\Local\Programs\Microsoft VS Code\bin;C:\Users\Administrator\AppData\Local\Python\bin;C:\Users\Administrator\.dotnet\tools
USERNAME=Administrator
OS=Windows_NT
PROCESSOR_IDENTIFIER=Intel64 Family 6 Model 142 Stepping 12, GenuineIntel
TMP=C:\Users\ADMINI~1\AppData\Local\Temp
TEMP=C:\Users\ADMINI~1\AppData\Local\Temp




Periodic native trim disabled

JNI global refs:
JNI global refs: 26, weak refs: 0

JNI global refs memory usage: 835, weak refs: 833

Process memory usage:
Resident Set Size: 262248K (3% of 8263988K total physical memory with 376280K free physical memory)

OOME stack traces (most recent first):
Classloader memory used:
Loader org.gradle.internal.classloader.VisitableURLClassLoader                         : 26779K
Loader bootstrap                                                                       : 22289K
Loader org.gradle.initialization.MixInLegacyTypesClassLoader                           : 6349K
Loader jdk.internal.loader.ClassLoaders$PlatformClassLoader                            : 501K
Loader jdk.internal.loader.ClassLoaders$AppClassLoader                                 : 235K
Loader jdk.internal.reflect.DelegatingClassLoader                                      : 69040B
Loader org.gradle.groovy.scripts.internal.DefaultScriptCompilationHandler$ScriptClassLoader: 37792B
Loader org.codehaus.groovy.runtime.callsite.CallSiteClassLoader                        : 7232B

Classes loaded by more than one classloader:
Class org.gradle.internal.classloader.FilteringClassLoader                            : loaded 2 times (x 105B)
Class org.gradle.internal.classloader.ClassLoaderHierarchy                            : loaded 2 times (x 70B)
Class org.gradle.api.internal.classpath.ManifestUtil                                  : loaded 2 times (x 71B)
Class org.gradle.internal.classloader.DefaultClassLoaderFactory                       : loaded 2 times (x 82B)
Class org.gradle.internal.classloader.ClassLoaderVisitor                              : loaded 2 times (x 76B)
Class org.gradle.api.internal.classpath.EffectiveClassPath                            : loaded 2 times (x 90B)
Class org.gradle.api.internal.DefaultClassPathProvider                                : loaded 2 times (x 76B)
Class [Lorg.gradle.api.internal.ClassPathProvider;                                    : loaded 2 times (x 69B)
Class org.gradle.api.internal.ClassPathProvider                                       : loaded 2 times (x 70B)
Class org.gradle.internal.service.UnknownServiceException                             : loaded 2 times (x 83B)
Class org.gradle.internal.classpath.TransformedClassPath                              : loaded 2 times (x 96B)
Class org.gradle.internal.classloader.InstrumentingClassLoader                        : loaded 2 times (x 70B)
Class org.gradle.internal.service.ServiceLocator                                      : loaded 2 times (x 70B)
Class org.gradle.internal.InternalTransformer                                         : loaded 2 times (x 70B)
Class org.gradle.internal.classloader.ClasspathUtil$1                                 : loaded 2 times (x 76B)
Class org.gradle.api.internal.classpath.DefaultModuleRegistry$DefaultModule           : loaded 2 times (x 86B)
Class org.gradle.api.internal.classpath.Module                                        : loaded 2 times (x 70B)
Class org.gradle.api.internal.classpath.UnknownModuleException                        : loaded 2 times (x 82B)
Class org.gradle.api.internal.DefaultClassPathRegistry                                : loaded 2 times (x 76B)
Class org.gradle.api.internal.ClassPathRegistry                                       : loaded 2 times (x 70B)
Class org.gradle.internal.classpath.DefaultClassPath$ImmutableUniqueList              : loaded 2 times (x 199B)
Class org.gradle.internal.classpath.ClassPath                                         : loaded 2 times (x 70B)
Class org.gradle.api.UncheckedIOException                                             : loaded 2 times (x 82B)
Class org.gradle.internal.installation.GradleInstallation$1                           : loaded 2 times (x 75B)
Class org.gradle.api.internal.classpath.ModuleRegistry                                : loaded 2 times (x 70B)
Class org.gradle.api.internal.classpath.DefaultModuleRegistry                         : loaded 2 times (x 86B)
Class org.gradle.internal.service.ServiceLookupException                              : loaded 2 times (x 82B)
Class org.gradle.internal.classloader.ClassLoaderFactory                              : loaded 2 times (x 70B)
Class org.gradle.internal.service.CachingServiceLocator                               : loaded 2 times (x 82B)
Class org.gradle.internal.classloader.ClasspathUtil                                   : loaded 2 times (x 71B)
Class org.gradle.api.specs.Spec                                                       : loaded 2 times (x 70B)
Class org.gradle.internal.classloader.VisitableURLClassLoader$InstrumentingVisitableURLClassLoader: loaded 2 times (x 123B)
Class org.gradle.internal.classloader.VisitableURLClassLoader$Spec                    : loaded 2 times (x 74B)
Class org.gradle.internal.classpath.DefaultClassPath                                  : loaded 2 times (x 90B)
Class org.gradle.internal.classloader.ClassLoaderSpec                                 : loaded 2 times (x 71B)
Class org.gradle.internal.classloader.VisitableURLClassLoader                         : loaded 2 times (x 117B)
Class org.gradle.internal.Cast                                                        : loaded 2 times (x 71B)
Class org.gradle.api.Action                                                           : loaded 2 times (x 70B)
Class org.gradle.internal.classpath.DefaultClassPath$ImmutableUniqueList$Builder      : loaded 2 times (x 75B)
Class org.gradle.api.GradleException                                                  : loaded 2 times (x 82B)
Class org.gradle.internal.IoActions                                                   : loaded 2 times (x 71B)
Class org.gradle.internal.classloader.SystemClassLoaderSpec                           : loaded 2 times (x 71B)
Class org.gradle.api.internal.classpath.GlobalCacheRootsProvider                      : loaded 2 times (x 70B)
Class org.gradle.internal.installation.CurrentGradleInstallationLocator               : loaded 2 times (x 71B)
Class org.gradle.internal.service.DefaultServiceLocator                               : loaded 2 times (x 83B)
Class org.gradle.internal.installation.CurrentGradleInstallation                      : loaded 2 times (x 73B)
Class org.gradle.util.internal.GUtil                                                  : loaded 2 times (x 71B)
Class org.gradle.internal.installation.GradleInstallation                             : loaded 2 times (x 75B)

---------------  S Y S T E M  ---------------

OS:
 Windows 11 , 64 bit Build 22621 (10.0.22621.5415)
OS uptime: 0 days 8:22 hours
Hyper-V role detected

CPU: total 8 (initial active 8) (4 cores per cpu, 2 threads per core) family 6 model 142 stepping 12 microcode 0xfa, cx8, cmov, fxsr, ht, mmx, 3dnowpref, sse, sse2, sse3, ssse3, sse4.1, sse4.2, popcnt, lzcnt, tsc, tscinvbit, avx, avx2, aes, erms, clmul, bmi1, bmi2, adx, fma, vzeroupper, clflush, clflushopt, hv, rdtscp, f16c
Processor Information for processor 0
  Max Mhz: 1800, Current Mhz: 1500, Mhz Limit: 1584
Processor Information for processor 1
  Max Mhz: 1800, Current Mhz: 1500, Mhz Limit: 1584
Processor Information for processor 2
  Max Mhz: 1800, Current Mhz: 1600, Mhz Limit: 1584
Processor Information for processor 3
  Max Mhz: 1800, Current Mhz: 1500, Mhz Limit: 1584
Processor Information for processor 4
  Max Mhz: 1800, Current Mhz: 1600, Mhz Limit: 1584
Processor Information for processor 5
  Max Mhz: 1800, Current Mhz: 1500, Mhz Limit: 1584
Processor Information for processor 6
  Max Mhz: 1800, Current Mhz: 1500, Mhz Limit: 1584
Processor Information for processor 7
  Max Mhz: 1800, Current Mhz: 1500, Mhz Limit: 1584

Memory: 4k page, system-wide physical 8070M (367M free)
TotalPageFile size 16262M (AvailPageFile size 5M)
current process WorkingSet (physical memory assigned to process): 256M, peak: 256M
current process commit charge ("private bytes"): 290M, peak: 292M

vm_info: OpenJDK 64-Bit Server VM (21.0.8+-14196175-b1038.72) for windows-amd64 JRE (21.0.8+-14196175-b1038.72), built on 2025-10-01T10:24:33Z by "builder" with MS VC++ 16.10 / 16.11 (VS2019)

END.
