#
# There is insufficient memory for the Java Runtime Environment to continue.
# Native memory allocation (mmap) failed to map 279969792 bytes. Error detail: G1 virtual space
# Possible reasons:
#   The system is out of physical RAM or swap space
#   This process is running with CompressedOops enabled, and the Java Heap may be blocking the growth of the native heap
# Possible solutions:
#   Reduce memory load on the system
#   Increase physical memory or swap space
#   Check if swap backing store is full
#   Decrease Java heap size (-Xmx/-Xms)
#   Decrease number of Java threads
#   Decrease Java thread stack sizes (-Xss)
#   Set larger code cache with -XX:ReservedCodeCacheSize=
#   JVM is running with Unscaled Compressed Oops mode in which the Java heap is
#     placed in the first 4GB address space. The Java Heap base address is the
#     maximum limit for the native heap growth. Please use -XX:HeapBaseMinAddress
#     to set the Java Heap base and to place the Java Heap above 4GB virtual address.
# This output file may be truncated or incomplete.
#
#  Out of Memory Error (os_windows.cpp:3618), pid=16080, tid=11964
#
# JRE version: OpenJDK Runtime Environment Temurin-17.0.18+8 (17.0.18+8) (build 17.0.18+8)
# Java VM: OpenJDK 64-Bit Server VM Temurin-17.0.18+8 (17.0.18+8, mixed mode, sharing, tiered, compressed oops, compressed class ptrs, g1 gc, windows-amd64)
# No core dump will be written. Minidumps are not enabled by default on client versions of Windows
#

---------------  S U M M A R Y ------------

Command Line: --add-opens=java.base/java.lang=ALL-UNNAMED --add-opens=java.base/java.lang.invoke=ALL-UNNAMED --add-opens=java.base/java.util=ALL-UNNAMED --add-opens=java.prefs/java.util.prefs=ALL-UNNAMED --add-exports=jdk.compiler/com.sun.tools.javac.api=ALL-UNNAMED --add-exports=jdk.compiler/com.sun.tools.javac.util=ALL-UNNAMED --add-opens=java.base/java.util=ALL-UNNAMED --add-opens=java.prefs/java.util.prefs=ALL-UNNAMED --add-opens=java.base/java.nio.charset=ALL-UNNAMED --add-opens=java.base/java.net=ALL-UNNAMED --add-opens=java.base/java.util.concurrent.atomic=ALL-UNNAMED --add-opens=java.xml/javax.xml.namespace=ALL-UNNAMED -Xmx2048m -Dfile.encoding=UTF-8 -Duser.country=US -Duser.language=en -Duser.variant -javaagent:C:\Users\Administrator\.gradle\wrapper\dists\gradle-8.13-bin\5xuhj0ry160q40clulazy9h7d\gradle-8.13\lib\agents\gradle-instrumentation-agent-8.13.jar org.gradle.launcher.daemon.bootstrap.GradleDaemon 8.13

Host: Intel(R) Core(TM) i5-8265U CPU @ 1.60GHz, 8 cores, 7G,  Windows 11 , 64 bit Build 22621 (10.0.22621.5415)
Time: Mon Mar 23 12:39:50 2026 Taipei Standard Time elapsed time: 17.582039 seconds (0d 0h 0m 17s)

---------------  T H R E A D  ---------------

Current thread (0x000002c2916eecb0):  VMThread "VM Thread" [stack: 0x000000c949b00000,0x000000c949c00000] [id=11964]

Stack: [0x000000c949b00000,0x000000c949c00000]
Native frames: (J=compiled Java code, j=interpreted, Vv=VM code, C=native code)
V  [jvm.dll+0x6846f9]
V  [jvm.dll+0x839ea5]
V  [jvm.dll+0x83b91e]
V  [jvm.dll+0x83bfa3]
V  [jvm.dll+0x248eff]
V  [jvm.dll+0x6814b9]
V  [jvm.dll+0x6762ba]
V  [jvm.dll+0x309257]
V  [jvm.dll+0x310826]
V  [jvm.dll+0x360d9e]
V  [jvm.dll+0x360fdd]
V  [jvm.dll+0x2e02dc]
V  [jvm.dll+0x2de6b2]
V  [jvm.dll+0x2dde4c]
V  [jvm.dll+0x320aeb]
V  [jvm.dll+0x8407bd]
V  [jvm.dll+0x8414f3]
V  [jvm.dll+0x841a1f]
V  [jvm.dll+0x841e05]
V  [jvm.dll+0x841ece]
V  [jvm.dll+0x7eaaec]
V  [jvm.dll+0x6835c7]
C  [ucrtbase.dll+0x29333]
C  [KERNEL32.DLL+0x1259d]
C  [ntdll.dll+0x5af78]

VM_Operation (0x000000c94b3f0ab0): G1CollectForAllocation, mode: safepoint, requested by thread 0x000002c2d8dacec0


---------------  P R O C E S S  ---------------

Threads class SMR info:
_java_thread_list=0x000002c2d85fb2d0, length=82, elements={
0x000002c2f318c040, 0x000002c2916f4f10, 0x000002c2916f5d90, 0x000002c291706f20,
0x000002c2917078f0, 0x000002c29170a3c0, 0x000002c29170ad80, 0x000002c29170bb20,
0x000002c29171e340, 0x000002c291749530, 0x000002c29195cc50, 0x000002c2919fc3b0,
0x000002c2d7d2d010, 0x000002c2d737f450, 0x000002c2d737f930, 0x000002c2d8d81510,
0x000002c2d8dac4a0, 0x000002c2d8dad3d0, 0x000002c2d8dacec0, 0x000002c2d8dabf90,
0x000002c2d8dab060, 0x000002c2d8dad8e0, 0x000002c2d8daba80, 0x000002c2d8dac9b0,
0x000002c2d8daddf0, 0x000002c2d8dab570, 0x000002c2d8dae810, 0x000002c2d7bf7050,
0x000002c2d7bf7a70, 0x000002c2d7bf8490, 0x000002c2d7bf98d0, 0x000002c2d7bf7560,
0x000002c2d7bf89a0, 0x000002c2d7bfad10, 0x000002c2d7bf4ce0, 0x000002c2d7bf8eb0,
0x000002c2d7bfa800, 0x000002c2d7bf3db0, 0x000002c2d7bf51f0, 0x000002c2d7bf47d0,
0x000002c2d7bf5700, 0x000002c2d7bfa2f0, 0x000002c2d7bf6120, 0x000002c2d7bfb220,
0x000002c2d7bfb730, 0x000002c2d7bf6630, 0x000002c2da72fc70, 0x000002c2da72d900,
0x000002c2da72f250, 0x000002c2da730690, 0x000002c2da72f760, 0x000002c2da72a150,
0x000002c2da730180, 0x000002c2da72baa0, 0x000002c2da72bfb0, 0x000002c2da72ed40,
0x000002c2da72ab70, 0x000002c2da730ba0, 0x000002c2da729730, 0x000002c2da72a660,
0x000002c2da72b080, 0x000002c2da72b590, 0x000002c2da72c4c0, 0x000002c2da72d3f0,
0x000002c2da72c9d0, 0x000002c2da72de10, 0x000002c2d9bc1cd0, 0x000002c2d7fbf220,
0x000002c2d7fc0740, 0x000002c2d7fc0c50, 0x000002c2d7fb9ff0, 0x000002c2da221fc0,
0x000002c2da221090, 0x000002c2d7fbf730, 0x000002c2d7fbfc40, 0x000002c2d7fb4f30,
0x000002c2d7fb5950, 0x000002c2d7fb4000, 0x000002c2d7fb72a0, 0x000002c2d7fb6880,
0x000002c2da092010, 0x000002c291ba0230
}

Java Threads: ( => current thread )
  0x000002c2f318c040 JavaThread "main" [_thread_blocked, id=11184, stack(0x000000c949500000,0x000000c949600000)]
  0x000002c2916f4f10 JavaThread "Reference Handler" daemon [_thread_blocked, id=952, stack(0x000000c949c00000,0x000000c949d00000)]
  0x000002c2916f5d90 JavaThread "Finalizer" daemon [_thread_blocked, id=16192, stack(0x000000c949d00000,0x000000c949e00000)]
  0x000002c291706f20 JavaThread "Signal Dispatcher" daemon [_thread_blocked, id=4784, stack(0x000000c949e00000,0x000000c949f00000)]
  0x000002c2917078f0 JavaThread "Attach Listener" daemon [_thread_blocked, id=16660, stack(0x000000c949f00000,0x000000c94a000000)]
  0x000002c29170a3c0 JavaThread "Service Thread" daemon [_thread_blocked, id=7036, stack(0x000000c94a000000,0x000000c94a100000)]
  0x000002c29170ad80 JavaThread "Monitor Deflation Thread" daemon [_thread_blocked, id=14008, stack(0x000000c94a100000,0x000000c94a200000)]
  0x000002c29170bb20 JavaThread "C2 CompilerThread0" daemon [_thread_blocked, id=15564, stack(0x000000c94a200000,0x000000c94a300000)]
  0x000002c29171e340 JavaThread "C1 CompilerThread0" daemon [_thread_blocked, id=15420, stack(0x000000c94a300000,0x000000c94a400000)]
  0x000002c291749530 JavaThread "Sweeper thread" daemon [_thread_blocked, id=18092, stack(0x000000c94a400000,0x000000c94a500000)]
  0x000002c29195cc50 JavaThread "Common-Cleaner" daemon [_thread_blocked, id=6456, stack(0x000000c94a500000,0x000000c94a600000)]
  0x000002c2919fc3b0 JavaThread "Notification Thread" daemon [_thread_blocked, id=9276, stack(0x000000c94a600000,0x000000c94a700000)]
  0x000002c2d7d2d010 JavaThread "Daemon health stats" [_thread_blocked, id=2656, stack(0x000000c94ad00000,0x000000c94ae00000)]
  0x000002c2d737f450 JavaThread "Incoming local TCP Connector on port 49174" [_thread_in_native, id=16040, stack(0x000000c94ae00000,0x000000c94af00000)]
  0x000002c2d737f930 JavaThread "Daemon periodic checks" [_thread_blocked, id=12264, stack(0x000000c94af00000,0x000000c94b000000)]
  0x000002c2d8d81510 JavaThread "Daemon" [_thread_blocked, id=16364, stack(0x000000c94b000000,0x000000c94b100000)]
  0x000002c2d8dac4a0 JavaThread "Handler for socket connection from /127.0.0.1:49174 to /127.0.0.1:49175" [_thread_in_native, id=14976, stack(0x000000c94b100000,0x000000c94b200000)]
  0x000002c2d8dad3d0 JavaThread "Cancel handler" [_thread_blocked, id=15884, stack(0x000000c94b200000,0x000000c94b300000)]
  0x000002c2d8dacec0 JavaThread "Daemon worker" [_thread_blocked, id=16876, stack(0x000000c94b300000,0x000000c94b400000)]
  0x000002c2d8dabf90 JavaThread "Asynchronous log dispatcher for DefaultDaemonConnection: socket connection from /127.0.0.1:49174 to /127.0.0.1:49175" [_thread_blocked, id=9320, stack(0x000000c94b400000,0x000000c94b500000)]
  0x000002c2d8dab060 JavaThread "Stdin handler" [_thread_blocked, id=8476, stack(0x000000c94b500000,0x000000c94b600000)]
  0x000002c2d8dad8e0 JavaThread "Daemon client event forwarder" [_thread_blocked, id=7416, stack(0x000000c94b600000,0x000000c94b700000)]
  0x000002c2d8daba80 JavaThread "Cache worker for journal cache (C:\Users\Administrator\.gradle\caches\journal-1)" [_thread_blocked, id=1532, stack(0x000000c94b700000,0x000000c94b800000)]
  0x000002c2d8dac9b0 JavaThread "File lock request listener" [_thread_in_native, id=14656, stack(0x000000c94b800000,0x000000c94b900000)]
  0x000002c2d8daddf0 JavaThread "Cache worker for file hash cache (C:\Users\Administrator\.gradle\caches\8.13\fileHashes)" [_thread_blocked, id=17240, stack(0x000000c94b900000,0x000000c94ba00000)]
  0x000002c2d8dab570 JavaThread "Cache worker for file hash cache (C:\Users\Administrator\StudioProjects\FlexiFitApp_Initial\.gradle\8.13\fileHashes)" [_thread_blocked, id=12064, stack(0x000000c94bd00000,0x000000c94be00000)]
  0x000002c2d8dae810 JavaThread "Cache worker for Build Output Cleanup Cache (C:\Users\Administrator\StudioProjects\FlexiFitApp_Initial\.gradle\buildOutputCleanup)" [_thread_blocked, id=14448, stack(0x000000c94be00000,0x000000c94bf00000)]
  0x000002c2d7bf7050 JavaThread "File watcher server" daemon [_thread_in_native, id=6544, stack(0x000000c94c000000,0x000000c94c100000)]
  0x000002c2d7bf7a70 JavaThread "File watcher consumer" daemon [_thread_blocked, id=3780, stack(0x000000c94c100000,0x000000c94c200000)]
  0x000002c2d7bf8490 JavaThread "jar transforms" [_thread_blocked, id=4816, stack(0x000000c94c200000,0x000000c94c300000)]
  0x000002c2d7bf98d0 JavaThread "jar transforms Thread 2" [_thread_blocked, id=15720, stack(0x000000c94c300000,0x000000c94c400000)]
  0x000002c2d7bf7560 JavaThread "jar transforms Thread 3" [_thread_blocked, id=15140, stack(0x000000c94c400000,0x000000c94c500000)]
  0x000002c2d7bf89a0 JavaThread "jar transforms Thread 4" [_thread_blocked, id=2936, stack(0x000000c94c500000,0x000000c94c600000)]
  0x000002c2d7bfad10 JavaThread "jar transforms Thread 5" [_thread_blocked, id=2044, stack(0x000000c94c600000,0x000000c94c700000)]
  0x000002c2d7bf4ce0 JavaThread "jar transforms Thread 6" [_thread_blocked, id=15236, stack(0x000000c94c700000,0x000000c94c800000)]
  0x000002c2d7bf8eb0 JavaThread "jar transforms Thread 7" [_thread_blocked, id=14604, stack(0x000000c94c800000,0x000000c94c900000)]
  0x000002c2d7bfa800 JavaThread "jar transforms Thread 8" [_thread_blocked, id=3328, stack(0x000000c94c900000,0x000000c94ca00000)]
  0x000002c2d7bf3db0 JavaThread "Cache worker for checksums cache (C:\Users\Administrator\StudioProjects\FlexiFitApp_Initial\.gradle\8.13\checksums)" [_thread_blocked, id=14472, stack(0x000000c94ca00000,0x000000c94cb00000)]
  0x000002c2d7bf51f0 JavaThread "Cache worker for file content cache (C:\Users\Administrator\.gradle\caches\8.13\fileContent)" [_thread_blocked, id=12944, stack(0x000000c94cb00000,0x000000c94cc00000)]
  0x000002c2d7bf47d0 JavaThread "Cache worker for cache directory md-supplier (C:\Users\Administrator\.gradle\caches\8.13\md-supplier)" [_thread_blocked, id=11208, stack(0x000000c94a800000,0x000000c94a900000)]
  0x000002c2d7bf5700 JavaThread "Cache worker for cache directory md-rule (C:\Users\Administrator\.gradle\caches\8.13\md-rule)" [_thread_blocked, id=5628, stack(0x000000c94cd00000,0x000000c94ce00000)]
  0x000002c2d7bfa2f0 JavaThread "Unconstrained build operations" [_thread_blocked, id=6460, stack(0x000000c94ce00000,0x000000c94cf00000)]
  0x000002c2d7bf6120 JavaThread "Unconstrained build operations Thread 2" [_thread_blocked, id=6280, stack(0x000000c94cf00000,0x000000c94d000000)]
  0x000002c2d7bfb220 JavaThread "Unconstrained build operations Thread 3" [_thread_blocked, id=13052, stack(0x000000c94d000000,0x000000c94d100000)]
  0x000002c2d7bfb730 JavaThread "Unconstrained build operations Thread 4" [_thread_blocked, id=16156, stack(0x000000c94d100000,0x000000c94d200000)]
  0x000002c2d7bf6630 JavaThread "Unconstrained build operations Thread 5" [_thread_blocked, id=16444, stack(0x000000c94d200000,0x000000c94d300000)]
  0x000002c2da72fc70 JavaThread "Unconstrained build operations Thread 6" [_thread_blocked, id=13660, stack(0x000000c94d300000,0x000000c94d400000)]
  0x000002c2da72d900 JavaThread "Unconstrained build operations Thread 7" [_thread_blocked, id=16760, stack(0x000000c94d400000,0x000000c94d500000)]
  0x000002c2da72f250 JavaThread "Unconstrained build operations Thread 8" [_thread_blocked, id=18256, stack(0x000000c94d500000,0x000000c94d600000)]
  0x000002c2da730690 JavaThread "Unconstrained build operations Thread 9" [_thread_blocked, id=15136, stack(0x000000c94d600000,0x000000c94d700000)]
  0x000002c2da72f760 JavaThread "Unconstrained build operations Thread 10" [_thread_blocked, id=14512, stack(0x000000c94d700000,0x000000c94d800000)]
  0x000002c2da72a150 JavaThread "Unconstrained build operations Thread 11" [_thread_blocked, id=17452, stack(0x000000c94d800000,0x000000c94d900000)]
  0x000002c2da730180 JavaThread "Unconstrained build operations Thread 12" [_thread_blocked, id=2628, stack(0x000000c94d900000,0x000000c94da00000)]
  0x000002c2da72baa0 JavaThread "Unconstrained build operations Thread 13" [_thread_blocked, id=2572, stack(0x000000c94da00000,0x000000c94db00000)]
  0x000002c2da72bfb0 JavaThread "Unconstrained build operations Thread 14" [_thread_blocked, id=16088, stack(0x000000c94db00000,0x000000c94dc00000)]
  0x000002c2da72ed40 JavaThread "Unconstrained build operations Thread 15" [_thread_blocked, id=15868, stack(0x000000c94dc00000,0x000000c94dd00000)]
  0x000002c2da72ab70 JavaThread "Unconstrained build operations Thread 16" [_thread_blocked, id=8256, stack(0x000000c94dd00000,0x000000c94de00000)]
  0x000002c2da730ba0 JavaThread "Unconstrained build operations Thread 17" [_thread_blocked, id=16552, stack(0x000000c94de00000,0x000000c94df00000)]
  0x000002c2da729730 JavaThread "Unconstrained build operations Thread 18" [_thread_blocked, id=11096, stack(0x000000c94df00000,0x000000c94e000000)]
  0x000002c2da72a660 JavaThread "Unconstrained build operations Thread 19" [_thread_blocked, id=8068, stack(0x000000c94e000000,0x000000c94e100000)]
  0x000002c2da72b080 JavaThread "Unconstrained build operations Thread 20" [_thread_blocked, id=3124, stack(0x000000c94e100000,0x000000c94e200000)]
  0x000002c2da72b590 JavaThread "Unconstrained build operations Thread 21" [_thread_blocked, id=7920, stack(0x000000c94e200000,0x000000c94e300000)]
  0x000002c2da72c4c0 JavaThread "Unconstrained build operations Thread 22" [_thread_blocked, id=6960, stack(0x000000c94e300000,0x000000c94e400000)]
  0x000002c2da72d3f0 JavaThread "Unconstrained build operations Thread 23" [_thread_blocked, id=10376, stack(0x000000c94e400000,0x000000c94e500000)]
  0x000002c2da72c9d0 JavaThread "Unconstrained build operations Thread 24" [_thread_blocked, id=5268, stack(0x000000c94e500000,0x000000c94e600000)]
  0x000002c2da72de10 JavaThread "Unconstrained build operations Thread 25" [_thread_blocked, id=17188, stack(0x000000c94e600000,0x000000c94e700000)]
  0x000002c2d9bc1cd0 JavaThread "Unconstrained build operations Thread 26" [_thread_blocked, id=1008, stack(0x000000c94e700000,0x000000c94e800000)]
  0x000002c2d7fbf220 JavaThread "Unconstrained build operations Thread 27" [_thread_blocked, id=15796, stack(0x000000c94e800000,0x000000c94e900000)]
  0x000002c2d7fc0740 JavaThread "Unconstrained build operations Thread 28" [_thread_blocked, id=16836, stack(0x000000c94e900000,0x000000c94ea00000)]
  0x000002c2d7fc0c50 JavaThread "Unconstrained build operations Thread 29" [_thread_blocked, id=15116, stack(0x000000c94ea00000,0x000000c94eb00000)]
  0x000002c2d7fb9ff0 JavaThread "Unconstrained build operations Thread 30" [_thread_blocked, id=16764, stack(0x000000c94eb00000,0x000000c94ec00000)]
  0x000002c2da221fc0 JavaThread "Unconstrained build operations Thread 31" [_thread_blocked, id=2532, stack(0x000000c94ec00000,0x000000c94ed00000)]
  0x000002c2da221090 JavaThread "Unconstrained build operations Thread 32" [_thread_blocked, id=17060, stack(0x000000c94ed00000,0x000000c94ee00000)]
  0x000002c2d7fbf730 JavaThread "Unconstrained build operations Thread 33" [_thread_blocked, id=8796, stack(0x000000c94ef00000,0x000000c94f000000)]
  0x000002c2d7fbfc40 JavaThread "Unconstrained build operations Thread 34" [_thread_blocked, id=17152, stack(0x000000c94f000000,0x000000c94f100000)]
  0x000002c2d7fb4f30 JavaThread "Unconstrained build operations Thread 35" [_thread_blocked, id=14872, stack(0x000000c94f100000,0x000000c94f200000)]
  0x000002c2d7fb5950 JavaThread "Unconstrained build operations Thread 36" [_thread_blocked, id=4056, stack(0x000000c94f200000,0x000000c94f300000)]
  0x000002c2d7fb4000 JavaThread "Unconstrained build operations Thread 37" [_thread_blocked, id=3644, stack(0x000000c94f300000,0x000000c94f400000)]
  0x000002c2d7fb72a0 JavaThread "Unconstrained build operations Thread 38" [_thread_blocked, id=10976, stack(0x000000c94f400000,0x000000c94f500000)]
  0x000002c2d7fb6880 JavaThread "Unconstrained build operations Thread 39" [_thread_blocked, id=11116, stack(0x000000c94f500000,0x000000c94f600000)]
  0x000002c2da092010 JavaThread "C2 CompilerThread1" daemon [_thread_blocked, id=1416, stack(0x000000c94cc00000,0x000000c94cd00000)]
  0x000002c291ba0230 JavaThread "Memory manager" [_thread_blocked, id=16152, stack(0x000000c94f600000,0x000000c94f700000)]

Other Threads:
=>0x000002c2916eecb0 VMThread "VM Thread" [stack: 0x000000c949b00000,0x000000c949c00000] [id=11964]
  0x000002c2f318cdd0 WatcherThread [stack: 0x000000c94a700000,0x000000c94a800000] [id=3704]
  0x000002c2f31e7d10 GCTaskThread "GC Thread#0" [stack: 0x000000c949600000,0x000000c949700000] [id=3528]
  0x000002c2d7519ee0 GCTaskThread "GC Thread#1" [stack: 0x000000c94aa00000,0x000000c94ab00000] [id=9792]
  0x000002c2d71cf290 GCTaskThread "GC Thread#2" [stack: 0x000000c94ab00000,0x000000c94ac00000] [id=18380]
  0x000002c2d78c4a40 GCTaskThread "GC Thread#3" [stack: 0x000000c94a900000,0x000000c94aa00000] [id=13948]
  0x000002c2d7a24e60 GCTaskThread "GC Thread#4" [stack: 0x000000c94ac00000,0x000000c94ad00000] [id=15792]
  0x000002c2d9616570 GCTaskThread "GC Thread#5" [stack: 0x000000c94ba00000,0x000000c94bb00000] [id=3476]
  0x000002c2d9617070 GCTaskThread "GC Thread#6" [stack: 0x000000c94bb00000,0x000000c94bc00000] [id=17180]
  0x000002c2d96175f0 GCTaskThread "GC Thread#7" [stack: 0x000000c94bc00000,0x000000c94bd00000] [id=16312]
  0x000002c2f31f9c70 ConcurrentGCThread "G1 Main Marker" [stack: 0x000000c949700000,0x000000c949800000] [id=6772]
  0x000002c2f31fa690 ConcurrentGCThread "G1 Conc#0" [stack: 0x000000c949800000,0x000000c949900000] [id=3612]
  0x000002c2d9617330 ConcurrentGCThread "G1 Conc#1" [stack: 0x000000c94bf00000,0x000000c94c000000] [id=9744]
  0x000002c2f323d100 ConcurrentGCThread "G1 Refine#0" [stack: 0x000000c949900000,0x000000c949a00000] [id=8524]
  0x000002c2d80b7c30 ConcurrentGCThread "G1 Refine#1" [stack: 0x000000c94ee00000,0x000000c94ef00000] [id=13140]
  0x000002c2f323db30 ConcurrentGCThread "G1 Service" [stack: 0x000000c949a00000,0x000000c949b00000] [id=6020]

Threads with active compile tasks:
C2 CompilerThread0  17711 9042   !   4       com.google.common.reflect.TypeVisitor::visit (225 bytes)

VM state: at safepoint (normal execution)

VM Mutex/Monitor currently owned by a thread:  ([mutex/lock_event])
[0x000002c2f3187d20] Threads_lock - owner thread: 0x000002c2916eecb0
[0x000002c2f3187c00] Heap_lock - owner thread: 0x000002c2d8dacec0

Heap address: 0x0000000080000000, size: 2048 MB, Compressed Oops mode: 32-bit

CDS archive(s) mapped at: [0x000002c292000000-0x000002c292bb0000-0x000002c292bb0000), size 12255232, SharedBaseAddress: 0x000002c292000000, ArchiveRelocationMode: 1.
Compressed class space mapped at: 0x000002c293000000-0x000002c2d3000000, reserved size: 1073741824
Narrow klass base: 0x000002c292000000, Narrow klass shift: 0, Narrow klass range: 0x100000000

GC Precious Log:
 CPUs: 8 total, 8 available
 Memory: 8070M
 Large Page Support: Disabled
 NUMA Support: Disabled
 Compressed Oops: Enabled (32-bit)
 Heap Region Size: 1M
 Heap Min Capacity: 8M
 Heap Initial Capacity: 128M
 Heap Max Capacity: 2G
 Pre-touch: Disabled
 Parallel Workers: 8
 Concurrent Workers: 2
 Concurrent Refinement Workers: 8
 Periodic GC: Disabled

Heap:
 garbage-first heap   total 225280K, used 141630K [0x0000000080000000, 0x0000000100000000)
  region size 1024K, 5 young (5120K), 5 survivors (5120K)
 Metaspace       used 74372K, committed 75136K, reserved 1114112K
  class space    used 10622K, committed 10944K, reserved 1048576K

Heap Regions: E=young(eden), S=young(survivor), O=old, HS=humongous(starts), HC=humongous(continues), CS=collection set, F=free, OA=open archive, CA=closed archive, TAMS=top-at-mark-start (previous, next)
|   0|0x0000000080000000, 0x0000000080100000, 0x0000000080100000|100%|HS|  |TAMS 0x0000000080100000, 0x0000000080100000| Complete 
|   1|0x0000000080100000, 0x0000000080200000, 0x0000000080200000|100%|HC|  |TAMS 0x0000000080200000, 0x0000000080200000| Complete 
|   2|0x0000000080200000, 0x0000000080300000, 0x0000000080300000|100%|HC|  |TAMS 0x0000000080300000, 0x0000000080300000| Complete 
|   3|0x0000000080300000, 0x0000000080400000, 0x0000000080400000|100%| O|  |TAMS 0x0000000080400000, 0x0000000080400000| Untracked 
|   4|0x0000000080400000, 0x0000000080500000, 0x0000000080500000|100%| O|  |TAMS 0x0000000080500000, 0x0000000080500000| Untracked 
|   5|0x0000000080500000, 0x0000000080600000, 0x0000000080600000|100%| O|  |TAMS 0x0000000080600000, 0x0000000080600000| Untracked 
|   6|0x0000000080600000, 0x0000000080700000, 0x0000000080700000|100%|HS|  |TAMS 0x0000000080700000, 0x0000000080700000| Complete 
|   7|0x0000000080700000, 0x0000000080800000, 0x0000000080800000|100%| O|  |TAMS 0x0000000080800000, 0x0000000080800000| Untracked 
|   8|0x0000000080800000, 0x0000000080900000, 0x0000000080900000|100%| O|  |TAMS 0x0000000080900000, 0x0000000080900000| Untracked 
|   9|0x0000000080900000, 0x0000000080a00000, 0x0000000080a00000|100%| O|  |TAMS 0x0000000080a00000, 0x0000000080a00000| Untracked 
|  10|0x0000000080a00000, 0x0000000080b00000, 0x0000000080b00000|100%| O|  |TAMS 0x0000000080b00000, 0x0000000080b00000| Untracked 
|  11|0x0000000080b00000, 0x0000000080c00000, 0x0000000080c00000|100%| O|  |TAMS 0x0000000080c00000, 0x0000000080c00000| Untracked 
|  12|0x0000000080c00000, 0x0000000080d00000, 0x0000000080d00000|100%| O|  |TAMS 0x0000000080d00000, 0x0000000080d00000| Untracked 
|  13|0x0000000080d00000, 0x0000000080e00000, 0x0000000080e00000|100%| O|  |TAMS 0x0000000080e00000, 0x0000000080e00000| Untracked 
|  14|0x0000000080e00000, 0x0000000080f00000, 0x0000000080f00000|100%| O|  |TAMS 0x0000000080f00000, 0x0000000080f00000| Untracked 
|  15|0x0000000080f00000, 0x0000000081000000, 0x0000000081000000|100%| O|  |TAMS 0x0000000081000000, 0x0000000081000000| Untracked 
|  16|0x0000000081000000, 0x0000000081100000, 0x0000000081100000|100%| O|  |TAMS 0x0000000081100000, 0x0000000081100000| Untracked 
|  17|0x0000000081100000, 0x0000000081200000, 0x0000000081200000|100%| O|  |TAMS 0x0000000081200000, 0x0000000081200000| Untracked 
|  18|0x0000000081200000, 0x0000000081300000, 0x0000000081300000|100%| O|  |TAMS 0x0000000081300000, 0x0000000081300000| Untracked 
|  19|0x0000000081300000, 0x0000000081400000, 0x0000000081400000|100%| O|  |TAMS 0x0000000081400000, 0x0000000081400000| Untracked 
|  20|0x0000000081400000, 0x0000000081500000, 0x0000000081500000|100%| O|  |TAMS 0x0000000081500000, 0x0000000081500000| Untracked 
|  21|0x0000000081500000, 0x0000000081600000, 0x0000000081600000|100%|HS|  |TAMS 0x0000000081600000, 0x0000000081600000| Complete 
|  22|0x0000000081600000, 0x0000000081700000, 0x0000000081700000|100%|HS|  |TAMS 0x0000000081700000, 0x0000000081700000| Complete 
|  23|0x0000000081700000, 0x0000000081800000, 0x0000000081800000|100%|HC|  |TAMS 0x0000000081800000, 0x0000000081800000| Complete 
|  24|0x0000000081800000, 0x0000000081900000, 0x0000000081900000|100%|HC|  |TAMS 0x0000000081900000, 0x0000000081900000| Complete 
|  25|0x0000000081900000, 0x0000000081a00000, 0x0000000081a00000|100%|HC|  |TAMS 0x0000000081a00000, 0x0000000081a00000| Complete 
|  26|0x0000000081a00000, 0x0000000081b00000, 0x0000000081b00000|100%|HC|  |TAMS 0x0000000081b00000, 0x0000000081b00000| Complete 
|  27|0x0000000081b00000, 0x0000000081c00000, 0x0000000081c00000|100%|HC|  |TAMS 0x0000000081c00000, 0x0000000081c00000| Complete 
|  28|0x0000000081c00000, 0x0000000081d00000, 0x0000000081d00000|100%|HS|  |TAMS 0x0000000081d00000, 0x0000000081d00000| Complete 
|  29|0x0000000081d00000, 0x0000000081e00000, 0x0000000081e00000|100%|HS|  |TAMS 0x0000000081e00000, 0x0000000081e00000| Complete 
|  30|0x0000000081e00000, 0x0000000081f00000, 0x0000000081f00000|100%|HC|  |TAMS 0x0000000081f00000, 0x0000000081f00000| Complete 
|  31|0x0000000081f00000, 0x0000000082000000, 0x0000000082000000|100%|HS|  |TAMS 0x0000000082000000, 0x0000000082000000| Complete 
|  32|0x0000000082000000, 0x0000000082100000, 0x0000000082100000|100%|HC|  |TAMS 0x0000000082100000, 0x0000000082100000| Complete 
|  33|0x0000000082100000, 0x0000000082200000, 0x0000000082200000|100%|HC|  |TAMS 0x0000000082200000, 0x0000000082200000| Complete 
|  34|0x0000000082200000, 0x0000000082300000, 0x0000000082300000|100%|HC|  |TAMS 0x0000000082300000, 0x0000000082300000| Complete 
|  35|0x0000000082300000, 0x0000000082400000, 0x0000000082400000|100%|HS|  |TAMS 0x0000000082400000, 0x0000000082400000| Complete 
|  36|0x0000000082400000, 0x0000000082500000, 0x0000000082500000|100%|HS|  |TAMS 0x0000000082500000, 0x0000000082500000| Complete 
|  37|0x0000000082500000, 0x0000000082600000, 0x0000000082600000|100%|HC|  |TAMS 0x0000000082600000, 0x0000000082600000| Complete 
|  38|0x0000000082600000, 0x0000000082700000, 0x0000000082700000|100%|HC|  |TAMS 0x0000000082700000, 0x0000000082700000| Complete 
|  39|0x0000000082700000, 0x0000000082800000, 0x0000000082800000|100%|HC|  |TAMS 0x0000000082800000, 0x0000000082800000| Complete 
|  40|0x0000000082800000, 0x0000000082900000, 0x0000000082900000|100%|HC|  |TAMS 0x0000000082900000, 0x0000000082900000| Complete 
|  41|0x0000000082900000, 0x0000000082a00000, 0x0000000082a00000|100%|HC|  |TAMS 0x0000000082a00000, 0x0000000082a00000| Complete 
|  42|0x0000000082a00000, 0x0000000082b00000, 0x0000000082b00000|100%| O|  |TAMS 0x0000000082b00000, 0x0000000082b00000| Untracked 
|  43|0x0000000082b00000, 0x0000000082c00000, 0x0000000082c00000|100%| O|  |TAMS 0x0000000082c00000, 0x0000000082c00000| Untracked 
|  44|0x0000000082c00000, 0x0000000082d00000, 0x0000000082d00000|100%| O|  |TAMS 0x0000000082d00000, 0x0000000082d00000| Untracked 
|  45|0x0000000082d00000, 0x0000000082e00000, 0x0000000082e00000|100%| O|  |TAMS 0x0000000082e00000, 0x0000000082e00000| Untracked 
|  46|0x0000000082e00000, 0x0000000082f00000, 0x0000000082f00000|100%| O|  |TAMS 0x0000000082f00000, 0x0000000082f00000| Untracked 
|  47|0x0000000082f00000, 0x0000000083000000, 0x0000000083000000|100%| O|  |TAMS 0x0000000083000000, 0x0000000083000000| Untracked 
|  48|0x0000000083000000, 0x0000000083100000, 0x0000000083100000|100%|HS|  |TAMS 0x0000000083000000, 0x0000000083100000| Complete 
|  49|0x0000000083100000, 0x0000000083200000, 0x0000000083200000|100%|HS|  |TAMS 0x0000000083200000, 0x0000000083200000| Complete 
|  50|0x0000000083200000, 0x0000000083300000, 0x0000000083300000|100%|HS|  |TAMS 0x0000000083300000, 0x0000000083300000| Complete 
|  51|0x0000000083300000, 0x0000000083400000, 0x0000000083400000|100%|HC|  |TAMS 0x0000000083400000, 0x0000000083400000| Complete 
|  52|0x0000000083400000, 0x0000000083500000, 0x0000000083500000|100%|HS|  |TAMS 0x0000000083500000, 0x0000000083500000| Complete 
|  53|0x0000000083500000, 0x0000000083600000, 0x0000000083600000|100%|HC|  |TAMS 0x0000000083600000, 0x0000000083600000| Complete 
|  54|0x0000000083600000, 0x0000000083700000, 0x0000000083700000|100%|HC|  |TAMS 0x0000000083700000, 0x0000000083700000| Complete 
|  55|0x0000000083700000, 0x0000000083800000, 0x0000000083800000|100%|HC|  |TAMS 0x0000000083800000, 0x0000000083800000| Complete 
|  56|0x0000000083800000, 0x0000000083900000, 0x0000000083900000|100%|HS|  |TAMS 0x0000000083900000, 0x0000000083900000| Complete 
|  57|0x0000000083900000, 0x0000000083a00000, 0x0000000083a00000|100%| O|  |TAMS 0x0000000083a00000, 0x0000000083a00000| Untracked 
|  58|0x0000000083a00000, 0x0000000083b00000, 0x0000000083b00000|100%| O|  |TAMS 0x0000000083b00000, 0x0000000083b00000| Untracked 
|  59|0x0000000083b00000, 0x0000000083c00000, 0x0000000083c00000|100%| O|  |TAMS 0x0000000083c00000, 0x0000000083c00000| Untracked 
|  60|0x0000000083c00000, 0x0000000083d00000, 0x0000000083d00000|100%| O|  |TAMS 0x0000000083d00000, 0x0000000083d00000| Untracked 
|  61|0x0000000083d00000, 0x0000000083e00000, 0x0000000083e00000|100%| O|  |TAMS 0x0000000083e00000, 0x0000000083e00000| Untracked 
|  62|0x0000000083e00000, 0x0000000083f00000, 0x0000000083f00000|100%| O|  |TAMS 0x0000000083f00000, 0x0000000083f00000| Untracked 
|  63|0x0000000083f00000, 0x0000000084000000, 0x0000000084000000|100%| O|  |TAMS 0x0000000084000000, 0x0000000084000000| Untracked 
|  64|0x0000000084000000, 0x0000000084100000, 0x0000000084100000|100%| O|  |TAMS 0x0000000084100000, 0x0000000084100000| Untracked 
|  65|0x0000000084100000, 0x0000000084200000, 0x0000000084200000|100%| O|  |TAMS 0x0000000084200000, 0x0000000084200000| Untracked 
|  66|0x0000000084200000, 0x0000000084300000, 0x0000000084300000|100%| O|  |TAMS 0x0000000084300000, 0x0000000084300000| Untracked 
|  67|0x0000000084300000, 0x0000000084400000, 0x0000000084400000|100%| O|  |TAMS 0x0000000084400000, 0x0000000084400000| Untracked 
|  68|0x0000000084400000, 0x0000000084500000, 0x0000000084500000|100%|HS|  |TAMS 0x0000000084500000, 0x0000000084500000| Complete 
|  69|0x0000000084500000, 0x0000000084600000, 0x0000000084600000|100%|HC|  |TAMS 0x0000000084600000, 0x0000000084600000| Complete 
|  70|0x0000000084600000, 0x0000000084700000, 0x0000000084700000|100%| O|  |TAMS 0x0000000084700000, 0x0000000084700000| Untracked 
|  71|0x0000000084700000, 0x0000000084800000, 0x0000000084800000|100%| O|  |TAMS 0x0000000084800000, 0x0000000084800000| Untracked 
|  72|0x0000000084800000, 0x0000000084900000, 0x0000000084900000|100%|HS|  |TAMS 0x0000000084900000, 0x0000000084900000| Complete 
|  73|0x0000000084900000, 0x0000000084a00000, 0x0000000084a00000|100%|HC|  |TAMS 0x0000000084a00000, 0x0000000084a00000| Complete 
|  74|0x0000000084a00000, 0x0000000084b00000, 0x0000000084b00000|100%|HC|  |TAMS 0x0000000084b00000, 0x0000000084b00000| Complete 
|  75|0x0000000084b00000, 0x0000000084c00000, 0x0000000084c00000|100%|HC|  |TAMS 0x0000000084c00000, 0x0000000084c00000| Complete 
|  76|0x0000000084c00000, 0x0000000084d00000, 0x0000000084d00000|100%|HC|  |TAMS 0x0000000084d00000, 0x0000000084d00000| Complete 
|  77|0x0000000084d00000, 0x0000000084e00000, 0x0000000084e00000|100%|HC|  |TAMS 0x0000000084e00000, 0x0000000084e00000| Complete 
|  78|0x0000000084e00000, 0x0000000084f00000, 0x0000000084f00000|100%|HS|  |TAMS 0x0000000084f00000, 0x0000000084f00000| Complete 
|  79|0x0000000084f00000, 0x0000000085000000, 0x0000000085000000|100%| O|  |TAMS 0x0000000085000000, 0x0000000085000000| Untracked 
|  80|0x0000000085000000, 0x0000000085100000, 0x0000000085100000|100%|HS|  |TAMS 0x0000000085000000, 0x0000000085100000| Complete 
|  81|0x0000000085100000, 0x0000000085200000, 0x0000000085200000|100%| O|  |TAMS 0x0000000085100000, 0x0000000085200000| Untracked 
|  82|0x0000000085200000, 0x0000000085300000, 0x0000000085300000|100%|HS|  |TAMS 0x0000000085300000, 0x0000000085300000| Complete 
|  83|0x0000000085300000, 0x0000000085400000, 0x0000000085400000|100%|HC|  |TAMS 0x0000000085400000, 0x0000000085400000| Complete 
|  84|0x0000000085400000, 0x0000000085500000, 0x0000000085500000|100%|HC|  |TAMS 0x0000000085500000, 0x0000000085500000| Complete 
|  85|0x0000000085500000, 0x0000000085600000, 0x0000000085600000|100%|HC|  |TAMS 0x0000000085600000, 0x0000000085600000| Complete 
|  86|0x0000000085600000, 0x0000000085700000, 0x0000000085700000|100%|HC|  |TAMS 0x0000000085700000, 0x0000000085700000| Complete 
|  87|0x0000000085700000, 0x0000000085800000, 0x0000000085800000|100%|HC|  |TAMS 0x0000000085800000, 0x0000000085800000| Complete 
|  88|0x0000000085800000, 0x0000000085900000, 0x0000000085900000|100%|HS|  |TAMS 0x0000000085900000, 0x0000000085900000| Complete 
|  89|0x0000000085900000, 0x0000000085a00000, 0x0000000085a00000|100%| O|  |TAMS 0x0000000085a00000, 0x0000000085a00000| Untracked 
|  90|0x0000000085a00000, 0x0000000085b00000, 0x0000000085b00000|100%| O|  |TAMS 0x0000000085b00000, 0x0000000085b00000| Untracked 
|  91|0x0000000085b00000, 0x0000000085c00000, 0x0000000085c00000|100%| O|  |TAMS 0x0000000085c00000, 0x0000000085c00000| Untracked 
|  92|0x0000000085c00000, 0x0000000085d00000, 0x0000000085d00000|100%| O|  |TAMS 0x0000000085d00000, 0x0000000085d00000| Untracked 
|  93|0x0000000085d00000, 0x0000000085e00000, 0x0000000085e00000|100%| O|  |TAMS 0x0000000085e00000, 0x0000000085e00000| Untracked 
|  94|0x0000000085e00000, 0x0000000085f00000, 0x0000000085f00000|100%| O|  |TAMS 0x0000000085f00000, 0x0000000085f00000| Untracked 
|  95|0x0000000085f00000, 0x0000000086000000, 0x0000000086000000|100%| O|  |TAMS 0x0000000086000000, 0x0000000086000000| Untracked 
|  96|0x0000000086000000, 0x0000000086100000, 0x0000000086100000|100%| O|  |TAMS 0x0000000086100000, 0x0000000086100000| Untracked 
|  97|0x0000000086100000, 0x0000000086200000, 0x0000000086200000|100%| O|  |TAMS 0x0000000086200000, 0x0000000086200000| Untracked 
|  98|0x0000000086200000, 0x0000000086300000, 0x0000000086300000|100%| O|  |TAMS 0x0000000086300000, 0x0000000086300000| Untracked 
|  99|0x0000000086300000, 0x0000000086400000, 0x0000000086400000|100%| O|  |TAMS 0x0000000086400000, 0x0000000086400000| Untracked 
| 100|0x0000000086400000, 0x0000000086500000, 0x0000000086500000|100%| O|  |TAMS 0x0000000086500000, 0x0000000086500000| Untracked 
| 101|0x0000000086500000, 0x0000000086500000, 0x0000000086600000|  0%| F|  |TAMS 0x0000000086500000, 0x0000000086500000| Untracked 
| 102|0x0000000086600000, 0x0000000086700000, 0x0000000086700000|100%| O|  |TAMS 0x0000000086700000, 0x0000000086700000| Untracked 
| 103|0x0000000086700000, 0x0000000086800000, 0x0000000086800000|100%|HS|  |TAMS 0x0000000086800000, 0x0000000086800000| Complete 
| 104|0x0000000086800000, 0x0000000086900000, 0x0000000086900000|100%|HC|  |TAMS 0x0000000086900000, 0x0000000086900000| Complete 
| 105|0x0000000086900000, 0x0000000086a00000, 0x0000000086a00000|100%|HS|  |TAMS 0x0000000086a00000, 0x0000000086a00000| Complete 
| 106|0x0000000086a00000, 0x0000000086b00000, 0x0000000086b00000|100%|HS|  |TAMS 0x0000000086b00000, 0x0000000086b00000| Complete 
| 107|0x0000000086b00000, 0x0000000086c00000, 0x0000000086c00000|100%|HS|  |TAMS 0x0000000086c00000, 0x0000000086c00000| Complete 
| 108|0x0000000086c00000, 0x0000000086d00000, 0x0000000086d00000|100%|HC|  |TAMS 0x0000000086d00000, 0x0000000086d00000| Complete 
| 109|0x0000000086d00000, 0x0000000086e00000, 0x0000000086e00000|100%|HC|  |TAMS 0x0000000086e00000, 0x0000000086e00000| Complete 
| 110|0x0000000086e00000, 0x0000000086f00000, 0x0000000086f00000|100%|HC|  |TAMS 0x0000000086f00000, 0x0000000086f00000| Complete 
| 111|0x0000000086f00000, 0x0000000087000000, 0x0000000087000000|100%|HS|  |TAMS 0x0000000087000000, 0x0000000087000000| Complete 
| 112|0x0000000087000000, 0x0000000087100000, 0x0000000087100000|100%|HS|  |TAMS 0x0000000087100000, 0x0000000087100000| Complete 
| 113|0x0000000087100000, 0x0000000087200000, 0x0000000087200000|100%|HS|  |TAMS 0x0000000087200000, 0x0000000087200000| Complete 
| 114|0x0000000087200000, 0x0000000087300000, 0x0000000087300000|100%|HC|  |TAMS 0x0000000087300000, 0x0000000087300000| Complete 
| 115|0x0000000087300000, 0x0000000087400000, 0x0000000087400000|100%|HS|  |TAMS 0x0000000087400000, 0x0000000087400000| Complete 
| 116|0x0000000087400000, 0x0000000087500000, 0x0000000087500000|100%| O|  |TAMS 0x0000000087500000, 0x0000000087500000| Untracked 
| 117|0x0000000087500000, 0x0000000087600000, 0x0000000087600000|100%| O|  |TAMS 0x0000000087600000, 0x0000000087600000| Untracked 
| 118|0x0000000087600000, 0x0000000087700000, 0x0000000087700000|100%| O|  |TAMS 0x0000000087700000, 0x0000000087700000| Untracked 
| 119|0x0000000087700000, 0x0000000087800000, 0x0000000087800000|100%| O|  |TAMS 0x0000000087800000, 0x0000000087800000| Untracked 
| 120|0x0000000087800000, 0x0000000087900000, 0x0000000087900000|100%| O|  |TAMS 0x0000000087900000, 0x0000000087900000| Untracked 
| 121|0x0000000087900000, 0x0000000087a00000, 0x0000000087a00000|100%| O|  |TAMS 0x0000000087a00000, 0x0000000087a00000| Untracked 
| 122|0x0000000087a00000, 0x0000000087b00000, 0x0000000087b00000|100%| O|  |TAMS 0x0000000087b00000, 0x0000000087b00000| Untracked 
| 123|0x0000000087b00000, 0x0000000087c00000, 0x0000000087c00000|100%| O|  |TAMS 0x0000000087c00000, 0x0000000087c00000| Untracked 
| 124|0x0000000087c00000, 0x0000000087d00000, 0x0000000087d00000|100%| O|  |TAMS 0x0000000087d00000, 0x0000000087d00000| Untracked 
| 125|0x0000000087d00000, 0x0000000087e00000, 0x0000000087e00000|100%| O|  |TAMS 0x0000000087e00000, 0x0000000087e00000| Untracked 
| 126|0x0000000087e00000, 0x0000000087f00000, 0x0000000087f00000|100%| O|  |TAMS 0x0000000087f00000, 0x0000000087f00000| Untracked 
| 127|0x0000000087f00000, 0x0000000088000000, 0x0000000088000000|100%| O|  |TAMS 0x0000000087f48200, 0x0000000088000000| Untracked 
| 128|0x0000000088000000, 0x0000000088100000, 0x0000000088100000|100%|HS|  |TAMS 0x0000000088000000, 0x0000000088100000| Complete 
| 129|0x0000000088100000, 0x0000000088200000, 0x0000000088200000|100%|HS|  |TAMS 0x0000000088100000, 0x0000000088200000| Complete 
| 130|0x0000000088200000, 0x0000000088300000, 0x0000000088300000|100%| O|  |TAMS 0x0000000088200000, 0x0000000088300000| Untracked 
| 131|0x0000000088300000, 0x0000000088400000, 0x0000000088400000|100%| O|  |TAMS 0x0000000088300000, 0x0000000088400000| Untracked 
| 132|0x0000000088400000, 0x0000000088500000, 0x0000000088500000|100%| O|  |TAMS 0x0000000088400000, 0x0000000088500000| Untracked 
| 133|0x0000000088500000, 0x0000000088600000, 0x0000000088600000|100%| O|  |TAMS 0x0000000088500000, 0x0000000088600000| Untracked 
| 134|0x0000000088600000, 0x00000000886f6a00, 0x0000000088700000| 96%| O|  |TAMS 0x0000000088600000, 0x00000000886f6a00| Untracked 
| 135|0x0000000088700000, 0x0000000088700000, 0x0000000088800000|  0%| F|  |TAMS 0x0000000088700000, 0x0000000088700000| Untracked 
| 136|0x0000000088800000, 0x0000000088800000, 0x0000000088900000|  0%| F|  |TAMS 0x0000000088800000, 0x0000000088800000| Untracked 
| 137|0x0000000088900000, 0x0000000088900000, 0x0000000088a00000|  0%| F|  |TAMS 0x0000000088900000, 0x0000000088900000| Untracked 
| 138|0x0000000088a00000, 0x0000000088a00000, 0x0000000088b00000|  0%| F|  |TAMS 0x0000000088a00000, 0x0000000088a00000| Untracked 
| 139|0x0000000088b00000, 0x0000000088b00000, 0x0000000088c00000|  0%| F|  |TAMS 0x0000000088b00000, 0x0000000088b00000| Untracked 
| 140|0x0000000088c00000, 0x0000000088c00000, 0x0000000088d00000|  0%| F|  |TAMS 0x0000000088c00000, 0x0000000088c00000| Untracked 
| 141|0x0000000088d00000, 0x0000000088d00000, 0x0000000088e00000|  0%| F|  |TAMS 0x0000000088d00000, 0x0000000088d00000| Untracked 
| 142|0x0000000088e00000, 0x0000000088e00000, 0x0000000088f00000|  0%| F|  |TAMS 0x0000000088e00000, 0x0000000088e00000| Untracked 
| 143|0x0000000088f00000, 0x0000000088f00000, 0x0000000089000000|  0%| F|  |TAMS 0x0000000088f00000, 0x0000000088f00000| Untracked 
| 144|0x0000000089000000, 0x0000000089000000, 0x0000000089100000|  0%| F|  |TAMS 0x0000000089000000, 0x0000000089000000| Untracked 
| 145|0x0000000089100000, 0x0000000089100000, 0x0000000089200000|  0%| F|  |TAMS 0x0000000089100000, 0x0000000089100000| Untracked 
| 146|0x0000000089200000, 0x0000000089200000, 0x0000000089300000|  0%| F|  |TAMS 0x0000000089200000, 0x0000000089200000| Untracked 
| 147|0x0000000089300000, 0x0000000089300000, 0x0000000089400000|  0%| F|  |TAMS 0x0000000089300000, 0x0000000089300000| Untracked 
| 148|0x0000000089400000, 0x0000000089400000, 0x0000000089500000|  0%| F|  |TAMS 0x0000000089400000, 0x0000000089400000| Untracked 
| 149|0x0000000089500000, 0x0000000089500000, 0x0000000089600000|  0%| F|  |TAMS 0x0000000089500000, 0x0000000089500000| Untracked 
| 150|0x0000000089600000, 0x0000000089600000, 0x0000000089700000|  0%| F|  |TAMS 0x0000000089600000, 0x0000000089600000| Untracked 
| 151|0x0000000089700000, 0x0000000089700000, 0x0000000089800000|  0%| F|  |TAMS 0x0000000089700000, 0x0000000089700000| Untracked 
| 152|0x0000000089800000, 0x0000000089800000, 0x0000000089900000|  0%| F|  |TAMS 0x0000000089800000, 0x0000000089800000| Untracked 
| 153|0x0000000089900000, 0x0000000089900000, 0x0000000089a00000|  0%| F|  |TAMS 0x0000000089900000, 0x0000000089900000| Untracked 
| 154|0x0000000089a00000, 0x0000000089a00000, 0x0000000089b00000|  0%| F|  |TAMS 0x0000000089a00000, 0x0000000089a00000| Untracked 
| 155|0x0000000089b00000, 0x0000000089b00000, 0x0000000089c00000|  0%| F|  |TAMS 0x0000000089b00000, 0x0000000089b00000| Untracked 
| 156|0x0000000089c00000, 0x0000000089c00000, 0x0000000089d00000|  0%| F|  |TAMS 0x0000000089c00000, 0x0000000089c00000| Untracked 
| 157|0x0000000089d00000, 0x0000000089d00000, 0x0000000089e00000|  0%| F|  |TAMS 0x0000000089d00000, 0x0000000089d00000| Untracked 
| 158|0x0000000089e00000, 0x0000000089e00000, 0x0000000089f00000|  0%| F|  |TAMS 0x0000000089e00000, 0x0000000089e00000| Untracked 
| 159|0x0000000089f00000, 0x0000000089f00000, 0x000000008a000000|  0%| F|  |TAMS 0x0000000089f00000, 0x0000000089f00000| Untracked 
| 160|0x000000008a000000, 0x000000008a000000, 0x000000008a100000|  0%| F|  |TAMS 0x000000008a000000, 0x000000008a000000| Untracked 
| 161|0x000000008a100000, 0x000000008a100000, 0x000000008a200000|  0%| F|  |TAMS 0x000000008a100000, 0x000000008a100000| Untracked 
| 162|0x000000008a200000, 0x000000008a200000, 0x000000008a300000|  0%| F|  |TAMS 0x000000008a200000, 0x000000008a200000| Untracked 
| 163|0x000000008a300000, 0x000000008a300000, 0x000000008a400000|  0%| F|  |TAMS 0x000000008a300000, 0x000000008a300000| Untracked 
| 164|0x000000008a400000, 0x000000008a458f80, 0x000000008a500000| 34%| S|CS|TAMS 0x000000008a400000, 0x000000008a400000| Complete 
| 165|0x000000008a500000, 0x000000008a600000, 0x000000008a600000|100%| S|CS|TAMS 0x000000008a500000, 0x000000008a500000| Complete 
| 166|0x000000008a600000, 0x000000008a700000, 0x000000008a700000|100%| S|CS|TAMS 0x000000008a600000, 0x000000008a600000| Complete 
| 167|0x000000008a700000, 0x000000008a800000, 0x000000008a800000|100%| S|CS|TAMS 0x000000008a700000, 0x000000008a700000| Complete 
| 168|0x000000008a800000, 0x000000008a900000, 0x000000008a900000|100%| S|CS|TAMS 0x000000008a800000, 0x000000008a800000| Complete 
| 169|0x000000008a900000, 0x000000008a900000, 0x000000008aa00000|  0%| F|  |TAMS 0x000000008a900000, 0x000000008a900000| Untracked 
| 170|0x000000008aa00000, 0x000000008aa00000, 0x000000008ab00000|  0%| F|  |TAMS 0x000000008aa00000, 0x000000008aa00000| Untracked 
| 171|0x000000008ab00000, 0x000000008ab00000, 0x000000008ac00000|  0%| F|  |TAMS 0x000000008ab00000, 0x000000008ab00000| Untracked 
| 172|0x000000008ac00000, 0x000000008ac00000, 0x000000008ad00000|  0%| F|  |TAMS 0x000000008ac00000, 0x000000008ac00000| Untracked 
| 173|0x000000008ad00000, 0x000000008ad00000, 0x000000008ae00000|  0%| F|  |TAMS 0x000000008ad00000, 0x000000008ad00000| Untracked 
| 174|0x000000008ae00000, 0x000000008ae00000, 0x000000008af00000|  0%| F|  |TAMS 0x000000008ae00000, 0x000000008ae00000| Untracked 
| 175|0x000000008af00000, 0x000000008af00000, 0x000000008b000000|  0%| F|  |TAMS 0x000000008af00000, 0x000000008af00000| Untracked 
| 176|0x000000008b000000, 0x000000008b000000, 0x000000008b100000|  0%| F|  |TAMS 0x000000008b000000, 0x000000008b000000| Untracked 
| 177|0x000000008b100000, 0x000000008b100000, 0x000000008b200000|  0%| F|  |TAMS 0x000000008b100000, 0x000000008b100000| Untracked 
| 178|0x000000008b200000, 0x000000008b200000, 0x000000008b300000|  0%| F|  |TAMS 0x000000008b200000, 0x000000008b200000| Untracked 
| 179|0x000000008b300000, 0x000000008b300000, 0x000000008b400000|  0%| F|  |TAMS 0x000000008b300000, 0x000000008b300000| Untracked 
| 180|0x000000008b400000, 0x000000008b400000, 0x000000008b500000|  0%| F|  |TAMS 0x000000008b400000, 0x000000008b400000| Untracked 
| 181|0x000000008b500000, 0x000000008b500000, 0x000000008b600000|  0%| F|  |TAMS 0x000000008b500000, 0x000000008b500000| Untracked 
| 182|0x000000008b600000, 0x000000008b600000, 0x000000008b700000|  0%| F|  |TAMS 0x000000008b600000, 0x000000008b600000| Untracked 
| 183|0x000000008b700000, 0x000000008b700000, 0x000000008b800000|  0%| F|  |TAMS 0x000000008b700000, 0x000000008b700000| Untracked 
| 184|0x000000008b800000, 0x000000008b800000, 0x000000008b900000|  0%| F|  |TAMS 0x000000008b800000, 0x000000008b800000| Untracked 
| 185|0x000000008b900000, 0x000000008b900000, 0x000000008ba00000|  0%| F|  |TAMS 0x000000008b900000, 0x000000008b900000| Untracked 
| 186|0x000000008ba00000, 0x000000008ba00000, 0x000000008bb00000|  0%| F|  |TAMS 0x000000008ba00000, 0x000000008ba00000| Untracked 
| 187|0x000000008bb00000, 0x000000008bb00000, 0x000000008bc00000|  0%| F|  |TAMS 0x000000008bb00000, 0x000000008bb00000| Untracked 
| 188|0x000000008bc00000, 0x000000008bc00000, 0x000000008bd00000|  0%| F|  |TAMS 0x000000008bc00000, 0x000000008bc00000| Untracked 
| 189|0x000000008bd00000, 0x000000008bd00000, 0x000000008be00000|  0%| F|  |TAMS 0x000000008bd00000, 0x000000008bd00000| Untracked 
| 190|0x000000008be00000, 0x000000008be00000, 0x000000008bf00000|  0%| F|  |TAMS 0x000000008be00000, 0x000000008be00000| Untracked 
| 191|0x000000008bf00000, 0x000000008bf00000, 0x000000008c000000|  0%| F|  |TAMS 0x000000008bf00000, 0x000000008bf00000| Untracked 
| 192|0x000000008c000000, 0x000000008c000000, 0x000000008c100000|  0%| F|  |TAMS 0x000000008c000000, 0x000000008c000000| Untracked 
| 193|0x000000008c100000, 0x000000008c100000, 0x000000008c200000|  0%| F|  |TAMS 0x000000008c100000, 0x000000008c100000| Untracked 
| 194|0x000000008c200000, 0x000000008c200000, 0x000000008c300000|  0%| F|  |TAMS 0x000000008c200000, 0x000000008c200000| Untracked 
| 195|0x000000008c300000, 0x000000008c300000, 0x000000008c400000|  0%| F|  |TAMS 0x000000008c300000, 0x000000008c300000| Untracked 
| 196|0x000000008c400000, 0x000000008c400000, 0x000000008c500000|  0%| F|  |TAMS 0x000000008c400000, 0x000000008c400000| Untracked 
| 197|0x000000008c500000, 0x000000008c500000, 0x000000008c600000|  0%| F|  |TAMS 0x000000008c500000, 0x000000008c500000| Untracked 
| 198|0x000000008c600000, 0x000000008c600000, 0x000000008c700000|  0%| F|  |TAMS 0x000000008c600000, 0x000000008c600000| Untracked 
| 199|0x000000008c700000, 0x000000008c700000, 0x000000008c800000|  0%| F|  |TAMS 0x000000008c700000, 0x000000008c700000| Untracked 
| 200|0x000000008c800000, 0x000000008c800000, 0x000000008c900000|  0%| F|  |TAMS 0x000000008c800000, 0x000000008c800000| Untracked 
| 201|0x000000008c900000, 0x000000008c900000, 0x000000008ca00000|  0%| F|  |TAMS 0x000000008c900000, 0x000000008c900000| Untracked 
| 202|0x000000008ca00000, 0x000000008ca00000, 0x000000008cb00000|  0%| F|  |TAMS 0x000000008ca00000, 0x000000008ca00000| Untracked 
| 203|0x000000008cb00000, 0x000000008cb00000, 0x000000008cc00000|  0%| F|  |TAMS 0x000000008cb00000, 0x000000008cb00000| Untracked 
| 204|0x000000008cc00000, 0x000000008cc00000, 0x000000008cd00000|  0%| F|  |TAMS 0x000000008cc00000, 0x000000008cc00000| Untracked 
| 205|0x000000008cd00000, 0x000000008cd00000, 0x000000008ce00000|  0%| F|  |TAMS 0x000000008cd00000, 0x000000008cd00000| Untracked 
| 206|0x000000008ce00000, 0x000000008ce00000, 0x000000008cf00000|  0%| F|  |TAMS 0x000000008ce00000, 0x000000008ce00000| Untracked 
| 207|0x000000008cf00000, 0x000000008cf00000, 0x000000008d000000|  0%| F|  |TAMS 0x000000008cf00000, 0x000000008cf00000| Untracked 
| 208|0x000000008d000000, 0x000000008d000000, 0x000000008d100000|  0%| F|  |TAMS 0x000000008d000000, 0x000000008d000000| Untracked 
| 209|0x000000008d100000, 0x000000008d100000, 0x000000008d200000|  0%| F|  |TAMS 0x000000008d100000, 0x000000008d100000| Untracked 
| 210|0x000000008d200000, 0x000000008d200000, 0x000000008d300000|  0%| F|  |TAMS 0x000000008d200000, 0x000000008d200000| Untracked 
| 211|0x000000008d300000, 0x000000008d300000, 0x000000008d400000|  0%| F|  |TAMS 0x000000008d300000, 0x000000008d300000| Untracked 
| 212|0x000000008d400000, 0x000000008d400000, 0x000000008d500000|  0%| F|  |TAMS 0x000000008d400000, 0x000000008d400000| Untracked 
| 213|0x000000008d500000, 0x000000008d500000, 0x000000008d600000|  0%| F|  |TAMS 0x000000008d500000, 0x000000008d500000| Untracked 
| 214|0x000000008d600000, 0x000000008d600000, 0x000000008d700000|  0%| F|  |TAMS 0x000000008d600000, 0x000000008d600000| Untracked 
| 215|0x000000008d700000, 0x000000008d700000, 0x000000008d800000|  0%| F|  |TAMS 0x000000008d700000, 0x000000008d700000| Untracked 
| 216|0x000000008d800000, 0x000000008d800000, 0x000000008d900000|  0%| F|  |TAMS 0x000000008d800000, 0x000000008d800000| Untracked 
| 217|0x000000008d900000, 0x000000008d900000, 0x000000008da00000|  0%| F|  |TAMS 0x000000008d900000, 0x000000008d900000| Untracked 
| 218|0x000000008da00000, 0x000000008da00000, 0x000000008db00000|  0%| F|  |TAMS 0x000000008da00000, 0x000000008da00000| Untracked 
| 219|0x000000008db00000, 0x000000008db00000, 0x000000008dc00000|  0%| F|  |TAMS 0x000000008db00000, 0x000000008db00000| Untracked 

Card table byte_map: [0x000002c2fb430000,0x000002c2fb830000] _byte_map_base: 0x000002c2fb030000

Marking Bits (Prev, Next): (CMBitMap*) 0x000002c2f31e9380, (CMBitMap*) 0x000002c2f31e9340
 Prev Bits: [0x000002c2fdc30000, 0x000002c2ffc30000)
 Next Bits: [0x000002c2fbc30000, 0x000002c2fdc30000)

Polling page: 0x000002c2f10f0000

Metaspace:

Usage:
  Non-class:     62.26 MB used.
      Class:     10.37 MB used.
       Both:     72.63 MB used.

Virtual space:
  Non-class space:       64.00 MB reserved,      62.69 MB ( 98%) committed,  1 nodes.
      Class space:        1.00 GB reserved,      10.69 MB (  1%) committed,  1 nodes.
             Both:        1.06 GB reserved,      73.38 MB (  7%) committed. 

Chunk freelists:
   Non-Class:  1.11 MB
       Class:  5.31 MB
        Both:  6.42 MB

MaxMetaspaceSize: unlimited
CompressedClassSpaceSize: 1.00 GB
Initial GC threshold: 21.00 MB
Current GC threshold: 110.56 MB
CDS: on
MetaspaceReclaimPolicy: balanced
 - commit_granule_bytes: 65536.
 - commit_granule_words: 8192.
 - virtual_space_node_default_size: 8388608.
 - enlarge_chunks_in_place: 1.
 - new_chunks_are_fully_committed: 0.
 - uncommit_free_chunks: 1.
 - use_allocation_guard: 0.
 - handle_deallocations: 1.


Internal statistics:

num_allocs_failed_limit: 3.
num_arena_births: 998.
num_arena_deaths: 0.
num_vsnodes_births: 2.
num_vsnodes_deaths: 0.
num_space_committed: 1174.
num_space_uncommitted: 0.
num_chunks_returned_to_freelist: 3.
num_chunks_taken_from_freelist: 4087.
num_chunk_merges: 3.
num_chunk_splits: 2717.
num_chunks_enlarged: 1844.
num_inconsistent_stats: 0.

CodeHeap 'non-profiled nmethods': size=120000Kb used=4606Kb max_used=4606Kb free=115393Kb
 bounds [0x000002c287ad0000, 0x000002c287f50000, 0x000002c28f000000]
CodeHeap 'profiled nmethods': size=120000Kb used=16457Kb max_used=16457Kb free=103542Kb
 bounds [0x000002c280000000, 0x000002c281020000, 0x000002c287530000]
CodeHeap 'non-nmethods': size=5760Kb used=2377Kb max_used=2507Kb free=3382Kb
 bounds [0x000002c287530000, 0x000002c2877c0000, 0x000002c287ad0000]
 total_blobs=9211 nmethods=8309 adapters=814
 compilation: enabled
              stopped_count=0, restarted_count=0
 full_count=0

Compilation events (20 events):
Event: 17.536 Thread 0x000002c29171e340 nmethod 9083 0x000002c28100fc10 code [0x000002c28100fde0, 0x000002c281010218]
Event: 17.536 Thread 0x000002c29171e340 9082       3       java.util.ArrayList::hashCode (22 bytes)
Event: 17.537 Thread 0x000002c29171e340 nmethod 9082 0x000002c281010410 code [0x000002c2810105e0, 0x000002c281010938]
Event: 17.551 Thread 0x000002c29171e340 9084 %     3       java.lang.StringUTF16::inflate @ 10 (42 bytes)
Event: 17.551 Thread 0x000002c29171e340 nmethod 9084% 0x000002c281010a90 code [0x000002c281010c60, 0x000002c281011008]
Event: 17.553 Thread 0x000002c2da092010 nmethod 9064 0x000002c287f4bd90 code [0x000002c287f4bf40, 0x000002c287f4d618]
Event: 17.553 Thread 0x000002c2da092010 9062       4       java.util.TreeMap::getEntry (77 bytes)
Event: 17.554 Thread 0x000002c29171e340 9085 %     3       java.lang.StringUTF16::putChars @ 0 (24 bytes)
Event: 17.554 Thread 0x000002c29171e340 nmethod 9085% 0x000002c281011210 code [0x000002c2810113c0, 0x000002c2810115f8]
Event: 17.557 Thread 0x000002c29171e340 9086 %     3       java.lang.StringUTF16::compress @ 10 (59 bytes)
Event: 17.558 Thread 0x000002c29171e340 nmethod 9086% 0x000002c281011710 code [0x000002c2810118e0, 0x000002c281011ce8]
Event: 17.558 Thread 0x000002c29171e340 9087       3       java.lang.StringUTF16::compress (59 bytes)
Event: 17.558 Thread 0x000002c2da092010 nmethod 9062 0x000002c287f4dc90 code [0x000002c287f4de40, 0x000002c287f4e388]
Event: 17.558 Thread 0x000002c29171e340 nmethod 9087 0x000002c281011f10 code [0x000002c2810120e0, 0x000002c281012428]
Event: 17.558 Thread 0x000002c2da092010 9081       4       com.google.common.collect.ImmutableList::copyOf (44 bytes)
Event: 17.566 Thread 0x000002c2da092010 nmethod 9081 0x000002c287f4e610 code [0x000002c287f4e7e0, 0x000002c287f4ed78]
Event: 17.566 Thread 0x000002c2da092010 9088 %     4       java.lang.StringUTF16::compress @ 10 (59 bytes)
Event: 17.571 Thread 0x000002c2da092010 nmethod 9088% 0x000002c287f4f110 code [0x000002c287f4f2a0, 0x000002c287f4f5d8]
Event: 17.571 Thread 0x000002c2da092010 9060       4       kotlin.jvm.internal.Intrinsics::areEqual (22 bytes)
Event: 17.572 Thread 0x000002c2da092010 nmethod 9060 0x000002c287f4f710 code [0x000002c287f4f8a0, 0x000002c287f4f938]

GC Heap History (20 events):
Event: 12.231 GC heap after
{Heap after GC invocations=34 (full 0):
 garbage-first heap   total 199680K, used 95367K [0x0000000080000000, 0x0000000100000000)
  region size 1024K, 6 young (6144K), 6 survivors (6144K)
 Metaspace       used 52959K, committed 53696K, reserved 1114112K
  class space    used 7424K, committed 7808K, reserved 1048576K
}
Event: 13.397 GC heap before
{Heap before GC invocations=34 (full 0):
 garbage-first heap   total 199680K, used 158855K [0x0000000080000000, 0x0000000100000000)
  region size 1024K, 69 young (70656K), 6 survivors (6144K)
 Metaspace       used 56090K, committed 56832K, reserved 1114112K
  class space    used 7859K, committed 8192K, reserved 1048576K
}
Event: 13.408 GC heap after
{Heap after GC invocations=35 (full 0):
 garbage-first heap   total 199680K, used 101400K [0x0000000080000000, 0x0000000100000000)
  region size 1024K, 9 young (9216K), 9 survivors (9216K)
 Metaspace       used 56090K, committed 56832K, reserved 1114112K
  class space    used 7859K, committed 8192K, reserved 1048576K
}
Event: 13.771 GC heap before
{Heap before GC invocations=36 (full 0):
 garbage-first heap   total 199680K, used 159768K [0x0000000080000000, 0x0000000100000000)
  region size 1024K, 67 young (68608K), 9 survivors (9216K)
 Metaspace       used 56423K, committed 57152K, reserved 1114112K
  class space    used 7866K, committed 8192K, reserved 1048576K
}
Event: 13.781 GC heap after
{Heap after GC invocations=37 (full 0):
 garbage-first heap   total 199680K, used 104415K [0x0000000080000000, 0x0000000100000000)
  region size 1024K, 5 young (5120K), 5 survivors (5120K)
 Metaspace       used 56423K, committed 57152K, reserved 1114112K
  class space    used 7866K, committed 8192K, reserved 1048576K
}
Event: 13.803 GC heap before
{Heap before GC invocations=37 (full 0):
 garbage-first heap   total 199680K, used 107487K [0x0000000080000000, 0x0000000100000000)
  region size 1024K, 9 young (9216K), 5 survivors (5120K)
 Metaspace       used 56424K, committed 57152K, reserved 1114112K
  class space    used 7866K, committed 8192K, reserved 1048576K
}
Event: 13.806 GC heap after
{Heap after GC invocations=38 (full 0):
 garbage-first heap   total 199680K, used 104369K [0x0000000080000000, 0x0000000100000000)
  region size 1024K, 1 young (1024K), 1 survivors (1024K)
 Metaspace       used 56424K, committed 57152K, reserved 1114112K
  class space    used 7866K, committed 8192K, reserved 1048576K
}
Event: 14.121 GC heap before
{Heap before GC invocations=38 (full 0):
 garbage-first heap   total 199680K, used 155569K [0x0000000080000000, 0x0000000100000000)
  region size 1024K, 52 young (53248K), 1 survivors (1024K)
 Metaspace       used 57092K, committed 57856K, reserved 1114112K
  class space    used 7946K, committed 8320K, reserved 1048576K
}
Event: 14.125 GC heap after
{Heap after GC invocations=39 (full 0):
 garbage-first heap   total 199680K, used 107433K [0x0000000080000000, 0x0000000100000000)
  region size 1024K, 4 young (4096K), 4 survivors (4096K)
 Metaspace       used 57092K, committed 57856K, reserved 1114112K
  class space    used 7946K, committed 8320K, reserved 1048576K
}
Event: 15.605 GC heap before
{Heap before GC invocations=40 (full 0):
 garbage-first heap   total 199680K, used 177065K [0x0000000080000000, 0x0000000100000000)
  region size 1024K, 59 young (60416K), 4 survivors (4096K)
 Metaspace       used 63035K, committed 63808K, reserved 1114112K
  class space    used 9168K, committed 9536K, reserved 1048576K
}
Event: 15.614 GC heap after
{Heap after GC invocations=41 (full 0):
 garbage-first heap   total 199680K, used 128904K [0x0000000080000000, 0x0000000100000000)
  region size 1024K, 8 young (8192K), 8 survivors (8192K)
 Metaspace       used 63035K, committed 63808K, reserved 1114112K
  class space    used 9168K, committed 9536K, reserved 1048576K
}
Event: 15.641 GC heap before
{Heap before GC invocations=41 (full 0):
 garbage-first heap   total 199680K, used 130952K [0x0000000080000000, 0x0000000100000000)
  region size 1024K, 9 young (9216K), 8 survivors (8192K)
 Metaspace       used 63082K, committed 63808K, reserved 1114112K
  class space    used 9174K, committed 9536K, reserved 1048576K
}
Event: 15.647 GC heap after
{Heap after GC invocations=42 (full 0):
 garbage-first heap   total 199680K, used 128922K [0x0000000080000000, 0x0000000100000000)
  region size 1024K, 1 young (1024K), 1 survivors (1024K)
 Metaspace       used 63082K, committed 63808K, reserved 1114112K
  class space    used 9174K, committed 9536K, reserved 1048576K
}
Event: 16.221 GC heap before
{Heap before GC invocations=42 (full 0):
 garbage-first heap   total 199680K, used 167834K [0x0000000080000000, 0x0000000100000000)
  region size 1024K, 39 young (39936K), 1 survivors (1024K)
 Metaspace       used 66645K, committed 67392K, reserved 1114112K
  class space    used 9588K, committed 9920K, reserved 1048576K
}
Event: 16.226 GC heap after
{Heap after GC invocations=43 (full 0):
 garbage-first heap   total 199680K, used 129626K [0x0000000080000000, 0x0000000100000000)
  region size 1024K, 2 young (2048K), 2 survivors (2048K)
 Metaspace       used 66645K, committed 67392K, reserved 1114112K
  class space    used 9588K, committed 9920K, reserved 1048576K
}
Event: 16.886 GC heap before
{Heap before GC invocations=44 (full 0):
 garbage-first heap   total 225280K, used 173658K [0x0000000080000000, 0x0000000100000000)
  region size 1024K, 41 young (41984K), 2 survivors (2048K)
 Metaspace       used 70567K, committed 71360K, reserved 1114112K
  class space    used 10133K, committed 10496K, reserved 1048576K
}
Event: 16.890 GC heap after
{Heap after GC invocations=45 (full 0):
 garbage-first heap   total 225280K, used 136569K [0x0000000080000000, 0x0000000100000000)
  region size 1024K, 6 young (6144K), 6 survivors (6144K)
 Metaspace       used 70567K, committed 71360K, reserved 1114112K
  class space    used 10133K, committed 10496K, reserved 1048576K
}
Event: 16.898 GC heap before
{Heap before GC invocations=45 (full 0):
 garbage-first heap   total 225280K, used 141689K [0x0000000080000000, 0x0000000100000000)
  region size 1024K, 11 young (11264K), 6 survivors (6144K)
 Metaspace       used 70567K, committed 71360K, reserved 1114112K
  class space    used 10133K, committed 10496K, reserved 1048576K
}
Event: 16.903 GC heap after
{Heap after GC invocations=46 (full 0):
 garbage-first heap   total 225280K, used 138202K [0x0000000080000000, 0x0000000100000000)
  region size 1024K, 2 young (2048K), 2 survivors (2048K)
 Metaspace       used 70567K, committed 71360K, reserved 1114112K
  class space    used 10133K, committed 10496K, reserved 1048576K
}
Event: 17.576 GC heap before
{Heap before GC invocations=46 (full 0):
 garbage-first heap   total 225280K, used 189402K [0x0000000080000000, 0x0000000100000000)
  region size 1024K, 51 young (52224K), 2 survivors (2048K)
 Metaspace       used 74372K, committed 75136K, reserved 1114112K
  class space    used 10622K, committed 10944K, reserved 1048576K
}

Dll operation events (15 events):
Event: 0.016 Loaded shared library C:\Program Files\Eclipse Adoptium\jdk-17.0.18.8-hotspot\bin\java.dll
Event: 0.039 Loaded shared library C:\Program Files\Eclipse Adoptium\jdk-17.0.18.8-hotspot\bin\jsvml.dll
Event: 0.106 Loaded shared library C:\Program Files\Eclipse Adoptium\jdk-17.0.18.8-hotspot\bin\zip.dll
Event: 0.110 Loaded shared library C:\Program Files\Eclipse Adoptium\jdk-17.0.18.8-hotspot\bin\instrument.dll
Event: 0.119 Loaded shared library C:\Program Files\Eclipse Adoptium\jdk-17.0.18.8-hotspot\bin\net.dll
Event: 0.123 Loaded shared library C:\Program Files\Eclipse Adoptium\jdk-17.0.18.8-hotspot\bin\nio.dll
Event: 0.126 Loaded shared library C:\Program Files\Eclipse Adoptium\jdk-17.0.18.8-hotspot\bin\zip.dll
Event: 0.488 Loaded shared library C:\Program Files\Eclipse Adoptium\jdk-17.0.18.8-hotspot\bin\jimage.dll
Event: 0.743 Loaded shared library C:\Program Files\Eclipse Adoptium\jdk-17.0.18.8-hotspot\bin\verify.dll
Event: 1.035 Loaded shared library C:\Users\Administrator\.gradle\native\1def1411415f61bf3af743bc5b6707747c0891f09f0c88961ee8f79bc544acac\windows-amd64\native-platform.dll
Event: 1.064 Loaded shared library C:\Users\Administrator\.gradle\native\0.2.7\x86_64-windows-gnu\gradle-fileevents.dll
Event: 3.039 Loaded shared library C:\Program Files\Eclipse Adoptium\jdk-17.0.18.8-hotspot\bin\management.dll
Event: 3.045 Loaded shared library C:\Program Files\Eclipse Adoptium\jdk-17.0.18.8-hotspot\bin\management_ext.dll
Event: 3.423 Loaded shared library C:\Program Files\Eclipse Adoptium\jdk-17.0.18.8-hotspot\bin\extnet.dll
Event: 3.669 Loaded shared library C:\Program Files\Eclipse Adoptium\jdk-17.0.18.8-hotspot\bin\sunmscapi.dll

Deoptimization events (20 events):
Event: 17.505 Thread 0x000002c2d8dacec0 DEOPT PACKING pc=0x000002c287ea7fa4 sp=0x000000c94b3f59c0
Event: 17.505 Thread 0x000002c2d8dacec0 DEOPT UNPACKING pc=0x000002c2875869a3 sp=0x000000c94b3f5980 mode 2
Event: 17.506 Thread 0x000002c2d8dacec0 DEOPT PACKING pc=0x000002c280dc42a9 sp=0x000000c94b3f4a00
Event: 17.506 Thread 0x000002c2d8dacec0 DEOPT UNPACKING pc=0x000002c287587143 sp=0x000000c94b3f3f10 mode 0
Event: 17.548 Thread 0x000002c2d8dacec0 Uncommon trap: trap_request=0xffffff45 fr.pc=0x000002c287c51c48 relative=0x00000000000002a8
Event: 17.548 Thread 0x000002c2d8dacec0 Uncommon trap: reason=unstable_if action=reinterpret pc=0x000002c287c51c48 method=java.lang.AbstractStringBuilder.appendChars([CII)V @ 43 c2
Event: 17.548 Thread 0x000002c2d8dacec0 DEOPT PACKING pc=0x000002c287c51c48 sp=0x000000c94b3f4f20
Event: 17.548 Thread 0x000002c2d8dacec0 DEOPT UNPACKING pc=0x000002c2875869a3 sp=0x000000c94b3f4e98 mode 2
Event: 17.558 Thread 0x000002c2d8dacec0 Uncommon trap: trap_request=0xffffff45 fr.pc=0x000002c287d84a2c relative=0x000000000000028c
Event: 17.558 Thread 0x000002c2d8dacec0 Uncommon trap: reason=unstable_if action=reinterpret pc=0x000002c287d84a2c method=java.lang.String.indexOf([BBILjava/lang/String;I)I @ 62 c2
Event: 17.558 Thread 0x000002c2d8dacec0 DEOPT PACKING pc=0x000002c287d84a2c sp=0x000000c94b3f5190
Event: 17.558 Thread 0x000002c2d8dacec0 DEOPT UNPACKING pc=0x000002c2875869a3 sp=0x000000c94b3f50a0 mode 2
Event: 17.559 Thread 0x000002c2d8dacec0 Uncommon trap: trap_request=0xffffff45 fr.pc=0x000002c287b7a1d0 relative=0x0000000000000490
Event: 17.559 Thread 0x000002c2d8dacec0 Uncommon trap: reason=unstable_if action=reinterpret pc=0x000002c287b7a1d0 method=java.lang.String.substring(II)Ljava/lang/String; @ 31 c2
Event: 17.559 Thread 0x000002c2d8dacec0 DEOPT PACKING pc=0x000002c287b7a1d0 sp=0x000000c94b3f5260
Event: 17.559 Thread 0x000002c2d8dacec0 DEOPT UNPACKING pc=0x000002c2875869a3 sp=0x000000c94b3f5230 mode 2
Event: 17.559 Thread 0x000002c2d8dacec0 Uncommon trap: trap_request=0xffffff45 fr.pc=0x000002c287bd0e08 relative=0x0000000000000468
Event: 17.559 Thread 0x000002c2d8dacec0 Uncommon trap: reason=unstable_if action=reinterpret pc=0x000002c287bd0e08 method=java.lang.String.substring(II)Ljava/lang/String; @ 31 c2
Event: 17.559 Thread 0x000002c2d8dacec0 DEOPT PACKING pc=0x000002c287bd0e08 sp=0x000000c94b3f5270
Event: 17.559 Thread 0x000002c2d8dacec0 DEOPT UNPACKING pc=0x000002c2875869a3 sp=0x000000c94b3f51d0 mode 2

Classes loaded (20 events):
Event: 16.861 Loading class java/util/Base64$Decoder
Event: 16.862 Loading class java/util/Base64$Decoder done
Event: 16.862 Loading class java/util/Base64$Encoder
Event: 16.862 Loading class java/util/Base64$Encoder done
Event: 16.863 Loading class java/util/jar/JarVerifier$VerifierStream
Event: 16.863 Loading class java/util/jar/JarVerifier$VerifierStream done
Event: 16.863 Loading class sun/security/util/ManifestEntryVerifier$SunProviderHolder
Event: 16.863 Loading class sun/security/util/ManifestEntryVerifier$SunProviderHolder done
Event: 16.925 Loading class java/security/KeyStore$ProtectionParameter
Event: 16.926 Loading class java/security/KeyStore$ProtectionParameter done
Event: 17.347 Loading class java/security/KeyStore
Event: 17.348 Loading class java/security/KeyStore done
Event: 17.348 Loading class java/security/KeyStore$1
Event: 17.348 Loading class java/security/KeyStore$1 done
Event: 17.484 Loading class javax/xml/stream/XMLStreamException
Event: 17.485 Loading class javax/xml/stream/XMLStreamException done
Event: 17.502 Loading class sun/reflect/annotation/AnnotationInvocationHandler$1
Event: 17.502 Loading class sun/reflect/annotation/AnnotationInvocationHandler$1 done
Event: 17.515 Loading class java/lang/StackTraceElement$HashedModules
Event: 17.515 Loading class java/lang/StackTraceElement$HashedModules done

Classes unloaded (0 events):
No events

Classes redefined (0 events):
No events

Internal exceptions (20 events):
Event: 12.015 Thread 0x000002c2d8dacec0 Exception <a 'java/lang/ClassNotFoundException'{0x0000000088385dd8}: org/gradle/api/invocation/GradleBeanInfo> (0x0000000088385dd8) 
thrown [s\src\hotspot\share\classfile\systemDictionary.cpp, line 256]
Event: 12.016 Thread 0x000002c2d8dacec0 Exception <a 'java/lang/ClassNotFoundException'{0x00000000883945b8}: org/gradle/api/invocation/GradleCustomizer> (0x00000000883945b8) 
thrown [s\src\hotspot\share\classfile\systemDictionary.cpp, line 256]
Event: 12.044 Thread 0x000002c2d8dacec0 Exception <a 'java/lang/ClassNotFoundException'{0x000000008810bee0}: org/gradle/api/internal/project/DefaultProject_DecoratedBeanInfo> (0x000000008810bee0) 
thrown [s\src\hotspot\share\classfile\systemDictionary.cpp, line 256]
Event: 12.045 Thread 0x000002c2d8dacec0 Exception <a 'java/lang/ClassNotFoundException'{0x0000000088119b78}: org/gradle/api/internal/project/DefaultProjectBeanInfo> (0x0000000088119b78) 
thrown [s\src\hotspot\share\classfile\systemDictionary.cpp, line 256]
Event: 12.045 Thread 0x000002c2d8dacec0 Exception <a 'java/lang/ClassNotFoundException'{0x0000000088127378}: org/gradle/api/internal/project/DefaultProjectCustomizer> (0x0000000088127378) 
thrown [s\src\hotspot\share\classfile\systemDictionary.cpp, line 256]
Event: 12.053 Thread 0x000002c2d8dacec0 Exception <a 'java/lang/ClassNotFoundException'{0x00000000881e3e90}: org/gradle/api/internal/project/DefaultProject_DecoratedCustomizer> (0x00000000881e3e90) 
thrown [s\src\hotspot\share\classfile\systemDictionary.cpp, line 256]
Event: 12.287 Thread 0x000002c2d8dacec0 Exception <a 'java/lang/NoSuchMethodError'{0x000000008c0090c0}: 'long java.lang.invoke.DirectMethodHandle$Holder.invokeStatic(java.lang.Object, long)'> (0x000000008c0090c0) 
thrown [s\src\hotspot\share\interpreter\linkResolver.cpp, line 759]
Event: 12.545 Thread 0x000002c2d8dacec0 Exception <a 'java/lang/NoSuchMethodError'{0x000000008b21aa60}: 'int java.lang.invoke.DirectMethodHandle$Holder.invokeSpecialIFC(java.lang.Object, java.lang.Object, java.lang.Object)'> (0x000000008b21aa60) 
thrown [s\src\hotspot\share\interpreter\linkResolver.cpp, line 759]
Event: 13.107 Thread 0x000002c2d8dacec0 Exception <a 'java/lang/IncompatibleClassChangeError'{0x000000008a26c878}: Found class java.lang.Object, but interface was expected> (0x000000008a26c878) 
thrown [s\src\hotspot\share\interpreter\linkResolver.cpp, line 826]
Event: 13.135 Thread 0x000002c2d8dacec0 Exception <a 'java/lang/NoSuchMethodError'{0x000000008a2d1fb0}: 'void java.lang.invoke.DirectMethodHandle$Holder.invokeStatic(java.lang.Object, java.lang.Object, java.lang.Object, int, java.lang.Object)'> (0x000000008a2d1fb0) 
thrown [s\src\hotspot\share\interpreter\linkResolver.cpp, line 759]
Event: 13.188 Thread 0x000002c2d8dacec0 Implicit null exception at 0x000002c287dd766f to 0x000002c287dd78cc
Event: 14.502 Thread 0x000002c2d8dacec0 Exception <a 'java/lang/IncompatibleClassChangeError'{0x000000008b82d418}: Found class java.lang.Object, but interface was expected> (0x000000008b82d418) 
thrown [s\src\hotspot\share\interpreter\linkResolver.cpp, line 826]
Event: 14.520 Thread 0x000002c2d8dacec0 Exception <a 'java/lang/NoSuchMethodError'{0x000000008b70a7a0}: 'void java.lang.invoke.DirectMethodHandle$Holder.invokeVirtual(java.lang.Object, java.lang.Object)'> (0x000000008b70a7a0) 
thrown [s\src\hotspot\share\interpreter\linkResolver.cpp, line 759]
Event: 14.561 Thread 0x000002c2d8dacec0 Exception <a 'java/lang/NoSuchMethodError'{0x000000008b523a50}: 'java.lang.Object java.lang.invoke.DirectMethodHandle$Holder.invokeStaticInit(java.lang.Object, int)'> (0x000000008b523a50) 
thrown [s\src\hotspot\share\interpreter\linkResolver.cpp, line 759]
Event: 15.163 Thread 0x000002c2d8dacec0 Exception <a 'java/lang/NoSuchMethodError'{0x000000008a078580}: 'void java.lang.invoke.DirectMethodHandle$Holder.invokeStaticInit(java.lang.Object, java.lang.Object, java.lang.Object, java.lang.Object, java.lang.Object, java.lang.Object, java.lang.Object, int)'> (0x000000008a078580) 
thrown [s\src\hotspot\share\interpreter\linkResolver.cpp, line 759]
Event: 15.222 Thread 0x000002c2d8dacec0 Exception <a 'sun/nio/fs/WindowsException'{0x0000000089edf338}> (0x0000000089edf338) 
thrown [s\src\hotspot\share\prims\jni.cpp, line 516]
Event: 15.223 Thread 0x000002c2d8dacec0 Exception <a 'sun/nio/fs/WindowsException'{0x0000000089ee0fa0}> (0x0000000089ee0fa0) 
thrown [s\src\hotspot\share\prims\jni.cpp, line 516]
Event: 15.243 Thread 0x000002c2d8dacec0 Exception <a 'sun/nio/fs/WindowsException'{0x0000000089dd7960}> (0x0000000089dd7960) 
thrown [s\src\hotspot\share\prims\jni.cpp, line 516]
Event: 15.306 Thread 0x000002c2d8dacec0 Implicit null exception at 0x000002c287dccc0f to 0x000002c287dcd2c0
Event: 16.804 Thread 0x000002c2d8dacec0 Implicit null exception at 0x000002c287d2672c to 0x000002c287d26862

VM Operations (20 events):
Event: 15.614 Executing VM operation: G1CollectForAllocation done
Event: 15.641 Executing VM operation: G1CollectForAllocation
Event: 15.647 Executing VM operation: G1CollectForAllocation done
Event: 16.221 Executing VM operation: G1CollectForAllocation
Event: 16.226 Executing VM operation: G1CollectForAllocation done
Event: 16.321 Executing VM operation: G1PauseRemark
Event: 16.324 Executing VM operation: G1PauseRemark done
Event: 16.343 Executing VM operation: G1PauseCleanup
Event: 16.343 Executing VM operation: G1PauseCleanup done
Event: 16.584 Executing VM operation: HandshakeAllThreads
Event: 16.585 Executing VM operation: HandshakeAllThreads done
Event: 16.762 Executing VM operation: HandshakeAllThreads
Event: 16.762 Executing VM operation: HandshakeAllThreads done
Event: 16.817 Executing VM operation: HandshakeAllThreads
Event: 16.817 Executing VM operation: HandshakeAllThreads done
Event: 16.886 Executing VM operation: G1CollectForAllocation
Event: 16.890 Executing VM operation: G1CollectForAllocation done
Event: 16.898 Executing VM operation: G1CollectForAllocation
Event: 16.903 Executing VM operation: G1CollectForAllocation done
Event: 17.576 Executing VM operation: G1CollectForAllocation

Memory protections (0 events):
No events

Nmethod flushes (20 events):
Event: 9.918 Thread 0x000002c291749530 flushing  nmethod 0x000002c28079da90
Event: 9.918 Thread 0x000002c291749530 flushing  nmethod 0x000002c2807bff90
Event: 9.918 Thread 0x000002c291749530 flushing  nmethod 0x000002c2807c3810
Event: 9.918 Thread 0x000002c291749530 flushing  nmethod 0x000002c2807cc090
Event: 9.918 Thread 0x000002c291749530 flushing  nmethod 0x000002c2807ccc10
Event: 9.918 Thread 0x000002c291749530 flushing  nmethod 0x000002c2807cd410
Event: 9.918 Thread 0x000002c291749530 flushing  nmethod 0x000002c2807ce210
Event: 9.918 Thread 0x000002c291749530 flushing  nmethod 0x000002c2807cf390
Event: 9.918 Thread 0x000002c291749530 flushing  nmethod 0x000002c2807d8710
Event: 9.918 Thread 0x000002c291749530 flushing  nmethod 0x000002c2807da210
Event: 9.918 Thread 0x000002c291749530 flushing  nmethod 0x000002c2807f1090
Event: 9.918 Thread 0x000002c291749530 flushing  nmethod 0x000002c28080fd10
Event: 9.918 Thread 0x000002c291749530 flushing  nmethod 0x000002c280823890
Event: 9.918 Thread 0x000002c291749530 flushing  nmethod 0x000002c280846a10
Event: 9.919 Thread 0x000002c291749530 flushing  nmethod 0x000002c2808caa10
Event: 9.919 Thread 0x000002c291749530 flushing  nmethod 0x000002c2808d0c90
Event: 9.919 Thread 0x000002c291749530 flushing  nmethod 0x000002c2808e3610
Event: 9.919 Thread 0x000002c291749530 flushing  nmethod 0x000002c280924610
Event: 14.495 Thread 0x000002c291749530 flushing  nmethod 0x000002c287c17d10
Event: 14.495 Thread 0x000002c291749530 flushing  nmethod 0x000002c287c8bf90

Events (20 events):
Event: 13.170 Thread 0x000002c2d8dacec0 Thread added: 0x000002c2da72d3f0
Event: 13.170 Thread 0x000002c2d8dacec0 Thread added: 0x000002c2da72c9d0
Event: 13.170 Thread 0x000002c2d8dacec0 Thread added: 0x000002c2da72de10
Event: 13.238 Thread 0x000002c2d8dacec0 Thread added: 0x000002c2d9bc1cd0
Event: 13.239 Thread 0x000002c2d8dacec0 Thread added: 0x000002c2d7fbf220
Event: 13.240 Thread 0x000002c2d8dacec0 Thread added: 0x000002c2d7fc0740
Event: 13.241 Thread 0x000002c2d8dacec0 Thread added: 0x000002c2d7fc0c50
Event: 13.243 Thread 0x000002c2d8dacec0 Thread added: 0x000002c2d7fb9ff0
Event: 13.245 Thread 0x000002c2d8dacec0 Thread added: 0x000002c2da221fc0
Event: 13.247 Thread 0x000002c2d8dacec0 Thread added: 0x000002c2da221090
Event: 13.459 Thread 0x000002c2d8dacec0 Thread added: 0x000002c2d7fbf730
Event: 13.460 Thread 0x000002c2d8dacec0 Thread added: 0x000002c2d7fbfc40
Event: 13.463 Thread 0x000002c2d8dacec0 Thread added: 0x000002c2d7fb4f30
Event: 13.463 Thread 0x000002c2d8dacec0 Thread added: 0x000002c2d7fb5950
Event: 13.465 Thread 0x000002c2d8dacec0 Thread added: 0x000002c2d7fb4000
Event: 13.466 Thread 0x000002c2d8dacec0 Thread added: 0x000002c2d7fb72a0
Event: 13.467 Thread 0x000002c2d8dacec0 Thread added: 0x000002c2d7fb6880
Event: 14.364 Thread 0x000002c2da091ac0 Thread exited: 0x000002c2da091ac0
Event: 15.222 Thread 0x000002c29170bb20 Thread added: 0x000002c2da092010
Event: 16.618 Thread 0x000002c2d8dacec0 Thread added: 0x000002c291ba0230


Dynamic libraries:
0x00007ff6781e0000 - 0x00007ff6781ee000 	C:\Program Files\Eclipse Adoptium\jdk-17.0.18.8-hotspot\bin\java.exe
0x00007fffdf610000 - 0x00007fffdf828000 	C:\Windows\SYSTEM32\ntdll.dll
0x00007fffdeaf0000 - 0x00007fffdebb4000 	C:\Windows\System32\KERNEL32.DLL
0x00007fffdcb20000 - 0x00007fffdcef3000 	C:\Windows\System32\KERNELBASE.dll
0x00007fffdd110000 - 0x00007fffdd221000 	C:\Windows\System32\ucrtbase.dll
0x00007fffd9010000 - 0x00007fffd902e000 	C:\Program Files\Eclipse Adoptium\jdk-17.0.18.8-hotspot\bin\VCRUNTIME140.dll
0x00007fffc3820000 - 0x00007fffc3838000 	C:\Program Files\Eclipse Adoptium\jdk-17.0.18.8-hotspot\bin\jli.dll
0x00007fffdf3d0000 - 0x00007fffdf582000 	C:\Windows\System32\USER32.dll
0x00007fffc5e10000 - 0x00007fffc60ac000 	C:\Windows\WinSxS\amd64_microsoft.windows.common-controls_6595b64144ccf1df_6.0.22621.6060_none_2712eda17382d24b\COMCTL32.dll
0x00007fffdc7e0000 - 0x00007fffdc806000 	C:\Windows\System32\win32u.dll
0x00007fffdebc0000 - 0x00007fffdec67000 	C:\Windows\System32\msvcrt.dll
0x00007fffde900000 - 0x00007fffde929000 	C:\Windows\System32\GDI32.dll
0x00007fffdca00000 - 0x00007fffdcb1b000 	C:\Windows\System32\gdi32full.dll
0x00007fffdd070000 - 0x00007fffdd10a000 	C:\Windows\System32\msvcp_win.dll
0x00007fffdf590000 - 0x00007fffdf5c1000 	C:\Windows\System32\IMM32.DLL
0x00007fffd9140000 - 0x00007fffd914c000 	C:\Program Files\Eclipse Adoptium\jdk-17.0.18.8-hotspot\bin\vcruntime140_1.dll
0x00007fff9e500000 - 0x00007fff9e58d000 	C:\Program Files\Eclipse Adoptium\jdk-17.0.18.8-hotspot\bin\msvcp140.dll
0x00007ffedd4b0000 - 0x00007ffede11b000 	C:\Program Files\Eclipse Adoptium\jdk-17.0.18.8-hotspot\bin\server\jvm.dll
0x00007fffde5e0000 - 0x00007fffde691000 	C:\Windows\System32\ADVAPI32.dll
0x00007fffde2a0000 - 0x00007fffde348000 	C:\Windows\System32\sechost.dll
0x00007fffdc810000 - 0x00007fffdc838000 	C:\Windows\System32\bcrypt.dll
0x00007fffdf230000 - 0x00007fffdf348000 	C:\Windows\System32\RPCRT4.dll
0x00007fffde560000 - 0x00007fffde5d1000 	C:\Windows\System32\WS2_32.dll
0x00007fffdc5f0000 - 0x00007fffdc63d000 	C:\Windows\SYSTEM32\POWRPROF.dll
0x00007fffd78a0000 - 0x00007fffd78d4000 	C:\Windows\SYSTEM32\WINMM.dll
0x00007fffd8960000 - 0x00007fffd896a000 	C:\Windows\SYSTEM32\VERSION.dll
0x00007fffdc5d0000 - 0x00007fffdc5e3000 	C:\Windows\SYSTEM32\UMPDC.dll
0x00007fffdb6c0000 - 0x00007fffdb6d8000 	C:\Windows\SYSTEM32\kernel.appcore.dll
0x00007fffd90e0000 - 0x00007fffd90ea000 	C:\Program Files\Eclipse Adoptium\jdk-17.0.18.8-hotspot\bin\jimage.dll
0x00007fffda030000 - 0x00007fffda263000 	C:\Windows\SYSTEM32\DBGHELP.DLL
0x00007fffded50000 - 0x00007fffdf0e1000 	C:\Windows\System32\combase.dll
0x00007fffdec70000 - 0x00007fffded48000 	C:\Windows\System32\OLEAUT32.dll
0x00007fffc6a50000 - 0x00007fffc6a82000 	C:\Windows\SYSTEM32\dbgcore.DLL
0x00007fffdc840000 - 0x00007fffdc8bb000 	C:\Windows\System32\bcryptPrimitives.dll
0x00007fffd9000000 - 0x00007fffd900e000 	C:\Program Files\Eclipse Adoptium\jdk-17.0.18.8-hotspot\bin\instrument.dll
0x00007fffbf190000 - 0x00007fffbf1b5000 	C:\Program Files\Eclipse Adoptium\jdk-17.0.18.8-hotspot\bin\java.dll
0x00007fff89e80000 - 0x00007fff89f57000 	C:\Program Files\Eclipse Adoptium\jdk-17.0.18.8-hotspot\bin\jsvml.dll
0x00007fffdd9d0000 - 0x00007fffde26c000 	C:\Windows\System32\SHELL32.dll
0x00007fffdc8c0000 - 0x00007fffdc9ff000 	C:\Windows\System32\wintypes.dll
0x00007fffda5d0000 - 0x00007fffdaeea000 	C:\Windows\SYSTEM32\windows.storage.dll
0x00007fffde750000 - 0x00007fffde854000 	C:\Windows\System32\SHCORE.dll
0x00007fffdd960000 - 0x00007fffdd9c9000 	C:\Windows\System32\shlwapi.dll
0x00007fffdc650000 - 0x00007fffdc675000 	C:\Windows\SYSTEM32\profapi.dll
0x00007fffb63e0000 - 0x00007fffb63f8000 	C:\Program Files\Eclipse Adoptium\jdk-17.0.18.8-hotspot\bin\zip.dll
0x00007fffb54a0000 - 0x00007fffb54ba000 	C:\Program Files\Eclipse Adoptium\jdk-17.0.18.8-hotspot\bin\net.dll
0x00007fffd7c90000 - 0x00007fffd7dbc000 	C:\Windows\SYSTEM32\WINHTTP.dll
0x00007fffdbb80000 - 0x00007fffdbbe9000 	C:\Windows\system32\mswsock.dll
0x00007fffacd70000 - 0x00007fffacd86000 	C:\Program Files\Eclipse Adoptium\jdk-17.0.18.8-hotspot\bin\nio.dll
0x00007fffd7bc0000 - 0x00007fffd7bd0000 	C:\Program Files\Eclipse Adoptium\jdk-17.0.18.8-hotspot\bin\verify.dll
0x00007fffa1eb0000 - 0x00007fffa1ed7000 	C:\Users\Administrator\.gradle\native\1def1411415f61bf3af743bc5b6707747c0891f09f0c88961ee8f79bc544acac\windows-amd64\native-platform.dll
0x00007fff9ae40000 - 0x00007fff9aeb8000 	C:\Users\Administrator\.gradle\native\0.2.7\x86_64-windows-gnu\gradle-fileevents.dll
0x00007fffd5e00000 - 0x00007fffd5e0a000 	C:\Program Files\Eclipse Adoptium\jdk-17.0.18.8-hotspot\bin\management.dll
0x00007fffc3810000 - 0x00007fffc381c000 	C:\Program Files\Eclipse Adoptium\jdk-17.0.18.8-hotspot\bin\management_ext.dll
0x00007fffde270000 - 0x00007fffde278000 	C:\Windows\System32\PSAPI.DLL
0x00007fffdb150000 - 0x00007fffdb17d000 	C:\Windows\SYSTEM32\IPHLPAPI.DLL
0x00007fffde860000 - 0x00007fffde869000 	C:\Windows\System32\NSI.dll
0x00007fffd6910000 - 0x00007fffd6929000 	C:\Windows\SYSTEM32\dhcpcsvc6.DLL
0x00007fffd67d0000 - 0x00007fffd67ef000 	C:\Windows\SYSTEM32\dhcpcsvc.DLL
0x00007fffdb1c0000 - 0x00007fffdb2b8000 	C:\Windows\SYSTEM32\DNSAPI.dll
0x00007fffbf180000 - 0x00007fffbf189000 	C:\Program Files\Eclipse Adoptium\jdk-17.0.18.8-hotspot\bin\extnet.dll
0x00007fffdbed0000 - 0x00007fffdbeeb000 	C:\Windows\SYSTEM32\CRYPTSP.dll
0x00007fffdb620000 - 0x00007fffdb657000 	C:\Windows\system32\rsaenh.dll
0x00007fffdbc20000 - 0x00007fffdbc48000 	C:\Windows\SYSTEM32\USERENV.dll
0x00007fffdbeb0000 - 0x00007fffdbebc000 	C:\Windows\SYSTEM32\CRYPTBASE.dll
0x00007fffba290000 - 0x00007fffba29e000 	C:\Program Files\Eclipse Adoptium\jdk-17.0.18.8-hotspot\bin\sunmscapi.dll
0x00007fffdcf00000 - 0x00007fffdd068000 	C:\Windows\System32\CRYPT32.dll
0x00007fffdbfd0000 - 0x00007fffdbffe000 	C:\Windows\SYSTEM32\ncrypt.dll
0x00007fffdbf90000 - 0x00007fffdbfc7000 	C:\Windows\SYSTEM32\NTASN1.dll
0x00007fff9a140000 - 0x00007fff9a148000 	C:\Windows\system32\wshunix.dll

dbghelp: loaded successfully - version: 4.0.5 - missing functions: none
symbol engine: initialized successfully - sym options: 0x614 - pdb path: .;C:\Program Files\Eclipse Adoptium\jdk-17.0.18.8-hotspot\bin;C:\Windows\SYSTEM32;C:\Windows\WinSxS\amd64_microsoft.windows.common-controls_6595b64144ccf1df_6.0.22621.6060_none_2712eda17382d24b;C:\Program Files\Eclipse Adoptium\jdk-17.0.18.8-hotspot\bin\server;C:\Users\Administrator\.gradle\native\1def1411415f61bf3af743bc5b6707747c0891f09f0c88961ee8f79bc544acac\windows-amd64;C:\Users\Administrator\.gradle\native\0.2.7\x86_64-windows-gnu

VM Arguments:
jvm_args: --add-opens=java.base/java.lang=ALL-UNNAMED --add-opens=java.base/java.lang.invoke=ALL-UNNAMED --add-opens=java.base/java.util=ALL-UNNAMED --add-opens=java.prefs/java.util.prefs=ALL-UNNAMED --add-exports=jdk.compiler/com.sun.tools.javac.api=ALL-UNNAMED --add-exports=jdk.compiler/com.sun.tools.javac.util=ALL-UNNAMED --add-opens=java.base/java.util=ALL-UNNAMED --add-opens=java.prefs/java.util.prefs=ALL-UNNAMED --add-opens=java.base/java.nio.charset=ALL-UNNAMED --add-opens=java.base/java.net=ALL-UNNAMED --add-opens=java.base/java.util.concurrent.atomic=ALL-UNNAMED --add-opens=java.xml/javax.xml.namespace=ALL-UNNAMED -Xmx2048m -Dfile.encoding=UTF-8 -Duser.country=US -Duser.language=en -Duser.variant -javaagent:C:\Users\Administrator\.gradle\wrapper\dists\gradle-8.13-bin\5xuhj0ry160q40clulazy9h7d\gradle-8.13\lib\agents\gradle-instrumentation-agent-8.13.jar 
java_command: org.gradle.launcher.daemon.bootstrap.GradleDaemon 8.13
java_class_path (initial): C:\Users\Administrator\.gradle\wrapper\dists\gradle-8.13-bin\5xuhj0ry160q40clulazy9h7d\gradle-8.13\lib\gradle-daemon-main-8.13.jar
Launcher Type: SUN_STANDARD

[Global flags]
     intx CICompilerCount                          = 4                                         {product} {ergonomic}
     uint ConcGCThreads                            = 2                                         {product} {ergonomic}
     uint G1ConcRefinementThreads                  = 8                                         {product} {ergonomic}
   size_t G1HeapRegionSize                         = 1048576                                   {product} {ergonomic}
    uintx GCDrainStackTargetSize                   = 64                                        {product} {ergonomic}
   size_t InitialHeapSize                          = 134217728                                 {product} {ergonomic}
   size_t MarkStackSize                            = 4194304                                   {product} {ergonomic}
   size_t MaxHeapSize                              = 2147483648                                {product} {command line}
   size_t MaxNewSize                               = 1287651328                                {product} {ergonomic}
   size_t MinHeapDeltaBytes                        = 1048576                                   {product} {ergonomic}
   size_t MinHeapSize                              = 8388608                                   {product} {ergonomic}
    uintx NonNMethodCodeHeapSize                   = 5839372                                {pd product} {ergonomic}
    uintx NonProfiledCodeHeapSize                  = 122909434                              {pd product} {ergonomic}
    uintx ProfiledCodeHeapSize                     = 122909434                              {pd product} {ergonomic}
    uintx ReservedCodeCacheSize                    = 251658240                              {pd product} {ergonomic}
     bool SegmentedCodeCache                       = true                                      {product} {ergonomic}
   size_t SoftMaxHeapSize                          = 2147483648                             {manageable} {ergonomic}
     bool UseCompressedClassPointers               = true                           {product lp64_product} {ergonomic}
     bool UseCompressedOops                        = true                           {product lp64_product} {ergonomic}
     bool UseG1GC                                  = true                                      {product} {ergonomic}
     bool UseLargePagesIndividualAllocation        = false                                  {pd product} {ergonomic}

Logging:
Log output configuration:
 #0: stdout all=warning uptime,level,tags
 #1: stderr all=off uptime,level,tags

Environment Variables:
PATH=C:\Program Files\Eclipse Adoptium\jdk-17.0.18.8-hotspot\bin;C:\Program Files\Microsoft MPI\Bin\;C:\Windows\system32;C:\Windows;C:\Windows\System32\Wbem;C:\Windows\System32\WindowsPowerShell\v1.0\;C:\Windows\System32\OpenSSH\;C:\Program Files\Git\cmd;C:\Program Files (x86)\Microsoft SQL Server\160\DTS\Binn\;C:\Program Files (x86)\Microsoft SQL Server\150\Tools\Binn\;C:\Program Files\Microsoft SQL Server\150\Tools\Binn\;C:\Program Files (x86)\Microsoft SQL Server\150\DTS\Binn\;C:\Program Files\Microsoft SQL Server\150\DTS\Binn\;C:\Program Files\Microsoft SQL Server\Client SDK\ODBC\170\Tools\Binn\;C:\Program Files\Microsoft SQL Server\170\Tools\Binn\;C:\Program Files\dotnet\;C:\Users\Administrator\AppData\Local\Microsoft\WindowsApps;;C:\Users\Administrator\AppData\Local\Programs\Microsoft VS Code\bin;C:\Users\Administrator\AppData\Local\Python\bin;C:\Users\Administrator\.dotnet\tools
USERNAME=Administrator
OS=Windows_NT
PROCESSOR_IDENTIFIER=Intel64 Family 6 Model 142 Stepping 12, GenuineIntel
TMP=C:\Users\ADMINI~1\AppData\Local\Temp
TEMP=C:\Users\ADMINI~1\AppData\Local\Temp



Periodic native trim disabled


---------------  S Y S T E M  ---------------

OS:
 Windows 11 , 64 bit Build 22621 (10.0.22621.5415)
OS uptime: 1 days 3:02 hours
Hyper-V role detected

CPU: total 8 (initial active 8) (4 cores per cpu, 2 threads per core) family 6 model 142 stepping 12 microcode 0xfa, cx8, cmov, fxsr, ht, mmx, 3dnowpref, sse, sse2, sse3, ssse3, sse4.1, sse4.2, popcnt, lzcnt, tsc, tscinvbit, avx, avx2, aes, erms, clmul, bmi1, bmi2, adx, fma, vzeroupper, clflush, clflushopt, hv
Processor Information for processor 0
  Max Mhz: 1800, Current Mhz: 1500, Mhz Limit: 1584
Processor Information for processor 1
  Max Mhz: 1800, Current Mhz: 1500, Mhz Limit: 1584
Processor Information for processor 2
  Max Mhz: 1800, Current Mhz: 1600, Mhz Limit: 1584
Processor Information for processor 3
  Max Mhz: 1800, Current Mhz: 1500, Mhz Limit: 1584
Processor Information for processor 4
  Max Mhz: 1800, Current Mhz: 1500, Mhz Limit: 1584
Processor Information for processor 5
  Max Mhz: 1800, Current Mhz: 1500, Mhz Limit: 1584
Processor Information for processor 6
  Max Mhz: 1800, Current Mhz: 1600, Mhz Limit: 1584
Processor Information for processor 7
  Max Mhz: 1800, Current Mhz: 1500, Mhz Limit: 1584

Memory: 4k page, system-wide physical 8070M (505M free)
TotalPageFile size 16262M (AvailPageFile size 244M)
current process WorkingSet (physical memory assigned to process): 446M, peak: 447M
current process commit charge ("private bytes"): 490M, peak: 757M

vm_info: OpenJDK 64-Bit Server VM (17.0.18+8) for windows-amd64 JRE (17.0.18+8), built on Jan 20 2026 22:28:22 by "admin" with MS VC++ 17.12 (VS2022)

END.
