#
# There is insufficient memory for the Java Runtime Environment to continue.
# Native memory allocation (mmap) failed to map 103809024 bytes. Error detail: G1 virtual space
# Possible reasons:
#   The system is out of physical RAM or swap space
#   This process is running with CompressedOops enabled, and the Java Heap may be blocking the growth of the native heap
# Possible solutions:
#   Reduce memory load on the system
#   Increase physical memory or swap space
#   Check if swap backing store is full
#   Decrease Java heap size (-Xmx/-Xms)
#   Decrease number of Java threads
#   Decrease Java thread stack sizes (-Xss)
#   Set larger code cache with -XX:ReservedCodeCacheSize=
#   JVM is running with Unscaled Compressed Oops mode in which the Java heap is
#     placed in the first 4GB address space. The Java Heap base address is the
#     maximum limit for the native heap growth. Please use -XX:HeapBaseMinAddress
#     to set the Java Heap base and to place the Java Heap above 4GB virtual address.
# This output file may be truncated or incomplete.
#
#  Out of Memory Error (os_windows.cpp:3618), pid=20280, tid=1036
#
# JRE version: OpenJDK Runtime Environment Temurin-17.0.18+8 (17.0.18+8) (build 17.0.18+8)
# Java VM: OpenJDK 64-Bit Server VM Temurin-17.0.18+8 (17.0.18+8, mixed mode, sharing, tiered, compressed oops, compressed class ptrs, g1 gc, windows-amd64)
# No core dump will be written. Minidumps are not enabled by default on client versions of Windows
#

---------------  S U M M A R Y ------------

Command Line: org.jetbrains.kotlin.cli.jvm.K2JVMCompiler @C:\Users\Administrator\StudioProjects\FlexiFitApp_Initial\app\build\20260325_236584496332085332.compiler.options

Host: Intel(R) Core(TM) i5-8265U CPU @ 1.60GHz, 8 cores, 7G,  Windows 11 , 64 bit Build 22621 (10.0.22621.5415)
Time: Wed Mar 25 15:08:39 2026 Taipei Standard Time elapsed time: 14.662133 seconds (0d 0h 0m 14s)

---------------  T H R E A D  ---------------

Current thread (0x000001b6cf16bb80):  VMThread "VM Thread" [stack: 0x00000063c1000000,0x00000063c1100000] [id=1036]

Stack: [0x00000063c1000000,0x00000063c1100000]
Native frames: (J=compiled Java code, j=interpreted, Vv=VM code, C=native code)
V  [jvm.dll+0x6846f9]
V  [jvm.dll+0x839ea5]
V  [jvm.dll+0x83b91e]
V  [jvm.dll+0x83bfa3]
V  [jvm.dll+0x248eff]
V  [jvm.dll+0x6814b9]
V  [jvm.dll+0x6762ba]
V  [jvm.dll+0x309257]
V  [jvm.dll+0x310826]
V  [jvm.dll+0x360d9e]
V  [jvm.dll+0x360fdd]
V  [jvm.dll+0x2e02dc]
V  [jvm.dll+0x2de6b2]
V  [jvm.dll+0x2dde4c]
V  [jvm.dll+0x320aeb]
V  [jvm.dll+0x8407bd]
V  [jvm.dll+0x8414f3]
V  [jvm.dll+0x841a1f]
V  [jvm.dll+0x841e05]
V  [jvm.dll+0x841ece]
V  [jvm.dll+0x7eaaec]
V  [jvm.dll+0x6835c7]
C  [ucrtbase.dll+0x29333]
C  [KERNEL32.DLL+0x1259d]
C  [ntdll.dll+0x5af78]

VM_Operation (0x00000063c0afcd00): G1CollectForAllocation, mode: safepoint, requested by thread 0x000001b6aedd9690


---------------  P R O C E S S  ---------------

Threads class SMR info:
_java_thread_list=0x000001b7157941c0, length=13, elements={
0x000001b6aedd9690, 0x000001b6cf16f210, 0x000001b6cf170090, 0x000001b6cf184a20,
0x000001b6cf1855e0, 0x000001b6cf18a0c0, 0x000001b6cf18aa80, 0x000001b6cf18ed20,
0x000001b6cf1977e0, 0x000001b6cf19a1f0, 0x000001b6cf3e7690, 0x000001b6cf3eca40,
0x000001b715b7def0
}

Java Threads: ( => current thread )
  0x000001b6aedd9690 JavaThread "main" [_thread_blocked, id=23196, stack(0x00000063c0a00000,0x00000063c0b00000)]
  0x000001b6cf16f210 JavaThread "Reference Handler" daemon [_thread_blocked, id=15396, stack(0x00000063c1100000,0x00000063c1200000)]
  0x000001b6cf170090 JavaThread "Finalizer" daemon [_thread_blocked, id=16556, stack(0x00000063c1200000,0x00000063c1300000)]
  0x000001b6cf184a20 JavaThread "Signal Dispatcher" daemon [_thread_blocked, id=19840, stack(0x00000063c1300000,0x00000063c1400000)]
  0x000001b6cf1855e0 JavaThread "Attach Listener" daemon [_thread_blocked, id=18116, stack(0x00000063c1400000,0x00000063c1500000)]
  0x000001b6cf18a0c0 JavaThread "Service Thread" daemon [_thread_blocked, id=17536, stack(0x00000063c1500000,0x00000063c1600000)]
  0x000001b6cf18aa80 JavaThread "Monitor Deflation Thread" daemon [_thread_blocked, id=22732, stack(0x00000063c1600000,0x00000063c1700000)]
  0x000001b6cf18ed20 JavaThread "C2 CompilerThread0" daemon [_thread_blocked, id=9020, stack(0x00000063c1700000,0x00000063c1800000)]
  0x000001b6cf1977e0 JavaThread "C1 CompilerThread0" daemon [_thread_blocked, id=22488, stack(0x00000063c1800000,0x00000063c1900000)]
  0x000001b6cf19a1f0 JavaThread "Sweeper thread" daemon [_thread_blocked, id=6004, stack(0x00000063c1900000,0x00000063c1a00000)]
  0x000001b6cf3e7690 JavaThread "Notification Thread" daemon [_thread_blocked, id=10104, stack(0x00000063c1a00000,0x00000063c1b00000)]
  0x000001b6cf3eca40 JavaThread "Common-Cleaner" daemon [_thread_blocked, id=14512, stack(0x00000063c1c00000,0x00000063c1d00000)]
  0x000001b715b7def0 JavaThread "C2 CompilerThread1" daemon [_thread_blocked, id=19212, stack(0x00000063c2400000,0x00000063c2500000)]

Other Threads:
=>0x000001b6cf16bb80 VMThread "VM Thread" [stack: 0x00000063c1000000,0x00000063c1100000] [id=1036]
  0x000001b6cf3e7f80 WatcherThread [stack: 0x00000063c1b00000,0x00000063c1c00000] [id=12784]
  0x000001b6aee35ac0 GCTaskThread "GC Thread#0" [stack: 0x00000063c0b00000,0x00000063c0c00000] [id=15712]
  0x000001b6cf863850 GCTaskThread "GC Thread#1" [stack: 0x00000063c1d00000,0x00000063c1e00000] [id=19396]
  0x000001b6cf863b10 GCTaskThread "GC Thread#2" [stack: 0x00000063c1e00000,0x00000063c1f00000] [id=21484]
  0x000001b6cf7ed240 GCTaskThread "GC Thread#3" [stack: 0x00000063c1f00000,0x00000063c2000000] [id=16008]
  0x000001b6cf91dc30 GCTaskThread "GC Thread#4" [stack: 0x00000063c2000000,0x00000063c2100000] [id=12692]
  0x000001b6cfefece0 GCTaskThread "GC Thread#5" [stack: 0x00000063c2100000,0x00000063c2200000] [id=21748]
  0x000001b7154c32c0 GCTaskThread "GC Thread#6" [stack: 0x00000063c2200000,0x00000063c2300000] [id=18288]
  0x000001b7150a5f70 GCTaskThread "GC Thread#7" [stack: 0x00000063c2300000,0x00000063c2400000] [id=14784]
  0x000001b6aee46650 ConcurrentGCThread "G1 Main Marker" [stack: 0x00000063c0c00000,0x00000063c0d00000] [id=6876]
  0x000001b6aee47070 ConcurrentGCThread "G1 Conc#0" [stack: 0x00000063c0d00000,0x00000063c0e00000] [id=15680]
  0x000001b7152e23f0 ConcurrentGCThread "G1 Conc#1" [stack: 0x00000063c2500000,0x00000063c2600000] [id=20460]
  0x000001b6aee8dfc0 ConcurrentGCThread "G1 Refine#0" [stack: 0x00000063c0e00000,0x00000063c0f00000] [id=20976]
  0x000001b716716880 ConcurrentGCThread "G1 Refine#1" [stack: 0x00000063c2600000,0x00000063c2700000] [id=17404]
  0x000001b716717a20 ConcurrentGCThread "G1 Refine#2" [stack: 0x00000063c2700000,0x00000063c2800000] [id=22088]
  0x000001b6aee8e9f0 ConcurrentGCThread "G1 Service" [stack: 0x00000063c0f00000,0x00000063c1000000] [id=22436]

Threads with active compile tasks:
C2 CompilerThread0  15193 8325       4       org.jetbrains.kotlin.resolve.OverridingUtil::generateOverridesInFunctionGroup (123 bytes)
C2 CompilerThread1  15193 8407       4       org.jetbrains.kotlin.name.FqNameUnsafe::toSafe (46 bytes)

VM state: at safepoint (normal execution)

VM Mutex/Monitor currently owned by a thread:  ([mutex/lock_event])
[0x000001b6aedd4e60] Threads_lock - owner thread: 0x000001b6cf16bb80
[0x000001b6aedd5b50] Heap_lock - owner thread: 0x000001b6aedd9690

Heap address: 0x0000000081e00000, size: 2018 MB, Compressed Oops mode: 32-bit

CDS archive(s) mapped at: [0x000001b6d0000000-0x000001b6d0bb0000-0x000001b6d0bb0000), size 12255232, SharedBaseAddress: 0x000001b6d0000000, ArchiveRelocationMode: 1.
Compressed class space mapped at: 0x000001b6d1000000-0x000001b711000000, reserved size: 1073741824
Narrow klass base: 0x000001b6d0000000, Narrow klass shift: 0, Narrow klass range: 0x100000000

GC Precious Log:
 CPUs: 8 total, 8 available
 Memory: 8070M
 Large Page Support: Disabled
 NUMA Support: Disabled
 Compressed Oops: Enabled (32-bit)
 Heap Region Size: 1M
 Heap Min Capacity: 8M
 Heap Initial Capacity: 128M
 Heap Max Capacity: 2018M
 Pre-touch: Disabled
 Parallel Workers: 8
 Concurrent Workers: 2
 Concurrent Refinement Workers: 8
 Periodic GC: Disabled

Heap:
 garbage-first heap   total 132096K, used 68480K [0x0000000081e00000, 0x0000000100000000)
  region size 1024K, 1 young (1024K), 1 survivors (1024K)
 Metaspace       used 50141K, committed 50432K, reserved 1114112K
  class space    used 5932K, committed 6080K, reserved 1048576K

Heap Regions: E=young(eden), S=young(survivor), O=old, HS=humongous(starts), HC=humongous(continues), CS=collection set, F=free, OA=open archive, CA=closed archive, TAMS=top-at-mark-start (previous, next)
|   0|0x0000000081e00000, 0x0000000081f00000, 0x0000000081f00000|100%|HS|  |TAMS 0x0000000081f00000, 0x0000000081e00000| Complete 
|   1|0x0000000081f00000, 0x0000000082000000, 0x0000000082000000|100%|HC|  |TAMS 0x0000000082000000, 0x0000000081f00000| Complete 
|   2|0x0000000082000000, 0x0000000082100000, 0x0000000082100000|100%|HC|  |TAMS 0x0000000082100000, 0x0000000082000000| Complete 
|   3|0x0000000082100000, 0x0000000082200000, 0x0000000082200000|100%|HC|  |TAMS 0x0000000082200000, 0x0000000082100000| Complete 
|   4|0x0000000082200000, 0x0000000082300000, 0x0000000082300000|100%| O|  |TAMS 0x0000000082300000, 0x0000000082200000| Untracked 
|   5|0x0000000082300000, 0x0000000082400000, 0x0000000082400000|100%| O|  |TAMS 0x0000000082400000, 0x0000000082300000| Untracked 
|   6|0x0000000082400000, 0x0000000082500000, 0x0000000082500000|100%| O|  |TAMS 0x0000000082500000, 0x0000000082400000| Untracked 
|   7|0x0000000082500000, 0x0000000082600000, 0x0000000082600000|100%|HS|  |TAMS 0x0000000082600000, 0x0000000082500000| Complete 
|   8|0x0000000082600000, 0x0000000082700000, 0x0000000082700000|100%|HC|  |TAMS 0x0000000082700000, 0x0000000082600000| Complete 
|   9|0x0000000082700000, 0x0000000082800000, 0x0000000082800000|100%| O|  |TAMS 0x0000000082800000, 0x0000000082700000| Untracked 
|  10|0x0000000082800000, 0x0000000082900000, 0x0000000082900000|100%| O|  |TAMS 0x0000000082900000, 0x0000000082800000| Untracked 
|  11|0x0000000082900000, 0x0000000082a00000, 0x0000000082a00000|100%| O|  |TAMS 0x0000000082a00000, 0x0000000082900000| Untracked 
|  12|0x0000000082a00000, 0x0000000082b00000, 0x0000000082b00000|100%| O|  |TAMS 0x0000000082b00000, 0x0000000082a00000| Untracked 
|  13|0x0000000082b00000, 0x0000000082c00000, 0x0000000082c00000|100%| O|  |TAMS 0x0000000082c00000, 0x0000000082b00000| Untracked 
|  14|0x0000000082c00000, 0x0000000082d00000, 0x0000000082d00000|100%| O|  |TAMS 0x0000000082d00000, 0x0000000082c00000| Untracked 
|  15|0x0000000082d00000, 0x0000000082d00000, 0x0000000082e00000|  0%| F|  |TAMS 0x0000000082d00000, 0x0000000082d00000| Untracked 
|  16|0x0000000082e00000, 0x0000000082f00000, 0x0000000082f00000|100%| O|  |TAMS 0x0000000082f00000, 0x0000000082e00000| Untracked 
|  17|0x0000000082f00000, 0x0000000083000000, 0x0000000083000000|100%| O|  |TAMS 0x0000000083000000, 0x0000000082f00000| Untracked 
|  18|0x0000000083000000, 0x0000000083100000, 0x0000000083100000|100%| O|  |TAMS 0x0000000083100000, 0x0000000083000000| Untracked 
|  19|0x0000000083100000, 0x0000000083200000, 0x0000000083200000|100%| O|  |TAMS 0x0000000083200000, 0x0000000083100000| Untracked 
|  20|0x0000000083200000, 0x0000000083300000, 0x0000000083300000|100%| O|  |TAMS 0x0000000083300000, 0x0000000083200000| Untracked 
|  21|0x0000000083300000, 0x0000000083400000, 0x0000000083400000|100%| O|  |TAMS 0x0000000083400000, 0x0000000083300000| Untracked 
|  22|0x0000000083400000, 0x0000000083500000, 0x0000000083500000|100%| O|  |TAMS 0x0000000083500000, 0x0000000083400000| Untracked 
|  23|0x0000000083500000, 0x0000000083600000, 0x0000000083600000|100%| O|  |TAMS 0x0000000083600000, 0x0000000083500000| Untracked 
|  24|0x0000000083600000, 0x0000000083700000, 0x0000000083700000|100%| O|  |TAMS 0x0000000083700000, 0x0000000083600000| Untracked 
|  25|0x0000000083700000, 0x0000000083800000, 0x0000000083800000|100%| O|  |TAMS 0x0000000083800000, 0x0000000083700000| Untracked 
|  26|0x0000000083800000, 0x0000000083900000, 0x0000000083900000|100%| O|  |TAMS 0x0000000083900000, 0x0000000083800000| Untracked 
|  27|0x0000000083900000, 0x0000000083a00000, 0x0000000083a00000|100%| O|  |TAMS 0x0000000083900000, 0x0000000083900000| Untracked 
|  28|0x0000000083a00000, 0x0000000083b00000, 0x0000000083b00000|100%| O|  |TAMS 0x0000000083b00000, 0x0000000083a00000| Untracked 
|  29|0x0000000083b00000, 0x0000000083c00000, 0x0000000083c00000|100%| O|  |TAMS 0x0000000083c00000, 0x0000000083b00000| Untracked 
|  30|0x0000000083c00000, 0x0000000083d00000, 0x0000000083d00000|100%| O|  |TAMS 0x0000000083d00000, 0x0000000083c00000| Untracked 
|  31|0x0000000083d00000, 0x0000000083e00000, 0x0000000083e00000|100%| O|  |TAMS 0x0000000083e00000, 0x0000000083d00000| Untracked 
|  32|0x0000000083e00000, 0x0000000083f00000, 0x0000000083f00000|100%| O|  |TAMS 0x0000000083f00000, 0x0000000083e00000| Untracked 
|  33|0x0000000083f00000, 0x0000000084000000, 0x0000000084000000|100%| O|  |TAMS 0x0000000084000000, 0x0000000083f00000| Untracked 
|  34|0x0000000084000000, 0x0000000084100000, 0x0000000084100000|100%| O|  |TAMS 0x0000000084100000, 0x0000000084000000| Untracked 
|  35|0x0000000084100000, 0x0000000084200000, 0x0000000084200000|100%| O|  |TAMS 0x0000000084200000, 0x0000000084100000| Untracked 
|  36|0x0000000084200000, 0x0000000084300000, 0x0000000084300000|100%| O|  |TAMS 0x0000000084300000, 0x0000000084200000| Untracked 
|  37|0x0000000084300000, 0x0000000084400000, 0x0000000084400000|100%| O|  |TAMS 0x0000000084400000, 0x0000000084300000| Untracked 
|  38|0x0000000084400000, 0x0000000084500000, 0x0000000084500000|100%| O|  |TAMS 0x0000000084500000, 0x0000000084400000| Untracked 
|  39|0x0000000084500000, 0x0000000084600000, 0x0000000084600000|100%| O|  |TAMS 0x0000000084600000, 0x0000000084500000| Untracked 
|  40|0x0000000084600000, 0x0000000084700000, 0x0000000084700000|100%| O|  |TAMS 0x0000000084700000, 0x0000000084600000| Untracked 
|  41|0x0000000084700000, 0x0000000084800000, 0x0000000084800000|100%| O|  |TAMS 0x0000000084800000, 0x0000000084700000| Untracked 
|  42|0x0000000084800000, 0x0000000084900000, 0x0000000084900000|100%| O|  |TAMS 0x0000000084900000, 0x0000000084800000| Untracked 
|  43|0x0000000084900000, 0x0000000084a00000, 0x0000000084a00000|100%| O|  |TAMS 0x0000000084a00000, 0x0000000084900000| Untracked 
|  44|0x0000000084a00000, 0x0000000084b00000, 0x0000000084b00000|100%| O|  |TAMS 0x0000000084b00000, 0x0000000084a00000| Untracked 
|  45|0x0000000084b00000, 0x0000000084c00000, 0x0000000084c00000|100%| O|  |TAMS 0x0000000084c00000, 0x0000000084b00000| Untracked 
|  46|0x0000000084c00000, 0x0000000084d00000, 0x0000000084d00000|100%| O|  |TAMS 0x0000000084d00000, 0x0000000084c00000| Untracked 
|  47|0x0000000084d00000, 0x0000000084e00000, 0x0000000084e00000|100%| O|  |TAMS 0x0000000084e00000, 0x0000000084d00000| Untracked 
|  48|0x0000000084e00000, 0x0000000084f00000, 0x0000000084f00000|100%| O|  |TAMS 0x0000000084f00000, 0x0000000084e00000| Untracked 
|  49|0x0000000084f00000, 0x0000000085000000, 0x0000000085000000|100%|HS|  |TAMS 0x0000000085000000, 0x0000000084f00000| Complete 
|  50|0x0000000085000000, 0x0000000085100000, 0x0000000085100000|100%|HC|  |TAMS 0x0000000085100000, 0x0000000085000000| Complete 
|  51|0x0000000085100000, 0x0000000085200000, 0x0000000085200000|100%| O|  |TAMS 0x0000000085200000, 0x0000000085100000| Untracked 
|  52|0x0000000085200000, 0x0000000085300000, 0x0000000085300000|100%| O|  |TAMS 0x0000000085300000, 0x0000000085200000| Untracked 
|  53|0x0000000085300000, 0x0000000085400000, 0x0000000085400000|100%| O|  |TAMS 0x0000000085400000, 0x0000000085300000| Untracked 
|  54|0x0000000085400000, 0x0000000085500000, 0x0000000085500000|100%| O|  |TAMS 0x0000000085500000, 0x0000000085400000| Untracked 
|  55|0x0000000085500000, 0x0000000085600000, 0x0000000085600000|100%| O|  |TAMS 0x0000000085600000, 0x0000000085500000| Untracked 
|  56|0x0000000085600000, 0x0000000085700000, 0x0000000085700000|100%| O|  |TAMS 0x0000000085700000, 0x0000000085600000| Untracked 
|  57|0x0000000085700000, 0x0000000085800000, 0x0000000085800000|100%| O|  |TAMS 0x0000000085800000, 0x0000000085700000| Untracked 
|  58|0x0000000085800000, 0x0000000085900000, 0x0000000085900000|100%| O|  |TAMS 0x0000000085900000, 0x0000000085800000| Untracked 
|  59|0x0000000085900000, 0x0000000085a00000, 0x0000000085a00000|100%| O|  |TAMS 0x0000000085964800, 0x0000000085900000| Untracked 
|  60|0x0000000085a00000, 0x0000000085b00000, 0x0000000085b00000|100%| O|  |TAMS 0x0000000085a00000, 0x0000000085a00000| Untracked 
|  61|0x0000000085b00000, 0x0000000085c00000, 0x0000000085c00000|100%| O|  |TAMS 0x0000000085b00000, 0x0000000085b00000| Untracked 
|  62|0x0000000085c00000, 0x0000000085d00000, 0x0000000085d00000|100%| O|  |TAMS 0x0000000085c00000, 0x0000000085c00000| Untracked 
|  63|0x0000000085d00000, 0x0000000085e00000, 0x0000000085e00000|100%| O|  |TAMS 0x0000000085d00000, 0x0000000085d00000| Untracked 
|  64|0x0000000085e00000, 0x0000000085f00000, 0x0000000085f00000|100%| O|  |TAMS 0x0000000085e00000, 0x0000000085e00000| Untracked 
|  65|0x0000000085f00000, 0x0000000086000000, 0x0000000086000000|100%| O|  |TAMS 0x0000000085f00000, 0x0000000085f00000| Untracked 
|  66|0x0000000086000000, 0x000000008604ca00, 0x0000000086100000| 29%| O|  |TAMS 0x0000000086000000, 0x0000000086000000| Untracked 
|  67|0x0000000086100000, 0x0000000086100000, 0x0000000086200000|  0%| F|  |TAMS 0x0000000086100000, 0x0000000086100000| Untracked 
|  68|0x0000000086200000, 0x0000000086200000, 0x0000000086300000|  0%| F|  |TAMS 0x0000000086200000, 0x0000000086200000| Untracked 
|  69|0x0000000086300000, 0x0000000086300000, 0x0000000086400000|  0%| F|  |TAMS 0x0000000086300000, 0x0000000086300000| Untracked 
|  70|0x0000000086400000, 0x0000000086400000, 0x0000000086500000|  0%| F|  |TAMS 0x0000000086400000, 0x0000000086400000| Untracked 
|  71|0x0000000086500000, 0x0000000086500000, 0x0000000086600000|  0%| F|  |TAMS 0x0000000086500000, 0x0000000086500000| Untracked 
|  72|0x0000000086600000, 0x0000000086600000, 0x0000000086700000|  0%| F|  |TAMS 0x0000000086600000, 0x0000000086600000| Untracked 
|  73|0x0000000086700000, 0x0000000086700000, 0x0000000086800000|  0%| F|  |TAMS 0x0000000086700000, 0x0000000086700000| Untracked 
|  74|0x0000000086800000, 0x0000000086800000, 0x0000000086900000|  0%| F|  |TAMS 0x0000000086800000, 0x0000000086800000| Untracked 
|  75|0x0000000086900000, 0x0000000086900000, 0x0000000086a00000|  0%| F|  |TAMS 0x0000000086900000, 0x0000000086900000| Untracked 
|  76|0x0000000086a00000, 0x0000000086a00000, 0x0000000086b00000|  0%| F|  |TAMS 0x0000000086a00000, 0x0000000086a00000| Untracked 
|  77|0x0000000086b00000, 0x0000000086b00000, 0x0000000086c00000|  0%| F|  |TAMS 0x0000000086b00000, 0x0000000086b00000| Untracked 
|  78|0x0000000086c00000, 0x0000000086c00000, 0x0000000086d00000|  0%| F|  |TAMS 0x0000000086c00000, 0x0000000086c00000| Untracked 
|  79|0x0000000086d00000, 0x0000000086d00000, 0x0000000086e00000|  0%| F|  |TAMS 0x0000000086d00000, 0x0000000086d00000| Untracked 
|  80|0x0000000086e00000, 0x0000000086e00000, 0x0000000086f00000|  0%| F|  |TAMS 0x0000000086e00000, 0x0000000086e00000| Untracked 
|  81|0x0000000086f00000, 0x0000000086f00000, 0x0000000087000000|  0%| F|  |TAMS 0x0000000086f00000, 0x0000000086f00000| Untracked 
|  82|0x0000000087000000, 0x0000000087000000, 0x0000000087100000|  0%| F|  |TAMS 0x0000000087000000, 0x0000000087000000| Untracked 
|  83|0x0000000087100000, 0x0000000087100000, 0x0000000087200000|  0%| F|  |TAMS 0x0000000087100000, 0x0000000087100000| Untracked 
|  84|0x0000000087200000, 0x0000000087200000, 0x0000000087300000|  0%| F|  |TAMS 0x0000000087200000, 0x0000000087200000| Untracked 
|  85|0x0000000087300000, 0x0000000087300000, 0x0000000087400000|  0%| F|  |TAMS 0x0000000087300000, 0x0000000087300000| Untracked 
|  86|0x0000000087400000, 0x0000000087400000, 0x0000000087500000|  0%| F|  |TAMS 0x0000000087400000, 0x0000000087400000| Untracked 
|  87|0x0000000087500000, 0x0000000087500000, 0x0000000087600000|  0%| F|  |TAMS 0x0000000087500000, 0x0000000087500000| Untracked 
|  88|0x0000000087600000, 0x0000000087600000, 0x0000000087700000|  0%| F|  |TAMS 0x0000000087600000, 0x0000000087600000| Untracked 
|  89|0x0000000087700000, 0x0000000087700000, 0x0000000087800000|  0%| F|  |TAMS 0x0000000087700000, 0x0000000087700000| Untracked 
|  90|0x0000000087800000, 0x0000000087800000, 0x0000000087900000|  0%| F|  |TAMS 0x0000000087800000, 0x0000000087800000| Untracked 
|  91|0x0000000087900000, 0x0000000087900000, 0x0000000087a00000|  0%| F|  |TAMS 0x0000000087900000, 0x0000000087900000| Untracked 
|  92|0x0000000087a00000, 0x0000000087a00000, 0x0000000087b00000|  0%| F|  |TAMS 0x0000000087a00000, 0x0000000087a00000| Untracked 
|  93|0x0000000087b00000, 0x0000000087b00000, 0x0000000087c00000|  0%| F|  |TAMS 0x0000000087b00000, 0x0000000087b00000| Untracked 
|  94|0x0000000087c00000, 0x0000000087c00000, 0x0000000087d00000|  0%| F|  |TAMS 0x0000000087c00000, 0x0000000087c00000| Untracked 
|  95|0x0000000087d00000, 0x0000000087d00000, 0x0000000087e00000|  0%| F|  |TAMS 0x0000000087d00000, 0x0000000087d00000| Untracked 
|  96|0x0000000087e00000, 0x0000000087e00000, 0x0000000087f00000|  0%| F|  |TAMS 0x0000000087e00000, 0x0000000087e00000| Untracked 
|  97|0x0000000087f00000, 0x0000000087f00000, 0x0000000088000000|  0%| F|  |TAMS 0x0000000087f00000, 0x0000000087f00000| Untracked 
|  98|0x0000000088000000, 0x0000000088000000, 0x0000000088100000|  0%| F|  |TAMS 0x0000000088000000, 0x0000000088000000| Untracked 
|  99|0x0000000088100000, 0x0000000088100000, 0x0000000088200000|  0%| F|  |TAMS 0x0000000088100000, 0x0000000088100000| Untracked 
| 100|0x0000000088200000, 0x0000000088200000, 0x0000000088300000|  0%| F|  |TAMS 0x0000000088200000, 0x0000000088200000| Untracked 
| 101|0x0000000088300000, 0x0000000088300000, 0x0000000088400000|  0%| F|  |TAMS 0x0000000088300000, 0x0000000088300000| Untracked 
| 102|0x0000000088400000, 0x0000000088400000, 0x0000000088500000|  0%| F|  |TAMS 0x0000000088400000, 0x0000000088400000| Untracked 
| 103|0x0000000088500000, 0x0000000088500000, 0x0000000088600000|  0%| F|  |TAMS 0x0000000088500000, 0x0000000088500000| Untracked 
| 104|0x0000000088600000, 0x0000000088600000, 0x0000000088700000|  0%| F|  |TAMS 0x0000000088600000, 0x0000000088600000| Untracked 
| 105|0x0000000088700000, 0x0000000088700000, 0x0000000088800000|  0%| F|  |TAMS 0x0000000088700000, 0x0000000088700000| Untracked 
| 106|0x0000000088800000, 0x0000000088800000, 0x0000000088900000|  0%| F|  |TAMS 0x0000000088800000, 0x0000000088800000| Untracked 
| 107|0x0000000088900000, 0x0000000088900000, 0x0000000088a00000|  0%| F|  |TAMS 0x0000000088900000, 0x0000000088900000| Untracked 
| 108|0x0000000088a00000, 0x0000000088a00000, 0x0000000088b00000|  0%| F|  |TAMS 0x0000000088a00000, 0x0000000088a00000| Untracked 
| 109|0x0000000088b00000, 0x0000000088b00000, 0x0000000088c00000|  0%| F|  |TAMS 0x0000000088b00000, 0x0000000088b00000| Untracked 
| 110|0x0000000088c00000, 0x0000000088c93690, 0x0000000088d00000| 57%| S|CS|TAMS 0x0000000088c00000, 0x0000000088c00000| Complete 
| 111|0x0000000088d00000, 0x0000000088d00000, 0x0000000088e00000|  0%| F|  |TAMS 0x0000000088d00000, 0x0000000088d00000| Untracked 
| 112|0x0000000088e00000, 0x0000000088e00000, 0x0000000088f00000|  0%| F|  |TAMS 0x0000000088e00000, 0x0000000088e00000| Untracked 
| 113|0x0000000088f00000, 0x0000000088f00000, 0x0000000089000000|  0%| F|  |TAMS 0x0000000088f00000, 0x0000000088f00000| Untracked 
| 114|0x0000000089000000, 0x0000000089000000, 0x0000000089100000|  0%| F|  |TAMS 0x0000000089000000, 0x0000000089000000| Untracked 
| 115|0x0000000089100000, 0x0000000089100000, 0x0000000089200000|  0%| F|  |TAMS 0x0000000089100000, 0x0000000089100000| Untracked 
| 116|0x0000000089200000, 0x0000000089200000, 0x0000000089300000|  0%| F|  |TAMS 0x0000000089200000, 0x0000000089200000| Untracked 
| 117|0x0000000089300000, 0x0000000089300000, 0x0000000089400000|  0%| F|  |TAMS 0x0000000089300000, 0x0000000089300000| Untracked 
| 118|0x0000000089400000, 0x0000000089400000, 0x0000000089500000|  0%| F|  |TAMS 0x0000000089400000, 0x0000000089400000| Untracked 
| 119|0x0000000089500000, 0x0000000089500000, 0x0000000089600000|  0%| F|  |TAMS 0x0000000089500000, 0x0000000089500000| Untracked 
| 120|0x0000000089600000, 0x0000000089600000, 0x0000000089700000|  0%| F|  |TAMS 0x0000000089600000, 0x0000000089600000| Untracked 
| 121|0x0000000089700000, 0x0000000089700000, 0x0000000089800000|  0%| F|  |TAMS 0x0000000089700000, 0x0000000089700000| Untracked 
| 122|0x0000000089800000, 0x0000000089800000, 0x0000000089900000|  0%| F|  |TAMS 0x0000000089800000, 0x0000000089800000| Untracked 
| 123|0x0000000089900000, 0x0000000089900000, 0x0000000089a00000|  0%| F|  |TAMS 0x0000000089900000, 0x0000000089900000| Untracked 
| 124|0x0000000089a00000, 0x0000000089a00000, 0x0000000089b00000|  0%| F|  |TAMS 0x0000000089a00000, 0x0000000089a00000| Untracked 
| 125|0x0000000089b00000, 0x0000000089b00000, 0x0000000089c00000|  0%| F|  |TAMS 0x0000000089b00000, 0x0000000089b00000| Untracked 
| 126|0x0000000089c00000, 0x0000000089c00000, 0x0000000089d00000|  0%| F|  |TAMS 0x0000000089c00000, 0x0000000089c00000| Untracked 
| 127|0x0000000089d00000, 0x0000000089d00000, 0x0000000089e00000|  0%| F|  |TAMS 0x0000000089d00000, 0x0000000089d00000| Untracked 
|2017|0x00000000fff00000, 0x0000000100000000, 0x0000000100000000|100%| O|  |TAMS 0x0000000100000000, 0x00000000fff00000| Untracked 

Card table byte_map: [0x000001b6c7f90000,0x000001b6c8390000] _byte_map_base: 0x000001b6c7b81000

Marking Bits (Prev, Next): (CMBitMap*) 0x000001b6aee360e0, (CMBitMap*) 0x000001b6aee36120
 Prev Bits: [0x000001b6c8790000, 0x000001b6ca718000)
 Next Bits: [0x000001b6ca720000, 0x000001b6cc6a8000)

Polling page: 0x000001b6aee90000

Metaspace:

Usage:
  Non-class:     43.17 MB used.
      Class:      5.79 MB used.
       Both:     48.97 MB used.

Virtual space:
  Non-class space:       64.00 MB reserved,      43.31 MB ( 68%) committed,  1 nodes.
      Class space:        1.00 GB reserved,       5.94 MB ( <1%) committed,  1 nodes.
             Both:        1.06 GB reserved,      49.25 MB (  5%) committed. 

Chunk freelists:
   Non-Class:  3.41 MB
       Class:  10.08 MB
        Both:  13.48 MB

MaxMetaspaceSize: unlimited
CompressedClassSpaceSize: 1.00 GB
Initial GC threshold: 21.00 MB
Current GC threshold: 82.00 MB
CDS: on
MetaspaceReclaimPolicy: balanced
 - commit_granule_bytes: 65536.
 - commit_granule_words: 8192.
 - virtual_space_node_default_size: 8388608.
 - enlarge_chunks_in_place: 1.
 - new_chunks_are_fully_committed: 0.
 - uncommit_free_chunks: 1.
 - use_allocation_guard: 0.
 - handle_deallocations: 1.


Internal statistics:

num_allocs_failed_limit: 6.
num_arena_births: 278.
num_arena_deaths: 0.
num_vsnodes_births: 2.
num_vsnodes_deaths: 0.
num_space_committed: 786.
num_space_uncommitted: 0.
num_chunks_returned_to_freelist: 6.
num_chunks_taken_from_freelist: 2080.
num_chunk_merges: 6.
num_chunk_splits: 1681.
num_chunks_enlarged: 1447.
num_inconsistent_stats: 0.

CodeHeap 'non-profiled nmethods': size=120000Kb used=3266Kb max_used=3459Kb free=116733Kb
 bounds [0x000001b6bfbf0000, 0x000001b6bff60000, 0x000001b6c7120000]
CodeHeap 'profiled nmethods': size=120000Kb used=15597Kb max_used=16705Kb free=104402Kb
 bounds [0x000001b6b8120000, 0x000001b6b9180000, 0x000001b6bf650000]
CodeHeap 'non-nmethods': size=5760Kb used=1283Kb max_used=1367Kb free=4476Kb
 bounds [0x000001b6bf650000, 0x000001b6bf8c0000, 0x000001b6bfbf0000]
 total_blobs=7568 nmethods=6975 adapters=503
 compilation: enabled
              stopped_count=0, restarted_count=0
 full_count=0

Compilation events (20 events):
Event: 14.574 Thread 0x000001b6cf1977e0 8399       3       org.jetbrains.kotlin.load.java.lazy.descriptors.LazyJavaClassDescriptor::getUnsubstitutedMemberScope (15 bytes)
Event: 14.575 Thread 0x000001b6cf1977e0 nmethod 8399 0x000001b6b87c7790 code [0x000001b6b87c7a60, 0x000001b6b87c86e8]
Event: 14.586 Thread 0x000001b715b7def0 nmethod 8327 0x000001b6bfe50210 code [0x000001b6bfe503a0, 0x000001b6bfe50d78]
Event: 14.586 Thread 0x000001b715b7def0 8328       4       org.jetbrains.kotlin.descriptors.impl.SimpleFunctionDescriptorImpl::initialize (96 bytes)
Event: 14.589 Thread 0x000001b715b7def0 nmethod 8328 0x000001b6bfcea410 code [0x000001b6bfcea5a0, 0x000001b6bfcea768]
Event: 14.589 Thread 0x000001b715b7def0 8338       4       org.jetbrains.kotlin.resolve.BindingTraceContext::record (45 bytes)
Event: 14.602 Thread 0x000001b6cf1977e0 8401       3       org.jetbrains.kotlin.load.java.components.JavaAnnotationDescriptor::<init> (164 bytes)
Event: 14.606 Thread 0x000001b6cf1977e0 nmethod 8401 0x000001b6b835c210 code [0x000001b6b835c6a0, 0x000001b6b835e908]
Event: 14.616 Thread 0x000001b6cf1977e0 8402       3       kotlin.collections.CollectionsKt___CollectionsKt::contains (38 bytes)
Event: 14.617 Thread 0x000001b6cf1977e0 nmethod 8402 0x000001b6b8945f10 code [0x000001b6b8946160, 0x000001b6b8946ad8]
Event: 14.620 Thread 0x000001b6cf1977e0 8403       3       org.jetbrains.kotlin.load.java.AnnotationQualifiersFqNamesKt::getBUILT_IN_TYPE_QUALIFIER_FQ_NAMES (4 bytes)
Event: 14.620 Thread 0x000001b6cf1977e0 nmethod 8403 0x000001b6b84a2d10 code [0x000001b6b84a2ea0, 0x000001b6b84a2f98]
Event: 14.620 Thread 0x000001b6cf1977e0 8404       3       org.jetbrains.kotlin.load.java.AbstractAnnotationTypeQualifierResolver::resolveTypeQualifierAnnotation (180 bytes)
Event: 14.624 Thread 0x000001b6cf1977e0 nmethod 8404 0x000001b6b8ac7910 code [0x000001b6b8ac7e00, 0x000001b6b8aca108]
Event: 14.624 Thread 0x000001b6cf1977e0 8405       3       org.jetbrains.kotlin.load.java.AnnotationQualifiersFqNamesKt::getTYPE_QUALIFIER_FQNAME (4 bytes)
Event: 14.624 Thread 0x000001b6cf1977e0 nmethod 8405 0x000001b6b8973890 code [0x000001b6b8973a20, 0x000001b6b8973b18]
Event: 14.624 Thread 0x000001b6cf1977e0 8406       3       org.jetbrains.kotlin.load.java.AnnotationQualifiersFqNamesKt::getTYPE_QUALIFIER_NICKNAME_FQNAME (4 bytes)
Event: 14.624 Thread 0x000001b6cf1977e0 nmethod 8406 0x000001b6b838f490 code [0x000001b6b838f620, 0x000001b6b838f718]
Event: 14.643 Thread 0x000001b715b7def0 nmethod 8338 0x000001b6bfca9490 code [0x000001b6bfca96e0, 0x000001b6bfcaa530]
Event: 14.643 Thread 0x000001b715b7def0 8407       4       org.jetbrains.kotlin.name.FqNameUnsafe::toSafe (46 bytes)

GC Heap History (20 events):
Event: 5.819 GC heap after
{Heap after GC invocations=9 (full 0):
 garbage-first heap   total 109568K, used 25042K [0x0000000081e00000, 0x0000000100000000)
  region size 1024K, 5 young (5120K), 5 survivors (5120K)
 Metaspace       used 35769K, committed 35968K, reserved 1114112K
  class space    used 4492K, committed 4608K, reserved 1048576K
}
Event: 7.639 GC heap before
{Heap before GC invocations=10 (full 0):
 garbage-first heap   total 89088K, used 70098K [0x0000000081e00000, 0x0000000100000000)
  region size 1024K, 47 young (48128K), 5 survivors (5120K)
 Metaspace       used 40534K, committed 40896K, reserved 1114112K
  class space    used 5018K, committed 5184K, reserved 1048576K
}
Event: 7.675 GC heap after
{Heap after GC invocations=11 (full 0):
 garbage-first heap   total 89088K, used 35418K [0x0000000081e00000, 0x0000000100000000)
  region size 1024K, 7 young (7168K), 7 survivors (7168K)
 Metaspace       used 40534K, committed 40896K, reserved 1114112K
  class space    used 5018K, committed 5184K, reserved 1048576K
}
Event: 8.648 GC heap before
{Heap before GC invocations=11 (full 0):
 garbage-first heap   total 89088K, used 63066K [0x0000000081e00000, 0x0000000100000000)
  region size 1024K, 34 young (34816K), 7 survivors (7168K)
 Metaspace       used 43378K, committed 43712K, reserved 1114112K
  class space    used 5289K, committed 5440K, reserved 1048576K
}
Event: 8.675 GC heap after
{Heap after GC invocations=12 (full 0):
 garbage-first heap   total 89088K, used 39470K [0x0000000081e00000, 0x0000000100000000)
  region size 1024K, 4 young (4096K), 4 survivors (4096K)
 Metaspace       used 43378K, committed 43712K, reserved 1114112K
  class space    used 5289K, committed 5440K, reserved 1048576K
}
Event: 9.874 GC heap before
{Heap before GC invocations=12 (full 0):
 garbage-first heap   total 89088K, used 64046K [0x0000000081e00000, 0x0000000100000000)
  region size 1024K, 29 young (29696K), 4 survivors (4096K)
 Metaspace       used 47215K, committed 47488K, reserved 1114112K
  class space    used 5742K, committed 5888K, reserved 1048576K
}
Event: 9.886 GC heap after
{Heap after GC invocations=13 (full 0):
 garbage-first heap   total 89088K, used 42213K [0x0000000081e00000, 0x0000000100000000)
  region size 1024K, 3 young (3072K), 3 survivors (3072K)
 Metaspace       used 47215K, committed 47488K, reserved 1114112K
  class space    used 5742K, committed 5888K, reserved 1048576K
}
Event: 10.487 GC heap before
{Heap before GC invocations=13 (full 0):
 garbage-first heap   total 89088K, used 66789K [0x0000000081e00000, 0x0000000100000000)
  region size 1024K, 27 young (27648K), 3 survivors (3072K)
 Metaspace       used 48453K, committed 48768K, reserved 1114112K
  class space    used 5843K, committed 6016K, reserved 1048576K
}
Event: 10.501 GC heap after
{Heap after GC invocations=14 (full 0):
 garbage-first heap   total 89088K, used 48085K [0x0000000081e00000, 0x0000000100000000)
  region size 1024K, 4 young (4096K), 4 survivors (4096K)
 Metaspace       used 48453K, committed 48768K, reserved 1114112K
  class space    used 5843K, committed 6016K, reserved 1048576K
}
Event: 10.976 GC heap before
{Heap before GC invocations=14 (full 0):
 garbage-first heap   total 89088K, used 65493K [0x0000000081e00000, 0x0000000100000000)
  region size 1024K, 22 young (22528K), 4 survivors (4096K)
 Metaspace       used 48858K, committed 49152K, reserved 1114112K
  class space    used 5853K, committed 6016K, reserved 1048576K
}
Event: 10.991 GC heap after
{Heap after GC invocations=15 (full 0):
 garbage-first heap   total 107520K, used 53685K [0x0000000081e00000, 0x0000000100000000)
  region size 1024K, 3 young (3072K), 3 survivors (3072K)
 Metaspace       used 48858K, committed 49152K, reserved 1114112K
  class space    used 5853K, committed 6016K, reserved 1048576K
}
Event: 12.087 GC heap before
{Heap before GC invocations=16 (full 0):
 garbage-first heap   total 107520K, used 80309K [0x0000000081e00000, 0x0000000100000000)
  region size 1024K, 28 young (28672K), 3 survivors (3072K)
 Metaspace       used 49918K, committed 50240K, reserved 1114112K
  class space    used 5925K, committed 6080K, reserved 1048576K
}
Event: 12.133 GC heap after
{Heap after GC invocations=17 (full 0):
 garbage-first heap   total 107520K, used 61029K [0x0000000081e00000, 0x0000000100000000)
  region size 1024K, 4 young (4096K), 4 survivors (4096K)
 Metaspace       used 49918K, committed 50240K, reserved 1114112K
  class space    used 5925K, committed 6080K, reserved 1048576K
}
Event: 12.185 GC heap before
{Heap before GC invocations=17 (full 0):
 garbage-first heap   total 107520K, used 62053K [0x0000000081e00000, 0x0000000100000000)
  region size 1024K, 5 young (5120K), 4 survivors (4096K)
 Metaspace       used 49926K, committed 50240K, reserved 1114112K
  class space    used 5926K, committed 6080K, reserved 1048576K
}
Event: 12.207 GC heap after
{Heap after GC invocations=18 (full 0):
 garbage-first heap   total 107520K, used 61181K [0x0000000081e00000, 0x0000000100000000)
  region size 1024K, 1 young (1024K), 1 survivors (1024K)
 Metaspace       used 49926K, committed 50240K, reserved 1114112K
  class space    used 5926K, committed 6080K, reserved 1048576K
}
Event: 13.187 GC heap before
{Heap before GC invocations=18 (full 0):
 garbage-first heap   total 107520K, used 81661K [0x0000000081e00000, 0x0000000100000000)
  region size 1024K, 21 young (21504K), 1 survivors (1024K)
 Metaspace       used 50071K, committed 50368K, reserved 1114112K
  class space    used 5932K, committed 6080K, reserved 1048576K
}
Event: 13.213 GC heap after
{Heap after GC invocations=19 (full 0):
 garbage-first heap   total 107520K, used 64509K [0x0000000081e00000, 0x0000000100000000)
  region size 1024K, 3 young (3072K), 3 survivors (3072K)
 Metaspace       used 50071K, committed 50368K, reserved 1114112K
  class space    used 5932K, committed 6080K, reserved 1048576K
}
Event: 14.522 GC heap before
{Heap before GC invocations=20 (full 0):
 garbage-first heap   total 116736K, used 83965K [0x0000000081e00000, 0x0000000100000000)
  region size 1024K, 22 young (22528K), 3 survivors (3072K)
 Metaspace       used 50137K, committed 50432K, reserved 1114112K
  class space    used 5932K, committed 6080K, reserved 1048576K
}
Event: 14.559 GC heap after
{Heap after GC invocations=21 (full 0):
 garbage-first heap   total 116736K, used 68137K [0x0000000081e00000, 0x0000000100000000)
  region size 1024K, 3 young (3072K), 3 survivors (3072K)
 Metaspace       used 50137K, committed 50432K, reserved 1114112K
  class space    used 5932K, committed 6080K, reserved 1048576K
}
Event: 14.644 GC heap before
{Heap before GC invocations=21 (full 0):
 garbage-first heap   total 116736K, used 70185K [0x0000000081e00000, 0x0000000100000000)
  region size 1024K, 5 young (5120K), 3 survivors (3072K)
 Metaspace       used 50141K, committed 50432K, reserved 1114112K
  class space    used 5932K, committed 6080K, reserved 1048576K
}

Dll operation events (7 events):
Event: 0.017 Loaded shared library C:\Program Files\Eclipse Adoptium\jdk-17.0.18.8-hotspot\bin\java.dll
Event: 0.056 Loaded shared library C:\Program Files\Eclipse Adoptium\jdk-17.0.18.8-hotspot\bin\jsvml.dll
Event: 0.166 Loaded shared library C:\Program Files\Eclipse Adoptium\jdk-17.0.18.8-hotspot\bin\net.dll
Event: 0.170 Loaded shared library C:\Program Files\Eclipse Adoptium\jdk-17.0.18.8-hotspot\bin\nio.dll
Event: 0.236 Loaded shared library C:\Program Files\Eclipse Adoptium\jdk-17.0.18.8-hotspot\bin\zip.dll
Event: 0.294 Loaded shared library C:\Program Files\Eclipse Adoptium\jdk-17.0.18.8-hotspot\bin\jimage.dll
Event: 3.528 Loaded shared library C:\Program Files\Eclipse Adoptium\jdk-17.0.18.8-hotspot\bin\verify.dll

Deoptimization events (20 events):
Event: 13.463 Thread 0x000001b6aedd9690 Uncommon trap: trap_request=0xffffffbe fr.pc=0x000001b6bff303f0 relative=0x00000000000004b0
Event: 13.463 Thread 0x000001b6aedd9690 Uncommon trap: reason=profile_predicate action=maybe_recompile pc=0x000001b6bff303f0 method=java.util.Arrays$ArrayList.indexOf(Ljava/lang/Object;)I @ 39 c2
Event: 13.463 Thread 0x000001b6aedd9690 DEOPT PACKING pc=0x000001b6bff303f0 sp=0x00000063c0afd3e0
Event: 13.463 Thread 0x000001b6aedd9690 DEOPT UNPACKING pc=0x000001b6bf6a69a3 sp=0x00000063c0afd368 mode 2
Event: 13.463 Thread 0x000001b6aedd9690 Uncommon trap: trap_request=0xffffffbe fr.pc=0x000001b6bff303f0 relative=0x00000000000004b0
Event: 13.463 Thread 0x000001b6aedd9690 Uncommon trap: reason=profile_predicate action=maybe_recompile pc=0x000001b6bff303f0 method=java.util.Arrays$ArrayList.indexOf(Ljava/lang/Object;)I @ 39 c2
Event: 13.463 Thread 0x000001b6aedd9690 DEOPT PACKING pc=0x000001b6bff303f0 sp=0x00000063c0afd3e0
Event: 13.464 Thread 0x000001b6aedd9690 DEOPT UNPACKING pc=0x000001b6bf6a69a3 sp=0x00000063c0afd368 mode 2
Event: 13.464 Thread 0x000001b6aedd9690 Uncommon trap: trap_request=0xffffffbe fr.pc=0x000001b6bff303f0 relative=0x00000000000004b0
Event: 13.464 Thread 0x000001b6aedd9690 Uncommon trap: reason=profile_predicate action=maybe_recompile pc=0x000001b6bff303f0 method=java.util.Arrays$ArrayList.indexOf(Ljava/lang/Object;)I @ 39 c2
Event: 13.464 Thread 0x000001b6aedd9690 DEOPT PACKING pc=0x000001b6bff303f0 sp=0x00000063c0afd3e0
Event: 13.464 Thread 0x000001b6aedd9690 DEOPT UNPACKING pc=0x000001b6bf6a69a3 sp=0x00000063c0afd368 mode 2
Event: 13.469 Thread 0x000001b6aedd9690 Uncommon trap: trap_request=0xffffff45 fr.pc=0x000001b6bff0f060 relative=0x0000000000000120
Event: 13.469 Thread 0x000001b6aedd9690 Uncommon trap: reason=unstable_if action=reinterpret pc=0x000001b6bff0f060 method=org.jetbrains.kotlin.util.AbstractModifierChecks.check(Lorg/jetbrains/kotlin/descriptors/FunctionDescriptor;)Lorg/jetbrains/kotlin/util/CheckResult; @ 40 c2
Event: 13.469 Thread 0x000001b6aedd9690 DEOPT PACKING pc=0x000001b6bff0f060 sp=0x00000063c0afd470
Event: 13.469 Thread 0x000001b6aedd9690 DEOPT UNPACKING pc=0x000001b6bf6a69a3 sp=0x00000063c0afd400 mode 2
Event: 14.356 Thread 0x000001b6aedd9690 Uncommon trap: trap_request=0xffffff45 fr.pc=0x000001b6bff288b8 relative=0x0000000000000a78
Event: 14.356 Thread 0x000001b6aedd9690 Uncommon trap: reason=unstable_if action=reinterpret pc=0x000001b6bff288b8 method=org.jetbrains.org.objectweb.asm.ClassReader.<init>([BIZ)V @ 28 c2
Event: 14.356 Thread 0x000001b6aedd9690 DEOPT PACKING pc=0x000001b6bff288b8 sp=0x00000063c0afd6f0
Event: 14.356 Thread 0x000001b6aedd9690 DEOPT UNPACKING pc=0x000001b6bf6a69a3 sp=0x00000063c0afd670 mode 2

Classes loaded (20 events):
Event: 6.499 Loading class java/util/ArrayList$ListItr
Event: 6.500 Loading class java/util/ArrayList$ListItr done
Event: 6.961 Loading class java/util/AbstractList$ListItr
Event: 6.961 Loading class java/util/AbstractList$ListItr done
Event: 6.992 Loading class java/io/InvalidObjectException
Event: 6.992 Loading class java/io/InvalidObjectException done
Event: 7.058 Loading class java/util/stream/IntPipeline$1
Event: 7.058 Loading class java/util/stream/IntPipeline$1 done
Event: 7.061 Loading class java/util/stream/IntPipeline$1$1
Event: 7.061 Loading class java/util/stream/IntPipeline$1$1 done
Event: 7.123 Loading class java/util/AbstractList$SubList$1
Event: 7.123 Loading class java/util/AbstractList$SubList$1 done
Event: 7.187 Loading class java/text/StringCharacterIterator
Event: 7.187 Loading class java/text/CharacterIterator
Event: 7.188 Loading class java/text/CharacterIterator done
Event: 7.189 Loading class java/text/StringCharacterIterator done
Event: 8.460 Loading class java/util/ComparableTimSort
Event: 8.461 Loading class java/util/ComparableTimSort done
Event: 10.749 Loading class java/util/RegularEnumSet$EnumSetIterator
Event: 10.749 Loading class java/util/RegularEnumSet$EnumSetIterator done

Classes unloaded (0 events):
No events

Classes redefined (0 events):
No events

Internal exceptions (20 events):
Event: 3.719 Thread 0x000001b6aedd9690 Exception <a 'java/lang/NoSuchMethodError'{0x00000000886430a0}: 'int java.lang.invoke.DirectMethodHandle$Holder.invokeVirtual(java.lang.Object, java.lang.Object)'> (0x00000000886430a0) 
thrown [s\src\hotspot\share\interpreter\linkResolver.cpp, line 759]
Event: 3.736 Thread 0x000001b6aedd9690 Exception <a 'java/lang/NoSuchMethodError'{0x00000000886db3b8}: 'java.lang.Object java.lang.invoke.Invokers$Holder.invokeExact_MT(java.lang.Object, java.lang.Object, java.lang.Object, java.lang.Object, java.lang.Object, java.lang.Object)'> (0x00000000886db3b8) 
thrown [s\src\hotspot\share\interpreter\linkResolver.cpp, line 759]
Event: 4.699 Thread 0x000001b6aedd9690 Exception <a 'java/lang/NoSuchMethodError'{0x000000008438bfc8}: 'java.lang.Object java.lang.invoke.DirectMethodHandle$Holder.invokeVirtual(java.lang.Object, java.lang.Object, java.lang.Object)'> (0x000000008438bfc8) 
thrown [s\src\hotspot\share\interpreter\linkResolver.cpp, line 759]
Event: 5.759 Thread 0x000001b6aedd9690 Exception <a 'java/lang/NoSuchMethodError'{0x0000000086149910}: 'java.lang.Object java.lang.invoke.DirectMethodHandle$Holder.newInvokeSpecial(java.lang.Object, java.lang.Object, int)'> (0x0000000086149910) 
thrown [s\src\hotspot\share\interpreter\linkResolver.cpp, line 759]
Event: 6.544 Thread 0x000001b6aedd9690 Exception <a 'java/lang/NoSuchMethodError'{0x0000000086729140}: 'java.lang.Object java.lang.invoke.DirectMethodHandle$Holder.newInvokeSpecial(java.lang.Object, java.lang.Object, java.lang.Object, int)'> (0x0000000086729140) 
thrown [s\src\hotspot\share\interpreter\linkResolver.cpp, line 759]
Event: 6.545 Thread 0x000001b6aedd9690 Exception <a 'java/lang/NoSuchMethodError'{0x000000008672d7c8}: 'java.lang.Object java.lang.invoke.DirectMethodHandle$Holder.invokeSpecial(java.lang.Object, java.lang.Object, java.lang.Object, java.lang.Object, int)'> (0x000000008672d7c8) 
thrown [s\src\hotspot\share\interpreter\linkResolver.cpp, line 759]
Event: 6.545 Thread 0x000001b6aedd9690 Exception <a 'java/lang/NoSuchMethodError'{0x0000000086731638}: 'java.lang.Object java.lang.invoke.Invokers$Holder.linkToTargetMethod(java.lang.Object, java.lang.Object, int, java.lang.Object)'> (0x0000000086731638) 
thrown [s\src\hotspot\share\interpreter\linkResolver.cpp, line 759]
Event: 8.367 Thread 0x000001b6aedd9690 Implicit null exception at 0x000001b6bfd8cea3 to 0x000001b6bfd930f0
Event: 9.136 Thread 0x000001b6aedd9690 Exception <a 'java/lang/NoSuchMethodError'{0x0000000086dc4338}: 'java.lang.Object java.lang.invoke.DirectMethodHandle$Holder.invokeStatic(java.lang.Object, java.lang.Object, java.lang.Object, java.lang.Object, int)'> (0x0000000086dc4338) 
thrown [s\src\hotspot\share\interpreter\linkResolver.cpp, line 759]
Event: 9.137 Thread 0x000001b6aedd9690 Exception <a 'java/lang/NoSuchMethodError'{0x0000000086dcdc80}: 'java.lang.Object java.lang.invoke.DirectMethodHandle$Holder.newInvokeSpecial(java.lang.Object, java.lang.Object, java.lang.Object, java.lang.Object, int)'> (0x0000000086dcdc80) 
thrown [s\src\hotspot\share\interpreter\linkResolver.cpp, line 759]
Event: 9.138 Thread 0x000001b6aedd9690 Exception <a 'java/lang/NoSuchMethodError'{0x0000000086dd2508}: 'java.lang.Object java.lang.invoke.DirectMethodHandle$Holder.invokeSpecial(java.lang.Object, java.lang.Object, java.lang.Object, java.lang.Object, java.lang.Object, int)'> (0x0000000086dd2508) 
thrown [s\src\hotspot\share\interpreter\linkResolver.cpp, line 759]
Event: 9.139 Thread 0x000001b6aedd9690 Exception <a 'java/lang/NoSuchMethodError'{0x0000000086dd6740}: 'java.lang.Object java.lang.invoke.Invokers$Holder.linkToTargetMethod(java.lang.Object, java.lang.Object, java.lang.Object, int, java.lang.Object)'> (0x0000000086dd6740) 
thrown [s\src\hotspot\share\interpreter\linkResolver.cpp, line 759]
Event: 10.407 Thread 0x000001b6aedd9690 Exception <a 'java/lang/NoSuchMethodError'{0x0000000085f979f8}: 'java.lang.Object java.lang.invoke.DirectMethodHandle$Holder.newInvokeSpecial(java.lang.Object, java.lang.Object, java.lang.Object, java.lang.Object, java.lang.Object, java.lang.Object, java.lang.Object, java.lang.Object)'> (0x0000000085f979f8) 
thrown [s\src\hotspot\share\interpreter\linkResolver.cpp, line 759]
Event: 10.407 Thread 0x000001b6aedd9690 Exception <a 'java/lang/NoSuchMethodError'{0x0000000085f9d010}: 'java.lang.Object java.lang.invoke.DirectMethodHandle$Holder.invokeSpecial(java.lang.Object, java.lang.Object, java.lang.Object, java.lang.Object, java.lang.Object, java.lang.Object, java.lang.Object, java.lang.Object, java.lang.Object)'> (0x0000000085f9d010) 
thrown [s\src\hotspot\share\interpreter\linkResolver.cpp, line 759]
Event: 10.408 Thread 0x000001b6aedd9690 Exception <a 'java/lang/NoSuchMethodError'{0x0000000085fa1f40}: 'java.lang.Object java.lang.invoke.Invokers$Holder.linkToTargetMethod(java.lang.Object, java.lang.Object, java.lang.Object, java.lang.Object, java.lang.Object, java.lang.Object, java.lang.Object, java.lang.Object)'> (0x0000000085fa1f40) 
thrown [s\src\hotspot\share\interpreter\linkResolver.cpp, line 759]
Event: 10.747 Thread 0x000001b6aedd9690 Exception <a 'java/lang/NoSuchMethodError'{0x0000000086bab2d0}: 'java.lang.Object java.lang.invoke.DirectMethodHandle$Holder.invokeSpecial(java.lang.Object, java.lang.Object, java.lang.Object, java.lang.Object, java.lang.Object, java.lang.Object, int)'> (0x0000000086bab2d0) 
thrown [s\src\hotspot\share\interpreter\linkResolver.cpp, line 759]
Event: 10.748 Thread 0x000001b6aedd9690 Exception <a 'java/lang/NoSuchMethodError'{0x0000000086bb4ac8}: 'java.lang.Object java.lang.invoke.DirectMethodHandle$Holder.newInvokeSpecial(java.lang.Object, java.lang.Object, java.lang.Object, java.lang.Object, java.lang.Object, java.lang.Object)'> (0x0000000086bb4ac8) 
thrown [s\src\hotspot\share\interpreter\linkResolver.cpp, line 759]
Event: 11.099 Thread 0x000001b6aedd9690 Exception <a 'java/lang/NoSuchMethodError'{0x0000000088339138}: 'int java.lang.invoke.DirectMethodHandle$Holder.invokeInterface(java.lang.Object, java.lang.Object)'> (0x0000000088339138) 
thrown [s\src\hotspot\share\interpreter\linkResolver.cpp, line 759]
Event: 11.145 Thread 0x000001b6aedd9690 Exception <a 'java/lang/NoSuchMethodError'{0x00000000882840d8}: 'java.lang.Object java.lang.invoke.DirectMethodHandle$Holder.invokeStaticInit(java.lang.Object, java.lang.Object, java.lang.Object)'> (0x00000000882840d8) 
thrown [s\src\hotspot\share\interpreter\linkResolver.cpp, line 759]
Event: 11.150 Thread 0x000001b6aedd9690 Exception <a 'java/lang/NoSuchMethodError'{0x00000000882a4b10}: 'java.lang.Object java.lang.invoke.DirectMethodHandle$Holder.newInvokeSpecial(java.lang.Object, int, java.lang.Object)'> (0x00000000882a4b10) 
thrown [s\src\hotspot\share\interpreter\linkResolver.cpp, line 759]

VM Operations (20 events):
Event: 12.207 Executing VM operation: G1CollectForAllocation done
Event: 12.538 Executing VM operation: ICBufferFull
Event: 12.538 Executing VM operation: ICBufferFull done
Event: 12.710 Executing VM operation: ICBufferFull
Event: 12.711 Executing VM operation: ICBufferFull done
Event: 12.990 Executing VM operation: ICBufferFull
Event: 12.990 Executing VM operation: ICBufferFull done
Event: 13.187 Executing VM operation: G1CollectForAllocation
Event: 13.213 Executing VM operation: G1CollectForAllocation done
Event: 13.365 Executing VM operation: G1PauseRemark
Event: 13.387 Executing VM operation: G1PauseRemark done
Event: 13.482 Executing VM operation: G1PauseCleanup
Event: 13.483 Executing VM operation: G1PauseCleanup done
Event: 14.000 Executing VM operation: HandshakeAllThreads
Event: 14.001 Executing VM operation: HandshakeAllThreads done
Event: 14.358 Executing VM operation: HandshakeAllThreads
Event: 14.358 Executing VM operation: HandshakeAllThreads done
Event: 14.522 Executing VM operation: G1CollectForAllocation
Event: 14.559 Executing VM operation: G1CollectForAllocation done
Event: 14.644 Executing VM operation: G1CollectForAllocation

Memory protections (0 events):
No events

Nmethod flushes (20 events):
Event: 14.378 Thread 0x000001b6cf19a1f0 flushing  nmethod 0x000001b6b8b24010
Event: 14.378 Thread 0x000001b6cf19a1f0 flushing  nmethod 0x000001b6b8b25090
Event: 14.378 Thread 0x000001b6cf19a1f0 flushing  nmethod 0x000001b6b8b26290
Event: 14.378 Thread 0x000001b6cf19a1f0 flushing  nmethod 0x000001b6b8b2ac10
Event: 14.378 Thread 0x000001b6cf19a1f0 flushing  nmethod 0x000001b6b8b2af90
Event: 14.378 Thread 0x000001b6cf19a1f0 flushing  nmethod 0x000001b6b8b5ad90
Event: 14.378 Thread 0x000001b6cf19a1f0 flushing  nmethod 0x000001b6b8b68f10
Event: 14.379 Thread 0x000001b6cf19a1f0 flushing  nmethod 0x000001b6b8b94310
Event: 14.379 Thread 0x000001b6cf19a1f0 flushing  nmethod 0x000001b6b8b96f10
Event: 14.379 Thread 0x000001b6cf19a1f0 flushing  nmethod 0x000001b6b8bdc790
Event: 14.379 Thread 0x000001b6cf19a1f0 flushing  nmethod 0x000001b6b8c08110
Event: 14.379 Thread 0x000001b6cf19a1f0 flushing  nmethod 0x000001b6b8c11710
Event: 14.380 Thread 0x000001b6cf19a1f0 flushing  nmethod 0x000001b6b8c32b10
Event: 14.381 Thread 0x000001b6cf19a1f0 flushing  nmethod 0x000001b6b8cba010
Event: 14.381 Thread 0x000001b6cf19a1f0 flushing  nmethod 0x000001b6b8cd3f90
Event: 14.381 Thread 0x000001b6cf19a1f0 flushing  nmethod 0x000001b6b8cdf010
Event: 14.382 Thread 0x000001b6cf19a1f0 flushing  nmethod 0x000001b6b8d3f490
Event: 14.383 Thread 0x000001b6cf19a1f0 flushing  nmethod 0x000001b6b8d79b90
Event: 14.383 Thread 0x000001b6cf19a1f0 flushing  nmethod 0x000001b6b8d81b10
Event: 14.384 Thread 0x000001b6cf19a1f0 flushing  nmethod 0x000001b6b8dabc90

Events (20 events):
Event: 0.079 Thread 0x000001b6aedd9690 Thread added: 0x000001b6cf184a20
Event: 0.080 Thread 0x000001b6aedd9690 Thread added: 0x000001b6cf1855e0
Event: 0.080 Thread 0x000001b6aedd9690 Thread added: 0x000001b6cf18a0c0
Event: 0.080 Thread 0x000001b6aedd9690 Thread added: 0x000001b6cf18aa80
Event: 0.080 Thread 0x000001b6aedd9690 Thread added: 0x000001b6cf18ed20
Event: 0.081 Thread 0x000001b6aedd9690 Thread added: 0x000001b6cf1977e0
Event: 0.081 Thread 0x000001b6aedd9690 Thread added: 0x000001b6cf19a1f0
Event: 0.147 Thread 0x000001b6aedd9690 Thread added: 0x000001b6cf3e7690
Event: 0.155 Thread 0x000001b6aedd9690 Thread added: 0x000001b6cf3eca40
Event: 0.225 Thread 0x000001b6cf18ed20 Thread added: 0x000001b6cf434330
Event: 0.635 Thread 0x000001b6cf434330 Thread exited: 0x000001b6cf434330
Event: 1.541 Thread 0x000001b6cf1977e0 Thread added: 0x000001b6cfca9720
Event: 2.115 Thread 0x000001b6cfca9720 Thread exited: 0x000001b6cfca9720
Event: 2.192 Thread 0x000001b6cf1977e0 Thread added: 0x000001b6cfd152c0
Event: 2.777 Thread 0x000001b6cfd152c0 Thread exited: 0x000001b6cfd152c0
Event: 3.473 Thread 0x000001b6cf1977e0 Thread added: 0x000001b7159f6a30
Event: 4.047 Thread 0x000001b6cf1977e0 Thread added: 0x000001b71533f840
Event: 4.479 Thread 0x000001b71533f840 Thread exited: 0x000001b71533f840
Event: 4.490 Thread 0x000001b7159f6a30 Thread exited: 0x000001b7159f6a30
Event: 4.723 Thread 0x000001b6cf1977e0 Thread added: 0x000001b715b7def0


Dynamic libraries:
0x00007ff605220000 - 0x00007ff60522e000 	C:\Program Files\Eclipse Adoptium\jdk-17.0.18.8-hotspot\bin\java.exe
0x00007ff8bbd30000 - 0x00007ff8bbf48000 	C:\Windows\SYSTEM32\ntdll.dll
0x00007ff8ba310000 - 0x00007ff8ba3d4000 	C:\Windows\System32\KERNEL32.DLL
0x00007ff8b9360000 - 0x00007ff8b9733000 	C:\Windows\System32\KERNELBASE.dll
0x00007ff8b9740000 - 0x00007ff8b9851000 	C:\Windows\System32\ucrtbase.dll
0x00007ff8b2ec0000 - 0x00007ff8b2ede000 	C:\Program Files\Eclipse Adoptium\jdk-17.0.18.8-hotspot\bin\VCRUNTIME140.dll
0x00007ff8aa4c0000 - 0x00007ff8aa4d8000 	C:\Program Files\Eclipse Adoptium\jdk-17.0.18.8-hotspot\bin\jli.dll
0x00007ff8ba7b0000 - 0x00007ff8ba962000 	C:\Windows\System32\USER32.dll
0x00007ff8a0260000 - 0x00007ff8a04fc000 	C:\Windows\WinSxS\amd64_microsoft.windows.common-controls_6595b64144ccf1df_6.0.22621.6060_none_2712eda17382d24b\COMCTL32.dll
0x00007ff8b99a0000 - 0x00007ff8b99c6000 	C:\Windows\System32\win32u.dll
0x00007ff8bbc40000 - 0x00007ff8bbce7000 	C:\Windows\System32\msvcrt.dll
0x00007ff8ba5a0000 - 0x00007ff8ba5c9000 	C:\Windows\System32\GDI32.dll
0x00007ff8b9180000 - 0x00007ff8b929b000 	C:\Windows\System32\gdi32full.dll
0x00007ff8b8f70000 - 0x00007ff8b900a000 	C:\Windows\System32\msvcp_win.dll
0x00007ff8bbb20000 - 0x00007ff8bbb51000 	C:\Windows\System32\IMM32.DLL
0x00007ff8b4d60000 - 0x00007ff8b4d6c000 	C:\Program Files\Eclipse Adoptium\jdk-17.0.18.8-hotspot\bin\vcruntime140_1.dll
0x00007ff895ac0000 - 0x00007ff895b4d000 	C:\Program Files\Eclipse Adoptium\jdk-17.0.18.8-hotspot\bin\msvcp140.dll
0x00007fffd8980000 - 0x00007fffd95eb000 	C:\Program Files\Eclipse Adoptium\jdk-17.0.18.8-hotspot\bin\server\jvm.dll
0x00007ff8ba650000 - 0x00007ff8ba701000 	C:\Windows\System32\ADVAPI32.dll
0x00007ff8ba970000 - 0x00007ff8baa18000 	C:\Windows\System32\sechost.dll
0x00007ff8b8e40000 - 0x00007ff8b8e68000 	C:\Windows\System32\bcrypt.dll
0x00007ff8ba0e0000 - 0x00007ff8ba1f8000 	C:\Windows\System32\RPCRT4.dll
0x00007ff8ba710000 - 0x00007ff8ba781000 	C:\Windows\System32\WS2_32.dll
0x00007ff8b8d10000 - 0x00007ff8b8d5d000 	C:\Windows\SYSTEM32\POWRPROF.dll
0x00007ff8b2a90000 - 0x00007ff8b2ac4000 	C:\Windows\SYSTEM32\WINMM.dll
0x00007ff8b4a80000 - 0x00007ff8b4a8a000 	C:\Windows\SYSTEM32\VERSION.dll
0x00007ff8b8cf0000 - 0x00007ff8b8d03000 	C:\Windows\SYSTEM32\UMPDC.dll
0x00007ff8b7de0000 - 0x00007ff8b7df8000 	C:\Windows\SYSTEM32\kernel.appcore.dll
0x00007ff8b4a30000 - 0x00007ff8b4a3a000 	C:\Program Files\Eclipse Adoptium\jdk-17.0.18.8-hotspot\bin\jimage.dll
0x00007ff8b6700000 - 0x00007ff8b6933000 	C:\Windows\SYSTEM32\DBGHELP.DLL
0x00007ff8b9ab0000 - 0x00007ff8b9e41000 	C:\Windows\System32\combase.dll
0x00007ff8b99d0000 - 0x00007ff8b9aa8000 	C:\Windows\System32\OLEAUT32.dll
0x00007ff89b1a0000 - 0x00007ff89b1d2000 	C:\Windows\SYSTEM32\dbgcore.DLL
0x00007ff8b8ef0000 - 0x00007ff8b8f6b000 	C:\Windows\System32\bcryptPrimitives.dll
0x00007ff8aa490000 - 0x00007ff8aa4b5000 	C:\Program Files\Eclipse Adoptium\jdk-17.0.18.8-hotspot\bin\java.dll
0x00007ff894220000 - 0x00007ff8942f7000 	C:\Program Files\Eclipse Adoptium\jdk-17.0.18.8-hotspot\bin\jsvml.dll
0x00007ff8bb280000 - 0x00007ff8bbb1c000 	C:\Windows\System32\SHELL32.dll
0x00007ff8b9860000 - 0x00007ff8b999f000 	C:\Windows\System32\wintypes.dll
0x00007ff8b6cf0000 - 0x00007ff8b760a000 	C:\Windows\SYSTEM32\windows.storage.dll
0x00007ff8ba200000 - 0x00007ff8ba304000 	C:\Windows\System32\SHCORE.dll
0x00007ff8bbb60000 - 0x00007ff8bbbc9000 	C:\Windows\System32\shlwapi.dll
0x00007ff8b8d70000 - 0x00007ff8b8d95000 	C:\Windows\SYSTEM32\profapi.dll
0x00007ff89eec0000 - 0x00007ff89eeda000 	C:\Program Files\Eclipse Adoptium\jdk-17.0.18.8-hotspot\bin\net.dll
0x00007ff8b2420000 - 0x00007ff8b254c000 	C:\Windows\SYSTEM32\WINHTTP.dll
0x00007ff8b82a0000 - 0x00007ff8b8309000 	C:\Windows\system32\mswsock.dll
0x00007ff896be0000 - 0x00007ff896bf6000 	C:\Program Files\Eclipse Adoptium\jdk-17.0.18.8-hotspot\bin\nio.dll
0x00007ff8aa360000 - 0x00007ff8aa378000 	C:\Program Files\Eclipse Adoptium\jdk-17.0.18.8-hotspot\bin\zip.dll
0x00007ff89eeb0000 - 0x00007ff89eec0000 	C:\Program Files\Eclipse Adoptium\jdk-17.0.18.8-hotspot\bin\verify.dll

dbghelp: loaded successfully - version: 4.0.5 - missing functions: none
symbol engine: initialized successfully - sym options: 0x614 - pdb path: .;C:\Program Files\Eclipse Adoptium\jdk-17.0.18.8-hotspot\bin;C:\Windows\SYSTEM32;C:\Windows\WinSxS\amd64_microsoft.windows.common-controls_6595b64144ccf1df_6.0.22621.6060_none_2712eda17382d24b;C:\Program Files\Eclipse Adoptium\jdk-17.0.18.8-hotspot\bin\server

VM Arguments:
java_command: org.jetbrains.kotlin.cli.jvm.K2JVMCompiler @C:\Users\Administrator\StudioProjects\FlexiFitApp_Initial\app\build\20260325_236584496332085332.compiler.options
java_class_path (initial): C:\Users\Administrator\.gradle\caches\modules-2\files-2.1\org.jetbrains.kotlin\kotlin-compiler-embeddable\1.9.0\2c8c3a7402becca891f12739b3e9fd2dc2adbd7a\kotlin-compiler-embeddable-1.9.0.jar;C:\Users\Administrator\.gradle\caches\modules-2\files-2.1\org.jetbrains.kotlin\kotlin-stdlib\1.9.0\8ee15ef0c67dc83d874f412d84378d7f0eb50b63\kotlin-stdlib-1.9.0.jar;C:\Users\Administrator\.gradle\caches\modules-2\files-2.1\org.jetbrains.kotlin\kotlin-script-runtime\1.9.0\4b3102cbbb7e1b58d9d1adf89563f00069ffa7d1\kotlin-script-runtime-1.9.0.jar;C:\Users\Administrator\.gradle\caches\modules-2\files-2.1\org.jetbrains.kotlin\kotlin-reflect\1.9.0\2891f552979d4bf4d4ec516acb9df769fb62dbe9\kotlin-reflect-1.9.0.jar;C:\Users\Administrator\.gradle\caches\modules-2\files-2.1\org.jetbrains.kotlin\kotlin-daemon-embeddable\1.9.0\186543f5e28cf8d9a0290fecc2cf34301c40a65c\kotlin-daemon-embeddable-1.9.0.jar;C:\Users\Administrator\.gradle\caches\modules-2\files-2.1\org.jetbrains.intellij.deps\trove4j\1.0.20200330\3afb14d5f9ceb459d724e907a21145e8ff394f02\trove4j-1.0.20200330.jar;C:\Users\Administrator\.gradle\caches\modules-2\files-2.1\org.jetbrains.kotlin\kotlin-stdlib-common\1.9.0\cd65c21cfd1eec4d44ef09f9f52b6d9f8a720636\kotlin-stdlib-common-1.9.0.jar;C:\Users\Administrator\.gradle\caches\modules-2\files-2.1\org.jetbrains\annotations\13.0\919f0dfe192fb4e063e7dacadee7f8bb9a2672a9\annotations-13.0.jar
Launcher Type: SUN_STANDARD

[Global flags]
     intx CICompilerCount                          = 4                                         {product} {ergonomic}
     uint ConcGCThreads                            = 2                                         {product} {ergonomic}
     uint G1ConcRefinementThreads                  = 8                                         {product} {ergonomic}
   size_t G1HeapRegionSize                         = 1048576                                   {product} {ergonomic}
    uintx GCDrainStackTargetSize                   = 64                                        {product} {ergonomic}
   size_t InitialHeapSize                          = 134217728                                 {product} {ergonomic}
   size_t MarkStackSize                            = 4194304                                   {product} {ergonomic}
   size_t MaxHeapSize                              = 2116026368                                {product} {ergonomic}
   size_t MaxNewSize                               = 1268776960                                {product} {ergonomic}
   size_t MinHeapDeltaBytes                        = 1048576                                   {product} {ergonomic}
   size_t MinHeapSize                              = 8388608                                   {product} {ergonomic}
    uintx NonNMethodCodeHeapSize                   = 5839372                                {pd product} {ergonomic}
    uintx NonProfiledCodeHeapSize                  = 122909434                              {pd product} {ergonomic}
    uintx ProfiledCodeHeapSize                     = 122909434                              {pd product} {ergonomic}
    uintx ReservedCodeCacheSize                    = 251658240                              {pd product} {ergonomic}
     bool SegmentedCodeCache                       = true                                      {product} {ergonomic}
   size_t SoftMaxHeapSize                          = 2116026368                             {manageable} {ergonomic}
     bool UseCompressedClassPointers               = true                           {product lp64_product} {ergonomic}
     bool UseCompressedOops                        = true                           {product lp64_product} {ergonomic}
     bool UseG1GC                                  = true                                      {product} {ergonomic}
     bool UseLargePagesIndividualAllocation        = false                                  {pd product} {ergonomic}

Logging:
Log output configuration:
 #0: stdout all=warning uptime,level,tags
 #1: stderr all=off uptime,level,tags

Environment Variables:
JAVA_HOME=C:\Program Files\Eclipse Adoptium\jdk-17.0.18.8-hotspot
PATH=C:\Program Files\Eclipse Adoptium\jdk-11.0.30.7-hotspot\bin;C:\Program Files\Eclipse Adoptium\jdk-17.0.18.8-hotspot\bin;C:\Program Files\Microsoft MPI\Bin\;C:\Windows\system32;C:\Windows;C:\Windows\System32\Wbem;C:\Windows\System32\WindowsPowerShell\v1.0\;C:\Windows\System32\OpenSSH\;C:\Program Files\Git\cmd;C:\Program Files (x86)\Microsoft SQL Server\160\DTS\Binn\;C:\Program Files (x86)\Microsoft SQL Server\150\Tools\Binn\;C:\Program Files\Microsoft SQL Server\150\Tools\Binn\;C:\Program Files (x86)\Microsoft SQL Server\150\DTS\Binn\;C:\Program Files\Microsoft SQL Server\150\DTS\Binn\;C:\Program Files\Microsoft SQL Server\Client SDK\ODBC\170\Tools\Binn\;C:\Program Files\Microsoft SQL Server\170\Tools\Binn\;C:\Program Files\dotnet\;C:\Program Files\nodejs\;C:\Users\Administrator\AppData\Local\Microsoft\WindowsApps;;C:\Users\Administrator\AppData\Local\Programs\Microsoft VS Code\bin;C:\Users\Administrator\AppData\Local\Python\bin;C:\Users\Administrator\.dotnet\tools;C:\Users\Administrator\AppData\Roaming\npm
USERNAME=Administrator
OS=Windows_NT
PROCESSOR_IDENTIFIER=Intel64 Family 6 Model 142 Stepping 12, GenuineIntel
TMP=C:\Users\ADMINI~1\AppData\Local\Temp
TEMP=C:\Users\ADMINI~1\AppData\Local\Temp



Periodic native trim disabled


---------------  S Y S T E M  ---------------

OS:
 Windows 11 , 64 bit Build 22621 (10.0.22621.5415)
OS uptime: 0 days 23:41 hours
Hyper-V role detected

CPU: total 8 (initial active 8) (4 cores per cpu, 2 threads per core) family 6 model 142 stepping 12 microcode 0xfa, cx8, cmov, fxsr, ht, mmx, 3dnowpref, sse, sse2, sse3, ssse3, sse4.1, sse4.2, popcnt, lzcnt, tsc, tscinvbit, avx, avx2, aes, erms, clmul, bmi1, bmi2, adx, fma, vzeroupper, clflush, clflushopt, hv
Processor Information for all 8 processors :
  Max Mhz: 1800, Current Mhz: 1600, Mhz Limit: 1584

Memory: 4k page, system-wide physical 8070M (482M free)
TotalPageFile size 16262M (AvailPageFile size 45M)
current process WorkingSet (physical memory assigned to process): 277M, peak: 284M
current process commit charge ("private bytes"): 333M, peak: 432M

vm_info: OpenJDK 64-Bit Server VM (17.0.18+8) for windows-amd64 JRE (17.0.18+8), built on Jan 20 2026 22:28:22 by "admin" with MS VC++ 17.12 (VS2022)

END.
