#
# There is insufficient memory for the Java Runtime Environment to continue.
# Native memory allocation (malloc) failed to allocate 2159008 bytes. Error detail: Chunk::new
# Possible reasons:
#   The system is out of physical RAM or swap space
#   This process is running with CompressedOops enabled, and the Java Heap may be blocking the growth of the native heap
# Possible solutions:
#   Reduce memory load on the system
#   Increase physical memory or swap space
#   Check if swap backing store is full
#   Decrease Java heap size (-Xmx/-Xms)
#   Decrease number of Java threads
#   Decrease Java thread stack sizes (-Xss)
#   Set larger code cache with -XX:ReservedCodeCacheSize=
#   JVM is running with Zero Based Compressed Oops mode in which the Java heap is
#     placed in the first 32GB address space. The Java Heap base address is the
#     maximum limit for the native heap growth. Please use -XX:HeapBaseMinAddress
#     to set the Java Heap base and to place the Java Heap above 32GB virtual address.
# This output file may be truncated or incomplete.
#
#  Out of Memory Error (arena.cpp:191), pid=19484, tid=20932
#
# JRE version: OpenJDK Runtime Environment Temurin-17.0.18+8 (17.0.18+8) (build 17.0.18+8)
# Java VM: OpenJDK 64-Bit Server VM Temurin-17.0.18+8 (17.0.18+8, mixed mode, sharing, tiered, compressed oops, compressed class ptrs, g1 gc, windows-amd64)
# No core dump will be written. Minidumps are not enabled by default on client versions of Windows
#

---------------  S U M M A R Y ------------

Command Line: --add-opens=java.base/java.lang=ALL-UNNAMED --add-opens=java.base/java.lang.invoke=ALL-UNNAMED --add-opens=java.base/java.util=ALL-UNNAMED --add-opens=java.prefs/java.util.prefs=ALL-UNNAMED --add-exports=jdk.compiler/com.sun.tools.javac.api=ALL-UNNAMED --add-exports=jdk.compiler/com.sun.tools.javac.util=ALL-UNNAMED --add-opens=java.base/java.util=ALL-UNNAMED --add-opens=java.prefs/java.util.prefs=ALL-UNNAMED --add-opens=java.base/java.nio.charset=ALL-UNNAMED --add-opens=java.base/java.net=ALL-UNNAMED --add-opens=java.base/java.util.concurrent.atomic=ALL-UNNAMED --add-opens=java.xml/javax.xml.namespace=ALL-UNNAMED -Xmx2948m -Dfile.encoding=UTF-8 -Duser.country=US -Duser.language=en -Duser.variant -javaagent:C:\Users\Administrator\.gradle\wrapper\dists\gradle-8.13-bin\5xuhj0ry160q40clulazy9h7d\gradle-8.13\lib\agents\gradle-instrumentation-agent-8.13.jar org.gradle.launcher.daemon.bootstrap.GradleDaemon 8.13

Host: Intel(R) Core(TM) i5-8265U CPU @ 1.60GHz, 8 cores, 7G,  Windows 11 , 64 bit Build 22621 (10.0.22621.5415)
Time: Thu Mar 26 09:20:34 2026 Taipei Standard Time elapsed time: 23.792496 seconds (0d 0h 0m 23s)

---------------  T H R E A D  ---------------

Current thread (0x000001ebfcd05190):  JavaThread "C2 CompilerThread0" daemon [_thread_in_native, id=20932, stack(0x0000004059300000,0x0000004059400000)]


Current CompileTask:
C2:23792 11114       4       java.lang.Class::annotationData (44 bytes)

Stack: [0x0000004059300000,0x0000004059400000]
Native frames: (J=compiled Java code, j=interpreted, Vv=VM code, C=native code)
V  [jvm.dll+0x6846f9]
V  [jvm.dll+0x839ea5]
V  [jvm.dll+0x83b91e]
V  [jvm.dll+0x83bfa3]
V  [jvm.dll+0x248eff]
V  [jvm.dll+0xad496]
V  [jvm.dll+0xadb3c]
V  [jvm.dll+0x368c1e]
V  [jvm.dll+0x333055]
V  [jvm.dll+0x3324ba]
V  [jvm.dll+0x219db9]
V  [jvm.dll+0x219200]
V  [jvm.dll+0x1a4920]
V  [jvm.dll+0x22989a]
V  [jvm.dll+0x227a4b]
V  [jvm.dll+0x7f0658]
V  [jvm.dll+0x7eaaec]
V  [jvm.dll+0x6835c7]
C  [ucrtbase.dll+0x29333]
C  [KERNEL32.DLL+0x1259d]
C  [ntdll.dll+0x5af78]


---------------  P R O C E S S  ---------------

Threads class SMR info:
_java_thread_list=0x000001ebc5ce2d90, length=81, elements={
0x000001ebda72f710, 0x000001ebfccee910, 0x000001ebfccef790, 0x000001ebfccfd900,
0x000001ebfccff440, 0x000001ebfcd00000, 0x000001ebfcd029d0, 0x000001ebfcd05190,
0x000001ebfcd189b0, 0x000001ebfcd22fc0, 0x000001ebfccd72f0, 0x000001ebfcfda2e0,
0x000001ebfe97c020, 0x000001ebfe6de630, 0x000001ebfea993f0, 0x000001ebfea14270,
0x000001ebfea14750, 0x000001ebfe9f51f0, 0x000001ebfe9f6b40, 0x000001ebfe9f7560,
0x000001ebfe9f4ce0, 0x000001ebfe9f6120, 0x000001ebfe9f47d0, 0x000001ebfe9f5700,
0x000001ebfe9f5c10, 0x000001ebfe9f6630, 0x000001ebfe9f7a70, 0x000001ebfe9f7f80,
0x000001ebfed79480, 0x000001ebfed75cd0, 0x000001ebfed7a3b0, 0x000001ebfed752b0,
0x000001ebfed766f0, 0x000001ebfed79990, 0x000001ebfed74380, 0x000001ebfed77b30,
0x000001ebfed78f70, 0x000001ebfed73960, 0x000001ebfed78040, 0x000001ebfed7a8c0,
0x000001ebfed7b2e0, 0x000001ebfed73e70, 0x000001ebfed74890, 0x000001ebfed74da0,
0x000001ebfcec61c0, 0x000001ebfcec2a10, 0x000001ebfcec0190, 0x000001ebfcec66d0,
0x000001ebfcec06a0, 0x000001ebfcec5290, 0x000001ebfcec2500, 0x000001ebfcebf770,
0x000001ebfcec57a0, 0x000001ebfcec5cb0, 0x000001ebfcebf260, 0x000001ebfcec0bb0,
0x000001ebfcec10c0, 0x000001ebfcec15d0, 0x000001ebfcec1ae0, 0x000001ebfcec1ff0,
0x000001ebfcec3940, 0x000001ebfcec4d80, 0x000001ebfcec3430, 0x000001ebc7280280,
0x000001ebc7280790, 0x000001ebc72811b0, 0x000001ebc7281bd0, 0x000001ebc72816c0,
0x000001ebc7280ca0, 0x000001ebc552c530, 0x000001ebff0285a0, 0x000001ebc5e78fa0,
0x000001ebc5e794b0, 0x000001ebc5e78580, 0x000001ebc5e78070, 0x000001ebc62d4600,
0x000001ebc62d5a40, 0x000001ebc62d4b10, 0x000001ebc6722980, 0x000001ebc5e799c0,
0x000001ebc5e78a90
}

Java Threads: ( => current thread )
  0x000001ebda72f710 JavaThread "main" [_thread_blocked, id=20164, stack(0x0000004058600000,0x0000004058700000)]
  0x000001ebfccee910 JavaThread "Reference Handler" daemon [_thread_blocked, id=18956, stack(0x0000004058d00000,0x0000004058e00000)]
  0x000001ebfccef790 JavaThread "Finalizer" daemon [_thread_blocked, id=19820, stack(0x0000004058e00000,0x0000004058f00000)]
  0x000001ebfccfd900 JavaThread "Signal Dispatcher" daemon [_thread_blocked, id=16624, stack(0x0000004058f00000,0x0000004059000000)]
  0x000001ebfccff440 JavaThread "Attach Listener" daemon [_thread_blocked, id=12672, stack(0x0000004059000000,0x0000004059100000)]
  0x000001ebfcd00000 JavaThread "Service Thread" daemon [_thread_blocked, id=2328, stack(0x0000004059100000,0x0000004059200000)]
  0x000001ebfcd029d0 JavaThread "Monitor Deflation Thread" daemon [_thread_blocked, id=15660, stack(0x0000004059200000,0x0000004059300000)]
=>0x000001ebfcd05190 JavaThread "C2 CompilerThread0" daemon [_thread_in_native, id=20932, stack(0x0000004059300000,0x0000004059400000)]
  0x000001ebfcd189b0 JavaThread "C1 CompilerThread0" daemon [_thread_blocked, id=15288, stack(0x0000004059400000,0x0000004059500000)]
  0x000001ebfcd22fc0 JavaThread "Sweeper thread" daemon [_thread_blocked, id=22196, stack(0x0000004059500000,0x0000004059600000)]
  0x000001ebfccd72f0 JavaThread "Common-Cleaner" daemon [_thread_blocked, id=22212, stack(0x0000004059600000,0x0000004059700000)]
  0x000001ebfcfda2e0 JavaThread "Notification Thread" daemon [_thread_blocked, id=4044, stack(0x0000004059700000,0x0000004059800000)]
  0x000001ebfe97c020 JavaThread "Daemon health stats" [_thread_blocked, id=2244, stack(0x0000004059f00000,0x000000405a000000)]
  0x000001ebfe6de630 JavaThread "Incoming local TCP Connector on port 54478" [_thread_in_native, id=7568, stack(0x0000004059900000,0x0000004059a00000)]
  0x000001ebfea993f0 JavaThread "Daemon periodic checks" [_thread_blocked, id=7948, stack(0x000000405a000000,0x000000405a100000)]
  0x000001ebfea14270 JavaThread "Daemon" [_thread_blocked, id=4264, stack(0x000000405a100000,0x000000405a200000)]
  0x000001ebfea14750 JavaThread "Handler for socket connection from /127.0.0.1:54478 to /127.0.0.1:54479" [_thread_in_native, id=19048, stack(0x000000405a200000,0x000000405a300000)]
  0x000001ebfe9f51f0 JavaThread "Cancel handler" [_thread_blocked, id=12232, stack(0x000000405a300000,0x000000405a400000)]
  0x000001ebfe9f6b40 JavaThread "Daemon worker" [_thread_in_native, id=19208, stack(0x000000405a400000,0x000000405a500000)]
  0x000001ebfe9f7560 JavaThread "Asynchronous log dispatcher for DefaultDaemonConnection: socket connection from /127.0.0.1:54478 to /127.0.0.1:54479" [_thread_blocked, id=15152, stack(0x000000405a500000,0x000000405a600000)]
  0x000001ebfe9f4ce0 JavaThread "Stdin handler" [_thread_blocked, id=13044, stack(0x000000405a600000,0x000000405a700000)]
  0x000001ebfe9f6120 JavaThread "Daemon client event forwarder" [_thread_blocked, id=12100, stack(0x000000405a700000,0x000000405a800000)]
  0x000001ebfe9f47d0 JavaThread "Cache worker for journal cache (C:\Users\Administrator\.gradle\caches\journal-1)" [_thread_blocked, id=12916, stack(0x000000405a900000,0x000000405aa00000)]
  0x000001ebfe9f5700 JavaThread "File lock request listener" [_thread_in_native, id=22404, stack(0x000000405aa00000,0x000000405ab00000)]
  0x000001ebfe9f5c10 JavaThread "Cache worker for file hash cache (C:\Users\Administrator\.gradle\caches\8.13\fileHashes)" [_thread_blocked, id=19812, stack(0x000000405ab00000,0x000000405ac00000)]
  0x000001ebfe9f6630 JavaThread "Cache worker for file hash cache (C:\Users\Administrator\StudioProjects\FlexiFitApp_Initial\.gradle\8.13\fileHashes)" [_thread_blocked, id=15384, stack(0x000000405af00000,0x000000405b000000)]
  0x000001ebfe9f7a70 JavaThread "Cache worker for Build Output Cleanup Cache (C:\Users\Administrator\StudioProjects\FlexiFitApp_Initial\.gradle\buildOutputCleanup)" [_thread_blocked, id=14780, stack(0x000000405b000000,0x000000405b100000)]
  0x000001ebfe9f7f80 JavaThread "File watcher server" daemon [_thread_in_native, id=16300, stack(0x000000405b200000,0x000000405b300000)]
  0x000001ebfed79480 JavaThread "File watcher consumer" daemon [_thread_blocked, id=7888, stack(0x000000405b300000,0x000000405b400000)]
  0x000001ebfed75cd0 JavaThread "jar transforms" [_thread_blocked, id=22928, stack(0x000000405b400000,0x000000405b500000)]
  0x000001ebfed7a3b0 JavaThread "jar transforms Thread 2" [_thread_blocked, id=16448, stack(0x000000405b500000,0x000000405b600000)]
  0x000001ebfed752b0 JavaThread "Cache worker for checksums cache (C:\Users\Administrator\StudioProjects\FlexiFitApp_Initial\.gradle\8.13\checksums)" [_thread_blocked, id=10756, stack(0x000000405b800000,0x000000405b900000)]
  0x000001ebfed766f0 JavaThread "Cache worker for file content cache (C:\Users\Administrator\.gradle\caches\8.13\fileContent)" [_thread_blocked, id=15904, stack(0x000000405b900000,0x000000405ba00000)]
  0x000001ebfed79990 JavaThread "jar transforms Thread 3" [_thread_blocked, id=18880, stack(0x000000405ba00000,0x000000405bb00000)]
  0x000001ebfed74380 JavaThread "Cache worker for cache directory md-supplier (C:\Users\Administrator\.gradle\caches\8.13\md-supplier)" [_thread_blocked, id=15868, stack(0x000000405bb00000,0x000000405bc00000)]
  0x000001ebfed77b30 JavaThread "Cache worker for cache directory md-rule (C:\Users\Administrator\.gradle\caches\8.13\md-rule)" [_thread_blocked, id=15524, stack(0x000000405bc00000,0x000000405bd00000)]
  0x000001ebfed78f70 JavaThread "Unconstrained build operations" [_thread_blocked, id=14288, stack(0x000000405ae00000,0x000000405af00000)]
  0x000001ebfed73960 JavaThread "Unconstrained build operations Thread 2" [_thread_blocked, id=21456, stack(0x000000405bd00000,0x000000405be00000)]
  0x000001ebfed78040 JavaThread "Unconstrained build operations Thread 3" [_thread_blocked, id=19268, stack(0x000000405be00000,0x000000405bf00000)]
  0x000001ebfed7a8c0 JavaThread "Unconstrained build operations Thread 4" [_thread_blocked, id=22852, stack(0x000000405bf00000,0x000000405c000000)]
  0x000001ebfed7b2e0 JavaThread "Unconstrained build operations Thread 5" [_thread_blocked, id=13116, stack(0x000000405c000000,0x000000405c100000)]
  0x000001ebfed73e70 JavaThread "Unconstrained build operations Thread 6" [_thread_blocked, id=5252, stack(0x000000405c100000,0x000000405c200000)]
  0x000001ebfed74890 JavaThread "Unconstrained build operations Thread 7" [_thread_blocked, id=9964, stack(0x000000405c200000,0x000000405c300000)]
  0x000001ebfed74da0 JavaThread "Unconstrained build operations Thread 8" [_thread_blocked, id=10748, stack(0x000000405c300000,0x000000405c400000)]
  0x000001ebfcec61c0 JavaThread "Unconstrained build operations Thread 9" [_thread_blocked, id=17888, stack(0x000000405c400000,0x000000405c500000)]
  0x000001ebfcec2a10 JavaThread "Unconstrained build operations Thread 10" [_thread_blocked, id=9736, stack(0x000000405c500000,0x000000405c600000)]
  0x000001ebfcec0190 JavaThread "jar transforms Thread 4" [_thread_blocked, id=16304, stack(0x000000405c600000,0x000000405c700000)]
  0x000001ebfcec66d0 JavaThread "jar transforms Thread 5" [_thread_blocked, id=7176, stack(0x000000405c700000,0x000000405c800000)]
  0x000001ebfcec06a0 JavaThread "Unconstrained build operations Thread 11" [_thread_blocked, id=20220, stack(0x000000405c800000,0x000000405c900000)]
  0x000001ebfcec5290 JavaThread "Unconstrained build operations Thread 12" [_thread_blocked, id=15776, stack(0x000000405c900000,0x000000405ca00000)]
  0x000001ebfcec2500 JavaThread "Unconstrained build operations Thread 13" [_thread_blocked, id=8172, stack(0x000000405ca00000,0x000000405cb00000)]
  0x000001ebfcebf770 JavaThread "Unconstrained build operations Thread 14" [_thread_blocked, id=16976, stack(0x000000405cb00000,0x000000405cc00000)]
  0x000001ebfcec57a0 JavaThread "Unconstrained build operations Thread 15" [_thread_blocked, id=23528, stack(0x000000405cc00000,0x000000405cd00000)]
  0x000001ebfcec5cb0 JavaThread "jar transforms Thread 6" [_thread_blocked, id=13832, stack(0x000000405cd00000,0x000000405ce00000)]
  0x000001ebfcebf260 JavaThread "jar transforms Thread 7" [_thread_blocked, id=17324, stack(0x000000405ce00000,0x000000405cf00000)]
  0x000001ebfcec0bb0 JavaThread "jar transforms Thread 8" [_thread_blocked, id=14456, stack(0x000000405cf00000,0x000000405d000000)]
  0x000001ebfcec10c0 JavaThread "Unconstrained build operations Thread 16" [_thread_blocked, id=6208, stack(0x000000405d000000,0x000000405d100000)]
  0x000001ebfcec15d0 JavaThread "Unconstrained build operations Thread 17" [_thread_blocked, id=20372, stack(0x000000405d100000,0x000000405d200000)]
  0x000001ebfcec1ae0 JavaThread "Unconstrained build operations Thread 18" [_thread_blocked, id=20380, stack(0x000000405d200000,0x000000405d300000)]
  0x000001ebfcec1ff0 JavaThread "Unconstrained build operations Thread 19" [_thread_blocked, id=9344, stack(0x000000405d300000,0x000000405d400000)]
  0x000001ebfcec3940 JavaThread "Unconstrained build operations Thread 20" [_thread_blocked, id=16100, stack(0x000000405d400000,0x000000405d500000)]
  0x000001ebfcec4d80 JavaThread "Unconstrained build operations Thread 21" [_thread_blocked, id=9016, stack(0x000000405d500000,0x000000405d600000)]
  0x000001ebfcec3430 JavaThread "Unconstrained build operations Thread 22" [_thread_blocked, id=7608, stack(0x000000405d600000,0x000000405d700000)]
  0x000001ebc7280280 JavaThread "Unconstrained build operations Thread 23" [_thread_blocked, id=4052, stack(0x000000405d700000,0x000000405d800000)]
  0x000001ebc7280790 JavaThread "Unconstrained build operations Thread 24" [_thread_blocked, id=20472, stack(0x000000405d800000,0x000000405d900000)]
  0x000001ebc72811b0 JavaThread "Unconstrained build operations Thread 25" [_thread_blocked, id=16468, stack(0x000000405d900000,0x000000405da00000)]
  0x000001ebc7281bd0 JavaThread "Unconstrained build operations Thread 26" [_thread_blocked, id=16640, stack(0x000000405da00000,0x000000405db00000)]
  0x000001ebc72816c0 JavaThread "Unconstrained build operations Thread 27" [_thread_blocked, id=21104, stack(0x000000405db00000,0x000000405dc00000)]
  0x000001ebc7280ca0 JavaThread "Unconstrained build operations Thread 28" [_thread_blocked, id=1504, stack(0x000000405dc00000,0x000000405dd00000)]
  0x000001ebc552c530 JavaThread "Unconstrained build operations Thread 29" [_thread_blocked, id=11100, stack(0x000000405dd00000,0x000000405de00000)]
  0x000001ebff0285a0 JavaThread "Unconstrained build operations Thread 30" [_thread_blocked, id=20900, stack(0x000000405de00000,0x000000405df00000)]
  0x000001ebc5e78fa0 JavaThread "Unconstrained build operations Thread 31" [_thread_blocked, id=5328, stack(0x000000405df00000,0x000000405e000000)]
  0x000001ebc5e794b0 JavaThread "Unconstrained build operations Thread 32" [_thread_blocked, id=2560, stack(0x000000405e000000,0x000000405e100000)]
  0x000001ebc5e78580 JavaThread "Unconstrained build operations Thread 33" [_thread_blocked, id=22636, stack(0x000000405e100000,0x000000405e200000)]
  0x000001ebc5e78070 JavaThread "Unconstrained build operations Thread 34" [_thread_blocked, id=20552, stack(0x000000405e200000,0x000000405e300000)]
  0x000001ebc62d4600 JavaThread "Unconstrained build operations Thread 35" [_thread_blocked, id=10944, stack(0x000000405e300000,0x000000405e400000)]
  0x000001ebc62d5a40 JavaThread "Unconstrained build operations Thread 36" [_thread_blocked, id=11480, stack(0x000000405e400000,0x000000405e500000)]
  0x000001ebc62d4b10 JavaThread "build event listener" [_thread_blocked, id=18788, stack(0x000000405e500000,0x000000405e600000)]
  0x000001ebc6722980 JavaThread "Memory manager" [_thread_blocked, id=20968, stack(0x000000405e600000,0x000000405e700000)]
  0x000001ebc5e799c0 JavaThread "Problems report writer" [_thread_blocked, id=14980, stack(0x000000405e700000,0x000000405e800000)]
  0x000001ebc5e78a90 JavaThread "build event listener" [_thread_blocked, id=21884, stack(0x000000405e800000,0x000000405e900000)]

Other Threads:
  0x000001ebfcce82b0 VMThread "VM Thread" [stack: 0x0000004058c00000,0x0000004058d00000] [id=7456]
  0x000001ebda7304a0 WatcherThread [stack: 0x0000004059800000,0x0000004059900000] [id=4392]
  0x000001ebda786ca0 GCTaskThread "GC Thread#0" [stack: 0x0000004058700000,0x0000004058800000] [id=18668]
  0x000001ebfd0e6860 GCTaskThread "GC Thread#1" [stack: 0x0000004059b00000,0x0000004059c00000] [id=23524]
  0x000001ebfd0d64b0 GCTaskThread "GC Thread#2" [stack: 0x0000004059c00000,0x0000004059d00000] [id=7196]
  0x000001ebfd94afd0 GCTaskThread "GC Thread#3" [stack: 0x0000004059d00000,0x0000004059e00000] [id=21348]
  0x000001ebfddf8840 GCTaskThread "GC Thread#4" [stack: 0x0000004059e00000,0x0000004059f00000] [id=12200]
  0x000001ebfd516540 GCTaskThread "GC Thread#5" [stack: 0x0000004059a00000,0x0000004059b00000] [id=18696]
  0x000001ebfe19ba00 GCTaskThread "GC Thread#6" [stack: 0x000000405ac00000,0x000000405ad00000] [id=18416]
  0x000001ebff61f630 GCTaskThread "GC Thread#7" [stack: 0x000000405ad00000,0x000000405ae00000] [id=21708]
  0x000001ebda793430 ConcurrentGCThread "G1 Main Marker" [stack: 0x0000004058800000,0x0000004058900000] [id=13928]
  0x000001ebda793e50 ConcurrentGCThread "G1 Conc#0" [stack: 0x0000004058900000,0x0000004058a00000] [id=9436]
  0x000001ebc62d88c0 ConcurrentGCThread "G1 Conc#1" [stack: 0x000000405b100000,0x000000405b200000] [id=20768]
  0x000001ebda7de850 ConcurrentGCThread "G1 Refine#0" [stack: 0x0000004058a00000,0x0000004058b00000] [id=11528]
  0x000001ebc6d7a080 ConcurrentGCThread "G1 Refine#1" [stack: 0x000000405b600000,0x000000405b700000] [id=19464]
  0x000001ebc6d7ac40 ConcurrentGCThread "G1 Refine#2" [stack: 0x000000405b700000,0x000000405b800000] [id=22492]
  0x000001ebfcba7830 ConcurrentGCThread "G1 Service" [stack: 0x0000004058b00000,0x0000004058c00000] [id=3500]

Threads with active compile tasks:
C2 CompilerThread0  23843 11114       4       java.lang.Class::annotationData (44 bytes)

VM state: not at safepoint (normal execution)

VM Mutex/Monitor currently owned by a thread: None

Heap address: 0x0000000747c00000, size: 2948 MB, Compressed Oops mode: Zero based, Oop shift amount: 3

CDS archive(s) mapped at: [0x000001eb80000000-0x000001eb80bb0000-0x000001eb80bb0000), size 12255232, SharedBaseAddress: 0x000001eb80000000, ArchiveRelocationMode: 1.
Compressed class space mapped at: 0x000001eb81000000-0x000001ebc1000000, reserved size: 1073741824
Narrow klass base: 0x000001eb80000000, Narrow klass shift: 0, Narrow klass range: 0x100000000

GC Precious Log:
 CPUs: 8 total, 8 available
 Memory: 8070M
 Large Page Support: Disabled
 NUMA Support: Disabled
 Compressed Oops: Enabled (Zero based)
 Heap Region Size: 2M
 Heap Min Capacity: 8M
 Heap Initial Capacity: 128M
 Heap Max Capacity: 2948M
 Pre-touch: Disabled
 Parallel Workers: 8
 Concurrent Workers: 2
 Concurrent Refinement Workers: 8
 Periodic GC: Disabled

Heap:
 garbage-first heap   total 229376K, used 162362K [0x0000000747c00000, 0x0000000800000000)
  region size 2048K, 33 young (67584K), 4 survivors (8192K)
 Metaspace       used 91783K, committed 92672K, reserved 1179648K
  class space    used 12763K, committed 13184K, reserved 1048576K

Heap Regions: E=young(eden), S=young(survivor), O=old, HS=humongous(starts), HC=humongous(continues), CS=collection set, F=free, OA=open archive, CA=closed archive, TAMS=top-at-mark-start (previous, next)
|   0|0x0000000747c00000, 0x0000000747e00000, 0x0000000747e00000|100%|HS|  |TAMS 0x0000000747e00000, 0x0000000747e00000| Complete 
|   1|0x0000000747e00000, 0x0000000748000000, 0x0000000748000000|100%|HC|  |TAMS 0x0000000748000000, 0x0000000748000000| Complete 
|   2|0x0000000748000000, 0x0000000748200000, 0x0000000748200000|100%| O|  |TAMS 0x0000000748200000, 0x0000000748200000| Untracked 
|   3|0x0000000748200000, 0x0000000748400000, 0x0000000748400000|100%| O|  |TAMS 0x0000000748400000, 0x0000000748400000| Untracked 
|   4|0x0000000748400000, 0x0000000748600000, 0x0000000748600000|100%| O|  |TAMS 0x0000000748600000, 0x0000000748600000| Untracked 
|   5|0x0000000748600000, 0x0000000748800000, 0x0000000748800000|100%| O|  |TAMS 0x0000000748800000, 0x0000000748800000| Untracked 
|   6|0x0000000748800000, 0x0000000748a00000, 0x0000000748a00000|100%| O|  |TAMS 0x0000000748a00000, 0x0000000748a00000| Untracked 
|   7|0x0000000748a00000, 0x0000000748c00000, 0x0000000748c00000|100%| O|  |TAMS 0x0000000748c00000, 0x0000000748c00000| Untracked 
|   8|0x0000000748c00000, 0x0000000748e00000, 0x0000000748e00000|100%| O|  |TAMS 0x0000000748c00000, 0x0000000748e00000| Untracked 
|   9|0x0000000748e00000, 0x0000000749000000, 0x0000000749000000|100%| O|  |TAMS 0x0000000749000000, 0x0000000749000000| Untracked 
|  10|0x0000000749000000, 0x0000000749200000, 0x0000000749200000|100%| O|  |TAMS 0x0000000749200000, 0x0000000749200000| Untracked 
|  11|0x0000000749200000, 0x0000000749400000, 0x0000000749400000|100%| O|  |TAMS 0x0000000749400000, 0x0000000749400000| Untracked 
|  12|0x0000000749400000, 0x0000000749600000, 0x0000000749600000|100%| O|  |TAMS 0x0000000749600000, 0x0000000749600000| Untracked 
|  13|0x0000000749600000, 0x0000000749800000, 0x0000000749800000|100%|HS|  |TAMS 0x0000000749800000, 0x0000000749800000| Complete 
|  14|0x0000000749800000, 0x0000000749a00000, 0x0000000749a00000|100%| O|  |TAMS 0x0000000749a00000, 0x0000000749a00000| Untracked 
|  15|0x0000000749a00000, 0x0000000749c00000, 0x0000000749c00000|100%| O|  |TAMS 0x0000000749c00000, 0x0000000749c00000| Untracked 
|  16|0x0000000749c00000, 0x0000000749e00000, 0x0000000749e00000|100%| O|  |TAMS 0x0000000749c00000, 0x0000000749c00000| Untracked 
|  17|0x0000000749e00000, 0x000000074a000000, 0x000000074a000000|100%| O|  |TAMS 0x000000074a000000, 0x000000074a000000| Untracked 
|  18|0x000000074a000000, 0x000000074a200000, 0x000000074a200000|100%| O|  |TAMS 0x000000074a200000, 0x000000074a200000| Untracked 
|  19|0x000000074a200000, 0x000000074a400000, 0x000000074a400000|100%| O|  |TAMS 0x000000074a400000, 0x000000074a400000| Untracked 
|  20|0x000000074a400000, 0x000000074a600000, 0x000000074a600000|100%| O|  |TAMS 0x000000074a600000, 0x000000074a600000| Untracked 
|  21|0x000000074a600000, 0x000000074a800000, 0x000000074a800000|100%| O|  |TAMS 0x000000074a800000, 0x000000074a800000| Untracked 
|  22|0x000000074a800000, 0x000000074aa00000, 0x000000074aa00000|100%| O|  |TAMS 0x000000074aa00000, 0x000000074aa00000| Untracked 
|  23|0x000000074aa00000, 0x000000074ac00000, 0x000000074ac00000|100%| O|  |TAMS 0x000000074ac00000, 0x000000074ac00000| Untracked 
|  24|0x000000074ac00000, 0x000000074ae00000, 0x000000074ae00000|100%| O|  |TAMS 0x000000074ae00000, 0x000000074ae00000| Untracked 
|  25|0x000000074ae00000, 0x000000074b000000, 0x000000074b000000|100%|HS|  |TAMS 0x000000074b000000, 0x000000074b000000| Complete 
|  26|0x000000074b000000, 0x000000074b200000, 0x000000074b200000|100%| O|  |TAMS 0x000000074b200000, 0x000000074b200000| Untracked 
|  27|0x000000074b200000, 0x000000074b400000, 0x000000074b400000|100%| O|  |TAMS 0x000000074b400000, 0x000000074b400000| Untracked 
|  28|0x000000074b400000, 0x000000074b600000, 0x000000074b600000|100%| O|  |TAMS 0x000000074b600000, 0x000000074b600000| Untracked 
|  29|0x000000074b600000, 0x000000074b800000, 0x000000074b800000|100%|HS|  |TAMS 0x000000074b800000, 0x000000074b800000| Complete 
|  30|0x000000074b800000, 0x000000074ba00000, 0x000000074ba00000|100%|HC|  |TAMS 0x000000074ba00000, 0x000000074ba00000| Complete 
|  31|0x000000074ba00000, 0x000000074bc00000, 0x000000074bc00000|100%| O|  |TAMS 0x000000074bc00000, 0x000000074bc00000| Untracked 
|  32|0x000000074bc00000, 0x000000074be00000, 0x000000074be00000|100%| O|  |TAMS 0x000000074be00000, 0x000000074be00000| Untracked 
|  33|0x000000074be00000, 0x000000074c000000, 0x000000074c000000|100%| O|  |TAMS 0x000000074c000000, 0x000000074c000000| Untracked 
|  34|0x000000074c000000, 0x000000074c200000, 0x000000074c200000|100%|HS|  |TAMS 0x000000074c200000, 0x000000074c200000| Complete 
|  35|0x000000074c200000, 0x000000074c400000, 0x000000074c400000|100%| O|  |TAMS 0x000000074c400000, 0x000000074c400000| Untracked 
|  36|0x000000074c400000, 0x000000074c600000, 0x000000074c600000|100%| O|  |TAMS 0x000000074c600000, 0x000000074c600000| Untracked 
|  37|0x000000074c600000, 0x000000074c800000, 0x000000074c800000|100%| O|  |TAMS 0x000000074c800000, 0x000000074c800000| Untracked 
|  38|0x000000074c800000, 0x000000074ca00000, 0x000000074ca00000|100%| O|  |TAMS 0x000000074ca00000, 0x000000074ca00000| Untracked 
|  39|0x000000074ca00000, 0x000000074cc00000, 0x000000074cc00000|100%| O|  |TAMS 0x000000074caa2800, 0x000000074cc00000| Untracked 
|  40|0x000000074cc00000, 0x000000074ce00000, 0x000000074ce00000|100%| O|  |TAMS 0x000000074cc00000, 0x000000074ce00000| Untracked 
|  41|0x000000074ce00000, 0x000000074d000000, 0x000000074d000000|100%| O|  |TAMS 0x000000074ce00000, 0x000000074d000000| Untracked 
|  42|0x000000074d000000, 0x000000074d200000, 0x000000074d200000|100%| O|  |TAMS 0x000000074d000000, 0x000000074d0c0000| Untracked 
|  43|0x000000074d200000, 0x000000074d400000, 0x000000074d400000|100%|HS|  |TAMS 0x000000074d200000, 0x000000074d200000| Complete 
|  44|0x000000074d400000, 0x000000074d600000, 0x000000074d600000|100%|HC|  |TAMS 0x000000074d400000, 0x000000074d400000| Complete 
|  45|0x000000074d600000, 0x000000074d800000, 0x000000074d800000|100%| O|  |TAMS 0x000000074d600000, 0x000000074d600000| Untracked 
|  46|0x000000074d800000, 0x000000074da00000, 0x000000074da00000|100%| O|  |TAMS 0x000000074d800000, 0x000000074d800000| Untracked 
|  47|0x000000074da00000, 0x000000074db54c00, 0x000000074dc00000| 66%| O|  |TAMS 0x000000074da00000, 0x000000074da00000| Untracked 
|  48|0x000000074dc00000, 0x000000074dc00000, 0x000000074de00000|  0%| F|  |TAMS 0x000000074dc00000, 0x000000074dc00000| Untracked 
|  49|0x000000074de00000, 0x000000074de00000, 0x000000074e000000|  0%| F|  |TAMS 0x000000074de00000, 0x000000074de00000| Untracked 
|  50|0x000000074e000000, 0x000000074e000000, 0x000000074e200000|  0%| F|  |TAMS 0x000000074e000000, 0x000000074e000000| Untracked 
|  51|0x000000074e200000, 0x000000074e200000, 0x000000074e400000|  0%| F|  |TAMS 0x000000074e200000, 0x000000074e200000| Untracked 
|  52|0x000000074e400000, 0x000000074e400000, 0x000000074e600000|  0%| F|  |TAMS 0x000000074e400000, 0x000000074e400000| Untracked 
|  53|0x000000074e600000, 0x000000074e600000, 0x000000074e800000|  0%| F|  |TAMS 0x000000074e600000, 0x000000074e600000| Untracked 
|  54|0x000000074e800000, 0x000000074e800000, 0x000000074ea00000|  0%| F|  |TAMS 0x000000074e800000, 0x000000074e800000| Untracked 
|  55|0x000000074ea00000, 0x000000074ea00000, 0x000000074ec00000|  0%| F|  |TAMS 0x000000074ea00000, 0x000000074ea00000| Untracked 
|  56|0x000000074ec00000, 0x000000074ec00000, 0x000000074ee00000|  0%| F|  |TAMS 0x000000074ec00000, 0x000000074ec00000| Untracked 
|  57|0x000000074ee00000, 0x000000074ee00000, 0x000000074f000000|  0%| F|  |TAMS 0x000000074ee00000, 0x000000074ee00000| Untracked 
|  58|0x000000074f000000, 0x000000074f000000, 0x000000074f200000|  0%| F|  |TAMS 0x000000074f000000, 0x000000074f000000| Untracked 
|  59|0x000000074f200000, 0x000000074f200000, 0x000000074f400000|  0%| F|  |TAMS 0x000000074f200000, 0x000000074f200000| Untracked 
|  60|0x000000074f400000, 0x000000074f400000, 0x000000074f600000|  0%| F|  |TAMS 0x000000074f400000, 0x000000074f400000| Untracked 
|  61|0x000000074f600000, 0x000000074f600000, 0x000000074f800000|  0%| F|  |TAMS 0x000000074f600000, 0x000000074f600000| Untracked 
|  62|0x000000074f800000, 0x000000074f800000, 0x000000074fa00000|  0%| F|  |TAMS 0x000000074f800000, 0x000000074f800000| Untracked 
|  63|0x000000074fa00000, 0x000000074fa00000, 0x000000074fc00000|  0%| F|  |TAMS 0x000000074fa00000, 0x000000074fa00000| Untracked 
|  64|0x000000074fc00000, 0x000000074fc00000, 0x000000074fe00000|  0%| F|  |TAMS 0x000000074fc00000, 0x000000074fc00000| Untracked 
|  65|0x000000074fe00000, 0x000000074fe00000, 0x0000000750000000|  0%| F|  |TAMS 0x000000074fe00000, 0x000000074fe00000| Untracked 
|  66|0x0000000750000000, 0x0000000750000000, 0x0000000750200000|  0%| F|  |TAMS 0x0000000750000000, 0x0000000750000000| Untracked 
|  67|0x0000000750200000, 0x0000000750339fd8, 0x0000000750400000| 61%| S|CS|TAMS 0x0000000750200000, 0x0000000750200000| Complete 
|  68|0x0000000750400000, 0x0000000750600000, 0x0000000750600000|100%| S|CS|TAMS 0x0000000750400000, 0x0000000750400000| Complete 
|  69|0x0000000750600000, 0x0000000750800000, 0x0000000750800000|100%| S|CS|TAMS 0x0000000750600000, 0x0000000750600000| Complete 
|  70|0x0000000750800000, 0x0000000750a00000, 0x0000000750a00000|100%| S|CS|TAMS 0x0000000750800000, 0x0000000750800000| Complete 
|  71|0x0000000750a00000, 0x0000000750a00000, 0x0000000750c00000|  0%| F|  |TAMS 0x0000000750a00000, 0x0000000750a00000| Untracked 
|  72|0x0000000750c00000, 0x0000000750c00000, 0x0000000750e00000|  0%| F|  |TAMS 0x0000000750c00000, 0x0000000750c00000| Untracked 
|  73|0x0000000750e00000, 0x0000000750e00000, 0x0000000751000000|  0%| F|  |TAMS 0x0000000750e00000, 0x0000000750e00000| Untracked 
|  74|0x0000000751000000, 0x0000000751000000, 0x0000000751200000|  0%| F|  |TAMS 0x0000000751000000, 0x0000000751000000| Untracked 
|  75|0x0000000751200000, 0x0000000751200000, 0x0000000751400000|  0%| F|  |TAMS 0x0000000751200000, 0x0000000751200000| Untracked 
|  76|0x0000000751400000, 0x0000000751400000, 0x0000000751600000|  0%| F|  |TAMS 0x0000000751400000, 0x0000000751400000| Untracked 
|  77|0x0000000751600000, 0x0000000751600000, 0x0000000751800000|  0%| F|  |TAMS 0x0000000751600000, 0x0000000751600000| Untracked 
|  78|0x0000000751800000, 0x0000000751800000, 0x0000000751a00000|  0%| F|  |TAMS 0x0000000751800000, 0x0000000751800000| Untracked 
|  79|0x0000000751a00000, 0x0000000751a00000, 0x0000000751c00000|  0%| F|  |TAMS 0x0000000751a00000, 0x0000000751a00000| Untracked 
|  80|0x0000000751c00000, 0x0000000751c00000, 0x0000000751e00000|  0%| F|  |TAMS 0x0000000751c00000, 0x0000000751c00000| Untracked 
|  81|0x0000000751e00000, 0x0000000751e00000, 0x0000000752000000|  0%| F|  |TAMS 0x0000000751e00000, 0x0000000751e00000| Untracked 
|  82|0x0000000752000000, 0x0000000752100000, 0x0000000752200000| 50%| E|  |TAMS 0x0000000752000000, 0x0000000752000000| Complete 
|  83|0x0000000752200000, 0x0000000752400000, 0x0000000752400000|100%| E|CS|TAMS 0x0000000752200000, 0x0000000752200000| Complete 
|  84|0x0000000752400000, 0x0000000752600000, 0x0000000752600000|100%| E|CS|TAMS 0x0000000752400000, 0x0000000752400000| Complete 
|  85|0x0000000752600000, 0x0000000752800000, 0x0000000752800000|100%| E|CS|TAMS 0x0000000752600000, 0x0000000752600000| Complete 
|  86|0x0000000752800000, 0x0000000752a00000, 0x0000000752a00000|100%| E|CS|TAMS 0x0000000752800000, 0x0000000752800000| Complete 
|  87|0x0000000752a00000, 0x0000000752c00000, 0x0000000752c00000|100%| E|CS|TAMS 0x0000000752a00000, 0x0000000752a00000| Complete 
|  88|0x0000000752c00000, 0x0000000752e00000, 0x0000000752e00000|100%| E|CS|TAMS 0x0000000752c00000, 0x0000000752c00000| Complete 
|  89|0x0000000752e00000, 0x0000000753000000, 0x0000000753000000|100%| E|CS|TAMS 0x0000000752e00000, 0x0000000752e00000| Complete 
|  90|0x0000000753000000, 0x0000000753200000, 0x0000000753200000|100%| E|CS|TAMS 0x0000000753000000, 0x0000000753000000| Complete 
|  91|0x0000000753200000, 0x0000000753400000, 0x0000000753400000|100%| E|CS|TAMS 0x0000000753200000, 0x0000000753200000| Complete 
|  92|0x0000000753400000, 0x0000000753600000, 0x0000000753600000|100%| E|CS|TAMS 0x0000000753400000, 0x0000000753400000| Complete 
|  93|0x0000000753600000, 0x0000000753800000, 0x0000000753800000|100%| E|CS|TAMS 0x0000000753600000, 0x0000000753600000| Complete 
|  94|0x0000000753800000, 0x0000000753a00000, 0x0000000753a00000|100%| E|CS|TAMS 0x0000000753800000, 0x0000000753800000| Complete 
|  95|0x0000000753a00000, 0x0000000753c00000, 0x0000000753c00000|100%| E|CS|TAMS 0x0000000753a00000, 0x0000000753a00000| Complete 
|  96|0x0000000753c00000, 0x0000000753e00000, 0x0000000753e00000|100%| E|CS|TAMS 0x0000000753c00000, 0x0000000753c00000| Complete 
|  97|0x0000000753e00000, 0x0000000754000000, 0x0000000754000000|100%| E|CS|TAMS 0x0000000753e00000, 0x0000000753e00000| Complete 
|  98|0x0000000754000000, 0x0000000754200000, 0x0000000754200000|100%| E|CS|TAMS 0x0000000754000000, 0x0000000754000000| Complete 
|  99|0x0000000754200000, 0x0000000754400000, 0x0000000754400000|100%| E|CS|TAMS 0x0000000754200000, 0x0000000754200000| Complete 
| 100|0x0000000754400000, 0x0000000754600000, 0x0000000754600000|100%| E|CS|TAMS 0x0000000754400000, 0x0000000754400000| Complete 
| 101|0x0000000754600000, 0x0000000754800000, 0x0000000754800000|100%| E|CS|TAMS 0x0000000754600000, 0x0000000754600000| Complete 
| 102|0x0000000754800000, 0x0000000754a00000, 0x0000000754a00000|100%| E|CS|TAMS 0x0000000754800000, 0x0000000754800000| Complete 
| 103|0x0000000754a00000, 0x0000000754c00000, 0x0000000754c00000|100%| E|CS|TAMS 0x0000000754a00000, 0x0000000754a00000| Complete 
| 104|0x0000000754c00000, 0x0000000754e00000, 0x0000000754e00000|100%| E|CS|TAMS 0x0000000754c00000, 0x0000000754c00000| Complete 
| 105|0x0000000754e00000, 0x0000000755000000, 0x0000000755000000|100%| E|CS|TAMS 0x0000000754e00000, 0x0000000754e00000| Complete 
| 106|0x0000000755000000, 0x0000000755200000, 0x0000000755200000|100%| E|CS|TAMS 0x0000000755000000, 0x0000000755000000| Complete 
| 107|0x0000000755200000, 0x0000000755400000, 0x0000000755400000|100%| E|CS|TAMS 0x0000000755200000, 0x0000000755200000| Complete 
| 108|0x0000000755400000, 0x0000000755600000, 0x0000000755600000|100%| E|CS|TAMS 0x0000000755400000, 0x0000000755400000| Complete 
| 109|0x0000000755600000, 0x0000000755800000, 0x0000000755800000|100%| E|CS|TAMS 0x0000000755600000, 0x0000000755600000| Complete 
| 110|0x0000000755800000, 0x0000000755a00000, 0x0000000755a00000|100%| E|CS|TAMS 0x0000000755800000, 0x0000000755800000| Complete 
| 111|0x0000000755a00000, 0x0000000755c00000, 0x0000000755c00000|100%| E|CS|TAMS 0x0000000755a00000, 0x0000000755a00000| Complete 

Card table byte_map: [0x000001ebf3ac0000,0x000001ebf4090000] _byte_map_base: 0x000001ebf0082000

Marking Bits (Prev, Next): (CMBitMap*) 0x000001ebda787300, (CMBitMap*) 0x000001ebda7872c0
 Prev Bits: [0x000001ebf7470000, 0x000001ebfa280000)
 Next Bits: [0x000001ebf4660000, 0x000001ebf7470000)

Polling page: 0x000001ebda7e0000

Metaspace:

Usage:
  Non-class:     77.18 MB used.
      Class:     12.47 MB used.
       Both:     89.64 MB used.

Virtual space:
  Non-class space:      128.00 MB reserved,      77.62 MB ( 61%) committed,  2 nodes.
      Class space:        1.00 GB reserved,      12.88 MB (  1%) committed,  1 nodes.
             Both:        1.12 GB reserved,      90.50 MB (  8%) committed. 

Chunk freelists:
   Non-Class:  2.34 MB
       Class:  3.14 MB
        Both:  5.48 MB

MaxMetaspaceSize: unlimited
CompressedClassSpaceSize: 1.00 GB
Initial GC threshold: 21.00 MB
Current GC threshold: 107.44 MB
CDS: on
MetaspaceReclaimPolicy: balanced
 - commit_granule_bytes: 65536.
 - commit_granule_words: 8192.
 - virtual_space_node_default_size: 8388608.
 - enlarge_chunks_in_place: 1.
 - new_chunks_are_fully_committed: 0.
 - uncommit_free_chunks: 1.
 - use_allocation_guard: 0.
 - handle_deallocations: 1.


Internal statistics:

num_allocs_failed_limit: 6.
num_arena_births: 1140.
num_arena_deaths: 0.
num_vsnodes_births: 3.
num_vsnodes_deaths: 0.
num_space_committed: 1448.
num_space_uncommitted: 0.
num_chunks_returned_to_freelist: 6.
num_chunks_taken_from_freelist: 5040.
num_chunk_merges: 6.
num_chunk_splits: 3310.
num_chunks_enlarged: 2185.
num_inconsistent_stats: 0.

CodeHeap 'non-profiled nmethods': size=120000Kb used=5845Kb max_used=5845Kb free=114155Kb
 bounds [0x000001ebeb530000, 0x000001ebebaf0000, 0x000001ebf2a60000]
CodeHeap 'profiled nmethods': size=120000Kb used=18699Kb max_used=18699Kb free=101300Kb
 bounds [0x000001ebe3a60000, 0x000001ebe4cb0000, 0x000001ebeaf90000]
CodeHeap 'non-nmethods': size=5760Kb used=2414Kb max_used=2499Kb free=3345Kb
 bounds [0x000001ebeaf90000, 0x000001ebeb220000, 0x000001ebeb530000]
 total_blobs=10672 nmethods=9722 adapters=862
 compilation: enabled
              stopped_count=0, restarted_count=0
 full_count=0

Compilation events (20 events):
Event: 23.784 Thread 0x000001ebfcd189b0 11278       2       org.gradle.api.internal.attributes.immutable.ImmutableAttributesSchema$ImmutableAttributeMatchingStrategy::<init> (29 bytes)
Event: 23.785 Thread 0x000001ebfcd189b0 nmethod 11278 0x000001ebe4c96e10 code [0x000001ebe4c96fc0, 0x000001ebe4c97318]
Event: 23.785 Thread 0x000001ebfcd189b0 11279       2       org.gradle.api.internal.attributes.immutable.ImmutableAttributesSchema$ImmutableAttributeMatchingStrategy$ChainedCompatibilityRule::<init> (10 bytes)
Event: 23.785 Thread 0x000001ebfcd189b0 nmethod 11279 0x000001ebe4566f90 code [0x000001ebe4567120, 0x000001ebe4567278]
Event: 23.786 Thread 0x000001ebfcd189b0 11280   !   3       com.google.common.reflect.TypeVisitor::visit (225 bytes)
Event: 23.786 Thread 0x000001ebfcd189b0 nmethod 11280 0x000001ebe4c97410 code [0x000001ebe4c97780, 0x000001ebe4c992d8]
Event: 23.789 Thread 0x000001ebfcd189b0 11281       1       org.gradle.internal.metaobject.BeanDynamicObject::access$600 (5 bytes)
Event: 23.789 Thread 0x000001ebfcd189b0 nmethod 11281 0x000001ebeb73fd90 code [0x000001ebeb73ff20, 0x000001ebeb73ffd8]
Event: 23.789 Thread 0x000001ebfcd189b0 11282       2       org.gradle.api.internal.attributes.immutable.ImmutableAttributesSchemaFactory::convertStrategy (28 bytes)
Event: 23.789 Thread 0x000001ebfcd189b0 nmethod 11282 0x000001ebe4c99a90 code [0x000001ebe4c99ca0, 0x000001ebe4c9a138]
Event: 23.789 Thread 0x000001ebfcd189b0 11283       2       org.gradle.api.internal.attributes.DefaultCompatibilityRuleChain_Decorated::getRules (39 bytes)
Event: 23.790 Thread 0x000001ebfcd189b0 nmethod 11283 0x000001ebe4c9a310 code [0x000001ebe4c9a4c0, 0x000001ebe4c9a6d8]
Event: 23.790 Thread 0x000001ebfcd189b0 11284       2       org.gradle.api.internal.artifacts.ivyservice.resolveengine.graph.builder.ComponentState::setState (16 bytes)
Event: 23.790 Thread 0x000001ebfcd189b0 nmethod 11284 0x000001ebe4c9a810 code [0x000001ebe4c9a9c0, 0x000001ebe4c9abd8]
Event: 23.790 Thread 0x000001ebfcd189b0 11285       2       org.gradle.api.internal.attributes.immutable.ImmutableAttributesSchema$ImmutableAttributeMatchingStrategy::equals (63 bytes)
Event: 23.790 Thread 0x000001ebfcd189b0 nmethod 11285 0x000001ebe4c9ac90 code [0x000001ebe4c9ae60, 0x000001ebe4c9b0f8]
Event: 23.790 Thread 0x000001ebfcd189b0 11286       2       org.gradle.api.internal.attributes.immutable.ImmutableAttributesSchema$ImmutableAttributeMatchingStrategy$ChainedCompatibilityRule::equals (41 bytes)
Event: 23.791 Thread 0x000001ebfcd189b0 nmethod 11286 0x000001ebe4c9b290 code [0x000001ebe4c9b440, 0x000001ebe4c9b668]
Event: 23.791 Thread 0x000001ebfcd189b0 11287       1       org.gradle.internal.component.local.model.LocalComponentGraphResolveMetadata::getId (5 bytes)
Event: 23.791 Thread 0x000001ebfcd189b0 nmethod 11287 0x000001ebeb73fa90 code [0x000001ebeb73fc20, 0x000001ebeb73fcf8]

GC Heap History (20 events):
Event: 17.292 GC heap before
{Heap before GC invocations=23 (full 0):
 garbage-first heap   total 141312K, used 101766K [0x0000000747c00000, 0x0000000800000000)
  region size 2048K, 15 young (30720K), 2 survivors (4096K)
 Metaspace       used 59816K, committed 60544K, reserved 1114112K
  class space    used 8225K, committed 8576K, reserved 1048576K
}
Event: 17.296 GC heap after
{Heap after GC invocations=24 (full 0):
 garbage-first heap   total 141312K, used 78589K [0x0000000747c00000, 0x0000000800000000)
  region size 2048K, 1 young (2048K), 1 survivors (2048K)
 Metaspace       used 59816K, committed 60544K, reserved 1114112K
  class space    used 8225K, committed 8576K, reserved 1048576K
}
Event: 17.796 GC heap before
{Heap before GC invocations=25 (full 0):
 garbage-first heap   total 147456K, used 105213K [0x0000000747c00000, 0x0000000800000000)
  region size 2048K, 14 young (28672K), 1 survivors (2048K)
 Metaspace       used 62307K, committed 62976K, reserved 1114112K
  class space    used 8609K, committed 8896K, reserved 1048576K
}
Event: 17.798 GC heap after
{Heap after GC invocations=26 (full 0):
 garbage-first heap   total 147456K, used 79328K [0x0000000747c00000, 0x0000000800000000)
  region size 2048K, 1 young (2048K), 1 survivors (2048K)
 Metaspace       used 62307K, committed 62976K, reserved 1114112K
  class space    used 8609K, committed 8896K, reserved 1048576K
}
Event: 17.883 GC heap before
{Heap before GC invocations=26 (full 0):
 garbage-first heap   total 147456K, used 81376K [0x0000000747c00000, 0x0000000800000000)
  region size 2048K, 3 young (6144K), 1 survivors (2048K)
 Metaspace       used 62651K, committed 63360K, reserved 1114112K
  class space    used 8662K, committed 8960K, reserved 1048576K
}
Event: 17.886 GC heap after
{Heap after GC invocations=27 (full 0):
 garbage-first heap   total 147456K, used 79548K [0x0000000747c00000, 0x0000000800000000)
  region size 2048K, 1 young (2048K), 1 survivors (2048K)
 Metaspace       used 62651K, committed 63360K, reserved 1114112K
  class space    used 8662K, committed 8960K, reserved 1048576K
}
Event: 18.262 GC heap before
{Heap before GC invocations=27 (full 0):
 garbage-first heap   total 147456K, used 110268K [0x0000000747c00000, 0x0000000800000000)
  region size 2048K, 17 young (34816K), 1 survivors (2048K)
 Metaspace       used 65057K, committed 65728K, reserved 1114112K
  class space    used 8955K, committed 9280K, reserved 1048576K
}
Event: 18.265 GC heap after
{Heap after GC invocations=28 (full 0):
 garbage-first heap   total 147456K, used 84034K [0x0000000747c00000, 0x0000000800000000)
  region size 2048K, 3 young (6144K), 3 survivors (6144K)
 Metaspace       used 65057K, committed 65728K, reserved 1114112K
  class space    used 8955K, committed 9280K, reserved 1048576K
}
Event: 18.654 GC heap before
{Heap before GC invocations=29 (full 0):
 garbage-first heap   total 151552K, used 114754K [0x0000000747c00000, 0x0000000800000000)
  region size 2048K, 18 young (36864K), 3 survivors (6144K)
 Metaspace       used 67202K, committed 67904K, reserved 1114112K
  class space    used 9244K, committed 9536K, reserved 1048576K
}
Event: 18.659 GC heap after
{Heap after GC invocations=30 (full 0):
 garbage-first heap   total 151552K, used 86338K [0x0000000747c00000, 0x0000000800000000)
  region size 2048K, 2 young (4096K), 2 survivors (4096K)
 Metaspace       used 67202K, committed 67904K, reserved 1114112K
  class space    used 9244K, committed 9536K, reserved 1048576K
}
Event: 18.686 GC heap before
{Heap before GC invocations=30 (full 0):
 garbage-first heap   total 151552K, used 88386K [0x0000000747c00000, 0x0000000800000000)
  region size 2048K, 3 young (6144K), 2 survivors (4096K)
 Metaspace       used 67408K, committed 68160K, reserved 1114112K
  class space    used 9260K, committed 9600K, reserved 1048576K
}
Event: 18.690 GC heap after
{Heap after GC invocations=31 (full 0):
 garbage-first heap   total 151552K, used 85159K [0x0000000747c00000, 0x0000000800000000)
  region size 2048K, 1 young (2048K), 1 survivors (2048K)
 Metaspace       used 67408K, committed 68160K, reserved 1114112K
  class space    used 9260K, committed 9600K, reserved 1048576K
}
Event: 19.211 GC heap before
{Heap before GC invocations=31 (full 0):
 garbage-first heap   total 151552K, used 105639K [0x0000000747c00000, 0x0000000800000000)
  region size 2048K, 13 young (26624K), 1 survivors (2048K)
 Metaspace       used 70418K, committed 71104K, reserved 1114112K
  class space    used 9622K, committed 9920K, reserved 1048576K
}
Event: 19.218 GC heap after
{Heap after GC invocations=32 (full 0):
 garbage-first heap   total 229376K, used 86304K [0x0000000747c00000, 0x0000000800000000)
  region size 2048K, 1 young (2048K), 1 survivors (2048K)
 Metaspace       used 70418K, committed 71104K, reserved 1114112K
  class space    used 9622K, committed 9920K, reserved 1048576K
}
Event: 20.691 GC heap before
{Heap before GC invocations=32 (full 0):
 garbage-first heap   total 229376K, used 178464K [0x0000000747c00000, 0x0000000800000000)
  region size 2048K, 44 young (90112K), 1 survivors (2048K)
 Metaspace       used 75303K, committed 76032K, reserved 1114112K
  class space    used 10274K, committed 10624K, reserved 1048576K
}
Event: 20.698 GC heap after
{Heap after GC invocations=33 (full 0):
 garbage-first heap   total 229376K, used 98059K [0x0000000747c00000, 0x0000000800000000)
  region size 2048K, 5 young (10240K), 5 survivors (10240K)
 Metaspace       used 75303K, committed 76032K, reserved 1114112K
  class space    used 10274K, committed 10624K, reserved 1048576K
}
Event: 21.862 GC heap before
{Heap before GC invocations=33 (full 0):
 garbage-first heap   total 229376K, used 175883K [0x0000000747c00000, 0x0000000800000000)
  region size 2048K, 43 young (88064K), 5 survivors (10240K)
 Metaspace       used 81121K, committed 81856K, reserved 1179648K
  class space    used 11266K, committed 11584K, reserved 1048576K
}
Event: 21.869 GC heap after
{Heap after GC invocations=34 (full 0):
 garbage-first heap   total 229376K, used 101354K [0x0000000747c00000, 0x0000000800000000)
  region size 2048K, 2 young (4096K), 2 survivors (4096K)
 Metaspace       used 81121K, committed 81856K, reserved 1179648K
  class space    used 11266K, committed 11584K, reserved 1048576K
}
Event: 22.946 GC heap before
{Heap before GC invocations=34 (full 0):
 garbage-first heap   total 229376K, used 181226K [0x0000000747c00000, 0x0000000800000000)
  region size 2048K, 41 young (83968K), 2 survivors (4096K)
 Metaspace       used 86603K, committed 87488K, reserved 1179648K
  class space    used 12053K, committed 12480K, reserved 1048576K
}
Event: 22.951 GC heap after
{Heap after GC invocations=35 (full 0):
 garbage-first heap   total 229376K, used 105018K [0x0000000747c00000, 0x0000000800000000)
  region size 2048K, 4 young (8192K), 4 survivors (8192K)
 Metaspace       used 86603K, committed 87488K, reserved 1179648K
  class space    used 12053K, committed 12480K, reserved 1048576K
}

Dll operation events (15 events):
Event: 0.012 Loaded shared library C:\Program Files\Eclipse Adoptium\jdk-17.0.18.8-hotspot\bin\java.dll
Event: 0.033 Loaded shared library C:\Program Files\Eclipse Adoptium\jdk-17.0.18.8-hotspot\bin\jsvml.dll
Event: 0.134 Loaded shared library C:\Program Files\Eclipse Adoptium\jdk-17.0.18.8-hotspot\bin\zip.dll
Event: 0.138 Loaded shared library C:\Program Files\Eclipse Adoptium\jdk-17.0.18.8-hotspot\bin\instrument.dll
Event: 0.144 Loaded shared library C:\Program Files\Eclipse Adoptium\jdk-17.0.18.8-hotspot\bin\net.dll
Event: 0.147 Loaded shared library C:\Program Files\Eclipse Adoptium\jdk-17.0.18.8-hotspot\bin\nio.dll
Event: 0.150 Loaded shared library C:\Program Files\Eclipse Adoptium\jdk-17.0.18.8-hotspot\bin\zip.dll
Event: 0.478 Loaded shared library C:\Program Files\Eclipse Adoptium\jdk-17.0.18.8-hotspot\bin\jimage.dll
Event: 0.802 Loaded shared library C:\Program Files\Eclipse Adoptium\jdk-17.0.18.8-hotspot\bin\verify.dll
Event: 0.931 Loaded shared library C:\Users\Administrator\.gradle\native\1def1411415f61bf3af743bc5b6707747c0891f09f0c88961ee8f79bc544acac\windows-amd64\native-platform.dll
Event: 0.950 Loaded shared library C:\Users\Administrator\.gradle\native\0.2.7\x86_64-windows-gnu\gradle-fileevents.dll
Event: 2.405 Loaded shared library C:\Program Files\Eclipse Adoptium\jdk-17.0.18.8-hotspot\bin\management.dll
Event: 2.414 Loaded shared library C:\Program Files\Eclipse Adoptium\jdk-17.0.18.8-hotspot\bin\management_ext.dll
Event: 2.822 Loaded shared library C:\Program Files\Eclipse Adoptium\jdk-17.0.18.8-hotspot\bin\extnet.dll
Event: 3.204 Loaded shared library C:\Program Files\Eclipse Adoptium\jdk-17.0.18.8-hotspot\bin\sunmscapi.dll

Deoptimization events (20 events):
Event: 23.538 Thread 0x000001ebfe9f6b40 Uncommon trap: trap_request=0xffffff45 fr.pc=0x000001ebebaba3d0 relative=0x0000000000001570
Event: 23.538 Thread 0x000001ebfe9f6b40 Uncommon trap: reason=unstable_if action=reinterpret pc=0x000001ebebaba3d0 method=java.util.regex.Pattern.atom()Ljava/util/regex/Pattern$Node; @ 14 c2
Event: 23.538 Thread 0x000001ebfe9f6b40 DEOPT PACKING pc=0x000001ebebaba3d0 sp=0x000000405a4f80e0
Event: 23.538 Thread 0x000001ebfe9f6b40 DEOPT UNPACKING pc=0x000001ebeafe69a3 sp=0x000000405a4f80a8 mode 2
Event: 23.553 Thread 0x000001ebfe9f6b40 Uncommon trap: trap_request=0xffffff45 fr.pc=0x000001ebeb640984 relative=0x00000000000002c4
Event: 23.553 Thread 0x000001ebfe9f6b40 Uncommon trap: reason=unstable_if action=reinterpret pc=0x000001ebeb640984 method=java.lang.CharacterDataLatin1.digit(II)I @ 12 c2
Event: 23.553 Thread 0x000001ebfe9f6b40 DEOPT PACKING pc=0x000001ebeb640984 sp=0x000000405a4f8950
Event: 23.553 Thread 0x000001ebfe9f6b40 DEOPT UNPACKING pc=0x000001ebeafe69a3 sp=0x000000405a4f8770 mode 2
Event: 23.560 Thread 0x000001ebfe9f6b40 Uncommon trap: trap_request=0xffffff45 fr.pc=0x000001ebebabe1a4 relative=0x0000000000000324
Event: 23.560 Thread 0x000001ebfe9f6b40 Uncommon trap: reason=unstable_if action=reinterpret pc=0x000001ebebabe1a4 method=com.google.gson.stream.JsonReader.doPeek()I @ 525 c2
Event: 23.560 Thread 0x000001ebfe9f6b40 DEOPT PACKING pc=0x000001ebebabe1a4 sp=0x000000405a4f8c70
Event: 23.560 Thread 0x000001ebfe9f6b40 DEOPT UNPACKING pc=0x000001ebeafe69a3 sp=0x000000405a4f8bf0 mode 2
Event: 23.667 Thread 0x000001ebfe9f6b40 Uncommon trap: trap_request=0xffffff6e fr.pc=0x000001ebeb54f028 relative=0x0000000000000188
Event: 23.667 Thread 0x000001ebfe9f6b40 Uncommon trap: reason=loop_limit_check action=maybe_recompile pc=0x000001ebeb54f028 method=java.lang.StringLatin1.lastIndexOf([BII)I @ 19 c2
Event: 23.667 Thread 0x000001ebfe9f6b40 DEOPT PACKING pc=0x000001ebeb54f028 sp=0x000000405a4f7380
Event: 23.667 Thread 0x000001ebfe9f6b40 DEOPT UNPACKING pc=0x000001ebeafe69a3 sp=0x000000405a4f7300 mode 2
Event: 23.774 Thread 0x000001ebfe9f6b40 Uncommon trap: trap_request=0xffffff45 fr.pc=0x000001ebeb989408 relative=0x00000000000057c8
Event: 23.774 Thread 0x000001ebfe9f6b40 Uncommon trap: reason=unstable_if action=reinterpret pc=0x000001ebeb989408 method=com.google.common.reflect.TypeVisitor.visit([Ljava/lang/reflect/Type;)V @ 50 c2
Event: 23.774 Thread 0x000001ebfe9f6b40 DEOPT PACKING pc=0x000001ebeb989408 sp=0x000000405a4f92b0
Event: 23.774 Thread 0x000001ebfe9f6b40 DEOPT UNPACKING pc=0x000001ebeafe69a3 sp=0x000000405a4f92f0 mode 2

Classes loaded (20 events):
Event: 23.556 Loading class java/io/CharConversionException done
Event: 23.556 Loading class com/sun/org/apache/xerces/internal/impl/io/MalformedByteSequenceException done
Event: 23.610 Loading class java/util/concurrent/ConcurrentSkipListMap$KeySet
Event: 23.611 Loading class java/util/concurrent/ConcurrentSkipListMap$KeySet done
Event: 23.611 Loading class java/util/concurrent/ConcurrentSkipListMap$KeyIterator
Event: 23.611 Loading class java/util/concurrent/ConcurrentSkipListMap$KeyIterator done
Event: 23.611 Loading class java/net/InetAddress$NameServiceAddresses
Event: 23.611 Loading class java/net/InetAddress$Addresses
Event: 23.611 Loading class java/net/InetAddress$Addresses done
Event: 23.611 Loading class java/net/InetAddress$NameServiceAddresses done
Event: 23.615 Loading class sun/net/InetAddressCachePolicy
Event: 23.615 Loading class sun/net/InetAddressCachePolicy done
Event: 23.615 Loading class sun/net/InetAddressCachePolicy$1
Event: 23.616 Loading class sun/net/InetAddressCachePolicy$1 done
Event: 23.616 Loading class sun/net/InetAddressCachePolicy$2
Event: 23.616 Loading class sun/net/InetAddressCachePolicy$2 done
Event: 23.616 Loading class java/net/InetAddress$CachedAddresses
Event: 23.616 Loading class java/net/InetAddress$CachedAddresses done
Event: 23.617 Loading class java/net/InetAddress$CachedLocalHost
Event: 23.617 Loading class java/net/InetAddress$CachedLocalHost done

Classes unloaded (0 events):
No events

Classes redefined (0 events):
No events

Internal exceptions (20 events):
Event: 22.021 Thread 0x000001ebfe9f6b40 Exception <a 'java/lang/ClassNotFoundException'{0x0000000754f58a08}: com/android/build/gradle/internal/api/ReadOnlyBaseConfigBeanInfo> (0x0000000754f58a08) 
thrown [s\src\hotspot\share\classfile\systemDictionary.cpp, line 256]
Event: 22.021 Thread 0x000001ebfe9f6b40 Exception <a 'java/lang/ClassNotFoundException'{0x0000000754f66080}: com/android/build/gradle/internal/api/ReadOnlyBaseConfigCustomizer> (0x0000000754f66080) 
thrown [s\src\hotspot\share\classfile\systemDictionary.cpp, line 256]
Event: 22.022 Thread 0x000001ebfe9f6b40 Exception <a 'java/lang/ClassNotFoundException'{0x0000000754f847c0}: com/android/build/gradle/internal/api/ReadOnlyBuildTypeCustomizer> (0x0000000754f847c0) 
thrown [s\src\hotspot\share\classfile\systemDictionary.cpp, line 256]
Event: 22.377 Thread 0x000001ebfe9f6b40 Implicit null exception at 0x000001ebeb9f9380 to 0x000001ebeb9f9e14
Event: 22.377 Thread 0x000001ebfe9f6b40 Implicit null exception at 0x000001ebeb9faee4 to 0x000001ebeb9faf78
Event: 22.377 Thread 0x000001ebfe9f6b40 Implicit null exception at 0x000001ebeb9f9380 to 0x000001ebeb9f9e14
Event: 22.377 Thread 0x000001ebfe9f6b40 Implicit null exception at 0x000001ebeb9f9380 to 0x000001ebeb9f9e14
Event: 22.378 Thread 0x000001ebfe9f6b40 Implicit null exception at 0x000001ebeb9f9380 to 0x000001ebeb9f9e14
Event: 22.529 Thread 0x000001ebfe9f6b40 Implicit null exception at 0x000001ebeb786500 to 0x000001ebeb786528
Event: 22.613 Thread 0x000001ebfe9f6b40 Exception <a 'java/lang/NoSuchMethodError'{0x0000000752a651e8}: 'java.lang.Object java.lang.invoke.DirectMethodHandle$Holder.newInvokeSpecial(java.lang.Object, java.lang.Object, java.lang.Object, java.lang.Object, java.lang.Object, java.lang.Object, int)'> (0x0000000752a651e8) 
thrown [s\src\hotspot\share\interpreter\linkResolver.cpp, line 759]
Event: 22.613 Thread 0x000001ebfe9f6b40 Exception <a 'java/lang/NoSuchMethodError'{0x0000000752a6abf0}: 'java.lang.Object java.lang.invoke.DirectMethodHandle$Holder.invokeSpecial(java.lang.Object, java.lang.Object, java.lang.Object, java.lang.Object, java.lang.Object, java.lang.Object, java.lang.Object, int)'> (0x0000000752a6abf0) 
thrown [s\src\hotspot\share\interpreter\linkResolver.cpp, line 759]
Event: 22.613 Thread 0x000001ebfe9f6b40 Exception <a 'java/lang/NoSuchMethodError'{0x0000000752a6ffc8}: 'java.lang.Object java.lang.invoke.Invokers$Holder.linkToTargetMethod(java.lang.Object, java.lang.Object, java.lang.Object, java.lang.Object, java.lang.Object, int, java.lang.Object)'> (0x0000000752a6ffc8) 
thrown [s\src\hotspot\share\interpreter\linkResolver.cpp, line 759]
Event: 22.684 Thread 0x000001ebfe9f6b40 Implicit null exception at 0x000001ebeb5a7c13 to 0x000001ebeb5a7d94
Event: 22.786 Thread 0x000001ebfe9f6b40 Exception <a 'java/lang/IncompatibleClassChangeError'{0x0000000751d9c6d0}: Found class java.lang.Object, but interface was expected> (0x0000000751d9c6d0) 
thrown [s\src\hotspot\share\interpreter\linkResolver.cpp, line 826]
Event: 22.982 Thread 0x000001ebfe9f6b40 Exception <a 'sun/nio/fs/WindowsException'{0x0000000755b35650}> (0x0000000755b35650) 
thrown [s\src\hotspot\share\prims\jni.cpp, line 516]
Event: 22.983 Thread 0x000001ebfe9f6b40 Exception <a 'sun/nio/fs/WindowsException'{0x0000000755b36cc0}> (0x0000000755b36cc0) 
thrown [s\src\hotspot\share\prims\jni.cpp, line 516]
Event: 22.983 Thread 0x000001ebfe9f6b40 Exception <a 'sun/nio/fs/WindowsException'{0x0000000755b38380}> (0x0000000755b38380) 
thrown [s\src\hotspot\share\prims\jni.cpp, line 516]
Event: 22.983 Thread 0x000001ebfe9f6b40 Exception <a 'sun/nio/fs/WindowsException'{0x0000000755b39a40}> (0x0000000755b39a40) 
thrown [s\src\hotspot\share\prims\jni.cpp, line 516]
Event: 23.196 Thread 0x000001ebfe9f6b40 Exception <a 'java/lang/NullPointerException'{0x00000007551d8ef0}> (0x00000007551d8ef0) 
thrown [s\src\hotspot\share\interpreter\linkResolver.cpp, line 1433]
Event: 23.332 Thread 0x000001ebfe9f6b40 Implicit null exception at 0x000001ebeb6f17d1 to 0x000001ebeb6f2e94

VM Operations (20 events):
Event: 21.862 Executing VM operation: G1CollectForAllocation
Event: 21.869 Executing VM operation: G1CollectForAllocation done
Event: 22.415 Executing VM operation: ICBufferFull
Event: 22.416 Executing VM operation: ICBufferFull done
Event: 22.493 Executing VM operation: HandshakeAllThreads
Event: 22.493 Executing VM operation: HandshakeAllThreads done
Event: 22.705 Executing VM operation: ICBufferFull
Event: 22.705 Executing VM operation: ICBufferFull done
Event: 22.902 Executing VM operation: HandshakeAllThreads
Event: 22.902 Executing VM operation: HandshakeAllThreads done
Event: 22.946 Executing VM operation: G1CollectForAllocation
Event: 22.951 Executing VM operation: G1CollectForAllocation done
Event: 23.113 Executing VM operation: HandshakeAllThreads
Event: 23.113 Executing VM operation: HandshakeAllThreads done
Event: 23.508 Executing VM operation: HandshakeAllThreads
Event: 23.508 Executing VM operation: HandshakeAllThreads done
Event: 23.558 Executing VM operation: HandshakeAllThreads
Event: 23.559 Executing VM operation: HandshakeAllThreads done
Event: 23.694 Executing VM operation: ICBufferFull
Event: 23.694 Executing VM operation: ICBufferFull done

Memory protections (0 events):
No events

Nmethod flushes (20 events):
Event: 21.227 Thread 0x000001ebfcd22fc0 flushing  nmethod 0x000001ebe4a67590
Event: 21.227 Thread 0x000001ebfcd22fc0 flushing  nmethod 0x000001ebe4a68210
Event: 21.227 Thread 0x000001ebfcd22fc0 flushing  nmethod 0x000001ebe4a68c90
Event: 21.227 Thread 0x000001ebfcd22fc0 flushing  nmethod 0x000001ebe4a69390
Event: 21.227 Thread 0x000001ebfcd22fc0 flushing  nmethod 0x000001ebe4a69790
Event: 21.227 Thread 0x000001ebfcd22fc0 flushing  nmethod 0x000001ebe4a69b90
Event: 21.227 Thread 0x000001ebfcd22fc0 flushing  nmethod 0x000001ebe4a6c490
Event: 21.227 Thread 0x000001ebfcd22fc0 flushing  nmethod 0x000001ebe4a6c790
Event: 21.227 Thread 0x000001ebfcd22fc0 flushing  nmethod 0x000001ebe4a6d890
Event: 21.227 Thread 0x000001ebfcd22fc0 flushing  nmethod 0x000001ebe4a76790
Event: 21.227 Thread 0x000001ebfcd22fc0 flushing  nmethod 0x000001ebe4a78110
Event: 21.227 Thread 0x000001ebfcd22fc0 flushing  nmethod 0x000001ebe4a78490
Event: 21.227 Thread 0x000001ebfcd22fc0 flushing  nmethod 0x000001ebe4a7e490
Event: 21.227 Thread 0x000001ebfcd22fc0 flushing  nmethod 0x000001ebe4a88e90
Event: 21.227 Thread 0x000001ebfcd22fc0 flushing  nmethod 0x000001ebe4a94410
Event: 21.227 Thread 0x000001ebfcd22fc0 flushing  nmethod 0x000001ebe4b41610
Event: 21.227 Thread 0x000001ebfcd22fc0 flushing  nmethod 0x000001ebe4b94a10
Event: 21.227 Thread 0x000001ebfcd22fc0 flushing  nmethod 0x000001ebe4b95f90
Event: 21.227 Thread 0x000001ebfcd22fc0 flushing  nmethod 0x000001ebe4b98e10
Event: 21.227 Thread 0x000001ebfcd22fc0 flushing  nmethod 0x000001ebe4b9ad10

Events (20 events):
Event: 15.127 Thread 0x000001ebfe9f6b40 Thread added: 0x000001ebc7280ca0
Event: 15.129 Thread 0x000001ebfe9f6b40 Thread added: 0x000001ebc552c530
Event: 15.385 Thread 0x000001ebfe9f6b40 Thread added: 0x000001ebff0285a0
Event: 15.386 Thread 0x000001ebfe9f6b40 Thread added: 0x000001ebc5e78fa0
Event: 15.386 Thread 0x000001ebfe9f6b40 Thread added: 0x000001ebc5e794b0
Event: 15.387 Thread 0x000001ebfe9f6b40 Thread added: 0x000001ebc5e78580
Event: 15.387 Thread 0x000001ebfe9f6b40 Thread added: 0x000001ebc5e78070
Event: 15.388 Thread 0x000001ebfe9f6b40 Thread added: 0x000001ebc62d4600
Event: 15.389 Thread 0x000001ebfe9f6b40 Thread added: 0x000001ebc62d5a40
Event: 16.701 Thread 0x000001ebc6099040 Thread exited: 0x000001ebc6099040
Event: 17.027 Thread 0x000001ebfcd189b0 Thread added: 0x000001ebfd426b90
Event: 17.171 Thread 0x000001ebfe9f6b40 Thread added: 0x000001ebc62d4b10
Event: 17.357 Thread 0x000001ebfd426b90 Thread exited: 0x000001ebfd426b90
Event: 17.461 Thread 0x000001ebfcd05190 Thread added: 0x000001ebfd426b90
Event: 17.773 Thread 0x000001ebfe9f6b40 Thread added: 0x000001ebc6722980
Event: 18.806 Thread 0x000001ebfe9f6b40 Thread added: 0x000001ebc5e799c0
Event: 19.191 Thread 0x000001ebfe9f6b40 Thread added: 0x000001ebc5e78a90
Event: 19.762 Thread 0x000001ebfd426b90 Thread exited: 0x000001ebfd426b90
Event: 19.895 Thread 0x000001ebfcd189b0 Thread added: 0x000001ebc5b8ad30
Event: 23.284 Thread 0x000001ebc5b8ad30 Thread exited: 0x000001ebc5b8ad30


Dynamic libraries:
0x00007ff7483f0000 - 0x00007ff7483fe000 	C:\Program Files\Eclipse Adoptium\jdk-17.0.18.8-hotspot\bin\java.exe
0x00007ff8bbd30000 - 0x00007ff8bbf48000 	C:\Windows\SYSTEM32\ntdll.dll
0x00007ff8ba310000 - 0x00007ff8ba3d4000 	C:\Windows\System32\KERNEL32.DLL
0x00007ff8b9360000 - 0x00007ff8b9733000 	C:\Windows\System32\KERNELBASE.dll
0x00007ff8b9740000 - 0x00007ff8b9851000 	C:\Windows\System32\ucrtbase.dll
0x00007ff85e770000 - 0x00007ff85e78e000 	C:\Program Files\Eclipse Adoptium\jdk-17.0.18.8-hotspot\bin\VCRUNTIME140.dll
0x00007ff85e750000 - 0x00007ff85e768000 	C:\Program Files\Eclipse Adoptium\jdk-17.0.18.8-hotspot\bin\jli.dll
0x00007ff8ba7b0000 - 0x00007ff8ba962000 	C:\Windows\System32\USER32.dll
0x00007ff8a0260000 - 0x00007ff8a04fc000 	C:\Windows\WinSxS\amd64_microsoft.windows.common-controls_6595b64144ccf1df_6.0.22621.6060_none_2712eda17382d24b\COMCTL32.dll
0x00007ff8b99a0000 - 0x00007ff8b99c6000 	C:\Windows\System32\win32u.dll
0x00007ff8bbc40000 - 0x00007ff8bbce7000 	C:\Windows\System32\msvcrt.dll
0x00007ff8ba5a0000 - 0x00007ff8ba5c9000 	C:\Windows\System32\GDI32.dll
0x00007ff8b9180000 - 0x00007ff8b929b000 	C:\Windows\System32\gdi32full.dll
0x00007ff8b8f70000 - 0x00007ff8b900a000 	C:\Windows\System32\msvcp_win.dll
0x00007ff8bbb20000 - 0x00007ff8bbb51000 	C:\Windows\System32\IMM32.DLL
0x00007ff872f40000 - 0x00007ff872f4c000 	C:\Program Files\Eclipse Adoptium\jdk-17.0.18.8-hotspot\bin\vcruntime140_1.dll
0x00007ff85e6c0000 - 0x00007ff85e74d000 	C:\Program Files\Eclipse Adoptium\jdk-17.0.18.8-hotspot\bin\msvcp140.dll
0x00007fffaa540000 - 0x00007fffab1ab000 	C:\Program Files\Eclipse Adoptium\jdk-17.0.18.8-hotspot\bin\server\jvm.dll
0x00007ff8ba650000 - 0x00007ff8ba701000 	C:\Windows\System32\ADVAPI32.dll
0x00007ff8ba970000 - 0x00007ff8baa18000 	C:\Windows\System32\sechost.dll
0x00007ff8b8e40000 - 0x00007ff8b8e68000 	C:\Windows\System32\bcrypt.dll
0x00007ff8ba0e0000 - 0x00007ff8ba1f8000 	C:\Windows\System32\RPCRT4.dll
0x00007ff8ba710000 - 0x00007ff8ba781000 	C:\Windows\System32\WS2_32.dll
0x00007ff8b8d10000 - 0x00007ff8b8d5d000 	C:\Windows\SYSTEM32\POWRPROF.dll
0x00007ff8b2a90000 - 0x00007ff8b2ac4000 	C:\Windows\SYSTEM32\WINMM.dll
0x00007ff8b4a80000 - 0x00007ff8b4a8a000 	C:\Windows\SYSTEM32\VERSION.dll
0x00007ff8b8cf0000 - 0x00007ff8b8d03000 	C:\Windows\SYSTEM32\UMPDC.dll
0x00007ff8b7de0000 - 0x00007ff8b7df8000 	C:\Windows\SYSTEM32\kernel.appcore.dll
0x00007ff872d50000 - 0x00007ff872d5a000 	C:\Program Files\Eclipse Adoptium\jdk-17.0.18.8-hotspot\bin\jimage.dll
0x00007ff8b6700000 - 0x00007ff8b6933000 	C:\Windows\SYSTEM32\DBGHELP.DLL
0x00007ff8b9ab0000 - 0x00007ff8b9e41000 	C:\Windows\System32\combase.dll
0x00007ff8b99d0000 - 0x00007ff8b9aa8000 	C:\Windows\System32\OLEAUT32.dll
0x00007ff89b1a0000 - 0x00007ff89b1d2000 	C:\Windows\SYSTEM32\dbgcore.DLL
0x00007ff8b8ef0000 - 0x00007ff8b8f6b000 	C:\Windows\System32\bcryptPrimitives.dll
0x00007ff89ff50000 - 0x00007ff89ff5e000 	C:\Program Files\Eclipse Adoptium\jdk-17.0.18.8-hotspot\bin\instrument.dll
0x00007ff85e690000 - 0x00007ff85e6b5000 	C:\Program Files\Eclipse Adoptium\jdk-17.0.18.8-hotspot\bin\java.dll
0x00007fffc8f60000 - 0x00007fffc9037000 	C:\Program Files\Eclipse Adoptium\jdk-17.0.18.8-hotspot\bin\jsvml.dll
0x00007ff8bb280000 - 0x00007ff8bbb1c000 	C:\Windows\System32\SHELL32.dll
0x00007ff8b9860000 - 0x00007ff8b999f000 	C:\Windows\System32\wintypes.dll
0x00007ff8b6cf0000 - 0x00007ff8b760a000 	C:\Windows\SYSTEM32\windows.storage.dll
0x00007ff8ba200000 - 0x00007ff8ba304000 	C:\Windows\System32\SHCORE.dll
0x00007ff8bbb60000 - 0x00007ff8bbbc9000 	C:\Windows\System32\shlwapi.dll
0x00007ff8b8d70000 - 0x00007ff8b8d95000 	C:\Windows\SYSTEM32\profapi.dll
0x00007ff85e670000 - 0x00007ff85e688000 	C:\Program Files\Eclipse Adoptium\jdk-17.0.18.8-hotspot\bin\zip.dll
0x00007ff85e650000 - 0x00007ff85e66a000 	C:\Program Files\Eclipse Adoptium\jdk-17.0.18.8-hotspot\bin\net.dll
0x00007ff8b2420000 - 0x00007ff8b254c000 	C:\Windows\SYSTEM32\WINHTTP.dll
0x00007ff8b82a0000 - 0x00007ff8b8309000 	C:\Windows\system32\mswsock.dll
0x00007ff85e4c0000 - 0x00007ff85e4d6000 	C:\Program Files\Eclipse Adoptium\jdk-17.0.18.8-hotspot\bin\nio.dll
0x00007ff85e640000 - 0x00007ff85e650000 	C:\Program Files\Eclipse Adoptium\jdk-17.0.18.8-hotspot\bin\verify.dll
0x00007ff8b4af0000 - 0x00007ff8b4b17000 	C:\Users\Administrator\.gradle\native\1def1411415f61bf3af743bc5b6707747c0891f09f0c88961ee8f79bc544acac\windows-amd64\native-platform.dll
0x00007ff85e070000 - 0x00007ff85e0e8000 	C:\Users\Administrator\.gradle\native\0.2.7\x86_64-windows-gnu\gradle-fileevents.dll
0x00007ff85e4b0000 - 0x00007ff85e4ba000 	C:\Program Files\Eclipse Adoptium\jdk-17.0.18.8-hotspot\bin\management.dll
0x00007ff85e4a0000 - 0x00007ff85e4ac000 	C:\Program Files\Eclipse Adoptium\jdk-17.0.18.8-hotspot\bin\management_ext.dll
0x00007ff8ba790000 - 0x00007ff8ba798000 	C:\Windows\System32\PSAPI.DLL
0x00007ff8b78b0000 - 0x00007ff8b78dd000 	C:\Windows\SYSTEM32\IPHLPAPI.DLL
0x00007ff8ba7a0000 - 0x00007ff8ba7a9000 	C:\Windows\System32\NSI.dll
0x00007ff8b2250000 - 0x00007ff8b2269000 	C:\Windows\SYSTEM32\dhcpcsvc6.DLL
0x00007ff8b2010000 - 0x00007ff8b202f000 	C:\Windows\SYSTEM32\dhcpcsvc.DLL
0x00007ff8b78e0000 - 0x00007ff8b79d8000 	C:\Windows\SYSTEM32\DNSAPI.dll
0x00007ff85e490000 - 0x00007ff85e499000 	C:\Program Files\Eclipse Adoptium\jdk-17.0.18.8-hotspot\bin\extnet.dll
0x00007ff8b85f0000 - 0x00007ff8b860b000 	C:\Windows\SYSTEM32\CRYPTSP.dll
0x00007ff8b7d40000 - 0x00007ff8b7d77000 	C:\Windows\system32\rsaenh.dll
0x00007ff8b8340000 - 0x00007ff8b8368000 	C:\Windows\SYSTEM32\USERENV.dll
0x00007ff8b85d0000 - 0x00007ff8b85dc000 	C:\Windows\SYSTEM32\CRYPTBASE.dll
0x00007ff8666b0000 - 0x00007ff8666be000 	C:\Program Files\Eclipse Adoptium\jdk-17.0.18.8-hotspot\bin\sunmscapi.dll
0x00007ff8b9010000 - 0x00007ff8b9178000 	C:\Windows\System32\CRYPT32.dll
0x00007ff8b86f0000 - 0x00007ff8b871e000 	C:\Windows\SYSTEM32\ncrypt.dll
0x00007ff8b86b0000 - 0x00007ff8b86e7000 	C:\Windows\SYSTEM32\NTASN1.dll
0x00007ff851130000 - 0x00007ff851138000 	C:\Windows\system32\wshunix.dll
0x00007ff8510c0000 - 0x00007ff8510d7000 	C:\Windows\system32\napinsp.dll
0x00007ff851080000 - 0x00007ff85109b000 	C:\Windows\system32\pnrpnsp.dll
0x00007ff8510a0000 - 0x00007ff8510b1000 	C:\Windows\System32\winrnr.dll
0x00007ff8763e0000 - 0x00007ff8763f5000 	C:\Windows\system32\wshbth.dll
0x00007ff8510e0000 - 0x00007ff851101000 	C:\Windows\system32\nlansp_c.dll
0x00007ff89ee20000 - 0x00007ff89ee2a000 	C:\Windows\System32\rasadhlp.dll
0x00007ff8b1670000 - 0x00007ff8b16f4000 	C:\Windows\System32\fwpuclnt.dll

dbghelp: loaded successfully - version: 4.0.5 - missing functions: none
symbol engine: initialized successfully - sym options: 0x614 - pdb path: .;C:\Program Files\Eclipse Adoptium\jdk-17.0.18.8-hotspot\bin;C:\Windows\SYSTEM32;C:\Windows\WinSxS\amd64_microsoft.windows.common-controls_6595b64144ccf1df_6.0.22621.6060_none_2712eda17382d24b;C:\Program Files\Eclipse Adoptium\jdk-17.0.18.8-hotspot\bin\server;C:\Users\Administrator\.gradle\native\1def1411415f61bf3af743bc5b6707747c0891f09f0c88961ee8f79bc544acac\windows-amd64;C:\Users\Administrator\.gradle\native\0.2.7\x86_64-windows-gnu

VM Arguments:
jvm_args: --add-opens=java.base/java.lang=ALL-UNNAMED --add-opens=java.base/java.lang.invoke=ALL-UNNAMED --add-opens=java.base/java.util=ALL-UNNAMED --add-opens=java.prefs/java.util.prefs=ALL-UNNAMED --add-exports=jdk.compiler/com.sun.tools.javac.api=ALL-UNNAMED --add-exports=jdk.compiler/com.sun.tools.javac.util=ALL-UNNAMED --add-opens=java.base/java.util=ALL-UNNAMED --add-opens=java.prefs/java.util.prefs=ALL-UNNAMED --add-opens=java.base/java.nio.charset=ALL-UNNAMED --add-opens=java.base/java.net=ALL-UNNAMED --add-opens=java.base/java.util.concurrent.atomic=ALL-UNNAMED --add-opens=java.xml/javax.xml.namespace=ALL-UNNAMED -Xmx2948m -Dfile.encoding=UTF-8 -Duser.country=US -Duser.language=en -Duser.variant -javaagent:C:\Users\Administrator\.gradle\wrapper\dists\gradle-8.13-bin\5xuhj0ry160q40clulazy9h7d\gradle-8.13\lib\agents\gradle-instrumentation-agent-8.13.jar 
java_command: org.gradle.launcher.daemon.bootstrap.GradleDaemon 8.13
java_class_path (initial): C:\Users\Administrator\.gradle\wrapper\dists\gradle-8.13-bin\5xuhj0ry160q40clulazy9h7d\gradle-8.13\lib\gradle-daemon-main-8.13.jar
Launcher Type: SUN_STANDARD

[Global flags]
     intx CICompilerCount                          = 4                                         {product} {ergonomic}
     uint ConcGCThreads                            = 2                                         {product} {ergonomic}
     uint G1ConcRefinementThreads                  = 8                                         {product} {ergonomic}
   size_t G1HeapRegionSize                         = 2097152                                   {product} {ergonomic}
    uintx GCDrainStackTargetSize                   = 64                                        {product} {ergonomic}
   size_t InitialHeapSize                          = 134217728                                 {product} {ergonomic}
   size_t MarkStackSize                            = 4194304                                   {product} {ergonomic}
   size_t MaxHeapSize                              = 3091202048                                {product} {command line}
   size_t MaxNewSize                               = 1853882368                                {product} {ergonomic}
   size_t MinHeapDeltaBytes                        = 2097152                                   {product} {ergonomic}
   size_t MinHeapSize                              = 8388608                                   {product} {ergonomic}
    uintx NonNMethodCodeHeapSize                   = 5839372                                {pd product} {ergonomic}
    uintx NonProfiledCodeHeapSize                  = 122909434                              {pd product} {ergonomic}
    uintx ProfiledCodeHeapSize                     = 122909434                              {pd product} {ergonomic}
    uintx ReservedCodeCacheSize                    = 251658240                              {pd product} {ergonomic}
     bool SegmentedCodeCache                       = true                                      {product} {ergonomic}
   size_t SoftMaxHeapSize                          = 3091202048                             {manageable} {ergonomic}
     bool UseCompressedClassPointers               = true                           {product lp64_product} {ergonomic}
     bool UseCompressedOops                        = true                           {product lp64_product} {ergonomic}
     bool UseG1GC                                  = true                                      {product} {ergonomic}
     bool UseLargePagesIndividualAllocation        = false                                  {pd product} {ergonomic}

Logging:
Log output configuration:
 #0: stdout all=warning uptime,level,tags
 #1: stderr all=off uptime,level,tags

Environment Variables:
JAVA_HOME=C:\Program Files\Eclipse Adoptium\jdk-17.0.18.8-hotspot
PATH=C:\Program Files\Eclipse Adoptium\jdk-11.0.30.7-hotspot\bin;C:\Program Files\Eclipse Adoptium\jdk-17.0.18.8-hotspot\bin;C:\Program Files\Microsoft MPI\Bin\;C:\Windows\system32;C:\Windows;C:\Windows\System32\Wbem;C:\Windows\System32\WindowsPowerShell\v1.0\;C:\Windows\System32\OpenSSH\;C:\Program Files\Git\cmd;C:\Program Files (x86)\Microsoft SQL Server\160\DTS\Binn\;C:\Program Files (x86)\Microsoft SQL Server\150\Tools\Binn\;C:\Program Files\Microsoft SQL Server\150\Tools\Binn\;C:\Program Files (x86)\Microsoft SQL Server\150\DTS\Binn\;C:\Program Files\Microsoft SQL Server\150\DTS\Binn\;C:\Program Files\Microsoft SQL Server\Client SDK\ODBC\170\Tools\Binn\;C:\Program Files\Microsoft SQL Server\170\Tools\Binn\;C:\Program Files\dotnet\;C:\Program Files\nodejs\;C:\Users\Administrator\AppData\Local\Microsoft\WindowsApps;;C:\Users\Administrator\AppData\Local\Programs\Microsoft VS Code\bin;C:\Users\Administrator\AppData\Local\Python\bin;C:\Users\Administrator\.dotnet\tools;C:\Users\Administrator\AppData\Roaming\npm
USERNAME=Administrator
OS=Windows_NT
PROCESSOR_IDENTIFIER=Intel64 Family 6 Model 142 Stepping 12, GenuineIntel
TMP=C:\Users\ADMINI~1\AppData\Local\Temp
TEMP=C:\Users\ADMINI~1\AppData\Local\Temp



Periodic native trim disabled


---------------  S Y S T E M  ---------------

OS:
 Windows 11 , 64 bit Build 22621 (10.0.22621.5415)
OS uptime: 1 days 17:53 hours
Hyper-V role detected

CPU: total 8 (initial active 8) (4 cores per cpu, 2 threads per core) family 6 model 142 stepping 12 microcode 0xfa, cx8, cmov, fxsr, ht, mmx, 3dnowpref, sse, sse2, sse3, ssse3, sse4.1, sse4.2, popcnt, lzcnt, tsc, tscinvbit, avx, avx2, aes, erms, clmul, bmi1, bmi2, adx, fma, vzeroupper, clflush, clflushopt, hv
Processor Information for processor 0
  Max Mhz: 1800, Current Mhz: 1500, Mhz Limit: 1584
Processor Information for processor 1
  Max Mhz: 1800, Current Mhz: 1500, Mhz Limit: 1584
Processor Information for processor 2
  Max Mhz: 1800, Current Mhz: 1600, Mhz Limit: 1584
Processor Information for processor 3
  Max Mhz: 1800, Current Mhz: 1500, Mhz Limit: 1584
Processor Information for processor 4
  Max Mhz: 1800, Current Mhz: 1600, Mhz Limit: 1584
Processor Information for processor 5
  Max Mhz: 1800, Current Mhz: 1600, Mhz Limit: 1584
Processor Information for processor 6
  Max Mhz: 1800, Current Mhz: 1600, Mhz Limit: 1584
Processor Information for processor 7
  Max Mhz: 1800, Current Mhz: 1500, Mhz Limit: 1584

Memory: 4k page, system-wide physical 8070M (351M free)
TotalPageFile size 16262M (AvailPageFile size 6M)
current process WorkingSet (physical memory assigned to process): 488M, peak: 488M
current process commit charge ("private bytes"): 533M, peak: 534M

vm_info: OpenJDK 64-Bit Server VM (17.0.18+8) for windows-amd64 JRE (17.0.18+8), built on Jan 20 2026 22:28:22 by "admin" with MS VC++ 17.12 (VS2022)

END.
