#
# There is insufficient memory for the Java Runtime Environment to continue.
# Native memory allocation (malloc) failed to allocate 603856 bytes. Error detail: Chunk::new
# Possible reasons:
#   The system is out of physical RAM or swap space
#   This process is running with CompressedOops enabled, and the Java Heap may be blocking the growth of the native heap
# Possible solutions:
#   Reduce memory load on the system
#   Increase physical memory or swap space
#   Check if swap backing store is full
#   Decrease Java heap size (-Xmx/-Xms)
#   Decrease number of Java threads
#   Decrease Java thread stack sizes (-Xss)
#   Set larger code cache with -XX:ReservedCodeCacheSize=
#   JVM is running with Unscaled Compressed Oops mode in which the Java heap is
#     placed in the first 4GB address space. The Java Heap base address is the
#     maximum limit for the native heap growth. Please use -XX:HeapBaseMinAddress
#     to set the Java Heap base and to place the Java Heap above 4GB virtual address.
# This output file may be truncated or incomplete.
#
#  Out of Memory Error (arena.cpp:191), pid=7696, tid=16700
#
# JRE version: OpenJDK Runtime Environment Temurin-17.0.18+8 (17.0.18+8) (build 17.0.18+8)
# Java VM: OpenJDK 64-Bit Server VM Temurin-17.0.18+8 (17.0.18+8, mixed mode, sharing, tiered, compressed oops, compressed class ptrs, g1 gc, windows-amd64)
# No core dump will be written. Minidumps are not enabled by default on client versions of Windows
#

---------------  S U M M A R Y ------------

Command Line: --add-opens=java.base/java.lang=ALL-UNNAMED --add-opens=java.base/java.lang.invoke=ALL-UNNAMED --add-opens=java.base/java.util=ALL-UNNAMED --add-opens=java.prefs/java.util.prefs=ALL-UNNAMED --add-exports=jdk.compiler/com.sun.tools.javac.api=ALL-UNNAMED --add-exports=jdk.compiler/com.sun.tools.javac.util=ALL-UNNAMED --add-opens=java.base/java.util=ALL-UNNAMED --add-opens=java.prefs/java.util.prefs=ALL-UNNAMED --add-opens=java.base/java.nio.charset=ALL-UNNAMED --add-opens=java.base/java.net=ALL-UNNAMED --add-opens=java.base/java.util.concurrent.atomic=ALL-UNNAMED --add-opens=java.xml/javax.xml.namespace=ALL-UNNAMED -Xmx2048m -Dfile.encoding=UTF-8 -Duser.country=US -Duser.language=en -Duser.variant -javaagent:C:\Users\Administrator\.gradle\wrapper\dists\gradle-8.13-bin\5xuhj0ry160q40clulazy9h7d\gradle-8.13\lib\agents\gradle-instrumentation-agent-8.13.jar org.gradle.launcher.daemon.bootstrap.GradleDaemon 8.13

Host: Intel(R) Core(TM) i5-8265U CPU @ 1.60GHz, 8 cores, 7G,  Windows 11 , 64 bit Build 22621 (10.0.22621.5415)
Time: Mon Mar 23 21:44:44 2026 Taipei Standard Time elapsed time: 48.844083 seconds (0d 0h 0m 48s)

---------------  T H R E A D  ---------------

Current thread (0x0000021691830090):  JavaThread "C2 CompilerThread0" daemon [_thread_in_native, id=16700, stack(0x0000002947a00000,0x0000002947b00000)]


Current CompileTask:
C2:48886 13678       4       java.util.regex.Pattern::split (288 bytes)

Stack: [0x0000002947a00000,0x0000002947b00000]
Native frames: (J=compiled Java code, j=interpreted, Vv=VM code, C=native code)
V  [jvm.dll+0x6846f9]
V  [jvm.dll+0x839ea5]
V  [jvm.dll+0x83b91e]
V  [jvm.dll+0x83bfa3]
V  [jvm.dll+0x248eff]
V  [jvm.dll+0xad496]
V  [jvm.dll+0xadb3c]
V  [jvm.dll+0x368bcf]
V  [jvm.dll+0x333055]
V  [jvm.dll+0x3324ba]
V  [jvm.dll+0x219db9]
V  [jvm.dll+0x219200]
V  [jvm.dll+0x1a4920]
V  [jvm.dll+0x22989a]
V  [jvm.dll+0x227a4b]
V  [jvm.dll+0x7f0658]
V  [jvm.dll+0x7eaaec]
V  [jvm.dll+0x6835c7]
C  [ucrtbase.dll+0x29333]
C  [KERNEL32.DLL+0x1259d]
C  [ntdll.dll+0x5af78]


---------------  P R O C E S S  ---------------

Threads class SMR info:
_java_thread_list=0x00000216d70a79e0, length=134, elements={
0x00000216f32ffa10, 0x00000216917f3000, 0x00000216917f3d90, 0x0000021691804e10,
0x00000216918056e0, 0x0000021691808760, 0x000002169182ecf0, 0x0000021691830090,
0x0000021691832150, 0x000002169183d9e0, 0x0000021691a54b20, 0x0000021691a55030,
0x0000021691a56e90, 0x0000021691a578b0, 0x0000021691a55540, 0x0000021691a56980,
0x0000021691a57dc0, 0x0000021691a55a50, 0x0000021691a573a0, 0x0000021691a54610,
0x0000021691a55f60, 0x00000216d8ae96f0, 0x00000216d8aee2e0, 0x00000216d8aec480,
0x00000216d8ae6e70, 0x00000216d8aeddd0, 0x00000216d8ae82b0, 0x00000216d8aee7f0,
0x00000216d8aec990, 0x00000216d8ae87c0, 0x00000216d8aeb550, 0x00000216d8aeb040,
0x00000216d8ae7890, 0x00000216d8ae7da0, 0x00000216d8aeba60, 0x00000216d8ae9c00,
0x00000216d8aebf70, 0x00000216d8aed8c0, 0x00000216dc0a0680, 0x00000216dc09f240,
0x00000216dc0a4340, 0x00000216dc0a0b90, 0x00000216dc0a4850, 0x00000216dc0a10a0,
0x00000216dc0a24e0, 0x00000216dc0a0170, 0x00000216dc0a15b0, 0x00000216dc0a3920,
0x00000216dc0a4d60, 0x00000216dc0a1ac0, 0x00000216dc0a5780, 0x00000216dc0a1fd0,
0x00000216dc0a5c90, 0x00000216dc0a29f0, 0x00000216dc0a5270, 0x00000216dc0a3410,
0x00000216dc0a3e30, 0x00000216dc09ed30, 0x00000216dc0a66b0, 0x00000216dc09f750,
0x00000216dc09fc60, 0x00000216d975c9e0, 0x00000216d975b090, 0x00000216d762beb0,
0x00000216d762d800, 0x00000216d762c3c0, 0x00000216d762cde0, 0x00000216d8b74610,
0x00000216da9660d0, 0x00000216d8b74100, 0x00000216dca91b40, 0x00000216dca92050,
0x00000216dca92560, 0x00000216d8b731d0, 0x00000216d762c8d0, 0x00000216d762d2f0,
0x00000216dcad8080, 0x00000216da9651a0, 0x00000216da9656b0, 0x00000216dcad8aa0,
0x00000216dcad7b70, 0x00000216d9da5680, 0x00000216d9da65b0, 0x00000216d9da5170,
0x00000216d9da5b90, 0x00000216d7e849d0, 0x00000216d7e83fb0, 0x00000216d7e844c0,
0x00000216d7e83080, 0x00000216d73d7300, 0x00000216d8b736e0, 0x00000216d8b73bf0,
0x00000216da181e20, 0x00000216da180ef0, 0x00000216da17f5a0, 0x00000216da17ffc0,
0x00000216da181400, 0x00000216da1804d0, 0x00000216da17fab0, 0x00000216da181910,
0x00000216da182330, 0x00000216da182840, 0x00000216da1809e0, 0x00000216da182d50,
0x00000216da964c90, 0x00000216d92b1630, 0x00000216d92af2c0, 0x00000216d92aedb0,
0x00000216d92b0c10, 0x00000216d92afce0, 0x00000216d92b01f0, 0x00000216d7e83aa0,
0x00000216dcad8fb0, 0x00000216dcad99d0, 0x00000216dcad7150, 0x00000216dcad9ee0,
0x00000216dcad94c0, 0x00000216dcada3f0, 0x00000216dcad6c40, 0x00000216d73d7810,
0x00000216d73d54a0, 0x00000216d73d4060, 0x00000216d73d5ec0, 0x00000216d73d4570,
0x00000216d73d68e0, 0x00000216d73d4a80, 0x00000216d9e99fb0, 0x00000216d9e98660,
0x00000216d9e99080, 0x00000216d9e99aa0, 0x00000216d9e99590, 0x00000216d95178c0,
0x00000216d95182e0, 0x00000216d92b0700
}

Java Threads: ( => current thread )
  0x00000216f32ffa10 JavaThread "main" [_thread_blocked, id=15308, stack(0x0000002946d00000,0x0000002946e00000)]
  0x00000216917f3000 JavaThread "Reference Handler" daemon [_thread_blocked, id=6280, stack(0x0000002947400000,0x0000002947500000)]
  0x00000216917f3d90 JavaThread "Finalizer" daemon [_thread_blocked, id=12080, stack(0x0000002947500000,0x0000002947600000)]
  0x0000021691804e10 JavaThread "Signal Dispatcher" daemon [_thread_blocked, id=20352, stack(0x0000002947600000,0x0000002947700000)]
  0x00000216918056e0 JavaThread "Attach Listener" daemon [_thread_blocked, id=21288, stack(0x0000002947700000,0x0000002947800000)]
  0x0000021691808760 JavaThread "Service Thread" daemon [_thread_blocked, id=19904, stack(0x0000002947800000,0x0000002947900000)]
  0x000002169182ecf0 JavaThread "Monitor Deflation Thread" daemon [_thread_blocked, id=19896, stack(0x0000002947900000,0x0000002947a00000)]
=>0x0000021691830090 JavaThread "C2 CompilerThread0" daemon [_thread_in_native, id=16700, stack(0x0000002947a00000,0x0000002947b00000)]
  0x0000021691832150 JavaThread "C1 CompilerThread0" daemon [_thread_in_native, id=21972, stack(0x0000002947b00000,0x0000002947c00000)]
  0x000002169183d9e0 JavaThread "Sweeper thread" daemon [_thread_blocked, id=18276, stack(0x0000002947c00000,0x0000002947d00000)]
  0x0000021691a54b20 JavaThread "Common-Cleaner" daemon [_thread_blocked, id=12648, stack(0x0000002947d00000,0x0000002947e00000)]
  0x0000021691a55030 JavaThread "Notification Thread" daemon [_thread_blocked, id=13784, stack(0x0000002947e00000,0x0000002947f00000)]
  0x0000021691a56e90 JavaThread "Daemon health stats" [_thread_blocked, id=21548, stack(0x0000002948600000,0x0000002948700000)]
  0x0000021691a578b0 JavaThread "Incoming local TCP Connector on port 63181" [_thread_in_native, id=21488, stack(0x0000002948100000,0x0000002948200000)]
  0x0000021691a55540 JavaThread "Daemon periodic checks" [_thread_blocked, id=6160, stack(0x0000002948700000,0x0000002948800000)]
  0x0000021691a56980 JavaThread "Daemon" [_thread_blocked, id=22120, stack(0x0000002948800000,0x0000002948900000)]
  0x0000021691a57dc0 JavaThread "Handler for socket connection from /127.0.0.1:63181 to /127.0.0.1:63182" [_thread_in_native, id=12584, stack(0x0000002948900000,0x0000002948a00000)]
  0x0000021691a55a50 JavaThread "Cancel handler" [_thread_blocked, id=5816, stack(0x0000002948a00000,0x0000002948b00000)]
  0x0000021691a573a0 JavaThread "Daemon worker" [_thread_blocked, id=20272, stack(0x0000002948b00000,0x0000002948c00000)]
  0x0000021691a54610 JavaThread "Asynchronous log dispatcher for DefaultDaemonConnection: socket connection from /127.0.0.1:63181 to /127.0.0.1:63182" [_thread_blocked, id=6472, stack(0x0000002948c00000,0x0000002948d00000)]
  0x0000021691a55f60 JavaThread "Stdin handler" [_thread_blocked, id=19460, stack(0x0000002948d00000,0x0000002948e00000)]
  0x00000216d8ae96f0 JavaThread "Daemon client event forwarder" [_thread_blocked, id=9264, stack(0x0000002948e00000,0x0000002948f00000)]
  0x00000216d8aee2e0 JavaThread "Cache worker for journal cache (C:\Users\Administrator\.gradle\caches\journal-1)" [_thread_blocked, id=8128, stack(0x0000002948000000,0x0000002948100000)]
  0x00000216d8aec480 JavaThread "File lock request listener" [_thread_in_native, id=4656, stack(0x0000002948f00000,0x0000002949000000)]
  0x00000216d8ae6e70 JavaThread "Cache worker for file hash cache (C:\Users\Administrator\.gradle\caches\8.13\fileHashes)" [_thread_blocked, id=896, stack(0x0000002949000000,0x0000002949100000)]
  0x00000216d8aeddd0 JavaThread "Cache worker for file hash cache (C:\Users\Administrator\StudioProjects\FlexiFitApp_Initial\.gradle\8.13\fileHashes)" [_thread_blocked, id=20472, stack(0x0000002949600000,0x0000002949700000)]
  0x00000216d8ae82b0 JavaThread "Cache worker for Build Output Cleanup Cache (C:\Users\Administrator\StudioProjects\FlexiFitApp_Initial\.gradle\buildOutputCleanup)" [_thread_blocked, id=14444, stack(0x0000002949700000,0x0000002949800000)]
  0x00000216d8aee7f0 JavaThread "File watcher server" daemon [_thread_in_native, id=4720, stack(0x0000002949900000,0x0000002949a00000)]
  0x00000216d8aec990 JavaThread "File watcher consumer" daemon [_thread_blocked, id=8712, stack(0x0000002949a00000,0x0000002949b00000)]
  0x00000216d8ae87c0 JavaThread "jar transforms" [_thread_blocked, id=8200, stack(0x0000002949b00000,0x0000002949c00000)]
  0x00000216d8aeb550 JavaThread "jar transforms Thread 2" [_thread_blocked, id=21604, stack(0x0000002949c00000,0x0000002949d00000)]
  0x00000216d8aeb040 JavaThread "Cache worker for checksums cache (C:\Users\Administrator\StudioProjects\FlexiFitApp_Initial\.gradle\8.13\checksums)" [_thread_blocked, id=21448, stack(0x0000002949d00000,0x0000002949e00000)]
  0x00000216d8ae7890 JavaThread "Cache worker for file content cache (C:\Users\Administrator\.gradle\caches\8.13\fileContent)" [_thread_blocked, id=1668, stack(0x0000002949e00000,0x0000002949f00000)]
  0x00000216d8ae7da0 JavaThread "jar transforms Thread 3" [_thread_blocked, id=2392, stack(0x0000002949f00000,0x000000294a000000)]
  0x00000216d8aeba60 JavaThread "Cache worker for cache directory md-supplier (C:\Users\Administrator\.gradle\caches\8.13\md-supplier)" [_thread_blocked, id=16400, stack(0x000000294a000000,0x000000294a100000)]
  0x00000216d8ae9c00 JavaThread "Cache worker for cache directory md-rule (C:\Users\Administrator\.gradle\caches\8.13\md-rule)" [_thread_blocked, id=17492, stack(0x000000294a100000,0x000000294a200000)]
  0x00000216d8aebf70 JavaThread "Unconstrained build operations" [_thread_blocked, id=19076, stack(0x0000002949500000,0x0000002949600000)]
  0x00000216d8aed8c0 JavaThread "Unconstrained build operations Thread 2" [_thread_blocked, id=16908, stack(0x000000294a200000,0x000000294a300000)]
  0x00000216dc0a0680 JavaThread "Unconstrained build operations Thread 3" [_thread_blocked, id=1544, stack(0x000000294a300000,0x000000294a400000)]
  0x00000216dc09f240 JavaThread "Unconstrained build operations Thread 4" [_thread_blocked, id=19828, stack(0x000000294a400000,0x000000294a500000)]
  0x00000216dc0a4340 JavaThread "Unconstrained build operations Thread 5" [_thread_blocked, id=1924, stack(0x000000294a500000,0x000000294a600000)]
  0x00000216dc0a0b90 JavaThread "Unconstrained build operations Thread 6" [_thread_blocked, id=20052, stack(0x000000294a600000,0x000000294a700000)]
  0x00000216dc0a4850 JavaThread "Unconstrained build operations Thread 7" [_thread_blocked, id=15140, stack(0x000000294a700000,0x000000294a800000)]
  0x00000216dc0a10a0 JavaThread "Unconstrained build operations Thread 8" [_thread_blocked, id=20568, stack(0x000000294a800000,0x000000294a900000)]
  0x00000216dc0a24e0 JavaThread "Unconstrained build operations Thread 9" [_thread_blocked, id=12488, stack(0x000000294a900000,0x000000294aa00000)]
  0x00000216dc0a0170 JavaThread "Unconstrained build operations Thread 10" [_thread_blocked, id=6888, stack(0x000000294aa00000,0x000000294ab00000)]
  0x00000216dc0a15b0 JavaThread "jar transforms Thread 4" [_thread_blocked, id=20024, stack(0x000000294ab00000,0x000000294ac00000)]
  0x00000216dc0a3920 JavaThread "jar transforms Thread 5" [_thread_blocked, id=16664, stack(0x000000294ac00000,0x000000294ad00000)]
  0x00000216dc0a4d60 JavaThread "Unconstrained build operations Thread 11" [_thread_blocked, id=536, stack(0x000000294ad00000,0x000000294ae00000)]
  0x00000216dc0a1ac0 JavaThread "Unconstrained build operations Thread 12" [_thread_blocked, id=14140, stack(0x000000294ae00000,0x000000294af00000)]
  0x00000216dc0a5780 JavaThread "Unconstrained build operations Thread 13" [_thread_blocked, id=9936, stack(0x000000294af00000,0x000000294b000000)]
  0x00000216dc0a1fd0 JavaThread "Unconstrained build operations Thread 14" [_thread_blocked, id=9948, stack(0x000000294b000000,0x000000294b100000)]
  0x00000216dc0a5c90 JavaThread "Unconstrained build operations Thread 15" [_thread_blocked, id=17280, stack(0x000000294b100000,0x000000294b200000)]
  0x00000216dc0a29f0 JavaThread "jar transforms Thread 6" [_thread_blocked, id=19084, stack(0x000000294b200000,0x000000294b300000)]
  0x00000216dc0a5270 JavaThread "jar transforms Thread 7" [_thread_blocked, id=19744, stack(0x000000294b300000,0x000000294b400000)]
  0x00000216dc0a3410 JavaThread "jar transforms Thread 8" [_thread_blocked, id=22520, stack(0x000000294b400000,0x000000294b500000)]
  0x00000216dc0a3e30 JavaThread "Unconstrained build operations Thread 16" [_thread_blocked, id=15372, stack(0x000000294b500000,0x000000294b600000)]
  0x00000216dc09ed30 JavaThread "Unconstrained build operations Thread 17" [_thread_blocked, id=18436, stack(0x000000294b600000,0x000000294b700000)]
  0x00000216dc0a66b0 JavaThread "Unconstrained build operations Thread 18" [_thread_blocked, id=8320, stack(0x000000294b700000,0x000000294b800000)]
  0x00000216dc09f750 JavaThread "Unconstrained build operations Thread 19" [_thread_blocked, id=15924, stack(0x000000294b800000,0x000000294b900000)]
  0x00000216dc09fc60 JavaThread "Unconstrained build operations Thread 20" [_thread_blocked, id=8892, stack(0x000000294b900000,0x000000294ba00000)]
  0x00000216d975c9e0 JavaThread "Unconstrained build operations Thread 21" [_thread_blocked, id=17188, stack(0x000000294ba00000,0x000000294bb00000)]
  0x00000216d975b090 JavaThread "Unconstrained build operations Thread 22" [_thread_blocked, id=8396, stack(0x000000294bb00000,0x000000294bc00000)]
  0x00000216d762beb0 JavaThread "Unconstrained build operations Thread 23" [_thread_blocked, id=20908, stack(0x000000294bc00000,0x000000294bd00000)]
  0x00000216d762d800 JavaThread "Unconstrained build operations Thread 24" [_thread_blocked, id=20868, stack(0x000000294bd00000,0x000000294be00000)]
  0x00000216d762c3c0 JavaThread "Unconstrained build operations Thread 25" [_thread_blocked, id=9660, stack(0x000000294be00000,0x000000294bf00000)]
  0x00000216d762cde0 JavaThread "Unconstrained build operations Thread 26" [_thread_blocked, id=21968, stack(0x000000294bf00000,0x000000294c000000)]
  0x00000216d8b74610 JavaThread "Unconstrained build operations Thread 27" [_thread_blocked, id=20184, stack(0x000000294c000000,0x000000294c100000)]
  0x00000216da9660d0 JavaThread "Unconstrained build operations Thread 28" [_thread_blocked, id=8596, stack(0x000000294c100000,0x000000294c200000)]
  0x00000216d8b74100 JavaThread "Unconstrained build operations Thread 29" [_thread_blocked, id=21620, stack(0x000000294c200000,0x000000294c300000)]
  0x00000216dca91b40 JavaThread "Unconstrained build operations Thread 30" [_thread_blocked, id=8436, stack(0x000000294c300000,0x000000294c400000)]
  0x00000216dca92050 JavaThread "Unconstrained build operations Thread 31" [_thread_blocked, id=12064, stack(0x000000294c400000,0x000000294c500000)]
  0x00000216dca92560 JavaThread "Unconstrained build operations Thread 32" [_thread_blocked, id=21324, stack(0x000000294c500000,0x000000294c600000)]
  0x00000216d8b731d0 JavaThread "Unconstrained build operations Thread 33" [_thread_blocked, id=11668, stack(0x000000294c600000,0x000000294c700000)]
  0x00000216d762c8d0 JavaThread "Unconstrained build operations Thread 34" [_thread_blocked, id=20544, stack(0x000000294c700000,0x000000294c800000)]
  0x00000216d762d2f0 JavaThread "Unconstrained build operations Thread 35" [_thread_blocked, id=16236, stack(0x000000294c800000,0x000000294c900000)]
  0x00000216dcad8080 JavaThread "Unconstrained build operations Thread 36" [_thread_blocked, id=10080, stack(0x000000294c900000,0x000000294ca00000)]
  0x00000216da9651a0 JavaThread "build event listener" [_thread_blocked, id=11216, stack(0x0000002949400000,0x0000002949500000)]
  0x00000216da9656b0 JavaThread "Memory manager" [_thread_blocked, id=19556, stack(0x000000294ca00000,0x000000294cb00000)]
  0x00000216dcad8aa0 JavaThread "Problems report writer" [_thread_blocked, id=6012, stack(0x000000294cc00000,0x000000294cd00000)]
  0x00000216dcad7b70 JavaThread "build event listener" [_thread_blocked, id=11944, stack(0x000000294cd00000,0x000000294ce00000)]
  0x00000216d9da5680 JavaThread "included builds" [_thread_blocked, id=15536, stack(0x000000294cb00000,0x000000294cc00000)]
  0x00000216d9da65b0 JavaThread "Execution worker" [_thread_blocked, id=16284, stack(0x000000294ce00000,0x000000294cf00000)]
  0x00000216d9da5170 JavaThread "Execution worker Thread 2" [_thread_blocked, id=14208, stack(0x000000294cf00000,0x000000294d000000)]
  0x00000216d9da5b90 JavaThread "Execution worker Thread 3" [_thread_blocked, id=19532, stack(0x000000294d000000,0x000000294d100000)]
  0x00000216d7e849d0 JavaThread "Execution worker Thread 4" [_thread_blocked, id=13608, stack(0x000000294d100000,0x000000294d200000)]
  0x00000216d7e83fb0 JavaThread "Execution worker Thread 5" [_thread_blocked, id=19304, stack(0x000000294d200000,0x000000294d300000)]
  0x00000216d7e844c0 JavaThread "Execution worker Thread 6" [_thread_blocked, id=18796, stack(0x000000294d300000,0x000000294d400000)]
  0x00000216d7e83080 JavaThread "Execution worker Thread 7" [_thread_in_vm, id=9960, stack(0x000000294d400000,0x000000294d500000)]
  0x00000216d73d7300 JavaThread "Cache worker for execution history cache (C:\Users\Administrator\StudioProjects\FlexiFitApp_Initial\.gradle\8.13\executionHistory)" [_thread_blocked, id=15940, stack(0x000000294d500000,0x000000294d600000)]
  0x00000216d8b736e0 JavaThread "Unconstrained build operations Thread 37" [_thread_blocked, id=10164, stack(0x000000294d800000,0x000000294d900000)]
  0x00000216d8b73bf0 JavaThread "Unconstrained build operations Thread 38" [_thread_blocked, id=18488, stack(0x000000294d900000,0x000000294da00000)]
  0x00000216da181e20 JavaThread "Unconstrained build operations Thread 39" [_thread_blocked, id=15624, stack(0x000000294da00000,0x000000294db00000)]
  0x00000216da180ef0 JavaThread "Unconstrained build operations Thread 40" [_thread_blocked, id=18908, stack(0x000000294db00000,0x000000294dc00000)]
  0x00000216da17f5a0 JavaThread "Unconstrained build operations Thread 41" [_thread_blocked, id=15408, stack(0x000000294dc00000,0x000000294dd00000)]
  0x00000216da17ffc0 JavaThread "Unconstrained build operations Thread 42" [_thread_blocked, id=12412, stack(0x000000294dd00000,0x000000294de00000)]
  0x00000216da181400 JavaThread "Unconstrained build operations Thread 43" [_thread_blocked, id=19704, stack(0x000000294de00000,0x000000294df00000)]
  0x00000216da1804d0 JavaThread "Unconstrained build operations Thread 44" [_thread_blocked, id=21820, stack(0x000000294df00000,0x000000294e000000)]
  0x00000216da17fab0 JavaThread "Unconstrained build operations Thread 45" [_thread_blocked, id=1828, stack(0x000000294e000000,0x000000294e100000)]
  0x00000216da181910 JavaThread "Unconstrained build operations Thread 46" [_thread_blocked, id=9868, stack(0x000000294e100000,0x000000294e200000)]
  0x00000216da182330 JavaThread "Unconstrained build operations Thread 47" [_thread_blocked, id=3432, stack(0x000000294e200000,0x000000294e300000)]
  0x00000216da182840 JavaThread "Unconstrained build operations Thread 48" [_thread_blocked, id=14264, stack(0x000000294e300000,0x000000294e400000)]
  0x00000216da1809e0 JavaThread "Unconstrained build operations Thread 49" [_thread_blocked, id=16064, stack(0x000000294e400000,0x000000294e500000)]
  0x00000216da182d50 JavaThread "Unconstrained build operations Thread 50" [_thread_blocked, id=19524, stack(0x000000294e500000,0x000000294e600000)]
  0x00000216da964c90 JavaThread "Unconstrained build operations Thread 51" [_thread_blocked, id=8584, stack(0x000000294e600000,0x000000294e700000)]
  0x00000216d92b1630 JavaThread "Unconstrained build operations Thread 52" [_thread_blocked, id=4668, stack(0x000000294e700000,0x000000294e800000)]
  0x00000216d92af2c0 JavaThread "Unconstrained build operations Thread 53" [_thread_blocked, id=2180, stack(0x000000294e800000,0x000000294e900000)]
  0x00000216d92aedb0 JavaThread "Unconstrained build operations Thread 54" [_thread_blocked, id=14144, stack(0x000000294e900000,0x000000294ea00000)]
  0x00000216d92b0c10 JavaThread "Unconstrained build operations Thread 55" [_thread_blocked, id=14388, stack(0x000000294ea00000,0x000000294eb00000)]
  0x00000216d92afce0 JavaThread "Unconstrained build operations Thread 56" [_thread_blocked, id=4468, stack(0x000000294eb00000,0x000000294ec00000)]
  0x00000216d92b01f0 JavaThread "Unconstrained build operations Thread 57" [_thread_blocked, id=7308, stack(0x000000294ec00000,0x000000294ed00000)]
  0x00000216d7e83aa0 JavaThread "Unconstrained build operations Thread 58" [_thread_blocked, id=22028, stack(0x000000294ed00000,0x000000294ee00000)]
  0x00000216dcad8fb0 JavaThread "Unconstrained build operations Thread 59" [_thread_blocked, id=3032, stack(0x000000294ee00000,0x000000294ef00000)]
  0x00000216dcad99d0 JavaThread "Unconstrained build operations Thread 60" [_thread_blocked, id=3644, stack(0x000000294ef00000,0x000000294f000000)]
  0x00000216dcad7150 JavaThread "Unconstrained build operations Thread 61" [_thread_blocked, id=22064, stack(0x000000294f000000,0x000000294f100000)]
  0x00000216dcad9ee0 JavaThread "Unconstrained build operations Thread 62" [_thread_blocked, id=5940, stack(0x000000294f100000,0x000000294f200000)]
  0x00000216dcad94c0 JavaThread "Unconstrained build operations Thread 63" [_thread_blocked, id=18536, stack(0x000000294f200000,0x000000294f300000)]
  0x00000216dcada3f0 JavaThread "Unconstrained build operations Thread 64" [_thread_blocked, id=9340, stack(0x000000294f300000,0x000000294f400000)]
  0x00000216dcad6c40 JavaThread "Unconstrained build operations Thread 65" [_thread_blocked, id=13192, stack(0x000000294f400000,0x000000294f500000)]
  0x00000216d73d7810 JavaThread "Unconstrained build operations Thread 66" [_thread_blocked, id=16692, stack(0x000000294f500000,0x000000294f600000)]
  0x00000216d73d54a0 JavaThread "Unconstrained build operations Thread 67" [_thread_blocked, id=16332, stack(0x000000294f600000,0x000000294f700000)]
  0x00000216d73d4060 JavaThread "Unconstrained build operations Thread 68" [_thread_blocked, id=19448, stack(0x000000294f700000,0x000000294f800000)]
  0x00000216d73d5ec0 JavaThread "Unconstrained build operations Thread 69" [_thread_blocked, id=3888, stack(0x000000294f800000,0x000000294f900000)]
  0x00000216d73d4570 JavaThread "Unconstrained build operations Thread 70" [_thread_blocked, id=1500, stack(0x000000294f900000,0x000000294fa00000)]
  0x00000216d73d68e0 JavaThread "Unconstrained build operations Thread 71" [_thread_blocked, id=16812, stack(0x000000294fa00000,0x000000294fb00000)]
  0x00000216d73d4a80 JavaThread "Unconstrained build operations Thread 72" [_thread_blocked, id=13520, stack(0x000000294fb00000,0x000000294fc00000)]
  0x00000216d9e99fb0 JavaThread "Unconstrained build operations Thread 73" [_thread_blocked, id=15024, stack(0x000000294fc00000,0x000000294fd00000)]
  0x00000216d9e98660 JavaThread "Unconstrained build operations Thread 74" [_thread_blocked, id=4576, stack(0x000000294fd00000,0x000000294fe00000)]
  0x00000216d9e99080 JavaThread "Unconstrained build operations Thread 75" [_thread_blocked, id=10836, stack(0x000000294fe00000,0x000000294ff00000)]
  0x00000216d9e99aa0 JavaThread "Unconstrained build operations Thread 76" [_thread_blocked, id=20572, stack(0x000000294ff00000,0x0000002950000000)]
  0x00000216d9e99590 JavaThread "Unconstrained build operations Thread 77" [_thread_blocked, id=20788, stack(0x0000002950000000,0x0000002950100000)]
  0x00000216d95178c0 JavaThread "Unconstrained build operations Thread 78" [_thread_blocked, id=3876, stack(0x0000002950100000,0x0000002950200000)]
  0x00000216d95182e0 JavaThread "Unconstrained build operations Thread 79" [_thread_blocked, id=15608, stack(0x0000002950200000,0x0000002950300000)]
  0x00000216d92b0700 JavaThread "Unconstrained build operations Thread 80" [_thread_blocked, id=21112, stack(0x0000002950300000,0x0000002950400000)]

Other Threads:
  0x00000216917ec2d0 VMThread "VM Thread" [stack: 0x0000002947300000,0x0000002947400000] [id=6712]
  0x0000021691b15d10 WatcherThread [stack: 0x0000002947f00000,0x0000002948000000] [id=8368]
  0x00000216f335ae70 GCTaskThread "GC Thread#0" [stack: 0x0000002946e00000,0x0000002946f00000] [id=14700]
  0x0000021691c0b010 GCTaskThread "GC Thread#1" [stack: 0x0000002948200000,0x0000002948300000] [id=4856]
  0x00000216d731b130 GCTaskThread "GC Thread#2" [stack: 0x0000002948300000,0x0000002948400000] [id=14024]
  0x00000216d7c6ec00 GCTaskThread "GC Thread#3" [stack: 0x0000002948400000,0x0000002948500000] [id=21364]
  0x0000021691d4b7f0 GCTaskThread "GC Thread#4" [stack: 0x0000002948500000,0x0000002948600000] [id=21468]
  0x00000216d862e6e0 GCTaskThread "GC Thread#5" [stack: 0x0000002949100000,0x0000002949200000] [id=16296]
  0x00000216d8e8b050 GCTaskThread "GC Thread#6" [stack: 0x0000002949200000,0x0000002949300000] [id=12892]
  0x00000216d8f3c7b0 GCTaskThread "GC Thread#7" [stack: 0x0000002949300000,0x0000002949400000] [id=21580]
  0x00000216f336cce0 ConcurrentGCThread "G1 Main Marker" [stack: 0x0000002946f00000,0x0000002947000000] [id=14028]
  0x00000216f336ddb0 ConcurrentGCThread "G1 Conc#0" [stack: 0x0000002947000000,0x0000002947100000] [id=19008]
  0x00000216d9f41410 ConcurrentGCThread "G1 Conc#1" [stack: 0x0000002949800000,0x0000002949900000] [id=5048]
  0x00000216f33ad0f0 ConcurrentGCThread "G1 Refine#0" [stack: 0x0000002947100000,0x0000002947200000] [id=6372]
  0x00000216f33ada30 ConcurrentGCThread "G1 Service" [stack: 0x0000002947200000,0x0000002947300000] [id=11504]

Threads with active compile tasks:
C2 CompilerThread0  49422 13678       4       java.util.regex.Pattern::split (288 bytes)
C1 CompilerThread0  49422 13916       3       kotlin.reflect.jvm.internal.KDeclarationContainerImpl$MemberBelonginess::accept (36 bytes)

VM state: not at safepoint (normal execution)

VM Mutex/Monitor currently owned by a thread: None

Heap address: 0x0000000080000000, size: 2048 MB, Compressed Oops mode: 32-bit

CDS archive(s) mapped at: [0x0000021692000000-0x0000021692bb0000-0x0000021692bb0000), size 12255232, SharedBaseAddress: 0x0000021692000000, ArchiveRelocationMode: 1.
Compressed class space mapped at: 0x0000021693000000-0x00000216d3000000, reserved size: 1073741824
Narrow klass base: 0x0000021692000000, Narrow klass shift: 0, Narrow klass range: 0x100000000

GC Precious Log:
 CPUs: 8 total, 8 available
 Memory: 8070M
 Large Page Support: Disabled
 NUMA Support: Disabled
 Compressed Oops: Enabled (32-bit)
 Heap Region Size: 1M
 Heap Min Capacity: 8M
 Heap Initial Capacity: 128M
 Heap Max Capacity: 2G
 Pre-touch: Disabled
 Parallel Workers: 8
 Concurrent Workers: 2
 Concurrent Refinement Workers: 8
 Periodic GC: Disabled

Heap:
 garbage-first heap   total 217088K, used 177882K [0x0000000080000000, 0x0000000100000000)
  region size 1024K, 41 young (41984K), 4 survivors (4096K)
 Metaspace       used 98199K, committed 99072K, reserved 1179648K
  class space    used 13590K, committed 14016K, reserved 1048576K

Heap Regions: E=young(eden), S=young(survivor), O=old, HS=humongous(starts), HC=humongous(continues), CS=collection set, F=free, OA=open archive, CA=closed archive, TAMS=top-at-mark-start (previous, next)
|   0|0x0000000080000000, 0x0000000080100000, 0x0000000080100000|100%|HS|  |TAMS 0x0000000080100000, 0x0000000080000000| Complete 
|   1|0x0000000080100000, 0x0000000080200000, 0x0000000080200000|100%|HC|  |TAMS 0x0000000080200000, 0x0000000080100000| Complete 
|   2|0x0000000080200000, 0x0000000080300000, 0x0000000080300000|100%|HC|  |TAMS 0x0000000080300000, 0x0000000080200000| Complete 
|   3|0x0000000080300000, 0x0000000080400000, 0x0000000080400000|100%| O|  |TAMS 0x0000000080400000, 0x0000000080300000| Untracked 
|   4|0x0000000080400000, 0x0000000080500000, 0x0000000080500000|100%| O|  |TAMS 0x0000000080500000, 0x0000000080400000| Untracked 
|   5|0x0000000080500000, 0x0000000080600000, 0x0000000080600000|100%| O|  |TAMS 0x0000000080600000, 0x0000000080500000| Untracked 
|   6|0x0000000080600000, 0x0000000080700000, 0x0000000080700000|100%|HS|  |TAMS 0x0000000080700000, 0x0000000080600000| Complete 
|   7|0x0000000080700000, 0x0000000080800000, 0x0000000080800000|100%| O|  |TAMS 0x0000000080800000, 0x0000000080700000| Untracked 
|   8|0x0000000080800000, 0x0000000080900000, 0x0000000080900000|100%| O|  |TAMS 0x0000000080900000, 0x0000000080800000| Untracked 
|   9|0x0000000080900000, 0x0000000080a00000, 0x0000000080a00000|100%| O|  |TAMS 0x0000000080a00000, 0x0000000080900000| Untracked 
|  10|0x0000000080a00000, 0x0000000080b00000, 0x0000000080b00000|100%| O|  |TAMS 0x0000000080b00000, 0x0000000080a00000| Untracked 
|  11|0x0000000080b00000, 0x0000000080c00000, 0x0000000080c00000|100%| O|  |TAMS 0x0000000080c00000, 0x0000000080b00000| Untracked 
|  12|0x0000000080c00000, 0x0000000080d00000, 0x0000000080d00000|100%| O|  |TAMS 0x0000000080d00000, 0x0000000080c00000| Untracked 
|  13|0x0000000080d00000, 0x0000000080e00000, 0x0000000080e00000|100%| O|  |TAMS 0x0000000080e00000, 0x0000000080d00000| Untracked 
|  14|0x0000000080e00000, 0x0000000080f00000, 0x0000000080f00000|100%| O|  |TAMS 0x0000000080f00000, 0x0000000080e00000| Untracked 
|  15|0x0000000080f00000, 0x0000000081000000, 0x0000000081000000|100%| O|  |TAMS 0x0000000081000000, 0x0000000080f00000| Untracked 
|  16|0x0000000081000000, 0x0000000081100000, 0x0000000081100000|100%| O|  |TAMS 0x0000000081100000, 0x0000000081000000| Untracked 
|  17|0x0000000081100000, 0x0000000081200000, 0x0000000081200000|100%| O|  |TAMS 0x0000000081200000, 0x0000000081100000| Untracked 
|  18|0x0000000081200000, 0x0000000081300000, 0x0000000081300000|100%| O|  |TAMS 0x0000000081300000, 0x0000000081200000| Untracked 
|  19|0x0000000081300000, 0x0000000081400000, 0x0000000081400000|100%| O|  |TAMS 0x0000000081400000, 0x0000000081300000| Untracked 
|  20|0x0000000081400000, 0x00000000814d3800, 0x0000000081500000| 82%| O|  |TAMS 0x00000000814d3800, 0x0000000081400000| Untracked 
|  21|0x0000000081500000, 0x0000000081600000, 0x0000000081600000|100%| O|  |TAMS 0x0000000081600000, 0x0000000081500000| Untracked 
|  22|0x0000000081600000, 0x0000000081700000, 0x0000000081700000|100%| O|  |TAMS 0x0000000081700000, 0x0000000081600000| Untracked 
|  23|0x0000000081700000, 0x0000000081800000, 0x0000000081800000|100%| O|  |TAMS 0x0000000081800000, 0x0000000081700000| Untracked 
|  24|0x0000000081800000, 0x0000000081900000, 0x0000000081900000|100%| O|  |TAMS 0x0000000081900000, 0x0000000081800000| Untracked 
|  25|0x0000000081900000, 0x0000000081a00000, 0x0000000081a00000|100%| O|  |TAMS 0x0000000081a00000, 0x0000000081900000| Untracked 
|  26|0x0000000081a00000, 0x0000000081b00000, 0x0000000081b00000|100%| O|  |TAMS 0x0000000081b00000, 0x0000000081a00000| Untracked 
|  27|0x0000000081b00000, 0x0000000081c00000, 0x0000000081c00000|100%|HS|  |TAMS 0x0000000081c00000, 0x0000000081b00000| Complete 
|  28|0x0000000081c00000, 0x0000000081d00000, 0x0000000081d00000|100%|HC|  |TAMS 0x0000000081d00000, 0x0000000081c00000| Complete 
|  29|0x0000000081d00000, 0x0000000081e00000, 0x0000000081e00000|100%| O|  |TAMS 0x0000000081e00000, 0x0000000081d00000| Untracked 
|  30|0x0000000081e00000, 0x0000000081f00000, 0x0000000081f00000|100%| O|  |TAMS 0x0000000081f00000, 0x0000000081e00000| Untracked 
|  31|0x0000000081f00000, 0x0000000082000000, 0x0000000082000000|100%| O|  |TAMS 0x0000000082000000, 0x0000000081f00000| Untracked 
|  32|0x0000000082000000, 0x0000000082100000, 0x0000000082100000|100%| O|  |TAMS 0x0000000082100000, 0x0000000082000000| Untracked 
|  33|0x0000000082100000, 0x0000000082200000, 0x0000000082200000|100%| O|  |TAMS 0x0000000082200000, 0x0000000082100000| Untracked 
|  34|0x0000000082200000, 0x0000000082300000, 0x0000000082300000|100%| O|  |TAMS 0x0000000082300000, 0x0000000082200000| Untracked 
|  35|0x0000000082300000, 0x0000000082400000, 0x0000000082400000|100%| O|  |TAMS 0x0000000082400000, 0x0000000082300000| Untracked 
|  36|0x0000000082400000, 0x0000000082500000, 0x0000000082500000|100%|HS|  |TAMS 0x0000000082500000, 0x0000000082400000| Complete 
|  37|0x0000000082500000, 0x0000000082600000, 0x0000000082600000|100%| O|  |TAMS 0x0000000082600000, 0x0000000082500000| Untracked 
|  38|0x0000000082600000, 0x0000000082700000, 0x0000000082700000|100%| O|  |TAMS 0x0000000082600000, 0x0000000082600000| Untracked 
|  39|0x0000000082700000, 0x0000000082800000, 0x0000000082800000|100%| O|  |TAMS 0x0000000082800000, 0x0000000082700000| Untracked 
|  40|0x0000000082800000, 0x0000000082900000, 0x0000000082900000|100%| O|  |TAMS 0x0000000082900000, 0x0000000082800000| Untracked 
|  41|0x0000000082900000, 0x0000000082a00000, 0x0000000082a00000|100%| O|  |TAMS 0x0000000082a00000, 0x0000000082900000| Untracked 
|  42|0x0000000082a00000, 0x0000000082b00000, 0x0000000082b00000|100%| O|  |TAMS 0x0000000082b00000, 0x0000000082a00000| Untracked 
|  43|0x0000000082b00000, 0x0000000082c00000, 0x0000000082c00000|100%| O|  |TAMS 0x0000000082c00000, 0x0000000082b00000| Untracked 
|  44|0x0000000082c00000, 0x0000000082d00000, 0x0000000082d00000|100%| O|  |TAMS 0x0000000082d00000, 0x0000000082c00000| Untracked 
|  45|0x0000000082d00000, 0x0000000082e00000, 0x0000000082e00000|100%| O|  |TAMS 0x0000000082e00000, 0x0000000082d00000| Untracked 
|  46|0x0000000082e00000, 0x0000000082f00000, 0x0000000082f00000|100%| O|  |TAMS 0x0000000082f00000, 0x0000000082e00000| Untracked 
|  47|0x0000000082f00000, 0x0000000083000000, 0x0000000083000000|100%| O|  |TAMS 0x0000000083000000, 0x0000000082f00000| Untracked 
|  48|0x0000000083000000, 0x0000000083100000, 0x0000000083100000|100%| O|  |TAMS 0x0000000083000000, 0x0000000083000000| Untracked 
|  49|0x0000000083100000, 0x0000000083200000, 0x0000000083200000|100%| O|  |TAMS 0x0000000083200000, 0x0000000083100000| Untracked 
|  50|0x0000000083200000, 0x0000000083300000, 0x0000000083300000|100%|HS|  |TAMS 0x0000000083300000, 0x0000000083200000| Complete 
|  51|0x0000000083300000, 0x0000000083400000, 0x0000000083400000|100%| O|  |TAMS 0x0000000083300000, 0x0000000083300000| Untracked 
|  52|0x0000000083400000, 0x0000000083500000, 0x0000000083500000|100%|HS|  |TAMS 0x0000000083500000, 0x0000000083400000| Complete 
|  53|0x0000000083500000, 0x0000000083600000, 0x0000000083600000|100%|HC|  |TAMS 0x0000000083600000, 0x0000000083500000| Complete 
|  54|0x0000000083600000, 0x0000000083700000, 0x0000000083700000|100%|HS|  |TAMS 0x0000000083700000, 0x0000000083600000| Complete 
|  55|0x0000000083700000, 0x0000000083800000, 0x0000000083800000|100%|HS|  |TAMS 0x0000000083800000, 0x0000000083700000| Complete 
|  56|0x0000000083800000, 0x0000000083900000, 0x0000000083900000|100%|HS|  |TAMS 0x0000000083900000, 0x0000000083800000| Complete 
|  57|0x0000000083900000, 0x0000000083a00000, 0x0000000083a00000|100%|HC|  |TAMS 0x0000000083a00000, 0x0000000083900000| Complete 
|  58|0x0000000083a00000, 0x0000000083b00000, 0x0000000083b00000|100%|HC|  |TAMS 0x0000000083b00000, 0x0000000083a00000| Complete 
|  59|0x0000000083b00000, 0x0000000083c00000, 0x0000000083c00000|100%|HC|  |TAMS 0x0000000083c00000, 0x0000000083b00000| Complete 
|  60|0x0000000083c00000, 0x0000000083d00000, 0x0000000083d00000|100%|HS|  |TAMS 0x0000000083d00000, 0x0000000083c00000| Complete 
|  61|0x0000000083d00000, 0x0000000083e00000, 0x0000000083e00000|100%|HS|  |TAMS 0x0000000083e00000, 0x0000000083d00000| Complete 
|  62|0x0000000083e00000, 0x0000000083f00000, 0x0000000083f00000|100%|HS|  |TAMS 0x0000000083f00000, 0x0000000083e00000| Complete 
|  63|0x0000000083f00000, 0x0000000084000000, 0x0000000084000000|100%|HC|  |TAMS 0x0000000084000000, 0x0000000083f00000| Complete 
|  64|0x0000000084000000, 0x0000000084100000, 0x0000000084100000|100%| O|  |TAMS 0x0000000084100000, 0x0000000084000000| Untracked 
|  65|0x0000000084100000, 0x0000000084200000, 0x0000000084200000|100%| O|  |TAMS 0x0000000084200000, 0x0000000084100000| Untracked 
|  66|0x0000000084200000, 0x0000000084300000, 0x0000000084300000|100%| O|  |TAMS 0x0000000084300000, 0x0000000084200000| Untracked 
|  67|0x0000000084300000, 0x0000000084400000, 0x0000000084400000|100%| O|  |TAMS 0x0000000084400000, 0x0000000084300000| Untracked 
|  68|0x0000000084400000, 0x0000000084500000, 0x0000000084500000|100%| O|  |TAMS 0x0000000084500000, 0x0000000084400000| Untracked 
|  69|0x0000000084500000, 0x0000000084600000, 0x0000000084600000|100%| O|  |TAMS 0x0000000084600000, 0x0000000084500000| Untracked 
|  70|0x0000000084600000, 0x0000000084700000, 0x0000000084700000|100%| O|  |TAMS 0x0000000084700000, 0x0000000084600000| Untracked 
|  71|0x0000000084700000, 0x0000000084800000, 0x0000000084800000|100%|HS|  |TAMS 0x0000000084800000, 0x0000000084700000| Complete 
|  72|0x0000000084800000, 0x0000000084900000, 0x0000000084900000|100%| O|  |TAMS 0x0000000084900000, 0x0000000084800000| Untracked 
|  73|0x0000000084900000, 0x0000000084a00000, 0x0000000084a00000|100%| O|  |TAMS 0x0000000084a00000, 0x0000000084900000| Untracked 
|  74|0x0000000084a00000, 0x0000000084b00000, 0x0000000084b00000|100%|HS|  |TAMS 0x0000000084b00000, 0x0000000084a00000| Complete 
|  75|0x0000000084b00000, 0x0000000084c00000, 0x0000000084c00000|100%|HC|  |TAMS 0x0000000084c00000, 0x0000000084b00000| Complete 
|  76|0x0000000084c00000, 0x0000000084d00000, 0x0000000084d00000|100%|HC|  |TAMS 0x0000000084d00000, 0x0000000084c00000| Complete 
|  77|0x0000000084d00000, 0x0000000084e00000, 0x0000000084e00000|100%|HC|  |TAMS 0x0000000084e00000, 0x0000000084d00000| Complete 
|  78|0x0000000084e00000, 0x0000000084f00000, 0x0000000084f00000|100%| O|  |TAMS 0x0000000084f00000, 0x0000000084e00000| Untracked 
|  79|0x0000000084f00000, 0x0000000085000000, 0x0000000085000000|100%| O|  |TAMS 0x0000000085000000, 0x0000000084f00000| Untracked 
|  80|0x0000000085000000, 0x0000000085100000, 0x0000000085100000|100%| O|  |TAMS 0x0000000085100000, 0x0000000085000000| Untracked 
|  81|0x0000000085100000, 0x0000000085200000, 0x0000000085200000|100%| O|  |TAMS 0x0000000085200000, 0x0000000085100000| Untracked 
|  82|0x0000000085200000, 0x0000000085300000, 0x0000000085300000|100%| O|  |TAMS 0x0000000085300000, 0x0000000085200000| Untracked 
|  83|0x0000000085300000, 0x0000000085400000, 0x0000000085400000|100%| O|  |TAMS 0x0000000085400000, 0x0000000085300000| Untracked 
|  84|0x0000000085400000, 0x0000000085500000, 0x0000000085500000|100%| O|  |TAMS 0x0000000085500000, 0x0000000085400000| Untracked 
|  85|0x0000000085500000, 0x0000000085600000, 0x0000000085600000|100%| O|  |TAMS 0x0000000085600000, 0x0000000085500000| Untracked 
|  86|0x0000000085600000, 0x0000000085700000, 0x0000000085700000|100%| O|  |TAMS 0x0000000085700000, 0x0000000085600000| Untracked 
|  87|0x0000000085700000, 0x0000000085800000, 0x0000000085800000|100%| O|  |TAMS 0x0000000085800000, 0x0000000085700000| Untracked 
|  88|0x0000000085800000, 0x0000000085900000, 0x0000000085900000|100%| O|  |TAMS 0x0000000085900000, 0x0000000085800000| Untracked 
|  89|0x0000000085900000, 0x0000000085a00000, 0x0000000085a00000|100%| O|  |TAMS 0x0000000085a00000, 0x0000000085900000| Untracked 
|  90|0x0000000085a00000, 0x0000000085b00000, 0x0000000085b00000|100%| O|  |TAMS 0x0000000085b00000, 0x0000000085a00000| Untracked 
|  91|0x0000000085b00000, 0x0000000085c00000, 0x0000000085c00000|100%| O|  |TAMS 0x0000000085c00000, 0x0000000085b00000| Untracked 
|  92|0x0000000085c00000, 0x0000000085d00000, 0x0000000085d00000|100%| O|  |TAMS 0x0000000085d00000, 0x0000000085c00000| Untracked 
|  93|0x0000000085d00000, 0x0000000085e00000, 0x0000000085e00000|100%| O|  |TAMS 0x0000000085e00000, 0x0000000085d00000| Untracked 
|  94|0x0000000085e00000, 0x0000000085f00000, 0x0000000085f00000|100%| O|  |TAMS 0x0000000085f00000, 0x0000000085e00000| Untracked 
|  95|0x0000000085f00000, 0x0000000086000000, 0x0000000086000000|100%| O|  |TAMS 0x0000000086000000, 0x0000000085f00000| Untracked 
|  96|0x0000000086000000, 0x0000000086100000, 0x0000000086100000|100%| O|  |TAMS 0x0000000086100000, 0x0000000086000000| Untracked 
|  97|0x0000000086100000, 0x0000000086200000, 0x0000000086200000|100%| O|  |TAMS 0x0000000086200000, 0x0000000086100000| Untracked 
|  98|0x0000000086200000, 0x0000000086300000, 0x0000000086300000|100%| O|  |TAMS 0x0000000086300000, 0x0000000086200000| Untracked 
|  99|0x0000000086300000, 0x0000000086400000, 0x0000000086400000|100%| O|  |TAMS 0x0000000086400000, 0x0000000086300000| Untracked 
| 100|0x0000000086400000, 0x0000000086500000, 0x0000000086500000|100%| O|  |TAMS 0x0000000086500000, 0x0000000086400000| Untracked 
| 101|0x0000000086500000, 0x0000000086600000, 0x0000000086600000|100%| O|  |TAMS 0x0000000086600000, 0x0000000086500000| Untracked 
| 102|0x0000000086600000, 0x0000000086700000, 0x0000000086700000|100%| O|  |TAMS 0x0000000086700000, 0x0000000086600000| Untracked 
| 103|0x0000000086700000, 0x0000000086800000, 0x0000000086800000|100%| O|  |TAMS 0x000000008679d200, 0x0000000086700000| Untracked 
| 104|0x0000000086800000, 0x0000000086900000, 0x0000000086900000|100%| O|  |TAMS 0x0000000086800000, 0x0000000086800000| Untracked 
| 105|0x0000000086900000, 0x0000000086a00000, 0x0000000086a00000|100%| O|  |TAMS 0x0000000086900000, 0x0000000086900000| Untracked 
| 106|0x0000000086a00000, 0x0000000086b00000, 0x0000000086b00000|100%| O|  |TAMS 0x0000000086a00000, 0x0000000086a00000| Untracked 
| 107|0x0000000086b00000, 0x0000000086c00000, 0x0000000086c00000|100%| O|  |TAMS 0x0000000086b00000, 0x0000000086b00000| Untracked 
| 108|0x0000000086c00000, 0x0000000086d00000, 0x0000000086d00000|100%| O|  |TAMS 0x0000000086c00000, 0x0000000086c00000| Untracked 
| 109|0x0000000086d00000, 0x0000000086e00000, 0x0000000086e00000|100%| O|  |TAMS 0x0000000086d00000, 0x0000000086d00000| Untracked 
| 110|0x0000000086e00000, 0x0000000086f00000, 0x0000000086f00000|100%| O|  |TAMS 0x0000000086e00000, 0x0000000086e00000| Untracked 
| 111|0x0000000086f00000, 0x0000000087000000, 0x0000000087000000|100%| O|  |TAMS 0x0000000086f00000, 0x0000000086f00000| Untracked 
| 112|0x0000000087000000, 0x0000000087100000, 0x0000000087100000|100%| O|  |TAMS 0x0000000087000000, 0x0000000087000000| Untracked 
| 113|0x0000000087100000, 0x0000000087200000, 0x0000000087200000|100%| O|  |TAMS 0x0000000087100000, 0x0000000087100000| Untracked 
| 114|0x0000000087200000, 0x0000000087300000, 0x0000000087300000|100%| O|  |TAMS 0x0000000087200000, 0x0000000087200000| Untracked 
| 115|0x0000000087300000, 0x0000000087400000, 0x0000000087400000|100%| O|  |TAMS 0x0000000087300000, 0x0000000087300000| Untracked 
| 116|0x0000000087400000, 0x0000000087500000, 0x0000000087500000|100%| O|  |TAMS 0x0000000087400000, 0x0000000087400000| Untracked 
| 117|0x0000000087500000, 0x0000000087600000, 0x0000000087600000|100%| O|  |TAMS 0x0000000087500000, 0x0000000087500000| Untracked 
| 118|0x0000000087600000, 0x0000000087700000, 0x0000000087700000|100%| O|  |TAMS 0x0000000087600000, 0x0000000087600000| Untracked 
| 119|0x0000000087700000, 0x0000000087800000, 0x0000000087800000|100%| O|  |TAMS 0x0000000087700000, 0x0000000087700000| Untracked 
| 120|0x0000000087800000, 0x0000000087900000, 0x0000000087900000|100%| O|  |TAMS 0x0000000087800000, 0x0000000087800000| Untracked 
| 121|0x0000000087900000, 0x0000000087a00000, 0x0000000087a00000|100%| O|  |TAMS 0x0000000087900000, 0x0000000087900000| Untracked 
| 122|0x0000000087a00000, 0x0000000087b00000, 0x0000000087b00000|100%| O|  |TAMS 0x0000000087a00000, 0x0000000087a00000| Untracked 
| 123|0x0000000087b00000, 0x0000000087c00000, 0x0000000087c00000|100%| O|  |TAMS 0x0000000087b00000, 0x0000000087b00000| Untracked 
| 124|0x0000000087c00000, 0x0000000087d00000, 0x0000000087d00000|100%| O|  |TAMS 0x0000000087c00000, 0x0000000087c00000| Untracked 
| 125|0x0000000087d00000, 0x0000000087e00000, 0x0000000087e00000|100%| O|  |TAMS 0x0000000087d00000, 0x0000000087d00000| Untracked 
| 126|0x0000000087e00000, 0x0000000087f00000, 0x0000000087f00000|100%| O|  |TAMS 0x0000000087e00000, 0x0000000087e00000| Untracked 
| 127|0x0000000087f00000, 0x0000000088000000, 0x0000000088000000|100%| O|  |TAMS 0x0000000087f00000, 0x0000000087f00000| Untracked 
| 128|0x0000000088000000, 0x0000000088100000, 0x0000000088100000|100%| O|  |TAMS 0x0000000088000000, 0x0000000088000000| Untracked 
| 129|0x0000000088100000, 0x0000000088200000, 0x0000000088200000|100%| O|  |TAMS 0x0000000088100000, 0x0000000088100000| Untracked 
| 130|0x0000000088200000, 0x0000000088300000, 0x0000000088300000|100%| O|  |TAMS 0x0000000088200000, 0x0000000088200000| Untracked 
| 131|0x0000000088300000, 0x0000000088379800, 0x0000000088400000| 47%| O|  |TAMS 0x0000000088300000, 0x0000000088300000| Untracked 
| 132|0x0000000088400000, 0x0000000088400000, 0x0000000088500000|  0%| F|  |TAMS 0x0000000088400000, 0x0000000088400000| Untracked 
| 133|0x0000000088500000, 0x0000000088500000, 0x0000000088600000|  0%| F|  |TAMS 0x0000000088500000, 0x0000000088500000| Untracked 
| 134|0x0000000088600000, 0x0000000088600000, 0x0000000088700000|  0%| F|  |TAMS 0x0000000088600000, 0x0000000088600000| Untracked 
| 135|0x0000000088700000, 0x0000000088700000, 0x0000000088800000|  0%| F|  |TAMS 0x0000000088700000, 0x0000000088700000| Untracked 
| 136|0x0000000088800000, 0x0000000088800000, 0x0000000088900000|  0%| F|  |TAMS 0x0000000088800000, 0x0000000088800000| Untracked 
| 137|0x0000000088900000, 0x0000000088900000, 0x0000000088a00000|  0%| F|  |TAMS 0x0000000088900000, 0x0000000088900000| Untracked 
| 138|0x0000000088a00000, 0x0000000088a00000, 0x0000000088b00000|  0%| F|  |TAMS 0x0000000088a00000, 0x0000000088a00000| Untracked 
| 139|0x0000000088b00000, 0x0000000088b00000, 0x0000000088c00000|  0%| F|  |TAMS 0x0000000088b00000, 0x0000000088b00000| Untracked 
| 140|0x0000000088c00000, 0x0000000088c00000, 0x0000000088d00000|  0%| F|  |TAMS 0x0000000088c00000, 0x0000000088c00000| Untracked 
| 141|0x0000000088d00000, 0x0000000088d00000, 0x0000000088e00000|  0%| F|  |TAMS 0x0000000088d00000, 0x0000000088d00000| Untracked 
| 142|0x0000000088e00000, 0x0000000088e00000, 0x0000000088f00000|  0%| F|  |TAMS 0x0000000088e00000, 0x0000000088e00000| Untracked 
| 143|0x0000000088f00000, 0x0000000088f00000, 0x0000000089000000|  0%| F|  |TAMS 0x0000000088f00000, 0x0000000088f00000| Untracked 
| 144|0x0000000089000000, 0x0000000089000000, 0x0000000089100000|  0%| F|  |TAMS 0x0000000089000000, 0x0000000089000000| Untracked 
| 145|0x0000000089100000, 0x0000000089100000, 0x0000000089200000|  0%| F|  |TAMS 0x0000000089100000, 0x0000000089100000| Untracked 
| 146|0x0000000089200000, 0x0000000089200000, 0x0000000089300000|  0%| F|  |TAMS 0x0000000089200000, 0x0000000089200000| Untracked 
| 147|0x0000000089300000, 0x0000000089300000, 0x0000000089400000|  0%| F|  |TAMS 0x0000000089300000, 0x0000000089300000| Untracked 
| 148|0x0000000089400000, 0x0000000089400000, 0x0000000089500000|  0%| F|  |TAMS 0x0000000089400000, 0x0000000089400000| Untracked 
| 149|0x0000000089500000, 0x0000000089500000, 0x0000000089600000|  0%| F|  |TAMS 0x0000000089500000, 0x0000000089500000| Untracked 
| 150|0x0000000089600000, 0x0000000089600000, 0x0000000089700000|  0%| F|  |TAMS 0x0000000089600000, 0x0000000089600000| Untracked 
| 151|0x0000000089700000, 0x0000000089700000, 0x0000000089800000|  0%| F|  |TAMS 0x0000000089700000, 0x0000000089700000| Untracked 
| 152|0x0000000089800000, 0x0000000089800000, 0x0000000089900000|  0%| F|  |TAMS 0x0000000089800000, 0x0000000089800000| Untracked 
| 153|0x0000000089900000, 0x0000000089900000, 0x0000000089a00000|  0%| F|  |TAMS 0x0000000089900000, 0x0000000089900000| Untracked 
| 154|0x0000000089a00000, 0x0000000089a00000, 0x0000000089b00000|  0%| F|  |TAMS 0x0000000089a00000, 0x0000000089a00000| Untracked 
| 155|0x0000000089b00000, 0x0000000089b00000, 0x0000000089c00000|  0%| F|  |TAMS 0x0000000089b00000, 0x0000000089b00000| Untracked 
| 156|0x0000000089c00000, 0x0000000089c00000, 0x0000000089d00000|  0%| F|  |TAMS 0x0000000089c00000, 0x0000000089c00000| Untracked 
| 157|0x0000000089d00000, 0x0000000089d00000, 0x0000000089e00000|  0%| F|  |TAMS 0x0000000089d00000, 0x0000000089d00000| Untracked 
| 158|0x0000000089e00000, 0x0000000089e00000, 0x0000000089f00000|  0%| F|  |TAMS 0x0000000089e00000, 0x0000000089e00000| Untracked 
| 159|0x0000000089f00000, 0x0000000089f00000, 0x000000008a000000|  0%| F|  |TAMS 0x0000000089f00000, 0x0000000089f00000| Untracked 
| 160|0x000000008a000000, 0x000000008a069940, 0x000000008a100000| 41%| S|CS|TAMS 0x000000008a000000, 0x000000008a000000| Complete 
| 161|0x000000008a100000, 0x000000008a100000, 0x000000008a200000|  0%| F|  |TAMS 0x000000008a100000, 0x000000008a100000| Untracked 
| 162|0x000000008a200000, 0x000000008a200000, 0x000000008a300000|  0%| F|  |TAMS 0x000000008a200000, 0x000000008a200000| Untracked 
| 163|0x000000008a300000, 0x000000008a400000, 0x000000008a400000|100%| S|CS|TAMS 0x000000008a300000, 0x000000008a300000| Complete 
| 164|0x000000008a400000, 0x000000008a400000, 0x000000008a500000|  0%| F|  |TAMS 0x000000008a400000, 0x000000008a400000| Untracked 
| 165|0x000000008a500000, 0x000000008a500000, 0x000000008a600000|  0%| F|  |TAMS 0x000000008a500000, 0x000000008a500000| Untracked 
| 166|0x000000008a600000, 0x000000008a700000, 0x000000008a700000|100%| S|CS|TAMS 0x000000008a600000, 0x000000008a600000| Complete 
| 167|0x000000008a700000, 0x000000008a800000, 0x000000008a800000|100%| S|CS|TAMS 0x000000008a700000, 0x000000008a700000| Complete 
| 168|0x000000008a800000, 0x000000008a800000, 0x000000008a900000|  0%| F|  |TAMS 0x000000008a800000, 0x000000008a800000| Untracked 
| 169|0x000000008a900000, 0x000000008a900000, 0x000000008aa00000|  0%| F|  |TAMS 0x000000008a900000, 0x000000008a900000| Untracked 
| 170|0x000000008aa00000, 0x000000008aa00000, 0x000000008ab00000|  0%| F|  |TAMS 0x000000008aa00000, 0x000000008aa00000| Untracked 
| 171|0x000000008ab00000, 0x000000008ab9eb10, 0x000000008ac00000| 61%| E|  |TAMS 0x000000008ab00000, 0x000000008ab00000| Complete 
| 172|0x000000008ac00000, 0x000000008ad00000, 0x000000008ad00000|100%| E|CS|TAMS 0x000000008ac00000, 0x000000008ac00000| Complete 
| 173|0x000000008ad00000, 0x000000008ae00000, 0x000000008ae00000|100%| E|CS|TAMS 0x000000008ad00000, 0x000000008ad00000| Complete 
| 174|0x000000008ae00000, 0x000000008af00000, 0x000000008af00000|100%| E|  |TAMS 0x000000008ae00000, 0x000000008ae00000| Complete 
| 175|0x000000008af00000, 0x000000008b000000, 0x000000008b000000|100%| E|CS|TAMS 0x000000008af00000, 0x000000008af00000| Complete 
| 176|0x000000008b000000, 0x000000008b100000, 0x000000008b100000|100%| E|CS|TAMS 0x000000008b000000, 0x000000008b000000| Complete 
| 177|0x000000008b100000, 0x000000008b200000, 0x000000008b200000|100%| E|CS|TAMS 0x000000008b100000, 0x000000008b100000| Complete 
| 178|0x000000008b200000, 0x000000008b300000, 0x000000008b300000|100%| E|CS|TAMS 0x000000008b200000, 0x000000008b200000| Complete 
| 179|0x000000008b300000, 0x000000008b400000, 0x000000008b400000|100%| E|CS|TAMS 0x000000008b300000, 0x000000008b300000| Complete 
| 180|0x000000008b400000, 0x000000008b500000, 0x000000008b500000|100%| E|CS|TAMS 0x000000008b400000, 0x000000008b400000| Complete 
| 181|0x000000008b500000, 0x000000008b600000, 0x000000008b600000|100%| E|CS|TAMS 0x000000008b500000, 0x000000008b500000| Complete 
| 182|0x000000008b600000, 0x000000008b700000, 0x000000008b700000|100%| E|CS|TAMS 0x000000008b600000, 0x000000008b600000| Complete 
| 183|0x000000008b700000, 0x000000008b800000, 0x000000008b800000|100%| E|CS|TAMS 0x000000008b700000, 0x000000008b700000| Complete 
| 184|0x000000008b800000, 0x000000008b900000, 0x000000008b900000|100%| E|CS|TAMS 0x000000008b800000, 0x000000008b800000| Complete 
| 185|0x000000008b900000, 0x000000008ba00000, 0x000000008ba00000|100%| E|CS|TAMS 0x000000008b900000, 0x000000008b900000| Complete 
| 186|0x000000008ba00000, 0x000000008bb00000, 0x000000008bb00000|100%| E|CS|TAMS 0x000000008ba00000, 0x000000008ba00000| Complete 
| 187|0x000000008bb00000, 0x000000008bc00000, 0x000000008bc00000|100%| E|CS|TAMS 0x000000008bb00000, 0x000000008bb00000| Complete 
| 188|0x000000008bc00000, 0x000000008bd00000, 0x000000008bd00000|100%| E|CS|TAMS 0x000000008bc00000, 0x000000008bc00000| Complete 
| 189|0x000000008bd00000, 0x000000008be00000, 0x000000008be00000|100%| E|CS|TAMS 0x000000008bd00000, 0x000000008bd00000| Complete 
| 190|0x000000008be00000, 0x000000008bf00000, 0x000000008bf00000|100%| E|CS|TAMS 0x000000008be00000, 0x000000008be00000| Complete 
| 191|0x000000008bf00000, 0x000000008c000000, 0x000000008c000000|100%| E|CS|TAMS 0x000000008bf00000, 0x000000008bf00000| Complete 
| 192|0x000000008c000000, 0x000000008c100000, 0x000000008c100000|100%| E|CS|TAMS 0x000000008c000000, 0x000000008c000000| Complete 
| 193|0x000000008c100000, 0x000000008c200000, 0x000000008c200000|100%| E|CS|TAMS 0x000000008c100000, 0x000000008c100000| Complete 
| 194|0x000000008c200000, 0x000000008c300000, 0x000000008c300000|100%| E|CS|TAMS 0x000000008c200000, 0x000000008c200000| Complete 
| 195|0x000000008c300000, 0x000000008c400000, 0x000000008c400000|100%| E|CS|TAMS 0x000000008c300000, 0x000000008c300000| Complete 
| 196|0x000000008c400000, 0x000000008c500000, 0x000000008c500000|100%| E|CS|TAMS 0x000000008c400000, 0x000000008c400000| Complete 
| 197|0x000000008c500000, 0x000000008c600000, 0x000000008c600000|100%| E|CS|TAMS 0x000000008c500000, 0x000000008c500000| Complete 
| 198|0x000000008c600000, 0x000000008c700000, 0x000000008c700000|100%| E|CS|TAMS 0x000000008c600000, 0x000000008c600000| Complete 
| 199|0x000000008c700000, 0x000000008c800000, 0x000000008c800000|100%| E|CS|TAMS 0x000000008c700000, 0x000000008c700000| Complete 
| 200|0x000000008c800000, 0x000000008c900000, 0x000000008c900000|100%| E|CS|TAMS 0x000000008c800000, 0x000000008c800000| Complete 
| 201|0x000000008c900000, 0x000000008ca00000, 0x000000008ca00000|100%| E|CS|TAMS 0x000000008c900000, 0x000000008c900000| Complete 
| 202|0x000000008ca00000, 0x000000008cb00000, 0x000000008cb00000|100%| E|CS|TAMS 0x000000008ca00000, 0x000000008ca00000| Complete 
| 203|0x000000008cb00000, 0x000000008cc00000, 0x000000008cc00000|100%| E|CS|TAMS 0x000000008cb00000, 0x000000008cb00000| Complete 
| 204|0x000000008cc00000, 0x000000008cd00000, 0x000000008cd00000|100%| E|CS|TAMS 0x000000008cc00000, 0x000000008cc00000| Complete 
| 205|0x000000008cd00000, 0x000000008ce00000, 0x000000008ce00000|100%| E|CS|TAMS 0x000000008cd00000, 0x000000008cd00000| Complete 
| 206|0x000000008ce00000, 0x000000008cf00000, 0x000000008cf00000|100%| E|CS|TAMS 0x000000008ce00000, 0x000000008ce00000| Complete 
|2043|0x00000000ffb00000, 0x00000000ffc00000, 0x00000000ffc00000|100%| O|  |TAMS 0x00000000ffc00000, 0x00000000ffb00000| Untracked 
|2044|0x00000000ffc00000, 0x00000000ffd00000, 0x00000000ffd00000|100%| O|  |TAMS 0x00000000ffd00000, 0x00000000ffc00000| Untracked 
|2045|0x00000000ffd00000, 0x00000000ffe00000, 0x00000000ffe00000|100%| E|CS|TAMS 0x00000000ffd00000, 0x00000000ffd00000| Complete 
|2046|0x00000000ffe00000, 0x00000000fff00000, 0x00000000fff00000|100%| O|  |TAMS 0x00000000fff00000, 0x00000000ffe00000| Untracked 
|2047|0x00000000fff00000, 0x0000000100000000, 0x0000000100000000|100%| O|  |TAMS 0x0000000100000000, 0x00000000fff00000| Untracked 

Card table byte_map: [0x00000216fb5b0000,0x00000216fb9b0000] _byte_map_base: 0x00000216fb1b0000

Marking Bits (Prev, Next): (CMBitMap*) 0x00000216f335c3b0, (CMBitMap*) 0x00000216f335c3f0
 Prev Bits: [0x00000216fbdb0000, 0x00000216fddb0000)
 Next Bits: [0x00000216fddb0000, 0x00000216ffdb0000)

Polling page: 0x00000216f12f0000

Metaspace:

Usage:
  Non-class:     82.64 MB used.
      Class:     13.27 MB used.
       Both:     95.91 MB used.

Virtual space:
  Non-class space:      128.00 MB reserved,      83.12 MB ( 65%) committed,  2 nodes.
      Class space:        1.00 GB reserved,      13.69 MB (  1%) committed,  1 nodes.
             Both:        1.12 GB reserved,      96.81 MB (  8%) committed. 

Chunk freelists:
   Non-Class:  12.55 MB
       Class:  2.30 MB
        Both:  14.84 MB

MaxMetaspaceSize: unlimited
CompressedClassSpaceSize: 1.00 GB
Initial GC threshold: 21.00 MB
Current GC threshold: 153.06 MB
CDS: on
MetaspaceReclaimPolicy: balanced
 - commit_granule_bytes: 65536.
 - commit_granule_words: 8192.
 - virtual_space_node_default_size: 8388608.
 - enlarge_chunks_in_place: 1.
 - new_chunks_are_fully_committed: 0.
 - uncommit_free_chunks: 1.
 - use_allocation_guard: 0.
 - handle_deallocations: 1.


Internal statistics:

num_allocs_failed_limit: 6.
num_arena_births: 1278.
num_arena_deaths: 0.
num_vsnodes_births: 3.
num_vsnodes_deaths: 0.
num_space_committed: 1550.
num_space_uncommitted: 0.
num_chunks_returned_to_freelist: 6.
num_chunks_taken_from_freelist: 5525.
num_chunk_merges: 6.
num_chunk_splits: 3591.
num_chunks_enlarged: 2340.
num_inconsistent_stats: 0.

CodeHeap 'non-profiled nmethods': size=120000Kb used=7167Kb max_used=7167Kb free=112832Kb
 bounds [0x0000021687ad0000, 0x00000216881d0000, 0x000002168f000000]
CodeHeap 'profiled nmethods': size=120000Kb used=24405Kb max_used=24405Kb free=95594Kb
 bounds [0x0000021680000000, 0x00000216817e0000, 0x0000021687530000]
CodeHeap 'non-nmethods': size=5760Kb used=2437Kb max_used=2531Kb free=3322Kb
 bounds [0x0000021687530000, 0x00000216877c0000, 0x0000021687ad0000]
 total_blobs=13289 nmethods=12312 adapters=888
 compilation: enabled
              stopped_count=0, restarted_count=0
 full_count=0

Compilation events (20 events):
Event: 48.567 Thread 0x0000021691832150 13708       1       kotlin.reflect.jvm.internal.impl.serialization.deserialization.DeserializationComponents::getExtensionRegistryLite (5 bytes)
Event: 48.567 Thread 0x0000021691832150 nmethod 13708 0x00000216881c5390 code [0x00000216881c5520, 0x00000216881c55f8]
Event: 48.567 Thread 0x0000021691832150 13709       3       java.io.ByteArrayInputStream::<init> (26 bytes)
Event: 48.568 Thread 0x0000021691832150 nmethod 13709 0x0000021681727010 code [0x00000216817271c0, 0x00000216817273f8]
Event: 48.568 Thread 0x0000021691832150 13710       3       kotlin.collections.CollectionsKt___CollectionsKt::plus (87 bytes)
Event: 48.570 Thread 0x0000021691832150 nmethod 13710 0x0000021681727510 code [0x0000021681727840, 0x0000021681728ac8]
Event: 48.570 Thread 0x0000021691832150 13711       3       kotlin.reflect.jvm.internal.impl.serialization.deserialization.descriptors.DeserializedAnnotations::<init> (28 bytes)
Event: 48.572 Thread 0x0000021691832150 nmethod 13711 0x0000021681729010 code [0x0000021681729300, 0x000002168172a178]
Event: 48.572 Thread 0x0000021691832150 13712       3       kotlin.reflect.jvm.internal.impl.metadata.ProtoBuf$Property::getDefaultInstanceForType (5 bytes)
Event: 48.572 Thread 0x0000021691832150 nmethod 13712 0x000002168172a690 code [0x000002168172a840, 0x000002168172a9b8]
Event: 48.572 Thread 0x0000021691832150 13713       3       kotlin.reflect.jvm.internal.impl.metadata.ProtoBuf$Property::getDefaultInstanceForType (4 bytes)
Event: 48.572 Thread 0x0000021691832150 nmethod 13713 0x000002168172aa90 code [0x000002168172ac20, 0x000002168172ad38]
Event: 48.572 Thread 0x0000021691832150 13714       3       java.util.ArrayList$SubList::iterator (5 bytes)
Event: 48.575 Thread 0x0000021691832150 nmethod 13714 0x000002168172ae10 code [0x000002168172b020, 0x000002168172b658]
Event: 48.575 Thread 0x0000021691832150 13715       3       java.util.ArrayList$SubList::listIterator (19 bytes)
Event: 48.576 Thread 0x0000021691832150 nmethod 13715 0x000002168172b910 code [0x000002168172bb20, 0x000002168172c038]
Event: 48.576 Thread 0x0000021691832150 13716       3       java.util.ArrayList$SubList::rangeCheckForAdd (26 bytes)
Event: 48.577 Thread 0x0000021691832150 nmethod 13716 0x000002168172c290 code [0x000002168172c4e0, 0x000002168172cb68]
Event: 48.577 Thread 0x0000021691832150 13717       3       java.util.ArrayList$SubList$1::<init> (39 bytes)
Event: 48.577 Thread 0x0000021691832150 nmethod 13717 0x000002168172ce90 code [0x000002168172d040, 0x000002168172d218]

GC Heap History (20 events):
Event: 29.791 GC heap before
{Heap before GC invocations=31 (full 0):
 garbage-first heap   total 217088K, used 111849K [0x0000000080000000, 0x0000000100000000)
  region size 1024K, 10 young (10240K), 9 survivors (9216K)
 Metaspace       used 92196K, committed 93056K, reserved 1179648K
  class space    used 12793K, committed 13184K, reserved 1048576K
}
Event: 29.810 GC heap after
{Heap after GC invocations=32 (full 0):
 garbage-first heap   total 217088K, used 110385K [0x0000000080000000, 0x0000000100000000)
  region size 1024K, 2 young (2048K), 2 survivors (2048K)
 Metaspace       used 92196K, committed 93056K, reserved 1179648K
  class space    used 12793K, committed 13184K, reserved 1048576K
}
Event: 31.138 GC heap before
{Heap before GC invocations=32 (full 0):
 garbage-first heap   total 217088K, used 178993K [0x0000000080000000, 0x0000000100000000)
  region size 1024K, 69 young (70656K), 2 survivors (2048K)
 Metaspace       used 92936K, committed 93760K, reserved 1179648K
  class space    used 12894K, committed 13248K, reserved 1048576K
}
Event: 31.151 GC heap after
{Heap after GC invocations=33 (full 0):
 garbage-first heap   total 217088K, used 119630K [0x0000000080000000, 0x0000000100000000)
  region size 1024K, 9 young (9216K), 9 survivors (9216K)
 Metaspace       used 92936K, committed 93760K, reserved 1179648K
  class space    used 12894K, committed 13248K, reserved 1048576K
}
Event: 32.806 GC heap before
{Heap before GC invocations=34 (full 0):
 garbage-first heap   total 217088K, used 175950K [0x0000000080000000, 0x0000000100000000)
  region size 1024K, 65 young (66560K), 9 survivors (9216K)
 Metaspace       used 95133K, committed 96000K, reserved 1179648K
  class space    used 13195K, committed 13568K, reserved 1048576K
}
Event: 32.820 GC heap after
{Heap after GC invocations=35 (full 0):
 garbage-first heap   total 217088K, used 127874K [0x0000000080000000, 0x0000000100000000)
  region size 1024K, 8 young (8192K), 8 survivors (8192K)
 Metaspace       used 95133K, committed 96000K, reserved 1179648K
  class space    used 13195K, committed 13568K, reserved 1048576K
}
Event: 32.831 GC heap before
{Heap before GC invocations=35 (full 0):
 garbage-first heap   total 217088K, used 129922K [0x0000000080000000, 0x0000000100000000)
  region size 1024K, 10 young (10240K), 8 survivors (8192K)
 Metaspace       used 95133K, committed 96000K, reserved 1179648K
  class space    used 13195K, committed 13568K, reserved 1048576K
}
Event: 32.839 GC heap after
{Heap after GC invocations=36 (full 0):
 garbage-first heap   total 217088K, used 127696K [0x0000000080000000, 0x0000000100000000)
  region size 1024K, 2 young (2048K), 2 survivors (2048K)
 Metaspace       used 95133K, committed 96000K, reserved 1179648K
  class space    used 13195K, committed 13568K, reserved 1048576K
}
Event: 33.135 GC heap before
{Heap before GC invocations=36 (full 0):
 garbage-first heap   total 217088K, used 175824K [0x0000000080000000, 0x0000000100000000)
  region size 1024K, 50 young (51200K), 2 survivors (2048K)
 Metaspace       used 95148K, committed 96000K, reserved 1179648K
  class space    used 13195K, committed 13568K, reserved 1048576K
}
Event: 33.140 GC heap after
{Heap after GC invocations=37 (full 0):
 garbage-first heap   total 217088K, used 130223K [0x0000000080000000, 0x0000000100000000)
  region size 1024K, 5 young (5120K), 5 survivors (5120K)
 Metaspace       used 95148K, committed 96000K, reserved 1179648K
  class space    used 13195K, committed 13568K, reserved 1048576K
}
Event: 33.851 GC heap before
{Heap before GC invocations=37 (full 0):
 garbage-first heap   total 217088K, used 178351K [0x0000000080000000, 0x0000000100000000)
  region size 1024K, 52 young (53248K), 5 survivors (5120K)
 Metaspace       used 95681K, committed 96576K, reserved 1179648K
  class space    used 13292K, committed 13696K, reserved 1048576K
}
Event: 33.861 GC heap after
{Heap after GC invocations=38 (full 0):
 garbage-first heap   total 217088K, used 133483K [0x0000000080000000, 0x0000000100000000)
  region size 1024K, 5 young (5120K), 5 survivors (5120K)
 Metaspace       used 95681K, committed 96576K, reserved 1179648K
  class space    used 13292K, committed 13696K, reserved 1048576K
}
Event: 34.311 GC heap before
{Heap before GC invocations=38 (full 0):
 garbage-first heap   total 217088K, used 179563K [0x0000000080000000, 0x0000000100000000)
  region size 1024K, 50 young (51200K), 5 survivors (5120K)
 Metaspace       used 95711K, committed 96640K, reserved 1179648K
  class space    used 13293K, committed 13696K, reserved 1048576K
}
Event: 34.320 GC heap after
{Heap after GC invocations=39 (full 0):
 garbage-first heap   total 217088K, used 135757K [0x0000000080000000, 0x0000000100000000)
  region size 1024K, 4 young (4096K), 4 survivors (4096K)
 Metaspace       used 95711K, committed 96640K, reserved 1179648K
  class space    used 13293K, committed 13696K, reserved 1048576K
}
Event: 35.004 GC heap before
{Heap before GC invocations=39 (full 0):
 garbage-first heap   total 217088K, used 180813K [0x0000000080000000, 0x0000000100000000)
  region size 1024K, 48 young (49152K), 4 survivors (4096K)
 Metaspace       used 95825K, committed 96704K, reserved 1179648K
  class space    used 13304K, committed 13696K, reserved 1048576K
}
Event: 35.013 GC heap after
{Heap after GC invocations=40 (full 0):
 garbage-first heap   total 217088K, used 138007K [0x0000000080000000, 0x0000000100000000)
  region size 1024K, 5 young (5120K), 5 survivors (5120K)
 Metaspace       used 95825K, committed 96704K, reserved 1179648K
  class space    used 13304K, committed 13696K, reserved 1048576K
}
Event: 36.350 GC heap before
{Heap before GC invocations=40 (full 0):
 garbage-first heap   total 217088K, used 179991K [0x0000000080000000, 0x0000000100000000)
  region size 1024K, 47 young (48128K), 5 survivors (5120K)
 Metaspace       used 95990K, committed 96896K, reserved 1179648K
  class space    used 13328K, committed 13760K, reserved 1048576K
}
Event: 36.362 GC heap after
{Heap after GC invocations=41 (full 0):
 garbage-first heap   total 217088K, used 140705K [0x0000000080000000, 0x0000000100000000)
  region size 1024K, 5 young (5120K), 5 survivors (5120K)
 Metaspace       used 95990K, committed 96896K, reserved 1179648K
  class space    used 13328K, committed 13760K, reserved 1048576K
}
Event: 38.050 GC heap before
{Heap before GC invocations=41 (full 0):
 garbage-first heap   total 217088K, used 180641K [0x0000000080000000, 0x0000000100000000)
  region size 1024K, 45 young (46080K), 5 survivors (5120K)
 Metaspace       used 96047K, committed 96960K, reserved 1179648K
  class space    used 13333K, committed 13760K, reserved 1048576K
}
Event: 38.054 GC heap after
{Heap after GC invocations=42 (full 0):
 garbage-first heap   total 217088K, used 142042K [0x0000000080000000, 0x0000000100000000)
  region size 1024K, 4 young (4096K), 4 survivors (4096K)
 Metaspace       used 96047K, committed 96960K, reserved 1179648K
  class space    used 13333K, committed 13760K, reserved 1048576K
}

Dll operation events (15 events):
Event: 0.010 Loaded shared library C:\Program Files\Eclipse Adoptium\jdk-17.0.18.8-hotspot\bin\java.dll
Event: 0.048 Loaded shared library C:\Program Files\Eclipse Adoptium\jdk-17.0.18.8-hotspot\bin\jsvml.dll
Event: 0.102 Loaded shared library C:\Program Files\Eclipse Adoptium\jdk-17.0.18.8-hotspot\bin\zip.dll
Event: 0.105 Loaded shared library C:\Program Files\Eclipse Adoptium\jdk-17.0.18.8-hotspot\bin\instrument.dll
Event: 0.110 Loaded shared library C:\Program Files\Eclipse Adoptium\jdk-17.0.18.8-hotspot\bin\net.dll
Event: 0.112 Loaded shared library C:\Program Files\Eclipse Adoptium\jdk-17.0.18.8-hotspot\bin\nio.dll
Event: 0.115 Loaded shared library C:\Program Files\Eclipse Adoptium\jdk-17.0.18.8-hotspot\bin\zip.dll
Event: 0.423 Loaded shared library C:\Program Files\Eclipse Adoptium\jdk-17.0.18.8-hotspot\bin\jimage.dll
Event: 0.599 Loaded shared library C:\Program Files\Eclipse Adoptium\jdk-17.0.18.8-hotspot\bin\verify.dll
Event: 0.785 Loaded shared library C:\Users\Administrator\.gradle\native\1def1411415f61bf3af743bc5b6707747c0891f09f0c88961ee8f79bc544acac\windows-amd64\native-platform.dll
Event: 0.797 Loaded shared library C:\Users\Administrator\.gradle\native\0.2.7\x86_64-windows-gnu\gradle-fileevents.dll
Event: 1.798 Loaded shared library C:\Program Files\Eclipse Adoptium\jdk-17.0.18.8-hotspot\bin\management.dll
Event: 1.800 Loaded shared library C:\Program Files\Eclipse Adoptium\jdk-17.0.18.8-hotspot\bin\management_ext.dll
Event: 2.158 Loaded shared library C:\Program Files\Eclipse Adoptium\jdk-17.0.18.8-hotspot\bin\extnet.dll
Event: 2.588 Loaded shared library C:\Program Files\Eclipse Adoptium\jdk-17.0.18.8-hotspot\bin\sunmscapi.dll

Deoptimization events (20 events):
Event: 42.144 Thread 0x00000216d7e83080 Uncommon trap: trap_request=0xffffff45 fr.pc=0x000002168819f108 relative=0x00000000000001e8
Event: 42.144 Thread 0x00000216d7e83080 Uncommon trap: reason=unstable_if action=reinterpret pc=0x000002168819f108 method=java.io.BufferedOutputStream.write(I)V @ 9 c2
Event: 42.144 Thread 0x00000216d7e83080 DEOPT PACKING pc=0x000002168819f108 sp=0x000000294d4fa710
Event: 42.144 Thread 0x00000216d7e83080 DEOPT UNPACKING pc=0x00000216875869a3 sp=0x000000294d4fa6b8 mode 2
Event: 44.815 Thread 0x00000216d7e83080 Uncommon trap: trap_request=0xffffff45 fr.pc=0x000002168816ff20 relative=0x0000000000000ea0
Event: 44.815 Thread 0x00000216d7e83080 Uncommon trap: reason=unstable_if action=reinterpret pc=0x000002168816ff20 method=java.nio.file.FileTreeWalker.visit(Ljava/nio/file/Path;ZZ)Ljava/nio/file/FileTreeWalker$Event; @ 84 c2
Event: 44.815 Thread 0x00000216d7e83080 DEOPT PACKING pc=0x000002168816ff20 sp=0x000000294d4f9050
Event: 44.815 Thread 0x00000216d7e83080 DEOPT UNPACKING pc=0x00000216875869a3 sp=0x000000294d4f9000 mode 2
Event: 44.831 Thread 0x00000216d7e83080 Uncommon trap: trap_request=0xffffff45 fr.pc=0x0000021687e75740 relative=0x0000000000000e20
Event: 44.831 Thread 0x00000216d7e83080 Uncommon trap: reason=unstable_if action=reinterpret pc=0x0000021687e75740 method=java.nio.file.FileTreeWalker.getAttributes(Ljava/nio/file/Path;Z)Ljava/nio/file/attribute/BasicFileAttributes; @ 35 c2
Event: 44.831 Thread 0x00000216d7e83080 DEOPT PACKING pc=0x0000021687e75740 sp=0x000000294d4f9090
Event: 44.831 Thread 0x00000216d7e83080 DEOPT UNPACKING pc=0x00000216875869a3 sp=0x000000294d4f8f40 mode 2
Event: 44.832 Thread 0x00000216d7e83080 Uncommon trap: trap_request=0xffffff45 fr.pc=0x0000021688171428 relative=0x00000000000001c8
Event: 44.832 Thread 0x00000216d7e83080 Uncommon trap: reason=unstable_if action=reinterpret pc=0x0000021688171428 method=java.nio.file.FileTreeWalker.getAttributes(Ljava/nio/file/Path;Z)Ljava/nio/file/attribute/BasicFileAttributes; @ 35 c2
Event: 44.832 Thread 0x00000216d7e83080 DEOPT PACKING pc=0x0000021688171428 sp=0x000000294d4f8f70
Event: 44.832 Thread 0x00000216d7e83080 DEOPT UNPACKING pc=0x00000216875869a3 sp=0x000000294d4f8f30 mode 2
Event: 46.398 Thread 0x00000216d7e83080 Uncommon trap: trap_request=0xffffffc6 fr.pc=0x0000021687e95b7c relative=0x00000000000009fc
Event: 46.398 Thread 0x00000216d7e83080 Uncommon trap: reason=bimorphic_or_optimized_type_check action=maybe_recompile pc=0x0000021687e95b7c method=com.google.common.collect.AbstractMapBasedMultimap$WrappedCollection.refreshIfEmpty()V @ 59 c2
Event: 46.398 Thread 0x00000216d7e83080 DEOPT PACKING pc=0x0000021687e95b7c sp=0x000000294d4fa1a0
Event: 46.398 Thread 0x00000216d7e83080 DEOPT UNPACKING pc=0x00000216875869a3 sp=0x000000294d4fa158 mode 2

Classes loaded (20 events):
Event: 33.325 Loading class java/util/stream/ReduceOps$6
Event: 33.325 Loading class java/util/stream/ReduceOps$6 done
Event: 33.325 Loading class java/util/stream/ReduceOps$5ReducingSink
Event: 33.326 Loading class java/util/stream/ReduceOps$5ReducingSink done
Event: 33.326 Loading class java/util/stream/ReferencePipeline$4$1
Event: 33.326 Loading class java/util/stream/ReferencePipeline$4$1 done
Event: 38.190 Loading class java/nio/file/Files$2
Event: 38.194 Loading class java/nio/file/Files$2 done
Event: 38.203 Loading class java/util/zip/ZipOutputStream
Event: 38.208 Loading class java/util/zip/ZipOutputStream done
Event: 38.208 Loading class java/util/zip/Deflater
Event: 38.210 Loading class java/util/zip/Deflater done
Event: 38.211 Loading class java/util/zip/Deflater$DeflaterZStreamRef
Event: 38.213 Loading class java/util/zip/Deflater$DeflaterZStreamRef done
Event: 38.247 Loading class java/util/zip/ZipOutputStream$XEntry
Event: 38.252 Loading class java/util/zip/ZipOutputStream$XEntry done
Event: 39.258 Loading class java/util/Vector$Itr
Event: 39.261 Loading class java/util/Vector$Itr done
Event: 44.805 Loading class java/nio/file/FileTreeWalker$1
Event: 44.812 Loading class java/nio/file/FileTreeWalker$1 done

Classes unloaded (0 events):
No events

Classes redefined (0 events):
No events

Internal exceptions (20 events):
Event: 31.473 Thread 0x00000216d8ae96f0 Exception <a 'java/lang/NoSuchMethodError'{0x000000008c5f7a40}: static Lorg/gradle/internal/build/event/types/DefaultTaskSuccessResult;.<clinit>()V> (0x000000008c5f7a40) 
thrown [s\src\hotspot\share\prims\jni.cpp, line 1112]
Event: 31.474 Thread 0x00000216d8ae96f0 Exception <a 'java/lang/NoSuchMethodError'{0x000000008c5f9160}: static Lorg/gradle/internal/build/event/types/AbstractTaskResult;.<clinit>()V> (0x000000008c5f9160) 
thrown [s\src\hotspot\share\prims\jni.cpp, line 1112]
Event: 31.517 Thread 0x00000216d9da5170 Exception <a 'java/lang/NoSuchMethodError'{0x000000008c4f1bf8}: 'void java.lang.invoke.DirectMethodHandle$Holder.invokeInterface(java.lang.Object, java.lang.Object, java.lang.Object, java.lang.Object)'> (0x000000008c4f1bf8) 
thrown [s\src\hotspot\share\interpreter\linkResolver.cpp, line 759]
Event: 31.576 Thread 0x00000216d9da5170 Exception <a 'sun/nio/fs/WindowsException'{0x000000008c3c0d08}> (0x000000008c3c0d08) 
thrown [s\src\hotspot\share\prims\jni.cpp, line 516]
Event: 31.584 Thread 0x00000216da9651a0 Exception <a 'java/lang/NoSuchMethodError'{0x000000008c5bd0b0}: static Lcom/android/buildanalyzer/common/AndroidGradlePluginAttributionData$BuildInfo;.<clinit>()V> (0x000000008c5bd0b0) 
thrown [s\src\hotspot\share\prims\jni.cpp, line 1112]
Event: 31.622 Thread 0x00000216da9651a0 Exception <a 'java/lang/NoSuchMethodError'{0x000000008c248c78}: static Lcom/android/buildanalyzer/common/AndroidGradlePluginAttributionData$JavaInfo;.<clinit>()V> (0x000000008c248c78) 
thrown [s\src\hotspot\share\prims\jni.cpp, line 1112]
Event: 31.659 Thread 0x00000216da9651a0 Exception <a 'java/lang/NoSuchMethodError'{0x000000008c26e3c8}: static [Ljava/lang/String;.<clinit>()V> (0x000000008c26e3c8) 
thrown [s\src\hotspot\share\prims\jni.cpp, line 1112]
Event: 31.664 Thread 0x00000216da9651a0 Exception <a 'java/lang/NoSuchMethodError'{0x000000008c27af10}: static Lcom/android/buildanalyzer/common/AndroidGradlePluginAttributionData$TaskInfo;.<clinit>()V> (0x000000008c27af10) 
thrown [s\src\hotspot\share\prims\jni.cpp, line 1112]
Event: 31.667 Thread 0x00000216da9651a0 Exception <a 'java/lang/NoSuchMethodError'{0x000000008c287e68}: static Lcom/android/buildanalyzer/common/AndroidGradlePluginAttributionData$TaskCategoryInfo;.<clinit>()V> (0x000000008c287e68) 
thrown [s\src\hotspot\share\prims\jni.cpp, line 1112]
Event: 31.698 Thread 0x00000216d8ae96f0 Exception <a 'java/lang/NoSuchMethodError'{0x000000008c1797b0}: static Lorg/gradle/internal/build/event/types/DefaultTaskSkippedResult;.<clinit>()V> (0x000000008c1797b0) 
thrown [s\src\hotspot\share\prims\jni.cpp, line 1112]
Event: 31.766 Thread 0x00000216d9da65b0 Exception <a 'java/lang/IncompatibleClassChangeError'{0x000000008c04d570}: Found class java.lang.Object, but interface was expected> (0x000000008c04d570) 
thrown [s\src\hotspot\share\interpreter\linkResolver.cpp, line 826]
Event: 31.982 Thread 0x00000216d9da65b0 Exception <a 'java/lang/NoSuchMethodError'{0x000000008bcdcab0}: 'int java.lang.invoke.DirectMethodHandle$Holder.invokeSpecial(java.lang.Object, java.lang.Object, int)'> (0x000000008bcdcab0) 
thrown [s\src\hotspot\share\interpreter\linkResolver.cpp, line 759]
Event: 33.231 Thread 0x00000216d9da65b0 Exception <a 'java/lang/NoSuchMethodError'{0x000000008c5b2428}: 'int java.lang.invoke.DirectMethodHandle$Holder.invokeStaticInit(java.lang.Object, java.lang.Object, java.lang.Object, java.lang.Object, java.lang.Object)'> (0x000000008c5b2428) 
thrown [s\src\hotspot\share\interpreter\linkResolver.cpp, line 759]
Event: 34.915 Thread 0x00000216d7e83080 Exception <a 'java/lang/NoSuchMethodError'{0x000000008a8617a0}: static Lcom/android/build/gradle/internal/scope/InternalArtifactType;.<clinit>()V> (0x000000008a8617a0) 
thrown [s\src\hotspot\share\prims\jni.cpp, line 1112]
Event: 34.915 Thread 0x00000216d7e83080 Exception <a 'java/lang/NoSuchMethodError'{0x000000008a862ed0}: static Lcom/android/build/gradle/internal/scope/InternalArtifactType;.<clinit>()V> (0x000000008a862ed0) 
thrown [s\src\hotspot\share\prims\jni.cpp, line 1112]
Event: 34.916 Thread 0x00000216d7e83080 Exception <a 'java/lang/NoSuchMethodError'{0x000000008a8662b0}: static Lcom/android/build/api/artifact/Artifact$Single;.<clinit>()V> (0x000000008a8662b0) 
thrown [s\src\hotspot\share\prims\jni.cpp, line 1112]
Event: 34.916 Thread 0x00000216d7e83080 Exception <a 'java/lang/NoSuchMethodError'{0x000000008a868840}: static Ljava/lang/Object;.<clinit>()V> (0x000000008a868840) 
thrown [s\src\hotspot\share\prims\jni.cpp, line 1112]
Event: 34.920 Thread 0x00000216d7e83080 Exception <a 'java/lang/NoSuchMethodError'{0x000000008a881eb0}: static Lcom/android/build/api/artifact/ArtifactKind;.<clinit>()V> (0x000000008a881eb0) 
thrown [s\src\hotspot\share\prims\jni.cpp, line 1112]
Event: 34.920 Thread 0x00000216d7e83080 Exception <a 'java/lang/NoSuchMethodError'{0x000000008a883060}: static Lcom/android/build/api/artifact/ArtifactKind;.<clinit>()V> (0x000000008a883060) 
thrown [s\src\hotspot\share\prims\jni.cpp, line 1112]
Event: 36.211 Thread 0x00000216d7e83080 Exception <a 'java/lang/NoSuchMethodError'{0x000000008aabf778}: 'int java.lang.invoke.DirectMethodHandle$Holder.invokeSpecial(java.lang.Object, java.lang.Object, java.lang.Object, java.lang.Object, java.lang.Object)'> (0x000000008aabf778) 
thrown [s\src\hotspot\share\interpreter\linkResolver.cpp, line 759]

VM Operations (20 events):
Event: 37.365 Executing VM operation: Cleanup
Event: 37.365 Executing VM operation: Cleanup done
Event: 38.049 Executing VM operation: G1CollectForAllocation
Event: 38.054 Executing VM operation: G1CollectForAllocation done
Event: 39.058 Executing VM operation: Cleanup
Event: 39.059 Executing VM operation: Cleanup done
Event: 40.063 Executing VM operation: Cleanup
Event: 40.063 Executing VM operation: Cleanup done
Event: 41.074 Executing VM operation: Cleanup
Event: 41.075 Executing VM operation: Cleanup done
Event: 43.091 Executing VM operation: Cleanup
Event: 43.091 Executing VM operation: Cleanup done
Event: 45.108 Executing VM operation: Cleanup
Event: 45.108 Executing VM operation: Cleanup done
Event: 46.119 Executing VM operation: Cleanup
Event: 46.119 Executing VM operation: Cleanup done
Event: 47.131 Executing VM operation: Cleanup
Event: 47.131 Executing VM operation: Cleanup done
Event: 48.143 Executing VM operation: Cleanup
Event: 48.143 Executing VM operation: Cleanup done

Memory protections (0 events):
No events

Nmethod flushes (20 events):
Event: 24.470 Thread 0x000002169183d9e0 flushing  nmethod 0x0000021680fe6390
Event: 24.471 Thread 0x000002169183d9e0 flushing  nmethod 0x0000021681031410
Event: 24.471 Thread 0x000002169183d9e0 flushing  nmethod 0x0000021681032090
Event: 24.471 Thread 0x000002169183d9e0 flushing  nmethod 0x0000021681032b10
Event: 24.471 Thread 0x000002169183d9e0 flushing  nmethod 0x0000021681033210
Event: 24.471 Thread 0x000002169183d9e0 flushing  nmethod 0x0000021681033610
Event: 24.471 Thread 0x000002169183d9e0 flushing  nmethod 0x0000021681035e90
Event: 24.471 Thread 0x000002169183d9e0 flushing  nmethod 0x0000021681036290
Event: 24.471 Thread 0x000002169183d9e0 flushing  nmethod 0x0000021681036a10
Event: 24.471 Thread 0x000002169183d9e0 flushing  nmethod 0x0000021681039290
Event: 24.471 Thread 0x000002169183d9e0 flushing  nmethod 0x0000021681039a90
Event: 24.471 Thread 0x000002169183d9e0 flushing  nmethod 0x000002168103d890
Event: 24.471 Thread 0x000002169183d9e0 flushing  nmethod 0x0000021681042990
Event: 24.471 Thread 0x000002169183d9e0 flushing  nmethod 0x0000021681044f90
Event: 24.471 Thread 0x000002169183d9e0 flushing  nmethod 0x0000021681046510
Event: 24.471 Thread 0x000002169183d9e0 flushing  nmethod 0x0000021681060890
Event: 24.472 Thread 0x000002169183d9e0 flushing  nmethod 0x000002168112ad90
Event: 31.761 Thread 0x000002169183d9e0 flushing  nmethod 0x00000216800a7610
Event: 31.775 Thread 0x000002169183d9e0 flushing  nmethod 0x000002168090ea10
Event: 31.776 Thread 0x000002169183d9e0 flushing  nmethod 0x0000021680912690

Events (20 events):
Event: 33.871 Thread 0x00000216d9da5680 Thread added: 0x00000216dcad7150
Event: 33.871 Thread 0x00000216d9da5680 Thread added: 0x00000216dcad9ee0
Event: 33.873 Thread 0x00000216d9da5680 Thread added: 0x00000216dcad94c0
Event: 33.874 Thread 0x00000216d9da5680 Thread added: 0x00000216dcada3f0
Event: 33.875 Thread 0x00000216d9da5680 Thread added: 0x00000216dcad6c40
Event: 34.016 Thread 0x00000216d9da5680 Thread added: 0x00000216d73d7810
Event: 34.016 Thread 0x00000216d9da5680 Thread added: 0x00000216d73d54a0
Event: 34.017 Thread 0x00000216d9da5680 Thread added: 0x00000216d73d4060
Event: 34.018 Thread 0x00000216d9da5680 Thread added: 0x00000216d73d5ec0
Event: 34.019 Thread 0x00000216d9da5680 Thread added: 0x00000216d73d4570
Event: 34.019 Thread 0x00000216d9da5680 Thread added: 0x00000216d73d68e0
Event: 34.020 Thread 0x00000216d9da5680 Thread added: 0x00000216d73d4a80
Event: 34.186 Thread 0x00000216d9da5680 Thread added: 0x00000216d9e99fb0
Event: 34.187 Thread 0x00000216d9da5680 Thread added: 0x00000216d9e98660
Event: 34.188 Thread 0x00000216d9da5680 Thread added: 0x00000216d9e99080
Event: 34.188 Thread 0x00000216d9da5680 Thread added: 0x00000216d9e99aa0
Event: 34.189 Thread 0x00000216d9da5680 Thread added: 0x00000216d9e99590
Event: 34.190 Thread 0x00000216d9da5680 Thread added: 0x00000216d95178c0
Event: 34.190 Thread 0x00000216d9da5680 Thread added: 0x00000216d95182e0
Event: 34.459 Thread 0x00000216d7e83080 Thread added: 0x00000216d92b0700


Dynamic libraries:
0x00007ff792f80000 - 0x00007ff792f8e000 	C:\Program Files\Eclipse Adoptium\jdk-17.0.18.8-hotspot\bin\java.exe
0x00007fffdf610000 - 0x00007fffdf828000 	C:\Windows\SYSTEM32\ntdll.dll
0x00007fffdeaf0000 - 0x00007fffdebb4000 	C:\Windows\System32\KERNEL32.DLL
0x00007fffdcb20000 - 0x00007fffdcef3000 	C:\Windows\System32\KERNELBASE.dll
0x00007fffdd110000 - 0x00007fffdd221000 	C:\Windows\System32\ucrtbase.dll
0x00007fff68600000 - 0x00007fff6861e000 	C:\Program Files\Eclipse Adoptium\jdk-17.0.18.8-hotspot\bin\VCRUNTIME140.dll
0x00007fff685e0000 - 0x00007fff685f8000 	C:\Program Files\Eclipse Adoptium\jdk-17.0.18.8-hotspot\bin\jli.dll
0x00007fffdf3d0000 - 0x00007fffdf582000 	C:\Windows\System32\USER32.dll
0x00007fffc5e10000 - 0x00007fffc60ac000 	C:\Windows\WinSxS\amd64_microsoft.windows.common-controls_6595b64144ccf1df_6.0.22621.6060_none_2712eda17382d24b\COMCTL32.dll
0x00007fffdc7e0000 - 0x00007fffdc806000 	C:\Windows\System32\win32u.dll
0x00007fffdebc0000 - 0x00007fffdec67000 	C:\Windows\System32\msvcrt.dll
0x00007fffde900000 - 0x00007fffde929000 	C:\Windows\System32\GDI32.dll
0x00007fffdca00000 - 0x00007fffdcb1b000 	C:\Windows\System32\gdi32full.dll
0x00007fffdd070000 - 0x00007fffdd10a000 	C:\Windows\System32\msvcp_win.dll
0x00007fffdf590000 - 0x00007fffdf5c1000 	C:\Windows\System32\IMM32.DLL
0x00007fff97f80000 - 0x00007fff97f8c000 	C:\Program Files\Eclipse Adoptium\jdk-17.0.18.8-hotspot\bin\vcruntime140_1.dll
0x00007ffeb7780000 - 0x00007ffeb780d000 	C:\Program Files\Eclipse Adoptium\jdk-17.0.18.8-hotspot\bin\msvcp140.dll
0x00007ffeafdf0000 - 0x00007ffeb0a5b000 	C:\Program Files\Eclipse Adoptium\jdk-17.0.18.8-hotspot\bin\server\jvm.dll
0x00007fffde5e0000 - 0x00007fffde691000 	C:\Windows\System32\ADVAPI32.dll
0x00007fffde2a0000 - 0x00007fffde348000 	C:\Windows\System32\sechost.dll
0x00007fffdc810000 - 0x00007fffdc838000 	C:\Windows\System32\bcrypt.dll
0x00007fffdf230000 - 0x00007fffdf348000 	C:\Windows\System32\RPCRT4.dll
0x00007fffde560000 - 0x00007fffde5d1000 	C:\Windows\System32\WS2_32.dll
0x00007fffdc5f0000 - 0x00007fffdc63d000 	C:\Windows\SYSTEM32\POWRPROF.dll
0x00007fffd78a0000 - 0x00007fffd78d4000 	C:\Windows\SYSTEM32\WINMM.dll
0x00007fffd8960000 - 0x00007fffd896a000 	C:\Windows\SYSTEM32\VERSION.dll
0x00007fffdc5d0000 - 0x00007fffdc5e3000 	C:\Windows\SYSTEM32\UMPDC.dll
0x00007fffdb6c0000 - 0x00007fffdb6d8000 	C:\Windows\SYSTEM32\kernel.appcore.dll
0x00007fff976b0000 - 0x00007fff976ba000 	C:\Program Files\Eclipse Adoptium\jdk-17.0.18.8-hotspot\bin\jimage.dll
0x00007fffda030000 - 0x00007fffda263000 	C:\Windows\SYSTEM32\DBGHELP.DLL
0x00007fffded50000 - 0x00007fffdf0e1000 	C:\Windows\System32\combase.dll
0x00007fffdec70000 - 0x00007fffded48000 	C:\Windows\System32\OLEAUT32.dll
0x00007fffc6a50000 - 0x00007fffc6a82000 	C:\Windows\SYSTEM32\dbgcore.DLL
0x00007fffdc840000 - 0x00007fffdc8bb000 	C:\Windows\System32\bcryptPrimitives.dll
0x00007fff94ce0000 - 0x00007fff94cee000 	C:\Program Files\Eclipse Adoptium\jdk-17.0.18.8-hotspot\bin\instrument.dll
0x00007fff5ca40000 - 0x00007fff5ca65000 	C:\Program Files\Eclipse Adoptium\jdk-17.0.18.8-hotspot\bin\java.dll
0x00007ffeafd10000 - 0x00007ffeafde7000 	C:\Program Files\Eclipse Adoptium\jdk-17.0.18.8-hotspot\bin\jsvml.dll
0x00007fffdd9d0000 - 0x00007fffde26c000 	C:\Windows\System32\SHELL32.dll
0x00007fffdc8c0000 - 0x00007fffdc9ff000 	C:\Windows\System32\wintypes.dll
0x00007fffda5d0000 - 0x00007fffdaeea000 	C:\Windows\SYSTEM32\windows.storage.dll
0x00007fffde750000 - 0x00007fffde854000 	C:\Windows\System32\SHCORE.dll
0x00007fffdd960000 - 0x00007fffdd9c9000 	C:\Windows\System32\shlwapi.dll
0x00007fffdc650000 - 0x00007fffdc675000 	C:\Windows\SYSTEM32\profapi.dll
0x00007fff393d0000 - 0x00007fff393e8000 	C:\Program Files\Eclipse Adoptium\jdk-17.0.18.8-hotspot\bin\zip.dll
0x00007fff393b0000 - 0x00007fff393ca000 	C:\Program Files\Eclipse Adoptium\jdk-17.0.18.8-hotspot\bin\net.dll
0x00007fffd7c90000 - 0x00007fffd7dbc000 	C:\Windows\SYSTEM32\WINHTTP.dll
0x00007fffdbb80000 - 0x00007fffdbbe9000 	C:\Windows\system32\mswsock.dll
0x00007fff38000000 - 0x00007fff38016000 	C:\Program Files\Eclipse Adoptium\jdk-17.0.18.8-hotspot\bin\nio.dll
0x00007fff8d8c0000 - 0x00007fff8d8d0000 	C:\Program Files\Eclipse Adoptium\jdk-17.0.18.8-hotspot\bin\verify.dll
0x00007fffb8ee0000 - 0x00007fffb8f07000 	C:\Users\Administrator\.gradle\native\1def1411415f61bf3af743bc5b6707747c0891f09f0c88961ee8f79bc544acac\windows-amd64\native-platform.dll
0x00007ffeb1690000 - 0x00007ffeb1708000 	C:\Users\Administrator\.gradle\native\0.2.7\x86_64-windows-gnu\gradle-fileevents.dll
0x00007fff8bd90000 - 0x00007fff8bd9a000 	C:\Program Files\Eclipse Adoptium\jdk-17.0.18.8-hotspot\bin\management.dll
0x00007fff89e60000 - 0x00007fff89e6c000 	C:\Program Files\Eclipse Adoptium\jdk-17.0.18.8-hotspot\bin\management_ext.dll
0x00007fffde270000 - 0x00007fffde278000 	C:\Windows\System32\PSAPI.DLL
0x00007fffdb150000 - 0x00007fffdb17d000 	C:\Windows\SYSTEM32\IPHLPAPI.DLL
0x00007fffde860000 - 0x00007fffde869000 	C:\Windows\System32\NSI.dll
0x00007fffd6910000 - 0x00007fffd6929000 	C:\Windows\SYSTEM32\dhcpcsvc6.DLL
0x00007fffd67d0000 - 0x00007fffd67ef000 	C:\Windows\SYSTEM32\dhcpcsvc.DLL
0x00007fffdb1c0000 - 0x00007fffdb2b8000 	C:\Windows\SYSTEM32\DNSAPI.dll
0x00007fff89ba0000 - 0x00007fff89ba9000 	C:\Program Files\Eclipse Adoptium\jdk-17.0.18.8-hotspot\bin\extnet.dll
0x00007fffdbed0000 - 0x00007fffdbeeb000 	C:\Windows\SYSTEM32\CRYPTSP.dll
0x00007fffdb620000 - 0x00007fffdb657000 	C:\Windows\system32\rsaenh.dll
0x00007fffdbc20000 - 0x00007fffdbc48000 	C:\Windows\SYSTEM32\USERENV.dll
0x00007fffdbeb0000 - 0x00007fffdbebc000 	C:\Windows\SYSTEM32\CRYPTBASE.dll
0x00007fff88ff0000 - 0x00007fff88ffe000 	C:\Program Files\Eclipse Adoptium\jdk-17.0.18.8-hotspot\bin\sunmscapi.dll
0x00007fffdcf00000 - 0x00007fffdd068000 	C:\Windows\System32\CRYPT32.dll
0x00007fffdbfd0000 - 0x00007fffdbffe000 	C:\Windows\SYSTEM32\ncrypt.dll
0x00007fffdbf90000 - 0x00007fffdbfc7000 	C:\Windows\SYSTEM32\NTASN1.dll
0x00007fff9a140000 - 0x00007fff9a148000 	C:\Windows\system32\wshunix.dll
0x00007fff71fe0000 - 0x00007fff71ff7000 	C:\Windows\system32\napinsp.dll
0x00007fff73070000 - 0x00007fff7308b000 	C:\Windows\system32\pnrpnsp.dll
0x00007fff71710000 - 0x00007fff71721000 	C:\Windows\System32\winrnr.dll
0x00007fff99930000 - 0x00007fff99945000 	C:\Windows\system32\wshbth.dll
0x00007fff6fc60000 - 0x00007fff6fc81000 	C:\Windows\system32\nlansp_c.dll
0x00007fffc7a10000 - 0x00007fffc7a1a000 	C:\Windows\System32\rasadhlp.dll
0x00007fffd6060000 - 0x00007fffd60e4000 	C:\Windows\System32\fwpuclnt.dll

dbghelp: loaded successfully - version: 4.0.5 - missing functions: none
symbol engine: initialized successfully - sym options: 0x614 - pdb path: .;C:\Program Files\Eclipse Adoptium\jdk-17.0.18.8-hotspot\bin;C:\Windows\SYSTEM32;C:\Windows\WinSxS\amd64_microsoft.windows.common-controls_6595b64144ccf1df_6.0.22621.6060_none_2712eda17382d24b;C:\Program Files\Eclipse Adoptium\jdk-17.0.18.8-hotspot\bin\server;C:\Users\Administrator\.gradle\native\1def1411415f61bf3af743bc5b6707747c0891f09f0c88961ee8f79bc544acac\windows-amd64;C:\Users\Administrator\.gradle\native\0.2.7\x86_64-windows-gnu

VM Arguments:
jvm_args: --add-opens=java.base/java.lang=ALL-UNNAMED --add-opens=java.base/java.lang.invoke=ALL-UNNAMED --add-opens=java.base/java.util=ALL-UNNAMED --add-opens=java.prefs/java.util.prefs=ALL-UNNAMED --add-exports=jdk.compiler/com.sun.tools.javac.api=ALL-UNNAMED --add-exports=jdk.compiler/com.sun.tools.javac.util=ALL-UNNAMED --add-opens=java.base/java.util=ALL-UNNAMED --add-opens=java.prefs/java.util.prefs=ALL-UNNAMED --add-opens=java.base/java.nio.charset=ALL-UNNAMED --add-opens=java.base/java.net=ALL-UNNAMED --add-opens=java.base/java.util.concurrent.atomic=ALL-UNNAMED --add-opens=java.xml/javax.xml.namespace=ALL-UNNAMED -Xmx2048m -Dfile.encoding=UTF-8 -Duser.country=US -Duser.language=en -Duser.variant -javaagent:C:\Users\Administrator\.gradle\wrapper\dists\gradle-8.13-bin\5xuhj0ry160q40clulazy9h7d\gradle-8.13\lib\agents\gradle-instrumentation-agent-8.13.jar 
java_command: org.gradle.launcher.daemon.bootstrap.GradleDaemon 8.13
java_class_path (initial): C:\Users\Administrator\.gradle\wrapper\dists\gradle-8.13-bin\5xuhj0ry160q40clulazy9h7d\gradle-8.13\lib\gradle-daemon-main-8.13.jar
Launcher Type: SUN_STANDARD

[Global flags]
     intx CICompilerCount                          = 4                                         {product} {ergonomic}
     uint ConcGCThreads                            = 2                                         {product} {ergonomic}
     uint G1ConcRefinementThreads                  = 8                                         {product} {ergonomic}
   size_t G1HeapRegionSize                         = 1048576                                   {product} {ergonomic}
    uintx GCDrainStackTargetSize                   = 64                                        {product} {ergonomic}
   size_t InitialHeapSize                          = 134217728                                 {product} {ergonomic}
   size_t MarkStackSize                            = 4194304                                   {product} {ergonomic}
   size_t MaxHeapSize                              = 2147483648                                {product} {command line}
   size_t MaxNewSize                               = 1287651328                                {product} {ergonomic}
   size_t MinHeapDeltaBytes                        = 1048576                                   {product} {ergonomic}
   size_t MinHeapSize                              = 8388608                                   {product} {ergonomic}
    uintx NonNMethodCodeHeapSize                   = 5839372                                {pd product} {ergonomic}
    uintx NonProfiledCodeHeapSize                  = 122909434                              {pd product} {ergonomic}
    uintx ProfiledCodeHeapSize                     = 122909434                              {pd product} {ergonomic}
    uintx ReservedCodeCacheSize                    = 251658240                              {pd product} {ergonomic}
     bool SegmentedCodeCache                       = true                                      {product} {ergonomic}
   size_t SoftMaxHeapSize                          = 2147483648                             {manageable} {ergonomic}
     bool UseCompressedClassPointers               = true                           {product lp64_product} {ergonomic}
     bool UseCompressedOops                        = true                           {product lp64_product} {ergonomic}
     bool UseG1GC                                  = true                                      {product} {ergonomic}
     bool UseLargePagesIndividualAllocation        = false                                  {pd product} {ergonomic}

Logging:
Log output configuration:
 #0: stdout all=warning uptime,level,tags
 #1: stderr all=off uptime,level,tags

Environment Variables:
JAVA_HOME=C:\Program Files\Eclipse Adoptium\jdk-17.0.18.8-hotspot
PATH=C:\Program Files\Eclipse Adoptium\jdk-11.0.30.7-hotspot\bin;C:\Program Files\Eclipse Adoptium\jdk-17.0.18.8-hotspot\bin;C:\Program Files\Microsoft MPI\Bin\;C:\Windows\system32;C:\Windows;C:\Windows\System32\Wbem;C:\Windows\System32\WindowsPowerShell\v1.0\;C:\Windows\System32\OpenSSH\;C:\Program Files\Git\cmd;C:\Program Files (x86)\Microsoft SQL Server\160\DTS\Binn\;C:\Program Files (x86)\Microsoft SQL Server\150\Tools\Binn\;C:\Program Files\Microsoft SQL Server\150\Tools\Binn\;C:\Program Files (x86)\Microsoft SQL Server\150\DTS\Binn\;C:\Program Files\Microsoft SQL Server\150\DTS\Binn\;C:\Program Files\Microsoft SQL Server\Client SDK\ODBC\170\Tools\Binn\;C:\Program Files\Microsoft SQL Server\170\Tools\Binn\;C:\Program Files\dotnet\;C:\Users\Administrator\AppData\Local\Microsoft\WindowsApps;;C:\Users\Administrator\AppData\Local\Programs\Microsoft VS Code\bin;C:\Users\Administrator\AppData\Local\Python\bin;C:\Users\Administrator\.dotnet\tools
USERNAME=Administrator
OS=Windows_NT
PROCESSOR_IDENTIFIER=Intel64 Family 6 Model 142 Stepping 12, GenuineIntel
TMP=C:\Users\ADMINI~1\AppData\Local\Temp
TEMP=C:\Users\ADMINI~1\AppData\Local\Temp



Periodic native trim disabled


---------------  S Y S T E M  ---------------

OS:
 Windows 11 , 64 bit Build 22621 (10.0.22621.5415)
OS uptime: 1 days 12:07 hours
Hyper-V role detected

CPU: total 8 (initial active 8) (4 cores per cpu, 2 threads per core) family 6 model 142 stepping 12 microcode 0xfa, cx8, cmov, fxsr, ht, mmx, 3dnowpref, sse, sse2, sse3, ssse3, sse4.1, sse4.2, popcnt, lzcnt, tsc, tscinvbit, avx, avx2, aes, erms, clmul, bmi1, bmi2, adx, fma, vzeroupper, clflush, clflushopt, hv
Processor Information for all 8 processors :
  Max Mhz: 1800, Current Mhz: 1600, Mhz Limit: 1584

Memory: 4k page, system-wide physical 8070M (368M free)
TotalPageFile size 16262M (AvailPageFile size 11M)
current process WorkingSet (physical memory assigned to process): 472M, peak: 486M
current process commit charge ("private bytes"): 515M, peak: 528M

vm_info: OpenJDK 64-Bit Server VM (17.0.18+8) for windows-amd64 JRE (17.0.18+8), built on Jan 20 2026 22:28:22 by "admin" with MS VC++ 17.12 (VS2022)

END.
