#
# There is insufficient memory for the Java Runtime Environment to continue.
# Native memory allocation (mmap) failed to map 193986560 bytes. Error detail: G1 virtual space
# Possible reasons:
#   The system is out of physical RAM or swap space
#   This process is running with CompressedOops enabled, and the Java Heap may be blocking the growth of the native heap
# Possible solutions:
#   Reduce memory load on the system
#   Increase physical memory or swap space
#   Check if swap backing store is full
#   Decrease Java heap size (-Xmx/-Xms)
#   Decrease number of Java threads
#   Decrease Java thread stack sizes (-Xss)
#   Set larger code cache with -XX:ReservedCodeCacheSize=
#   JVM is running with Unscaled Compressed Oops mode in which the Java heap is
#     placed in the first 4GB address space. The Java Heap base address is the
#     maximum limit for the native heap growth. Please use -XX:HeapBaseMinAddress
#     to set the Java Heap base and to place the Java Heap above 4GB virtual address.
# This output file may be truncated or incomplete.
#
#  Out of Memory Error (os_windows.cpp:3618), pid=9784, tid=17980
#
# JRE version: OpenJDK Runtime Environment Temurin-17.0.18+8 (17.0.18+8) (build 17.0.18+8)
# Java VM: OpenJDK 64-Bit Server VM Temurin-17.0.18+8 (17.0.18+8, mixed mode, sharing, tiered, compressed oops, compressed class ptrs, g1 gc, windows-amd64)
# No core dump will be written. Minidumps are not enabled by default on client versions of Windows
#

---------------  S U M M A R Y ------------

Command Line: --add-opens=java.base/java.lang=ALL-UNNAMED --add-opens=java.base/java.lang.invoke=ALL-UNNAMED --add-opens=java.base/java.util=ALL-UNNAMED --add-opens=java.prefs/java.util.prefs=ALL-UNNAMED --add-exports=jdk.compiler/com.sun.tools.javac.api=ALL-UNNAMED --add-exports=jdk.compiler/com.sun.tools.javac.util=ALL-UNNAMED --add-opens=java.base/java.util=ALL-UNNAMED --add-opens=java.prefs/java.util.prefs=ALL-UNNAMED --add-opens=java.base/java.nio.charset=ALL-UNNAMED --add-opens=java.base/java.net=ALL-UNNAMED --add-opens=java.base/java.util.concurrent.atomic=ALL-UNNAMED --add-opens=java.xml/javax.xml.namespace=ALL-UNNAMED --add-opens=java.base/java.lang=ALL-UNNAMED --add-opens=java.base/java.lang.reflect=ALL-UNNAMED --add-opens=java.base/java.util=ALL-UNNAMED --add-opens=jdk.compiler/com.sun.tools.javac.api=ALL-UNNAMED --add-opens=jdk.compiler/com.sun.tools.javac.code=ALL-UNNAMED --add-opens=jdk.compiler/com.sun.tools.javac.comp=ALL-UNNAMED --add-opens=jdk.compiler/com.sun.tools.javac.file=ALL-UNNAMED --add-opens=jdk.compiler/com.sun.tools.javac.main=ALL-UNNAMED --add-opens=jdk.compiler/com.sun.tools.javac.model=ALL-UNNAMED --add-opens=jdk.compiler/com.sun.tools.javac.parser=ALL-UNNAMED --add-opens=jdk.compiler/com.sun.tools.javac.processing=ALL-UNNAMED --add-opens=jdk.compiler/com.sun.tools.javac.tree=ALL-UNNAMED --add-opens=jdk.compiler/com.sun.tools.javac.util=ALL-UNNAMED -Xmx2048m -Dfile.encoding=UTF-8 -Duser.country=US -Duser.language=en -Duser.variant -javaagent:C:\Users\Administrator\.gradle\wrapper\dists\gradle-8.13-bin\5xuhj0ry160q40clulazy9h7d\gradle-8.13\lib\agents\gradle-instrumentation-agent-8.13.jar org.gradle.launcher.daemon.bootstrap.GradleDaemon 8.13

Host: Intel(R) Core(TM) i5-8265U CPU @ 1.60GHz, 8 cores, 7G,  Windows 11 , 64 bit Build 22621 (10.0.22621.5415)
Time: Mon Mar 23 11:43:31 2026 Taipei Standard Time elapsed time: 15.004921 seconds (0d 0h 0m 15s)

---------------  T H R E A D  ---------------

Current thread (0x00000179a43227b0):  VMThread "VM Thread" [stack: 0x000000315d200000,0x000000315d300000] [id=17980]

Stack: [0x000000315d200000,0x000000315d300000]
Native frames: (J=compiled Java code, j=interpreted, Vv=VM code, C=native code)
V  [jvm.dll+0x6846f9]
V  [jvm.dll+0x839ea5]
V  [jvm.dll+0x83b91e]
V  [jvm.dll+0x83bfa3]
V  [jvm.dll+0x248eff]
V  [jvm.dll+0x6814b9]
V  [jvm.dll+0x6762ba]
V  [jvm.dll+0x309257]
V  [jvm.dll+0x310826]
V  [jvm.dll+0x360d9e]
V  [jvm.dll+0x360fdd]
V  [jvm.dll+0x2e02dc]
V  [jvm.dll+0x2de6b2]
V  [jvm.dll+0x2dde4c]
V  [jvm.dll+0x320aeb]
V  [jvm.dll+0x8407bd]
V  [jvm.dll+0x8414f3]
V  [jvm.dll+0x841a1f]
V  [jvm.dll+0x841e05]
V  [jvm.dll+0x841ece]
V  [jvm.dll+0x7eaaec]
V  [jvm.dll+0x6835c7]
C  [ucrtbase.dll+0x29333]
C  [KERNEL32.DLL+0x1259d]
C  [ntdll.dll+0x5af78]

VM_Operation (0x000000315f0fdf10): G1CollectForAllocation, mode: safepoint, requested by thread 0x00000179ebd4b070


---------------  P R O C E S S  ---------------

Threads class SMR info:
_java_thread_list=0x00000179ea61d110, length=81, elements={
0x0000017985e7e440, 0x00000179a4327900, 0x00000179a4329540, 0x00000179a433b640,
0x00000179a433bf10, 0x00000179a433c9e0, 0x00000179a433d4b0, 0x00000179a4340170,
0x00000179a4342b40, 0x00000179a434b460, 0x00000179a455cdc0, 0x00000179a455b980,
0x00000179a455e200, 0x00000179a455b470, 0x00000179a455c3a0, 0x00000179a455be90,
0x00000179a455d2d0, 0x00000179a455c8b0, 0x00000179a455d7e0, 0x00000179a455dcf0,
0x00000179a455ec20, 0x00000179ebd4d3e0, 0x00000179ebd46ea0, 0x00000179ebd48d00,
0x00000179ebd4b070, 0x00000179ebfb2430, 0x00000179ebd4c9c0, 0x00000179ebd473b0,
0x00000179ebd4ced0, 0x00000179ebd49c30, 0x00000179ebd45f70, 0x00000179ebd4ba90,
0x00000179ebd49720, 0x00000179ebd4c4b0, 0x00000179ebd478c0, 0x00000179ebd4bfa0,
0x00000179ebd4a140, 0x00000179ebd49210, 0x00000179ebd4d8f0, 0x00000179ebd46480,
0x00000179ebd46990, 0x00000179ebd4a650, 0x00000179ebd47dd0, 0x00000179ebd4b580,
0x00000179ecf7a960, 0x00000179ecf7f040, 0x00000179ecf7ccd0, 0x00000179ecf7d1e0,
0x00000179ecf79a30, 0x00000179ecf7b890, 0x00000179ecf7f550, 0x00000179ecf7c2b0,
0x00000179ecf7dc00, 0x00000179ecf79f40, 0x00000179ecf780e0, 0x00000179ecf7eb30,
0x00000179ecf785f0, 0x00000179ecf7a450, 0x00000179ecf78b00, 0x00000179ecf7c7c0,
0x00000179ecf7e110, 0x00000179ecf7b380, 0x00000179ecf7fa60, 0x00000179ecf7bda0,
0x00000179ecf7e620, 0x00000179ecf79010, 0x00000179ecf79520, 0x00000179ecf7ae70,
0x00000179ec3f36f0, 0x00000179ec3f31e0, 0x00000179ec3f3c00, 0x00000179ec3f4110,
0x00000179ec3f4620, 0x00000179ec3f2cd0, 0x00000179edbd6da0, 0x00000179eb2cffa0,
0x00000179eb2d29d0, 0x00000179eb2d1080, 0x00000179eb2d1aa0, 0x00000179eb2d1590,
0x00000179eb2d24c0
}

Java Threads: ( => current thread )
  0x0000017985e7e440 JavaThread "main" [_thread_blocked, id=2180, stack(0x000000315cc00000,0x000000315cd00000)]
  0x00000179a4327900 JavaThread "Reference Handler" daemon [_thread_blocked, id=4648, stack(0x000000315d300000,0x000000315d400000)]
  0x00000179a4329540 JavaThread "Finalizer" daemon [_thread_blocked, id=17136, stack(0x000000315d400000,0x000000315d500000)]
  0x00000179a433b640 JavaThread "Signal Dispatcher" daemon [_thread_blocked, id=7724, stack(0x000000315d500000,0x000000315d600000)]
  0x00000179a433bf10 JavaThread "Attach Listener" daemon [_thread_blocked, id=13444, stack(0x000000315d600000,0x000000315d700000)]
  0x00000179a433c9e0 JavaThread "Service Thread" daemon [_thread_blocked, id=14656, stack(0x000000315d700000,0x000000315d800000)]
  0x00000179a433d4b0 JavaThread "Monitor Deflation Thread" daemon [_thread_blocked, id=13208, stack(0x000000315d800000,0x000000315d900000)]
  0x00000179a4340170 JavaThread "C2 CompilerThread0" daemon [_thread_blocked, id=18148, stack(0x000000315d900000,0x000000315da00000)]
  0x00000179a4342b40 JavaThread "C1 CompilerThread0" daemon [_thread_blocked, id=12584, stack(0x000000315da00000,0x000000315db00000)]
  0x00000179a434b460 JavaThread "Sweeper thread" daemon [_thread_blocked, id=14800, stack(0x000000315db00000,0x000000315dc00000)]
  0x00000179a455cdc0 JavaThread "Common-Cleaner" daemon [_thread_blocked, id=4040, stack(0x000000315dc00000,0x000000315dd00000)]
  0x00000179a455b980 JavaThread "Notification Thread" daemon [_thread_blocked, id=13792, stack(0x000000315dd00000,0x000000315de00000)]
  0x00000179a455e200 JavaThread "Daemon health stats" [_thread_blocked, id=17748, stack(0x000000315e000000,0x000000315e100000)]
  0x00000179a455b470 JavaThread "Incoming local TCP Connector on port 64423" [_thread_in_native, id=3532, stack(0x000000315e600000,0x000000315e700000)]
  0x00000179a455c3a0 JavaThread "Daemon periodic checks" [_thread_blocked, id=7768, stack(0x000000315e700000,0x000000315e800000)]
  0x00000179a455be90 JavaThread "Daemon" [_thread_blocked, id=4064, stack(0x000000315e800000,0x000000315e900000)]
  0x00000179a455d2d0 JavaThread "Handler for socket connection from /127.0.0.1:64423 to /127.0.0.1:64424" [_thread_in_native, id=16996, stack(0x000000315e900000,0x000000315ea00000)]
  0x00000179a455c8b0 JavaThread "Cancel handler" [_thread_blocked, id=2292, stack(0x000000315df00000,0x000000315e000000)]
  0x00000179a455d7e0 JavaThread "Daemon worker" [_thread_blocked, id=7916, stack(0x000000315ea00000,0x000000315eb00000)]
  0x00000179a455dcf0 JavaThread "Asynchronous log dispatcher for DefaultDaemonConnection: socket connection from /127.0.0.1:64423 to /127.0.0.1:64424" [_thread_blocked, id=18212, stack(0x000000315eb00000,0x000000315ec00000)]
  0x00000179a455ec20 JavaThread "Stdin handler" [_thread_blocked, id=16032, stack(0x000000315ec00000,0x000000315ed00000)]
  0x00000179ebd4d3e0 JavaThread "Daemon client event forwarder" [_thread_blocked, id=884, stack(0x000000315ed00000,0x000000315ee00000)]
  0x00000179ebd46ea0 JavaThread "Cache worker for journal cache (C:\Users\Administrator\.gradle\caches\journal-1)" [_thread_blocked, id=15620, stack(0x000000315ee00000,0x000000315ef00000)]
  0x00000179ebd48d00 JavaThread "File lock request listener" [_thread_in_native, id=16000, stack(0x000000315ef00000,0x000000315f000000)]
  0x00000179ebd4b070 JavaThread "Cache worker for file hash cache (C:\Users\Administrator\.gradle\caches\8.13\fileHashes)" [_thread_blocked, id=1788, stack(0x000000315f000000,0x000000315f100000)]
  0x00000179ebfb2430 JavaThread "C2 CompilerThread1" daemon [_thread_blocked, id=15924, stack(0x000000315f100000,0x000000315f200000)]
  0x00000179ebd4c9c0 JavaThread "Cache worker for file hash cache (C:\Users\Administrator\StudioProjects\FlexiFitApp_Initial\.gradle\8.13\fileHashes)" [_thread_blocked, id=17792, stack(0x000000315f500000,0x000000315f600000)]
  0x00000179ebd473b0 JavaThread "Cache worker for Build Output Cleanup Cache (C:\Users\Administrator\StudioProjects\FlexiFitApp_Initial\.gradle\buildOutputCleanup)" [_thread_blocked, id=8648, stack(0x000000315f600000,0x000000315f700000)]
  0x00000179ebd4ced0 JavaThread "File watcher server" daemon [_thread_in_native, id=18264, stack(0x000000315f800000,0x000000315f900000)]
  0x00000179ebd49c30 JavaThread "File watcher consumer" daemon [_thread_blocked, id=15712, stack(0x000000315f900000,0x000000315fa00000)]
  0x00000179ebd45f70 JavaThread "jar transforms" [_thread_blocked, id=17620, stack(0x000000315fa00000,0x000000315fb00000)]
  0x00000179ebd4ba90 JavaThread "jar transforms Thread 2" [_thread_blocked, id=12600, stack(0x000000315fb00000,0x000000315fc00000)]
  0x00000179ebd49720 JavaThread "jar transforms Thread 3" [_thread_blocked, id=6468, stack(0x000000315fc00000,0x000000315fd00000)]
  0x00000179ebd4c4b0 JavaThread "jar transforms Thread 4" [_thread_blocked, id=5560, stack(0x000000315fd00000,0x000000315fe00000)]
  0x00000179ebd478c0 JavaThread "jar transforms Thread 5" [_thread_blocked, id=8024, stack(0x000000315fe00000,0x000000315ff00000)]
  0x00000179ebd4bfa0 JavaThread "jar transforms Thread 6" [_thread_blocked, id=16328, stack(0x000000315ff00000,0x0000003160000000)]
  0x00000179ebd4a140 JavaThread "jar transforms Thread 7" [_thread_blocked, id=16928, stack(0x0000003160000000,0x0000003160100000)]
  0x00000179ebd49210 JavaThread "jar transforms Thread 8" [_thread_blocked, id=12220, stack(0x0000003160100000,0x0000003160200000)]
  0x00000179ebd4d8f0 JavaThread "Cache worker for checksums cache (C:\Users\Administrator\StudioProjects\FlexiFitApp_Initial\.gradle\8.13\checksums)" [_thread_blocked, id=15932, stack(0x0000003160200000,0x0000003160300000)]
  0x00000179ebd46480 JavaThread "Cache worker for file content cache (C:\Users\Administrator\.gradle\caches\8.13\fileContent)" [_thread_blocked, id=18172, stack(0x0000003160300000,0x0000003160400000)]
  0x00000179ebd46990 JavaThread "Cache worker for cache directory md-supplier (C:\Users\Administrator\.gradle\caches\8.13\md-supplier)" [_thread_blocked, id=16392, stack(0x0000003160400000,0x0000003160500000)]
  0x00000179ebd4a650 JavaThread "Cache worker for cache directory md-rule (C:\Users\Administrator\.gradle\caches\8.13\md-rule)" [_thread_blocked, id=4292, stack(0x0000003160500000,0x0000003160600000)]
  0x00000179ebd47dd0 JavaThread "Unconstrained build operations" [_thread_blocked, id=6036, stack(0x0000003160600000,0x0000003160700000)]
  0x00000179ebd4b580 JavaThread "Unconstrained build operations Thread 2" [_thread_blocked, id=14452, stack(0x0000003160700000,0x0000003160800000)]
  0x00000179ecf7a960 JavaThread "Unconstrained build operations Thread 3" [_thread_blocked, id=8176, stack(0x0000003160800000,0x0000003160900000)]
  0x00000179ecf7f040 JavaThread "Unconstrained build operations Thread 4" [_thread_blocked, id=5760, stack(0x0000003160900000,0x0000003160a00000)]
  0x00000179ecf7ccd0 JavaThread "Unconstrained build operations Thread 5" [_thread_blocked, id=8284, stack(0x0000003160a00000,0x0000003160b00000)]
  0x00000179ecf7d1e0 JavaThread "Unconstrained build operations Thread 6" [_thread_blocked, id=16492, stack(0x0000003160b00000,0x0000003160c00000)]
  0x00000179ecf79a30 JavaThread "Unconstrained build operations Thread 7" [_thread_blocked, id=17008, stack(0x0000003160c00000,0x0000003160d00000)]
  0x00000179ecf7b890 JavaThread "Unconstrained build operations Thread 8" [_thread_blocked, id=16776, stack(0x0000003160d00000,0x0000003160e00000)]
  0x00000179ecf7f550 JavaThread "Unconstrained build operations Thread 9" [_thread_blocked, id=14932, stack(0x0000003160e00000,0x0000003160f00000)]
  0x00000179ecf7c2b0 JavaThread "Unconstrained build operations Thread 10" [_thread_blocked, id=4772, stack(0x0000003160f00000,0x0000003161000000)]
  0x00000179ecf7dc00 JavaThread "Unconstrained build operations Thread 11" [_thread_blocked, id=10136, stack(0x0000003161000000,0x0000003161100000)]
  0x00000179ecf79f40 JavaThread "Unconstrained build operations Thread 12" [_thread_blocked, id=12400, stack(0x0000003161100000,0x0000003161200000)]
  0x00000179ecf780e0 JavaThread "Unconstrained build operations Thread 13" [_thread_blocked, id=15444, stack(0x0000003161200000,0x0000003161300000)]
  0x00000179ecf7eb30 JavaThread "Unconstrained build operations Thread 14" [_thread_blocked, id=5716, stack(0x0000003161300000,0x0000003161400000)]
  0x00000179ecf785f0 JavaThread "Unconstrained build operations Thread 15" [_thread_blocked, id=16376, stack(0x0000003161400000,0x0000003161500000)]
  0x00000179ecf7a450 JavaThread "Unconstrained build operations Thread 16" [_thread_blocked, id=15912, stack(0x0000003161500000,0x0000003161600000)]
  0x00000179ecf78b00 JavaThread "Unconstrained build operations Thread 17" [_thread_blocked, id=18428, stack(0x0000003161600000,0x0000003161700000)]
  0x00000179ecf7c7c0 JavaThread "Unconstrained build operations Thread 18" [_thread_blocked, id=13468, stack(0x0000003161700000,0x0000003161800000)]
  0x00000179ecf7e110 JavaThread "Unconstrained build operations Thread 19" [_thread_blocked, id=288, stack(0x0000003161800000,0x0000003161900000)]
  0x00000179ecf7b380 JavaThread "Unconstrained build operations Thread 20" [_thread_blocked, id=18348, stack(0x0000003161900000,0x0000003161a00000)]
  0x00000179ecf7fa60 JavaThread "Unconstrained build operations Thread 21" [_thread_blocked, id=15564, stack(0x0000003161a00000,0x0000003161b00000)]
  0x00000179ecf7bda0 JavaThread "Unconstrained build operations Thread 22" [_thread_blocked, id=10484, stack(0x0000003161b00000,0x0000003161c00000)]
  0x00000179ecf7e620 JavaThread "Unconstrained build operations Thread 23" [_thread_blocked, id=17908, stack(0x0000003161c00000,0x0000003161d00000)]
  0x00000179ecf79010 JavaThread "Unconstrained build operations Thread 24" [_thread_blocked, id=17780, stack(0x0000003161d00000,0x0000003161e00000)]
  0x00000179ecf79520 JavaThread "Unconstrained build operations Thread 25" [_thread_blocked, id=5964, stack(0x0000003161e00000,0x0000003161f00000)]
  0x00000179ecf7ae70 JavaThread "Unconstrained build operations Thread 26" [_thread_blocked, id=10008, stack(0x0000003161f00000,0x0000003162000000)]
  0x00000179ec3f36f0 JavaThread "Unconstrained build operations Thread 27" [_thread_blocked, id=8340, stack(0x0000003162000000,0x0000003162100000)]
  0x00000179ec3f31e0 JavaThread "Unconstrained build operations Thread 28" [_thread_blocked, id=17872, stack(0x0000003162100000,0x0000003162200000)]
  0x00000179ec3f3c00 JavaThread "Unconstrained build operations Thread 29" [_thread_blocked, id=15252, stack(0x0000003162200000,0x0000003162300000)]
  0x00000179ec3f4110 JavaThread "Unconstrained build operations Thread 30" [_thread_blocked, id=14396, stack(0x0000003162300000,0x0000003162400000)]
  0x00000179ec3f4620 JavaThread "Unconstrained build operations Thread 31" [_thread_blocked, id=11252, stack(0x0000003162400000,0x0000003162500000)]
  0x00000179ec3f2cd0 JavaThread "Unconstrained build operations Thread 32" [_thread_blocked, id=3284, stack(0x0000003162500000,0x0000003162600000)]
  0x00000179edbd6da0 JavaThread "Unconstrained build operations Thread 33" [_thread_blocked, id=356, stack(0x0000003162600000,0x0000003162700000)]
  0x00000179eb2cffa0 JavaThread "Unconstrained build operations Thread 34" [_thread_blocked, id=4636, stack(0x0000003162700000,0x0000003162800000)]
  0x00000179eb2d29d0 JavaThread "Unconstrained build operations Thread 35" [_thread_blocked, id=7548, stack(0x0000003162800000,0x0000003162900000)]
  0x00000179eb2d1080 JavaThread "Unconstrained build operations Thread 36" [_thread_blocked, id=17592, stack(0x0000003162900000,0x0000003162a00000)]
  0x00000179eb2d1aa0 JavaThread "Unconstrained build operations Thread 37" [_thread_blocked, id=12720, stack(0x0000003162a00000,0x0000003162b00000)]
  0x00000179eb2d1590 JavaThread "Unconstrained build operations Thread 38" [_thread_blocked, id=13448, stack(0x0000003162b00000,0x0000003162c00000)]
  0x00000179eb2d24c0 JavaThread "Unconstrained build operations Thread 39" [_thread_blocked, id=500, stack(0x0000003162c00000,0x0000003162d00000)]

Other Threads:
=>0x00000179a43227b0 VMThread "VM Thread" [stack: 0x000000315d200000,0x000000315d300000] [id=17980]
  0x0000017985e801e0 WatcherThread [stack: 0x000000315de00000,0x000000315df00000] [id=15216]
  0x0000017985edcc00 GCTaskThread "GC Thread#0" [stack: 0x000000315cd00000,0x000000315ce00000] [id=7644]
  0x00000179ea06ba40 GCTaskThread "GC Thread#1" [stack: 0x000000315e100000,0x000000315e200000] [id=11428]
  0x00000179ea426ce0 GCTaskThread "GC Thread#2" [stack: 0x000000315e200000,0x000000315e300000] [id=15960]
  0x00000179eac9e9e0 GCTaskThread "GC Thread#3" [stack: 0x000000315e300000,0x000000315e400000] [id=3344]
  0x00000179eaa9b960 GCTaskThread "GC Thread#4" [stack: 0x000000315e400000,0x000000315e500000] [id=15256]
  0x00000179ebe528b0 GCTaskThread "GC Thread#5" [stack: 0x000000315f200000,0x000000315f300000] [id=10616]
  0x00000179ebe52b70 GCTaskThread "GC Thread#6" [stack: 0x000000315f300000,0x000000315f400000] [id=9740]
  0x00000179ebe52070 GCTaskThread "GC Thread#7" [stack: 0x000000315f400000,0x000000315f500000] [id=18352]
  0x0000017985eeda60 ConcurrentGCThread "G1 Main Marker" [stack: 0x000000315ce00000,0x000000315cf00000] [id=16612]
  0x0000017985eee390 ConcurrentGCThread "G1 Conc#0" [stack: 0x000000315cf00000,0x000000315d000000] [id=18044]
  0x00000179ebe525f0 ConcurrentGCThread "G1 Conc#1" [stack: 0x000000315f700000,0x000000315f800000] [id=9400]
  0x0000017985f2e310 ConcurrentGCThread "G1 Refine#0" [stack: 0x000000315d000000,0x000000315d100000] [id=11440]
  0x00000179a4746a30 ConcurrentGCThread "G1 Refine#1" [stack: 0x000000315e500000,0x000000315e600000] [id=15468]
  0x0000017985f2ec50 ConcurrentGCThread "G1 Service" [stack: 0x000000315d100000,0x000000315d200000] [id=1808]

Threads with active compile tasks:
C2 CompilerThread0  15035 7921       4       sun.nio.fs.WindowsPathParser::parse (384 bytes)
C2 CompilerThread1  15035 7983       4       java.util.Collections::binarySearch (43 bytes)

VM state: at safepoint (normal execution)

VM Mutex/Monitor currently owned by a thread:  ([mutex/lock_event])
[0x0000017985e7ab40] Threads_lock - owner thread: 0x00000179a43227b0
[0x0000017985e79f70] Heap_lock - owner thread: 0x00000179ebd4b070

Heap address: 0x0000000080000000, size: 2048 MB, Compressed Oops mode: 32-bit

CDS archive(s) mapped at: [0x00000179a5000000-0x00000179a5bb0000-0x00000179a5bb0000), size 12255232, SharedBaseAddress: 0x00000179a5000000, ArchiveRelocationMode: 1.
Compressed class space mapped at: 0x00000179a6000000-0x00000179e6000000, reserved size: 1073741824
Narrow klass base: 0x00000179a5000000, Narrow klass shift: 0, Narrow klass range: 0x100000000

GC Precious Log:
 CPUs: 8 total, 8 available
 Memory: 8070M
 Large Page Support: Disabled
 NUMA Support: Disabled
 Compressed Oops: Enabled (32-bit)
 Heap Region Size: 1M
 Heap Min Capacity: 8M
 Heap Initial Capacity: 128M
 Heap Max Capacity: 2G
 Pre-touch: Disabled
 Parallel Workers: 8
 Concurrent Workers: 2
 Concurrent Refinement Workers: 8
 Periodic GC: Disabled

Heap:
 garbage-first heap   total 189440K, used 102665K [0x0000000080000000, 0x0000000100000000)
  region size 1024K, 2 young (2048K), 2 survivors (2048K)
 Metaspace       used 56444K, committed 57152K, reserved 1114112K
  class space    used 7852K, committed 8192K, reserved 1048576K

Heap Regions: E=young(eden), S=young(survivor), O=old, HS=humongous(starts), HC=humongous(continues), CS=collection set, F=free, OA=open archive, CA=closed archive, TAMS=top-at-mark-start (previous, next)
|   0|0x0000000080000000, 0x0000000080100000, 0x0000000080100000|100%|HS|  |TAMS 0x0000000080100000, 0x0000000080000000| Complete 
|   1|0x0000000080100000, 0x0000000080200000, 0x0000000080200000|100%|HC|  |TAMS 0x0000000080200000, 0x0000000080100000| Complete 
|   2|0x0000000080200000, 0x0000000080300000, 0x0000000080300000|100%|HC|  |TAMS 0x0000000080300000, 0x0000000080200000| Complete 
|   3|0x0000000080300000, 0x0000000080400000, 0x0000000080400000|100%| O|  |TAMS 0x0000000080400000, 0x0000000080300000| Untracked 
|   4|0x0000000080400000, 0x0000000080500000, 0x0000000080500000|100%| O|  |TAMS 0x0000000080500000, 0x0000000080400000| Untracked 
|   5|0x0000000080500000, 0x0000000080600000, 0x0000000080600000|100%| O|  |TAMS 0x0000000080600000, 0x0000000080500000| Untracked 
|   6|0x0000000080600000, 0x0000000080700000, 0x0000000080700000|100%|HS|  |TAMS 0x0000000080700000, 0x0000000080600000| Complete 
|   7|0x0000000080700000, 0x0000000080800000, 0x0000000080800000|100%| O|  |TAMS 0x0000000080800000, 0x0000000080700000| Untracked 
|   8|0x0000000080800000, 0x0000000080900000, 0x0000000080900000|100%| O|  |TAMS 0x0000000080900000, 0x0000000080800000| Untracked 
|   9|0x0000000080900000, 0x0000000080a00000, 0x0000000080a00000|100%| O|  |TAMS 0x0000000080a00000, 0x0000000080900000| Untracked 
|  10|0x0000000080a00000, 0x0000000080b00000, 0x0000000080b00000|100%| O|  |TAMS 0x0000000080b00000, 0x0000000080a00000| Untracked 
|  11|0x0000000080b00000, 0x0000000080c00000, 0x0000000080c00000|100%| O|  |TAMS 0x0000000080c00000, 0x0000000080b00000| Untracked 
|  12|0x0000000080c00000, 0x0000000080d00000, 0x0000000080d00000|100%| O|  |TAMS 0x0000000080d00000, 0x0000000080c00000| Untracked 
|  13|0x0000000080d00000, 0x0000000080e00000, 0x0000000080e00000|100%| O|  |TAMS 0x0000000080e00000, 0x0000000080d00000| Untracked 
|  14|0x0000000080e00000, 0x0000000080f00000, 0x0000000080f00000|100%| O|  |TAMS 0x0000000080f00000, 0x0000000080e00000| Untracked 
|  15|0x0000000080f00000, 0x0000000081000000, 0x0000000081000000|100%| O|  |TAMS 0x0000000081000000, 0x0000000080f00000| Untracked 
|  16|0x0000000081000000, 0x0000000081100000, 0x0000000081100000|100%| O|  |TAMS 0x0000000081100000, 0x0000000081000000| Untracked 
|  17|0x0000000081100000, 0x0000000081200000, 0x0000000081200000|100%| O|  |TAMS 0x0000000081200000, 0x0000000081100000| Untracked 
|  18|0x0000000081200000, 0x0000000081300000, 0x0000000081300000|100%| O|  |TAMS 0x0000000081300000, 0x0000000081200000| Untracked 
|  19|0x0000000081300000, 0x0000000081400000, 0x0000000081400000|100%| O|  |TAMS 0x0000000081400000, 0x0000000081300000| Untracked 
|  20|0x0000000081400000, 0x00000000814c4200, 0x0000000081500000| 76%| O|  |TAMS 0x00000000814c4200, 0x0000000081400000| Untracked 
|  21|0x0000000081500000, 0x0000000081600000, 0x0000000081600000|100%|HS|  |TAMS 0x0000000081600000, 0x0000000081500000| Complete 
|  22|0x0000000081600000, 0x0000000081700000, 0x0000000081700000|100%|HC|  |TAMS 0x0000000081700000, 0x0000000081600000| Complete 
|  23|0x0000000081700000, 0x0000000081800000, 0x0000000081800000|100%|HC|  |TAMS 0x0000000081800000, 0x0000000081700000| Complete 
|  24|0x0000000081800000, 0x0000000081900000, 0x0000000081900000|100%|HC|  |TAMS 0x0000000081900000, 0x0000000081800000| Complete 
|  25|0x0000000081900000, 0x0000000081a00000, 0x0000000081a00000|100%|HC|  |TAMS 0x0000000081a00000, 0x0000000081900000| Complete 
|  26|0x0000000081a00000, 0x0000000081b00000, 0x0000000081b00000|100%|HC|  |TAMS 0x0000000081b00000, 0x0000000081a00000| Complete 
|  27|0x0000000081b00000, 0x0000000081c00000, 0x0000000081c00000|100%|HS|  |TAMS 0x0000000081c00000, 0x0000000081b00000| Complete 
|  28|0x0000000081c00000, 0x0000000081d00000, 0x0000000081d00000|100%|HS|  |TAMS 0x0000000081d00000, 0x0000000081c00000| Complete 
|  29|0x0000000081d00000, 0x0000000081e00000, 0x0000000081e00000|100%|HC|  |TAMS 0x0000000081e00000, 0x0000000081d00000| Complete 
|  30|0x0000000081e00000, 0x0000000081f00000, 0x0000000081f00000|100%|HS|  |TAMS 0x0000000081f00000, 0x0000000081e00000| Complete 
|  31|0x0000000081f00000, 0x0000000082000000, 0x0000000082000000|100%|HC|  |TAMS 0x0000000082000000, 0x0000000081f00000| Complete 
|  32|0x0000000082000000, 0x0000000082100000, 0x0000000082100000|100%|HC|  |TAMS 0x0000000082100000, 0x0000000082000000| Complete 
|  33|0x0000000082100000, 0x0000000082200000, 0x0000000082200000|100%|HC|  |TAMS 0x0000000082200000, 0x0000000082100000| Complete 
|  34|0x0000000082200000, 0x0000000082300000, 0x0000000082300000|100%|HS|  |TAMS 0x0000000082300000, 0x0000000082200000| Complete 
|  35|0x0000000082300000, 0x0000000082400000, 0x0000000082400000|100%|HS|  |TAMS 0x0000000082400000, 0x0000000082300000| Complete 
|  36|0x0000000082400000, 0x0000000082500000, 0x0000000082500000|100%|HC|  |TAMS 0x0000000082500000, 0x0000000082400000| Complete 
|  37|0x0000000082500000, 0x0000000082600000, 0x0000000082600000|100%|HC|  |TAMS 0x0000000082600000, 0x0000000082500000| Complete 
|  38|0x0000000082600000, 0x0000000082700000, 0x0000000082700000|100%|HC|  |TAMS 0x0000000082700000, 0x0000000082600000| Complete 
|  39|0x0000000082700000, 0x0000000082800000, 0x0000000082800000|100%|HC|  |TAMS 0x0000000082800000, 0x0000000082700000| Complete 
|  40|0x0000000082800000, 0x0000000082900000, 0x0000000082900000|100%|HC|  |TAMS 0x0000000082900000, 0x0000000082800000| Complete 
|  41|0x0000000082900000, 0x0000000082a00000, 0x0000000082a00000|100%| O|  |TAMS 0x0000000082a00000, 0x0000000082900000| Untracked 
|  42|0x0000000082a00000, 0x0000000082b00000, 0x0000000082b00000|100%| O|  |TAMS 0x0000000082b00000, 0x0000000082a00000| Untracked 
|  43|0x0000000082b00000, 0x0000000082c00000, 0x0000000082c00000|100%| O|  |TAMS 0x0000000082c00000, 0x0000000082b00000| Untracked 
|  44|0x0000000082c00000, 0x0000000082d00000, 0x0000000082d00000|100%| O|  |TAMS 0x0000000082d00000, 0x0000000082c00000| Untracked 
|  45|0x0000000082d00000, 0x0000000082e00000, 0x0000000082e00000|100%| O|  |TAMS 0x0000000082e00000, 0x0000000082d00000| Untracked 
|  46|0x0000000082e00000, 0x0000000082f00000, 0x0000000082f00000|100%| O|  |TAMS 0x0000000082f00000, 0x0000000082e00000| Untracked 
|  47|0x0000000082f00000, 0x0000000083000000, 0x0000000083000000|100%|HS|  |TAMS 0x0000000083000000, 0x0000000082f00000| Complete 
|  48|0x0000000083000000, 0x0000000083100000, 0x0000000083100000|100%|HS|  |TAMS 0x0000000083100000, 0x0000000083000000| Complete 
|  49|0x0000000083100000, 0x0000000083200000, 0x0000000083200000|100%|HC|  |TAMS 0x0000000083200000, 0x0000000083100000| Complete 
|  50|0x0000000083200000, 0x0000000083300000, 0x0000000083300000|100%|HS|  |TAMS 0x0000000083300000, 0x0000000083200000| Complete 
|  51|0x0000000083300000, 0x0000000083400000, 0x0000000083400000|100%|HC|  |TAMS 0x0000000083400000, 0x0000000083300000| Complete 
|  52|0x0000000083400000, 0x0000000083500000, 0x0000000083500000|100%|HC|  |TAMS 0x0000000083500000, 0x0000000083400000| Complete 
|  53|0x0000000083500000, 0x0000000083600000, 0x0000000083600000|100%|HC|  |TAMS 0x0000000083600000, 0x0000000083500000| Complete 
|  54|0x0000000083600000, 0x0000000083700000, 0x0000000083700000|100%| O|  |TAMS 0x0000000083700000, 0x0000000083600000| Untracked 
|  55|0x0000000083700000, 0x0000000083800000, 0x0000000083800000|100%|HS|  |TAMS 0x0000000083800000, 0x0000000083700000| Complete 
|  56|0x0000000083800000, 0x0000000083900000, 0x0000000083900000|100%| O|  |TAMS 0x0000000083900000, 0x0000000083800000| Untracked 
|  57|0x0000000083900000, 0x0000000083a00000, 0x0000000083a00000|100%| O|  |TAMS 0x0000000083a00000, 0x0000000083900000| Untracked 
|  58|0x0000000083a00000, 0x0000000083b00000, 0x0000000083b00000|100%| O|  |TAMS 0x0000000083b00000, 0x0000000083a00000| Untracked 
|  59|0x0000000083b00000, 0x0000000083c00000, 0x0000000083c00000|100%| O|  |TAMS 0x0000000083c00000, 0x0000000083b00000| Untracked 
|  60|0x0000000083c00000, 0x0000000083d00000, 0x0000000083d00000|100%| O|  |TAMS 0x0000000083d00000, 0x0000000083c00000| Untracked 
|  61|0x0000000083d00000, 0x0000000083e00000, 0x0000000083e00000|100%| O|  |TAMS 0x0000000083e00000, 0x0000000083d00000| Untracked 
|  62|0x0000000083e00000, 0x0000000083f00000, 0x0000000083f00000|100%| O|  |TAMS 0x0000000083f00000, 0x0000000083e00000| Untracked 
|  63|0x0000000083f00000, 0x0000000084000000, 0x0000000084000000|100%| O|  |TAMS 0x0000000084000000, 0x0000000083f00000| Untracked 
|  64|0x0000000084000000, 0x0000000084100000, 0x0000000084100000|100%| O|  |TAMS 0x0000000084100000, 0x0000000084000000| Untracked 
|  65|0x0000000084100000, 0x0000000084200000, 0x0000000084200000|100%| O|  |TAMS 0x0000000084200000, 0x0000000084100000| Untracked 
|  66|0x0000000084200000, 0x0000000084300000, 0x0000000084300000|100%|HS|  |TAMS 0x0000000084300000, 0x0000000084200000| Complete 
|  67|0x0000000084300000, 0x0000000084400000, 0x0000000084400000|100%|HC|  |TAMS 0x0000000084400000, 0x0000000084300000| Complete 
|  68|0x0000000084400000, 0x0000000084500000, 0x0000000084500000|100%| O|  |TAMS 0x0000000084500000, 0x0000000084400000| Untracked 
|  69|0x0000000084500000, 0x0000000084600000, 0x0000000084600000|100%| O|  |TAMS 0x0000000084600000, 0x0000000084500000| Untracked 
|  70|0x0000000084600000, 0x0000000084700000, 0x0000000084700000|100%|HS|  |TAMS 0x0000000084700000, 0x0000000084600000| Complete 
|  71|0x0000000084700000, 0x0000000084800000, 0x0000000084800000|100%|HC|  |TAMS 0x0000000084800000, 0x0000000084700000| Complete 
|  72|0x0000000084800000, 0x0000000084900000, 0x0000000084900000|100%|HC|  |TAMS 0x0000000084900000, 0x0000000084800000| Complete 
|  73|0x0000000084900000, 0x0000000084a00000, 0x0000000084a00000|100%|HC|  |TAMS 0x0000000084a00000, 0x0000000084900000| Complete 
|  74|0x0000000084a00000, 0x0000000084b00000, 0x0000000084b00000|100%|HC|  |TAMS 0x0000000084b00000, 0x0000000084a00000| Complete 
|  75|0x0000000084b00000, 0x0000000084c00000, 0x0000000084c00000|100%|HC|  |TAMS 0x0000000084c00000, 0x0000000084b00000| Complete 
|  76|0x0000000084c00000, 0x0000000084d00000, 0x0000000084d00000|100%|HS|  |TAMS 0x0000000084d00000, 0x0000000084c00000| Complete 
|  77|0x0000000084d00000, 0x0000000084e00000, 0x0000000084e00000|100%| O|  |TAMS 0x0000000084e00000, 0x0000000084d00000| Untracked 
|  78|0x0000000084e00000, 0x0000000084f00000, 0x0000000084f00000|100%| O|  |TAMS 0x0000000084f00000, 0x0000000084e00000| Untracked 
|  79|0x0000000084f00000, 0x0000000085000000, 0x0000000085000000|100%| O|  |TAMS 0x0000000084f00000, 0x0000000084f00000| Untracked 
|  80|0x0000000085000000, 0x0000000085000000, 0x0000000085100000|  0%| F|  |TAMS 0x0000000085000000, 0x0000000085000000| Untracked 
|  81|0x0000000085100000, 0x0000000085200000, 0x0000000085200000|100%|HS|  |TAMS 0x0000000085200000, 0x0000000085100000| Complete 
|  82|0x0000000085200000, 0x0000000085300000, 0x0000000085300000|100%|HC|  |TAMS 0x0000000085300000, 0x0000000085200000| Complete 
|  83|0x0000000085300000, 0x0000000085400000, 0x0000000085400000|100%|HC|  |TAMS 0x0000000085400000, 0x0000000085300000| Complete 
|  84|0x0000000085400000, 0x0000000085500000, 0x0000000085500000|100%|HC|  |TAMS 0x0000000085500000, 0x0000000085400000| Complete 
|  85|0x0000000085500000, 0x0000000085600000, 0x0000000085600000|100%|HC|  |TAMS 0x0000000085600000, 0x0000000085500000| Complete 
|  86|0x0000000085600000, 0x0000000085700000, 0x0000000085700000|100%|HC|  |TAMS 0x0000000085700000, 0x0000000085600000| Complete 
|  87|0x0000000085700000, 0x0000000085800000, 0x0000000085800000|100%|HS|  |TAMS 0x0000000085800000, 0x0000000085700000| Complete 
|  88|0x0000000085800000, 0x0000000085900000, 0x0000000085900000|100%| O|  |TAMS 0x0000000085900000, 0x0000000085800000| Untracked 
|  89|0x0000000085900000, 0x0000000085a00000, 0x0000000085a00000|100%| O|  |TAMS 0x0000000085a00000, 0x0000000085900000| Untracked 
|  90|0x0000000085a00000, 0x0000000085b00000, 0x0000000085b00000|100%| O|  |TAMS 0x0000000085b00000, 0x0000000085a00000| Untracked 
|  91|0x0000000085b00000, 0x0000000085c00000, 0x0000000085c00000|100%| O|  |TAMS 0x0000000085c00000, 0x0000000085b00000| Untracked 
|  92|0x0000000085c00000, 0x0000000085d00000, 0x0000000085d00000|100%| O|  |TAMS 0x0000000085d00000, 0x0000000085c00000| Untracked 
|  93|0x0000000085d00000, 0x0000000085e00000, 0x0000000085e00000|100%| O|  |TAMS 0x0000000085e00000, 0x0000000085d00000| Untracked 
|  94|0x0000000085e00000, 0x0000000085f00000, 0x0000000085f00000|100%| O|  |TAMS 0x0000000085f00000, 0x0000000085e00000| Untracked 
|  95|0x0000000085f00000, 0x0000000086000000, 0x0000000086000000|100%| O|  |TAMS 0x0000000086000000, 0x0000000085f00000| Untracked 
|  96|0x0000000086000000, 0x0000000086100000, 0x0000000086100000|100%| O|  |TAMS 0x0000000086100000, 0x0000000086000000| Untracked 
|  97|0x0000000086100000, 0x0000000086200000, 0x0000000086200000|100%| O|  |TAMS 0x0000000086200000, 0x0000000086100000| Untracked 
|  98|0x0000000086200000, 0x0000000086300000, 0x0000000086300000|100%| O|  |TAMS 0x000000008627b000, 0x0000000086200000| Untracked 
|  99|0x0000000086300000, 0x000000008637e200, 0x0000000086400000| 49%| O|  |TAMS 0x0000000086300000, 0x0000000086300000| Untracked 
| 100|0x0000000086400000, 0x0000000086400000, 0x0000000086500000|  0%| F|  |TAMS 0x0000000086400000, 0x0000000086400000| Untracked 
| 101|0x0000000086500000, 0x0000000086500000, 0x0000000086600000|  0%| F|  |TAMS 0x0000000086500000, 0x0000000086500000| Untracked 
| 102|0x0000000086600000, 0x0000000086600000, 0x0000000086700000|  0%| F|  |TAMS 0x0000000086600000, 0x0000000086600000| Untracked 
| 103|0x0000000086700000, 0x0000000086700000, 0x0000000086800000|  0%| F|  |TAMS 0x0000000086700000, 0x0000000086700000| Untracked 
| 104|0x0000000086800000, 0x0000000086800000, 0x0000000086900000|  0%| F|  |TAMS 0x0000000086800000, 0x0000000086800000| Untracked 
| 105|0x0000000086900000, 0x0000000086900000, 0x0000000086a00000|  0%| F|  |TAMS 0x0000000086900000, 0x0000000086900000| Untracked 
| 106|0x0000000086a00000, 0x0000000086a00000, 0x0000000086b00000|  0%| F|  |TAMS 0x0000000086a00000, 0x0000000086a00000| Untracked 
| 107|0x0000000086b00000, 0x0000000086b00000, 0x0000000086c00000|  0%| F|  |TAMS 0x0000000086b00000, 0x0000000086b00000| Untracked 
| 108|0x0000000086c00000, 0x0000000086c00000, 0x0000000086d00000|  0%| F|  |TAMS 0x0000000086c00000, 0x0000000086c00000| Untracked 
| 109|0x0000000086d00000, 0x0000000086d00000, 0x0000000086e00000|  0%| F|  |TAMS 0x0000000086d00000, 0x0000000086d00000| Untracked 
| 110|0x0000000086e00000, 0x0000000086e00000, 0x0000000086f00000|  0%| F|  |TAMS 0x0000000086e00000, 0x0000000086e00000| Untracked 
| 111|0x0000000086f00000, 0x0000000086f00000, 0x0000000087000000|  0%| F|  |TAMS 0x0000000086f00000, 0x0000000086f00000| Untracked 
| 112|0x0000000087000000, 0x0000000087000000, 0x0000000087100000|  0%| F|  |TAMS 0x0000000087000000, 0x0000000087000000| Untracked 
| 113|0x0000000087100000, 0x0000000087100000, 0x0000000087200000|  0%| F|  |TAMS 0x0000000087100000, 0x0000000087100000| Untracked 
| 114|0x0000000087200000, 0x0000000087200000, 0x0000000087300000|  0%| F|  |TAMS 0x0000000087200000, 0x0000000087200000| Untracked 
| 115|0x0000000087300000, 0x0000000087300000, 0x0000000087400000|  0%| F|  |TAMS 0x0000000087300000, 0x0000000087300000| Untracked 
| 116|0x0000000087400000, 0x0000000087400000, 0x0000000087500000|  0%| F|  |TAMS 0x0000000087400000, 0x0000000087400000| Untracked 
| 117|0x0000000087500000, 0x0000000087500000, 0x0000000087600000|  0%| F|  |TAMS 0x0000000087500000, 0x0000000087500000| Untracked 
| 118|0x0000000087600000, 0x0000000087600000, 0x0000000087700000|  0%| F|  |TAMS 0x0000000087600000, 0x0000000087600000| Untracked 
| 119|0x0000000087700000, 0x0000000087700000, 0x0000000087800000|  0%| F|  |TAMS 0x0000000087700000, 0x0000000087700000| Untracked 
| 120|0x0000000087800000, 0x0000000087800000, 0x0000000087900000|  0%| F|  |TAMS 0x0000000087800000, 0x0000000087800000| Untracked 
| 121|0x0000000087900000, 0x0000000087900000, 0x0000000087a00000|  0%| F|  |TAMS 0x0000000087900000, 0x0000000087900000| Untracked 
| 122|0x0000000087a00000, 0x0000000087a00000, 0x0000000087b00000|  0%| F|  |TAMS 0x0000000087a00000, 0x0000000087a00000| Untracked 
| 123|0x0000000087b00000, 0x0000000087b00000, 0x0000000087c00000|  0%| F|  |TAMS 0x0000000087b00000, 0x0000000087b00000| Untracked 
| 124|0x0000000087c00000, 0x0000000087c00000, 0x0000000087d00000|  0%| F|  |TAMS 0x0000000087c00000, 0x0000000087c00000| Untracked 
| 125|0x0000000087d00000, 0x0000000087d00000, 0x0000000087e00000|  0%| F|  |TAMS 0x0000000087d00000, 0x0000000087d00000| Untracked 
| 126|0x0000000087e00000, 0x0000000087e00000, 0x0000000087f00000|  0%| F|  |TAMS 0x0000000087e00000, 0x0000000087e00000| Untracked 
| 127|0x0000000087f00000, 0x0000000087f00000, 0x0000000088000000|  0%| F|  |TAMS 0x0000000087f00000, 0x0000000087f00000| Untracked 
| 128|0x0000000088000000, 0x0000000088000000, 0x0000000088100000|  0%| F|  |TAMS 0x0000000088000000, 0x0000000088000000| Untracked 
| 129|0x0000000088100000, 0x0000000088100000, 0x0000000088200000|  0%| F|  |TAMS 0x0000000088100000, 0x0000000088100000| Untracked 
| 130|0x0000000088200000, 0x0000000088200000, 0x0000000088300000|  0%| F|  |TAMS 0x0000000088200000, 0x0000000088200000| Untracked 
| 131|0x0000000088300000, 0x0000000088300000, 0x0000000088400000|  0%| F|  |TAMS 0x0000000088300000, 0x0000000088300000| Untracked 
| 132|0x0000000088400000, 0x0000000088400000, 0x0000000088500000|  0%| F|  |TAMS 0x0000000088400000, 0x0000000088400000| Untracked 
| 133|0x0000000088500000, 0x0000000088500000, 0x0000000088600000|  0%| F|  |TAMS 0x0000000088500000, 0x0000000088500000| Untracked 
| 134|0x0000000088600000, 0x0000000088600000, 0x0000000088700000|  0%| F|  |TAMS 0x0000000088600000, 0x0000000088600000| Untracked 
| 135|0x0000000088700000, 0x0000000088700000, 0x0000000088800000|  0%| F|  |TAMS 0x0000000088700000, 0x0000000088700000| Untracked 
| 136|0x0000000088800000, 0x0000000088800000, 0x0000000088900000|  0%| F|  |TAMS 0x0000000088800000, 0x0000000088800000| Untracked 
| 137|0x0000000088900000, 0x0000000088900000, 0x0000000088a00000|  0%| F|  |TAMS 0x0000000088900000, 0x0000000088900000| Untracked 
| 138|0x0000000088a00000, 0x0000000088a00000, 0x0000000088b00000|  0%| F|  |TAMS 0x0000000088a00000, 0x0000000088a00000| Untracked 
| 139|0x0000000088b00000, 0x0000000088b00000, 0x0000000088c00000|  0%| F|  |TAMS 0x0000000088b00000, 0x0000000088b00000| Untracked 
| 140|0x0000000088c00000, 0x0000000088c00000, 0x0000000088d00000|  0%| F|  |TAMS 0x0000000088c00000, 0x0000000088c00000| Untracked 
| 141|0x0000000088d00000, 0x0000000088d00000, 0x0000000088e00000|  0%| F|  |TAMS 0x0000000088d00000, 0x0000000088d00000| Untracked 
| 142|0x0000000088e00000, 0x0000000088e00000, 0x0000000088f00000|  0%| F|  |TAMS 0x0000000088e00000, 0x0000000088e00000| Untracked 
| 143|0x0000000088f00000, 0x0000000088f00000, 0x0000000089000000|  0%| F|  |TAMS 0x0000000088f00000, 0x0000000088f00000| Untracked 
| 144|0x0000000089000000, 0x0000000089000000, 0x0000000089100000|  0%| F|  |TAMS 0x0000000089000000, 0x0000000089000000| Untracked 
| 145|0x0000000089100000, 0x0000000089100000, 0x0000000089200000|  0%| F|  |TAMS 0x0000000089100000, 0x0000000089100000| Untracked 
| 146|0x0000000089200000, 0x0000000089200000, 0x0000000089300000|  0%| F|  |TAMS 0x0000000089200000, 0x0000000089200000| Untracked 
| 147|0x0000000089300000, 0x0000000089300000, 0x0000000089400000|  0%| F|  |TAMS 0x0000000089300000, 0x0000000089300000| Untracked 
| 148|0x0000000089400000, 0x0000000089400000, 0x0000000089500000|  0%| F|  |TAMS 0x0000000089400000, 0x0000000089400000| Untracked 
| 149|0x0000000089500000, 0x0000000089500000, 0x0000000089600000|  0%| F|  |TAMS 0x0000000089500000, 0x0000000089500000| Untracked 
| 150|0x0000000089600000, 0x0000000089600000, 0x0000000089700000|  0%| F|  |TAMS 0x0000000089600000, 0x0000000089600000| Untracked 
| 151|0x0000000089700000, 0x0000000089700000, 0x0000000089800000|  0%| F|  |TAMS 0x0000000089700000, 0x0000000089700000| Untracked 
| 152|0x0000000089800000, 0x0000000089800000, 0x0000000089900000|  0%| F|  |TAMS 0x0000000089800000, 0x0000000089800000| Untracked 
| 153|0x0000000089900000, 0x0000000089900000, 0x0000000089a00000|  0%| F|  |TAMS 0x0000000089900000, 0x0000000089900000| Untracked 
| 154|0x0000000089a00000, 0x0000000089a00000, 0x0000000089b00000|  0%| F|  |TAMS 0x0000000089a00000, 0x0000000089a00000| Untracked 
| 155|0x0000000089b00000, 0x0000000089b00000, 0x0000000089c00000|  0%| F|  |TAMS 0x0000000089b00000, 0x0000000089b00000| Untracked 
| 156|0x0000000089c00000, 0x0000000089c00000, 0x0000000089d00000|  0%| F|  |TAMS 0x0000000089c00000, 0x0000000089c00000| Untracked 
| 157|0x0000000089d00000, 0x0000000089d00000, 0x0000000089e00000|  0%| F|  |TAMS 0x0000000089d00000, 0x0000000089d00000| Untracked 
| 158|0x0000000089e00000, 0x0000000089e00000, 0x0000000089f00000|  0%| F|  |TAMS 0x0000000089e00000, 0x0000000089e00000| Untracked 
| 159|0x0000000089f00000, 0x0000000089f00000, 0x000000008a000000|  0%| F|  |TAMS 0x0000000089f00000, 0x0000000089f00000| Untracked 
| 160|0x000000008a000000, 0x000000008a000000, 0x000000008a100000|  0%| F|  |TAMS 0x000000008a000000, 0x000000008a000000| Untracked 
| 161|0x000000008a100000, 0x000000008a100000, 0x000000008a200000|  0%| F|  |TAMS 0x000000008a100000, 0x000000008a100000| Untracked 
| 162|0x000000008a200000, 0x000000008a200000, 0x000000008a300000|  0%| F|  |TAMS 0x000000008a200000, 0x000000008a200000| Untracked 
| 163|0x000000008a300000, 0x000000008a300000, 0x000000008a400000|  0%| F|  |TAMS 0x000000008a300000, 0x000000008a300000| Untracked 
| 164|0x000000008a400000, 0x000000008a400000, 0x000000008a500000|  0%| F|  |TAMS 0x000000008a400000, 0x000000008a400000| Untracked 
| 165|0x000000008a500000, 0x000000008a500000, 0x000000008a600000|  0%| F|  |TAMS 0x000000008a500000, 0x000000008a500000| Untracked 
| 166|0x000000008a600000, 0x000000008a600000, 0x000000008a700000|  0%| F|  |TAMS 0x000000008a600000, 0x000000008a600000| Untracked 
| 167|0x000000008a700000, 0x000000008a700000, 0x000000008a800000|  0%| F|  |TAMS 0x000000008a700000, 0x000000008a700000| Untracked 
| 168|0x000000008a800000, 0x000000008a800000, 0x000000008a900000|  0%| F|  |TAMS 0x000000008a800000, 0x000000008a800000| Untracked 
| 169|0x000000008a900000, 0x000000008a900000, 0x000000008aa00000|  0%| F|  |TAMS 0x000000008a900000, 0x000000008a900000| Untracked 
| 170|0x000000008aa00000, 0x000000008aa00000, 0x000000008ab00000|  0%| F|  |TAMS 0x000000008aa00000, 0x000000008aa00000| Untracked 
| 171|0x000000008ab00000, 0x000000008ab00000, 0x000000008ac00000|  0%| F|  |TAMS 0x000000008ab00000, 0x000000008ab00000| Untracked 
| 172|0x000000008ac00000, 0x000000008ac00000, 0x000000008ad00000|  0%| F|  |TAMS 0x000000008ac00000, 0x000000008ac00000| Untracked 
| 173|0x000000008ad00000, 0x000000008ad00000, 0x000000008ae00000|  0%| F|  |TAMS 0x000000008ad00000, 0x000000008ad00000| Untracked 
| 174|0x000000008ae00000, 0x000000008ae00000, 0x000000008af00000|  0%| F|  |TAMS 0x000000008ae00000, 0x000000008ae00000| Untracked 
| 175|0x000000008af00000, 0x000000008af00000, 0x000000008b000000|  0%| F|  |TAMS 0x000000008af00000, 0x000000008af00000| Untracked 
| 176|0x000000008b000000, 0x000000008b000000, 0x000000008b100000|  0%| F|  |TAMS 0x000000008b000000, 0x000000008b000000| Untracked 
| 177|0x000000008b100000, 0x000000008b200000, 0x000000008b200000|100%| S|CS|TAMS 0x000000008b100000, 0x000000008b100000| Complete 
| 178|0x000000008b200000, 0x000000008b300000, 0x000000008b300000|100%| S|CS|TAMS 0x000000008b200000, 0x000000008b200000| Complete 
| 179|0x000000008b300000, 0x000000008b300000, 0x000000008b400000|  0%| F|  |TAMS 0x000000008b300000, 0x000000008b300000| Untracked 
| 180|0x000000008b400000, 0x000000008b400000, 0x000000008b500000|  0%| F|  |TAMS 0x000000008b400000, 0x000000008b400000| Untracked 
| 181|0x000000008b500000, 0x000000008b500000, 0x000000008b600000|  0%| F|  |TAMS 0x000000008b500000, 0x000000008b500000| Untracked 
| 182|0x000000008b600000, 0x000000008b600000, 0x000000008b700000|  0%| F|  |TAMS 0x000000008b600000, 0x000000008b600000| Untracked 
| 183|0x000000008b700000, 0x000000008b700000, 0x000000008b800000|  0%| F|  |TAMS 0x000000008b700000, 0x000000008b700000| Untracked 
| 184|0x000000008b800000, 0x000000008b800000, 0x000000008b900000|  0%| F|  |TAMS 0x000000008b800000, 0x000000008b800000| Untracked 

Card table byte_map: [0x000001799d110000,0x000001799d510000] _byte_map_base: 0x000001799cd10000

Marking Bits (Prev, Next): (CMBitMap*) 0x0000017985edd170, (CMBitMap*) 0x0000017985edd130
 Prev Bits: [0x000001799f910000, 0x00000179a1910000)
 Next Bits: [0x000001799d910000, 0x000001799f910000)

Polling page: 0x0000017983df0000

Metaspace:

Usage:
  Non-class:     47.45 MB used.
      Class:      7.67 MB used.
       Both:     55.12 MB used.

Virtual space:
  Non-class space:       64.00 MB reserved,      47.81 MB ( 75%) committed,  1 nodes.
      Class space:        1.00 GB reserved,       8.00 MB ( <1%) committed,  1 nodes.
             Both:        1.06 GB reserved,      55.81 MB (  5%) committed. 

Chunk freelists:
   Non-Class:  15.47 MB
       Class:  7.89 MB
        Both:  23.36 MB

MaxMetaspaceSize: unlimited
CompressedClassSpaceSize: 1.00 GB
Initial GC threshold: 21.00 MB
Current GC threshold: 92.94 MB
CDS: on
MetaspaceReclaimPolicy: balanced
 - commit_granule_bytes: 65536.
 - commit_granule_words: 8192.
 - virtual_space_node_default_size: 8388608.
 - enlarge_chunks_in_place: 1.
 - new_chunks_are_fully_committed: 0.
 - uncommit_free_chunks: 1.
 - use_allocation_guard: 0.
 - handle_deallocations: 1.


Internal statistics:

num_allocs_failed_limit: 3.
num_arena_births: 852.
num_arena_deaths: 0.
num_vsnodes_births: 2.
num_vsnodes_deaths: 0.
num_space_committed: 893.
num_space_uncommitted: 0.
num_chunks_returned_to_freelist: 3.
num_chunks_taken_from_freelist: 3215.
num_chunk_merges: 3.
num_chunk_splits: 2091.
num_chunks_enlarged: 1381.
num_inconsistent_stats: 0.

CodeHeap 'non-profiled nmethods': size=120000Kb used=3896Kb max_used=3896Kb free=116103Kb
 bounds [0x00000179954b0000, 0x0000017995880000, 0x000001799c9e0000]
CodeHeap 'profiled nmethods': size=120000Kb used=13919Kb max_used=13919Kb free=106080Kb
 bounds [0x000001798d9e0000, 0x000001798e780000, 0x0000017994f10000]
CodeHeap 'non-nmethods': size=5760Kb used=2349Kb max_used=2425Kb free=3410Kb
 bounds [0x0000017994f10000, 0x0000017995180000, 0x00000179954b0000]
 total_blobs=8067 nmethods=7200 adapters=779
 compilation: enabled
              stopped_count=0, restarted_count=0
 full_count=0

Compilation events (20 events):
Event: 14.975 Thread 0x00000179a4342b40 7990       3       org.gradle.internal.operations.DefaultBuildOperationExecutor$$Lambda$836/0x00000179a661e8c8::execute (11 bytes)
Event: 14.975 Thread 0x00000179a4342b40 nmethod 7990 0x000001798e772a10 code [0x000001798e772bc0, 0x000001798e772ea8]
Event: 14.976 Thread 0x00000179a4342b40 7993       3       org.gradle.internal.execution.steps.ExecuteWorkBuildOperationFiringStep::lambda$execute$0 (78 bytes)
Event: 14.978 Thread 0x00000179a4342b40 nmethod 7993 0x000001798e772f90 code [0x000001798e773260, 0x000001798e774658]
Event: 14.978 Thread 0x00000179a4342b40 7994       3       org.gradle.internal.execution.steps.CachingResult::<init> (18 bytes)
Event: 14.978 Thread 0x00000179a4342b40 nmethod 7994 0x000001798e774c90 code [0x000001798e774e60, 0x000001798e775338]
Event: 14.978 Thread 0x00000179a4342b40 7995   !   3       sun.nio.fs.WindowsFileSystemProvider::newByteChannel (71 bytes)
Event: 14.979 Thread 0x00000179a4342b40 nmethod 7995 0x000001798e775510 code [0x000001798e7757a0, 0x000001798e776228]
Event: 14.986 Thread 0x00000179ebfb2430 nmethod 7930 0x000001799587b310 code [0x000001799587b580, 0x000001799587ca80]
Event: 14.986 Thread 0x00000179ebfb2430 7989       4       java.util.concurrent.ConcurrentHashMap::get (162 bytes)
Event: 14.989 Thread 0x00000179a4342b40 7996       3       org.gradle.api.internal.artifacts.transform.TransformExecutionResult$Builder$ProducedOutputOnlyResult$$Lambda$905/0x00000179a663a840::apply (12 bytes)
Event: 14.990 Thread 0x00000179a4342b40 nmethod 7996 0x000001798e776790 code [0x000001798e776960, 0x000001798e776ce8]
Event: 14.990 Thread 0x00000179a4342b40 7997       3       org.gradle.api.internal.artifacts.transform.TransformExecutionResult$Builder$ProducedOutputOnlyResult::lambda$resolveForWorkspace$0 (6 bytes)
Event: 14.990 Thread 0x00000179a4342b40 nmethod 7997 0x000001798e776e90 code [0x000001798e777040, 0x000001798e777248]
Event: 14.992 Thread 0x00000179ebfb2430 nmethod 7989 0x000001799587d990 code [0x000001799587db40, 0x000001799587de88]
Event: 14.992 Thread 0x00000179ebfb2430 7983       4       java.util.Collections::binarySearch (43 bytes)
Event: 14.993 Thread 0x00000179a4342b40 7998       3       java.util.Collections::singleton (9 bytes)
Event: 14.993 Thread 0x00000179a4342b40 nmethod 7998 0x000001798e777390 code [0x000001798e777540, 0x000001798e777858]
Event: 14.993 Thread 0x00000179a4342b40 7999       3       java.util.Collections$SingletonSet::<init> (10 bytes)
Event: 14.993 Thread 0x00000179a4342b40 nmethod 7999 0x000001798e777990 code [0x000001798e777b40, 0x000001798e777db8]

GC Heap History (20 events):
Event: 10.445 GC heap after
{Heap after GC invocations=30 (full 0):
 garbage-first heap   total 155648K, used 91628K [0x0000000080000000, 0x0000000100000000)
  region size 1024K, 2 young (2048K), 2 survivors (2048K)
 Metaspace       used 45089K, committed 45696K, reserved 1114112K
  class space    used 6266K, committed 6528K, reserved 1048576K
}
Event: 10.455 GC heap before
{Heap before GC invocations=30 (full 0):
 garbage-first heap   total 155648K, used 96748K [0x0000000080000000, 0x0000000100000000)
  region size 1024K, 7 young (7168K), 2 survivors (2048K)
 Metaspace       used 45089K, committed 45696K, reserved 1114112K
  class space    used 6266K, committed 6528K, reserved 1048576K
}
Event: 10.458 GC heap after
{Heap after GC invocations=31 (full 0):
 garbage-first heap   total 155648K, used 91274K [0x0000000080000000, 0x0000000100000000)
  region size 1024K, 1 young (1024K), 1 survivors (1024K)
 Metaspace       used 45089K, committed 45696K, reserved 1114112K
  class space    used 6266K, committed 6528K, reserved 1048576K
}
Event: 10.852 GC heap before
{Heap before GC invocations=31 (full 0):
 garbage-first heap   total 155648K, used 124042K [0x0000000080000000, 0x0000000100000000)
  region size 1024K, 33 young (33792K), 1 survivors (1024K)
 Metaspace       used 47669K, committed 48256K, reserved 1114112K
  class space    used 6632K, committed 6912K, reserved 1048576K
}
Event: 10.855 GC heap after
{Heap after GC invocations=32 (full 0):
 garbage-first heap   total 155648K, used 92604K [0x0000000080000000, 0x0000000100000000)
  region size 1024K, 2 young (2048K), 2 survivors (2048K)
 Metaspace       used 47669K, committed 48256K, reserved 1114112K
  class space    used 6632K, committed 6912K, reserved 1048576K
}
Event: 11.737 GC heap before
{Heap before GC invocations=33 (full 0):
 garbage-first heap   total 163840K, used 126396K [0x0000000080000000, 0x0000000100000000)
  region size 1024K, 35 young (35840K), 2 survivors (2048K)
 Metaspace       used 51269K, committed 51840K, reserved 1114112K
  class space    used 7166K, committed 7424K, reserved 1048576K
}
Event: 11.743 GC heap after
{Heap after GC invocations=34 (full 0):
 garbage-first heap   total 163840K, used 94067K [0x0000000080000000, 0x0000000100000000)
  region size 1024K, 3 young (3072K), 3 survivors (3072K)
 Metaspace       used 51269K, committed 51840K, reserved 1114112K
  class space    used 7166K, committed 7424K, reserved 1048576K
}
Event: 11.935 GC heap before
{Heap before GC invocations=34 (full 0):
 garbage-first heap   total 163840K, used 99187K [0x0000000080000000, 0x0000000100000000)
  region size 1024K, 8 young (8192K), 3 survivors (3072K)
 Metaspace       used 51781K, committed 52416K, reserved 1114112K
  class space    used 7242K, committed 7552K, reserved 1048576K
}
Event: 11.941 GC heap after
{Heap after GC invocations=35 (full 0):
 garbage-first heap   total 163840K, used 94149K [0x0000000080000000, 0x0000000100000000)
  region size 1024K, 1 young (1024K), 1 survivors (1024K)
 Metaspace       used 51781K, committed 52416K, reserved 1114112K
  class space    used 7242K, committed 7552K, reserved 1048576K
}
Event: 13.419 GC heap before
{Heap before GC invocations=35 (full 0):
 garbage-first heap   total 163840K, used 135109K [0x0000000080000000, 0x0000000100000000)
  region size 1024K, 41 young (41984K), 1 survivors (1024K)
 Metaspace       used 55442K, committed 56192K, reserved 1114112K
  class space    used 7786K, committed 8128K, reserved 1048576K
}
Event: 13.428 GC heap after
{Heap after GC invocations=36 (full 0):
 garbage-first heap   total 163840K, used 97012K [0x0000000080000000, 0x0000000100000000)
  region size 1024K, 4 young (4096K), 4 survivors (4096K)
 Metaspace       used 55442K, committed 56192K, reserved 1114112K
  class space    used 7786K, committed 8128K, reserved 1048576K
}
Event: 14.396 GC heap before
{Heap before GC invocations=37 (full 0):
 garbage-first heap   total 165888K, used 133876K [0x0000000080000000, 0x0000000100000000)
  region size 1024K, 41 young (41984K), 4 survivors (4096K)
 Metaspace       used 56129K, committed 56832K, reserved 1114112K
  class space    used 7852K, committed 8192K, reserved 1048576K
}
Event: 14.402 GC heap after
{Heap after GC invocations=38 (full 0):
 garbage-first heap   total 165888K, used 101080K [0x0000000080000000, 0x0000000100000000)
  region size 1024K, 5 young (5120K), 5 survivors (5120K)
 Metaspace       used 56129K, committed 56832K, reserved 1114112K
  class space    used 7852K, committed 8192K, reserved 1048576K
}
Event: 14.452 GC heap before
{Heap before GC invocations=38 (full 0):
 garbage-first heap   total 165888K, used 103128K [0x0000000080000000, 0x0000000100000000)
  region size 1024K, 8 young (8192K), 5 survivors (5120K)
 Metaspace       used 56140K, committed 56832K, reserved 1114112K
  class space    used 7852K, committed 8192K, reserved 1048576K
}
Event: 14.456 GC heap after
{Heap after GC invocations=39 (full 0):
 garbage-first heap   total 165888K, used 100604K [0x0000000080000000, 0x0000000100000000)
  region size 1024K, 1 young (1024K), 1 survivors (1024K)
 Metaspace       used 56140K, committed 56832K, reserved 1114112K
  class space    used 7852K, committed 8192K, reserved 1048576K
}
Event: 14.773 GC heap before
{Heap before GC invocations=39 (full 0):
 garbage-first heap   total 165888K, used 135420K [0x0000000080000000, 0x0000000100000000)
  region size 1024K, 36 young (36864K), 1 survivors (1024K)
 Metaspace       used 56388K, committed 57088K, reserved 1114112K
  class space    used 7852K, committed 8192K, reserved 1048576K
}
Event: 14.776 GC heap after
{Heap after GC invocations=40 (full 0):
 garbage-first heap   total 165888K, used 102735K [0x0000000080000000, 0x0000000100000000)
  region size 1024K, 4 young (4096K), 4 survivors (4096K)
 Metaspace       used 56388K, committed 57088K, reserved 1114112K
  class space    used 7852K, committed 8192K, reserved 1048576K
}
Event: 14.970 GC heap before
{Heap before GC invocations=41 (full 0):
 garbage-first heap   total 189440K, used 136527K [0x0000000080000000, 0x0000000100000000)
  region size 1024K, 37 young (37888K), 4 survivors (4096K)
 Metaspace       used 56440K, committed 57152K, reserved 1114112K
  class space    used 7852K, committed 8192K, reserved 1048576K
}
Event: 14.973 GC heap after
{Heap after GC invocations=42 (full 0):
 garbage-first heap   total 189440K, used 103559K [0x0000000080000000, 0x0000000100000000)
  region size 1024K, 3 young (3072K), 3 survivors (3072K)
 Metaspace       used 56440K, committed 57152K, reserved 1114112K
  class space    used 7852K, committed 8192K, reserved 1048576K
}
Event: 15.000 GC heap before
{Heap before GC invocations=42 (full 0):
 garbage-first heap   total 189440K, used 109703K [0x0000000080000000, 0x0000000100000000)
  region size 1024K, 9 young (9216K), 3 survivors (3072K)
 Metaspace       used 56444K, committed 57152K, reserved 1114112K
  class space    used 7852K, committed 8192K, reserved 1048576K
}

Dll operation events (15 events):
Event: 0.013 Loaded shared library C:\Program Files\Eclipse Adoptium\jdk-17.0.18.8-hotspot\bin\java.dll
Event: 0.040 Loaded shared library C:\Program Files\Eclipse Adoptium\jdk-17.0.18.8-hotspot\bin\jsvml.dll
Event: 0.121 Loaded shared library C:\Program Files\Eclipse Adoptium\jdk-17.0.18.8-hotspot\bin\zip.dll
Event: 0.124 Loaded shared library C:\Program Files\Eclipse Adoptium\jdk-17.0.18.8-hotspot\bin\instrument.dll
Event: 0.131 Loaded shared library C:\Program Files\Eclipse Adoptium\jdk-17.0.18.8-hotspot\bin\net.dll
Event: 0.133 Loaded shared library C:\Program Files\Eclipse Adoptium\jdk-17.0.18.8-hotspot\bin\nio.dll
Event: 0.137 Loaded shared library C:\Program Files\Eclipse Adoptium\jdk-17.0.18.8-hotspot\bin\zip.dll
Event: 0.520 Loaded shared library C:\Program Files\Eclipse Adoptium\jdk-17.0.18.8-hotspot\bin\jimage.dll
Event: 0.650 Loaded shared library C:\Program Files\Eclipse Adoptium\jdk-17.0.18.8-hotspot\bin\verify.dll
Event: 0.730 Loaded shared library C:\Users\Administrator\.gradle\native\1def1411415f61bf3af743bc5b6707747c0891f09f0c88961ee8f79bc544acac\windows-amd64\native-platform.dll
Event: 0.740 Loaded shared library C:\Users\Administrator\.gradle\native\0.2.7\x86_64-windows-gnu\gradle-fileevents.dll
Event: 1.643 Loaded shared library C:\Program Files\Eclipse Adoptium\jdk-17.0.18.8-hotspot\bin\management.dll
Event: 1.646 Loaded shared library C:\Program Files\Eclipse Adoptium\jdk-17.0.18.8-hotspot\bin\management_ext.dll
Event: 1.883 Loaded shared library C:\Program Files\Eclipse Adoptium\jdk-17.0.18.8-hotspot\bin\extnet.dll
Event: 2.173 Loaded shared library C:\Program Files\Eclipse Adoptium\jdk-17.0.18.8-hotspot\bin\sunmscapi.dll

Deoptimization events (20 events):
Event: 14.877 Thread 0x00000179eb2d29d0 Uncommon trap: trap_request=0xffffff45 fr.pc=0x00000179956529c4 relative=0x0000000000001be4
Event: 14.877 Thread 0x00000179eb2d29d0 Uncommon trap: reason=unstable_if action=reinterpret pc=0x00000179956529c4 method=java.util.concurrent.ConcurrentHashMap.addCount(JI)V @ 171 c2
Event: 14.877 Thread 0x00000179eb2d29d0 DEOPT PACKING pc=0x00000179956529c4 sp=0x00000031628fde20
Event: 14.877 Thread 0x00000179eb2d29d0 DEOPT UNPACKING pc=0x0000017994f669a3 sp=0x00000031628fdcf0 mode 2
Event: 14.877 Thread 0x00000179edbd6da0 Uncommon trap: trap_request=0xffffffde fr.pc=0x0000017995591958 relative=0x0000000000000298
Event: 14.877 Thread 0x00000179eb2d29d0 Uncommon trap: trap_request=0xffffffde fr.pc=0x0000017995591958 relative=0x0000000000000298
Event: 14.877 Thread 0x00000179edbd6da0 Uncommon trap: reason=class_check action=maybe_recompile pc=0x0000017995591958 method=java.util.concurrent.ConcurrentHashMap.get(Ljava/lang/Object;)Ljava/lang/Object; @ 93 c2
Event: 14.877 Thread 0x00000179eb2d29d0 Uncommon trap: reason=class_check action=maybe_recompile pc=0x0000017995591958 method=java.util.concurrent.ConcurrentHashMap.get(Ljava/lang/Object;)Ljava/lang/Object; @ 93 c2
Event: 14.877 Thread 0x00000179eb2d1590 Uncommon trap: trap_request=0xffffff45 fr.pc=0x00000179955b21f8 relative=0x0000000000001598
Event: 14.877 Thread 0x00000179edbd6da0 DEOPT PACKING pc=0x0000017995591958 sp=0x00000031626fe070
Event: 14.877 Thread 0x00000179eb2d29d0 DEOPT PACKING pc=0x0000017995591958 sp=0x00000031628fdda0
Event: 14.877 Thread 0x00000179eb2d1590 Uncommon trap: reason=unstable_if action=reinterpret pc=0x00000179955b21f8 method=java.util.concurrent.ConcurrentHashMap.transfer([Ljava/util/concurrent/ConcurrentHashMap$Node;[Ljava/util/concurrent/ConcurrentHashMap$Node;)V @ 273 c2
Event: 14.877 Thread 0x00000179eb2d1590 DEOPT PACKING pc=0x00000179955b21f8 sp=0x0000003162bfe110
Event: 14.877 Thread 0x00000179edbd6da0 DEOPT UNPACKING pc=0x0000017994f669a3 sp=0x00000031626fdfc8 mode 2
Event: 14.877 Thread 0x00000179eb2d29d0 DEOPT UNPACKING pc=0x0000017994f669a3 sp=0x00000031628fdcf8 mode 2
Event: 14.877 Thread 0x00000179eb2d1590 DEOPT UNPACKING pc=0x0000017994f669a3 sp=0x0000003162bfe0a0 mode 2
Event: 14.877 Thread 0x00000179eb2d1590 Uncommon trap: trap_request=0xffffff45 fr.pc=0x00000179956529c4 relative=0x0000000000001be4
Event: 14.877 Thread 0x00000179eb2d1590 Uncommon trap: reason=unstable_if action=reinterpret pc=0x00000179956529c4 method=java.util.concurrent.ConcurrentHashMap.addCount(JI)V @ 171 c2
Event: 14.877 Thread 0x00000179eb2d1590 DEOPT PACKING pc=0x00000179956529c4 sp=0x0000003162bfe210
Event: 14.877 Thread 0x00000179eb2d1590 DEOPT UNPACKING pc=0x0000017994f669a3 sp=0x0000003162bfe0e0 mode 2

Classes loaded (20 events):
Event: 12.592 Loading class javax/net/ssl/SSLPeerUnverifiedException
Event: 12.592 Loading class javax/net/ssl/SSLPeerUnverifiedException done
Event: 12.592 Loading class javax/naming/NamingException
Event: 12.592 Loading class javax/naming/NamingException done
Event: 12.592 Loading class javax/naming/InvalidNameException
Event: 12.593 Loading class javax/naming/InvalidNameException done
Event: 12.593 Loading class java/security/cert/CertificateParsingException
Event: 12.593 Loading class java/security/cert/CertificateException
Event: 12.594 Loading class java/security/cert/CertificateException done
Event: 12.594 Loading class java/security/cert/CertificateParsingException done
Event: 13.678 Loading class java/util/Collections$ReverseComparator
Event: 13.679 Loading class java/util/Collections$ReverseComparator done
Event: 13.679 Loading class java/util/Comparators$NaturalOrderComparator
Event: 13.679 Loading class java/util/Comparators$NaturalOrderComparator done
Event: 13.679 Loading class java/util/Collections$ReverseComparator2
Event: 13.679 Loading class java/util/Collections$ReverseComparator2 done
Event: 13.882 Loading class java/util/LinkedList$LLSpliterator
Event: 13.883 Loading class java/util/LinkedList$LLSpliterator done
Event: 14.460 Loading class jdk/internal/access/foreign/MemorySegmentProxy
Event: 14.461 Loading class jdk/internal/access/foreign/MemorySegmentProxy done

Classes unloaded (0 events):
No events

Classes redefined (0 events):
No events

Internal exceptions (20 events):
Event: 10.648 Thread 0x00000179a455d7e0 Exception <a 'java/lang/NoSuchMethodError'{0x0000000088501c18}: 'void java.lang.invoke.DirectMethodHandle$Holder.invokeInterface(java.lang.Object, java.lang.Object)'> (0x0000000088501c18) 
thrown [s\src\hotspot\share\interpreter\linkResolver.cpp, line 759]
Event: 10.649 Thread 0x00000179a455d7e0 Exception <a 'java/lang/IncompatibleClassChangeError'{0x000000008850d330}: Found class java.lang.Object, but interface was expected> (0x000000008850d330) 
thrown [s\src\hotspot\share\interpreter\linkResolver.cpp, line 826]
Event: 11.231 Thread 0x00000179ebd4d3e0 Exception <a 'java/lang/NoSuchMethodError'{0x0000000088d95960}: static Lorg/gradle/internal/build/event/types/DefaultOperationStartedProgressEvent;.<clinit>()V> (0x0000000088d95960) 
thrown [s\src\hotspot\share\prims\jni.cpp, line 1112]
Event: 11.234 Thread 0x00000179ebd4d3e0 Exception <a 'java/lang/NoSuchMethodError'{0x0000000088d973a8}: static Lorg/gradle/internal/build/event/types/AbstractProgressEvent;.<clinit>()V> (0x0000000088d973a8) 
thrown [s\src\hotspot\share\prims\jni.cpp, line 1112]
Event: 11.243 Thread 0x00000179ebd4d3e0 Exception <a 'java/lang/NoSuchMethodError'{0x0000000088c07b60}: static Lorg/gradle/internal/build/event/types/DefaultBuildPhaseDescriptor;.<clinit>()V> (0x0000000088c07b60) 
thrown [s\src\hotspot\share\prims\jni.cpp, line 1112]
Event: 11.244 Thread 0x00000179ebd4d3e0 Exception <a 'java/lang/NoSuchMethodError'{0x0000000088c0b300}: static Lorg/gradle/internal/build/event/types/DefaultOperationDescriptor;.<clinit>()V> (0x0000000088c0b300) 
thrown [s\src\hotspot\share\prims\jni.cpp, line 1112]
Event: 11.247 Thread 0x00000179ebd4d3e0 Exception <a 'java/lang/NoSuchMethodError'{0x0000000088c253b8}: static Lorg/gradle/internal/operations/OperationIdentifier;.<clinit>()V> (0x0000000088c253b8) 
thrown [s\src\hotspot\share\prims\jni.cpp, line 1112]
Event: 12.077 Thread 0x00000179a455d7e0 Exception <a 'java/lang/ClassNotFoundException'{0x0000000089bd9d90}: org/gradle/internal/serialize/codecs/core/ClosureCodec$BrokenScriptBeanInfo> (0x0000000089bd9d90) 
thrown [s\src\hotspot\share\classfile\systemDictionary.cpp, line 256]
Event: 12.078 Thread 0x00000179a455d7e0 Exception <a 'java/lang/ClassNotFoundException'{0x0000000089beb810}: org/gradle/internal/serialize/codecs/core/ClosureCodec$BrokenScriptCustomizer> (0x0000000089beb810) 
thrown [s\src\hotspot\share\classfile\systemDictionary.cpp, line 256]
Event: 12.082 Thread 0x00000179a455d7e0 Exception <a 'java/lang/ClassNotFoundException'{0x000000008990a040}: org/gradle/api/invocation/GradleBeanInfo> (0x000000008990a040) 
thrown [s\src\hotspot\share\classfile\systemDictionary.cpp, line 256]
Event: 12.082 Thread 0x00000179a455d7e0 Exception <a 'java/lang/ClassNotFoundException'{0x0000000089918820}: org/gradle/api/invocation/GradleCustomizer> (0x0000000089918820) 
thrown [s\src\hotspot\share\classfile\systemDictionary.cpp, line 256]
Event: 12.121 Thread 0x00000179a455d7e0 Exception <a 'java/lang/ClassNotFoundException'{0x00000000898902f8}: org/gradle/api/internal/project/DefaultProject_DecoratedBeanInfo> (0x00000000898902f8) 
thrown [s\src\hotspot\share\classfile\systemDictionary.cpp, line 256]
Event: 12.122 Thread 0x00000179a455d7e0 Exception <a 'java/lang/ClassNotFoundException'{0x000000008989df90}: org/gradle/api/internal/project/DefaultProjectBeanInfo> (0x000000008989df90) 
thrown [s\src\hotspot\share\classfile\systemDictionary.cpp, line 256]
Event: 12.122 Thread 0x00000179a455d7e0 Exception <a 'java/lang/ClassNotFoundException'{0x00000000898ab790}: org/gradle/api/internal/project/DefaultProjectCustomizer> (0x00000000898ab790) 
thrown [s\src\hotspot\share\classfile\systemDictionary.cpp, line 256]
Event: 12.133 Thread 0x00000179a455d7e0 Exception <a 'java/lang/ClassNotFoundException'{0x00000000897683d0}: org/gradle/api/internal/project/DefaultProject_DecoratedCustomizer> (0x00000000897683d0) 
thrown [s\src\hotspot\share\classfile\systemDictionary.cpp, line 256]
Event: 12.459 Thread 0x00000179a455d7e0 Exception <a 'java/lang/NoSuchMethodError'{0x0000000088fd2698}: 'long java.lang.invoke.DirectMethodHandle$Holder.invokeStatic(java.lang.Object, long)'> (0x0000000088fd2698) 
thrown [s\src\hotspot\share\interpreter\linkResolver.cpp, line 759]
Event: 12.887 Thread 0x00000179a455d7e0 Exception <a 'java/lang/NoSuchMethodError'{0x00000000881ea188}: 'int java.lang.invoke.DirectMethodHandle$Holder.invokeSpecialIFC(java.lang.Object, java.lang.Object, java.lang.Object)'> (0x00000000881ea188) 
thrown [s\src\hotspot\share\interpreter\linkResolver.cpp, line 759]
Event: 13.884 Thread 0x00000179a455d7e0 Exception <a 'java/lang/IncompatibleClassChangeError'{0x0000000089b4f090}: Found class java.lang.Object, but interface was expected> (0x0000000089b4f090) 
thrown [s\src\hotspot\share\interpreter\linkResolver.cpp, line 826]
Event: 13.913 Thread 0x00000179a455d7e0 Exception <a 'java/lang/NoSuchMethodError'{0x0000000089bb1d98}: 'void java.lang.invoke.DirectMethodHandle$Holder.invokeStatic(java.lang.Object, java.lang.Object, java.lang.Object, int, java.lang.Object)'> (0x0000000089bb1d98) 
thrown [s\src\hotspot\share\interpreter\linkResolver.cpp, line 759]
Event: 13.974 Thread 0x00000179ecf79520 Implicit null exception at 0x00000179957f35ef to 0x00000179957f3864

VM Operations (20 events):
Event: 13.761 Executing VM operation: HandshakeAllThreads done
Event: 14.031 Executing VM operation: ICBufferFull
Event: 14.031 Executing VM operation: ICBufferFull done
Event: 14.358 Executing VM operation: ICBufferFull
Event: 14.358 Executing VM operation: ICBufferFull done
Event: 14.396 Executing VM operation: G1CollectForAllocation
Event: 14.402 Executing VM operation: G1CollectForAllocation done
Event: 14.452 Executing VM operation: G1CollectForAllocation
Event: 14.456 Executing VM operation: G1CollectForAllocation done
Event: 14.755 Executing VM operation: ICBufferFull
Event: 14.755 Executing VM operation: ICBufferFull done
Event: 14.773 Executing VM operation: G1CollectForAllocation
Event: 14.776 Executing VM operation: G1CollectForAllocation done
Event: 14.835 Executing VM operation: G1PauseRemark
Event: 14.840 Executing VM operation: G1PauseRemark done
Event: 14.865 Executing VM operation: G1PauseCleanup
Event: 14.865 Executing VM operation: G1PauseCleanup done
Event: 14.970 Executing VM operation: G1CollectForAllocation
Event: 14.973 Executing VM operation: G1CollectForAllocation done
Event: 15.000 Executing VM operation: G1CollectForAllocation

Memory protections (0 events):
No events

Nmethod flushes (20 events):
Event: 10.093 Thread 0x00000179a434b460 flushing  nmethod 0x000001798e197090
Event: 10.093 Thread 0x00000179a434b460 flushing  nmethod 0x000001798e197c10
Event: 10.093 Thread 0x00000179a434b460 flushing  nmethod 0x000001798e198010
Event: 10.093 Thread 0x00000179a434b460 flushing  nmethod 0x000001798e198810
Event: 10.093 Thread 0x00000179a434b460 flushing  nmethod 0x000001798e199610
Event: 10.093 Thread 0x00000179a434b460 flushing  nmethod 0x000001798e19a790
Event: 10.093 Thread 0x00000179a434b460 flushing  nmethod 0x000001798e1a4690
Event: 10.093 Thread 0x00000179a434b460 flushing  nmethod 0x000001798e1a8190
Event: 10.093 Thread 0x00000179a434b460 flushing  nmethod 0x000001798e1b0f90
Event: 10.093 Thread 0x00000179a434b460 flushing  nmethod 0x000001798e1da690
Event: 10.093 Thread 0x00000179a434b460 flushing  nmethod 0x000001798e1ede90
Event: 10.094 Thread 0x00000179a434b460 flushing  nmethod 0x000001798e234d10
Event: 10.094 Thread 0x00000179a434b460 flushing  nmethod 0x000001798e24aa90
Event: 10.094 Thread 0x00000179a434b460 flushing  nmethod 0x000001798e27a790
Event: 10.094 Thread 0x00000179a434b460 flushing  nmethod 0x000001798e290290
Event: 10.094 Thread 0x00000179a434b460 flushing  nmethod 0x000001798e2d3b10
Event: 10.094 Thread 0x00000179a434b460 flushing  nmethod 0x000001798e341010
Event: 10.094 Thread 0x00000179a434b460 flushing  nmethod 0x000001798e346810
Event: 10.094 Thread 0x00000179a434b460 flushing  nmethod 0x000001798e346b90
Event: 10.094 Thread 0x00000179a434b460 flushing  nmethod 0x000001798e384310

Events (20 events):
Event: 13.950 Thread 0x00000179a455d7e0 Thread added: 0x00000179ecf7b380
Event: 13.951 Thread 0x00000179a455d7e0 Thread added: 0x00000179ecf7fa60
Event: 13.951 Thread 0x00000179a455d7e0 Thread added: 0x00000179ecf7bda0
Event: 13.951 Thread 0x00000179a455d7e0 Thread added: 0x00000179ecf7e620
Event: 13.952 Thread 0x00000179a455d7e0 Thread added: 0x00000179ecf79010
Event: 13.952 Thread 0x00000179a455d7e0 Thread added: 0x00000179ecf79520
Event: 14.084 Thread 0x00000179a455d7e0 Thread added: 0x00000179ecf7ae70
Event: 14.086 Thread 0x00000179a455d7e0 Thread added: 0x00000179ec3f36f0
Event: 14.097 Thread 0x00000179a455d7e0 Thread added: 0x00000179ec3f31e0
Event: 14.110 Thread 0x00000179a455d7e0 Thread added: 0x00000179ec3f3c00
Event: 14.143 Thread 0x00000179a455d7e0 Thread added: 0x00000179ec3f4110
Event: 14.177 Thread 0x00000179a455d7e0 Thread added: 0x00000179ec3f4620
Event: 14.181 Thread 0x00000179a455d7e0 Thread added: 0x00000179ec3f2cd0
Event: 14.591 Thread 0x00000179a455d7e0 Thread added: 0x00000179edbd6da0
Event: 14.592 Thread 0x00000179a455d7e0 Thread added: 0x00000179eb2cffa0
Event: 14.592 Thread 0x00000179a455d7e0 Thread added: 0x00000179eb2d29d0
Event: 14.593 Thread 0x00000179a455d7e0 Thread added: 0x00000179eb2d1080
Event: 14.594 Thread 0x00000179a455d7e0 Thread added: 0x00000179eb2d1aa0
Event: 14.595 Thread 0x00000179a455d7e0 Thread added: 0x00000179eb2d1590
Event: 14.596 Thread 0x00000179a455d7e0 Thread added: 0x00000179eb2d24c0


Dynamic libraries:
0x00007ff711ed0000 - 0x00007ff711ede000 	C:\Program Files\Eclipse Adoptium\jdk-17.0.18.8-hotspot\bin\java.exe
0x00007fffdf610000 - 0x00007fffdf828000 	C:\Windows\SYSTEM32\ntdll.dll
0x00007fffdeaf0000 - 0x00007fffdebb4000 	C:\Windows\System32\KERNEL32.DLL
0x00007fffdcb20000 - 0x00007fffdcef3000 	C:\Windows\System32\KERNELBASE.dll
0x00007fffdd110000 - 0x00007fffdd221000 	C:\Windows\System32\ucrtbase.dll
0x00007fffbf1a0000 - 0x00007fffbf1b8000 	C:\Program Files\Eclipse Adoptium\jdk-17.0.18.8-hotspot\bin\jli.dll
0x00007fffc01e0000 - 0x00007fffc01fe000 	C:\Program Files\Eclipse Adoptium\jdk-17.0.18.8-hotspot\bin\VCRUNTIME140.dll
0x00007fffdf3d0000 - 0x00007fffdf582000 	C:\Windows\System32\USER32.dll
0x00007fffc5e10000 - 0x00007fffc60ac000 	C:\Windows\WinSxS\amd64_microsoft.windows.common-controls_6595b64144ccf1df_6.0.22621.6060_none_2712eda17382d24b\COMCTL32.dll
0x00007fffdc7e0000 - 0x00007fffdc806000 	C:\Windows\System32\win32u.dll
0x00007fffdebc0000 - 0x00007fffdec67000 	C:\Windows\System32\msvcrt.dll
0x00007fffde900000 - 0x00007fffde929000 	C:\Windows\System32\GDI32.dll
0x00007fffdca00000 - 0x00007fffdcb1b000 	C:\Windows\System32\gdi32full.dll
0x00007fffdd070000 - 0x00007fffdd10a000 	C:\Windows\System32\msvcp_win.dll
0x00007fffdf590000 - 0x00007fffdf5c1000 	C:\Windows\System32\IMM32.DLL
0x00007fffd90e0000 - 0x00007fffd90ec000 	C:\Program Files\Eclipse Adoptium\jdk-17.0.18.8-hotspot\bin\vcruntime140_1.dll
0x00007fff93570000 - 0x00007fff935fd000 	C:\Program Files\Eclipse Adoptium\jdk-17.0.18.8-hotspot\bin\msvcp140.dll
0x00007fff895e0000 - 0x00007fff8a24b000 	C:\Program Files\Eclipse Adoptium\jdk-17.0.18.8-hotspot\bin\server\jvm.dll
0x00007fffde5e0000 - 0x00007fffde691000 	C:\Windows\System32\ADVAPI32.dll
0x00007fffde2a0000 - 0x00007fffde348000 	C:\Windows\System32\sechost.dll
0x00007fffdc810000 - 0x00007fffdc838000 	C:\Windows\System32\bcrypt.dll
0x00007fffdf230000 - 0x00007fffdf348000 	C:\Windows\System32\RPCRT4.dll
0x00007fffde560000 - 0x00007fffde5d1000 	C:\Windows\System32\WS2_32.dll
0x00007fffdc5f0000 - 0x00007fffdc63d000 	C:\Windows\SYSTEM32\POWRPROF.dll
0x00007fffd8960000 - 0x00007fffd896a000 	C:\Windows\SYSTEM32\VERSION.dll
0x00007fffd78a0000 - 0x00007fffd78d4000 	C:\Windows\SYSTEM32\WINMM.dll
0x00007fffdc5d0000 - 0x00007fffdc5e3000 	C:\Windows\SYSTEM32\UMPDC.dll
0x00007fffdb6c0000 - 0x00007fffdb6d8000 	C:\Windows\SYSTEM32\kernel.appcore.dll
0x00007fffc60d0000 - 0x00007fffc60da000 	C:\Program Files\Eclipse Adoptium\jdk-17.0.18.8-hotspot\bin\jimage.dll
0x00007fffda030000 - 0x00007fffda263000 	C:\Windows\SYSTEM32\DBGHELP.DLL
0x00007fffded50000 - 0x00007fffdf0e1000 	C:\Windows\System32\combase.dll
0x00007fffdec70000 - 0x00007fffded48000 	C:\Windows\System32\OLEAUT32.dll
0x00007fffc6a50000 - 0x00007fffc6a82000 	C:\Windows\SYSTEM32\dbgcore.DLL
0x00007fffdc840000 - 0x00007fffdc8bb000 	C:\Windows\System32\bcryptPrimitives.dll
0x00007fffc3800000 - 0x00007fffc380e000 	C:\Program Files\Eclipse Adoptium\jdk-17.0.18.8-hotspot\bin\instrument.dll
0x00007fffbd280000 - 0x00007fffbd2a5000 	C:\Program Files\Eclipse Adoptium\jdk-17.0.18.8-hotspot\bin\java.dll
0x00007fff8c8c0000 - 0x00007fff8c997000 	C:\Program Files\Eclipse Adoptium\jdk-17.0.18.8-hotspot\bin\jsvml.dll
0x00007fffdd9d0000 - 0x00007fffde26c000 	C:\Windows\System32\SHELL32.dll
0x00007fffdc8c0000 - 0x00007fffdc9ff000 	C:\Windows\System32\wintypes.dll
0x00007fffda5d0000 - 0x00007fffdaeea000 	C:\Windows\SYSTEM32\windows.storage.dll
0x00007fffde750000 - 0x00007fffde854000 	C:\Windows\System32\SHCORE.dll
0x00007fffdd960000 - 0x00007fffdd9c9000 	C:\Windows\System32\shlwapi.dll
0x00007fffdc650000 - 0x00007fffdc675000 	C:\Windows\SYSTEM32\profapi.dll
0x00007fffbf180000 - 0x00007fffbf198000 	C:\Program Files\Eclipse Adoptium\jdk-17.0.18.8-hotspot\bin\zip.dll
0x00007fffbefa0000 - 0x00007fffbefba000 	C:\Program Files\Eclipse Adoptium\jdk-17.0.18.8-hotspot\bin\net.dll
0x00007fffd7c90000 - 0x00007fffd7dbc000 	C:\Windows\SYSTEM32\WINHTTP.dll
0x00007fffdbb80000 - 0x00007fffdbbe9000 	C:\Windows\system32\mswsock.dll
0x00007fffbda10000 - 0x00007fffbda26000 	C:\Program Files\Eclipse Adoptium\jdk-17.0.18.8-hotspot\bin\nio.dll
0x00007fffc0e60000 - 0x00007fffc0e70000 	C:\Program Files\Eclipse Adoptium\jdk-17.0.18.8-hotspot\bin\verify.dll
0x00007fffc3810000 - 0x00007fffc3837000 	C:\Users\Administrator\.gradle\native\1def1411415f61bf3af743bc5b6707747c0891f09f0c88961ee8f79bc544acac\windows-amd64\native-platform.dll
0x00007fff8bde0000 - 0x00007fff8be58000 	C:\Users\Administrator\.gradle\native\0.2.7\x86_64-windows-gnu\gradle-fileevents.dll
0x00007fffc08e0000 - 0x00007fffc08ea000 	C:\Program Files\Eclipse Adoptium\jdk-17.0.18.8-hotspot\bin\management.dll
0x00007fffc0650000 - 0x00007fffc065c000 	C:\Program Files\Eclipse Adoptium\jdk-17.0.18.8-hotspot\bin\management_ext.dll
0x00007fffde270000 - 0x00007fffde278000 	C:\Windows\System32\PSAPI.DLL
0x00007fffdb150000 - 0x00007fffdb17d000 	C:\Windows\SYSTEM32\IPHLPAPI.DLL
0x00007fffde860000 - 0x00007fffde869000 	C:\Windows\System32\NSI.dll
0x00007fffd6910000 - 0x00007fffd6929000 	C:\Windows\SYSTEM32\dhcpcsvc6.DLL
0x00007fffd67d0000 - 0x00007fffd67ef000 	C:\Windows\SYSTEM32\dhcpcsvc.DLL
0x00007fffdb1c0000 - 0x00007fffdb2b8000 	C:\Windows\SYSTEM32\DNSAPI.dll
0x00007fffc0610000 - 0x00007fffc0619000 	C:\Program Files\Eclipse Adoptium\jdk-17.0.18.8-hotspot\bin\extnet.dll
0x00007fffdbed0000 - 0x00007fffdbeeb000 	C:\Windows\SYSTEM32\CRYPTSP.dll
0x00007fffdb620000 - 0x00007fffdb657000 	C:\Windows\system32\rsaenh.dll
0x00007fffdbc20000 - 0x00007fffdbc48000 	C:\Windows\SYSTEM32\USERENV.dll
0x00007fffdbeb0000 - 0x00007fffdbebc000 	C:\Windows\SYSTEM32\CRYPTBASE.dll
0x00007fffc37f0000 - 0x00007fffc37fe000 	C:\Program Files\Eclipse Adoptium\jdk-17.0.18.8-hotspot\bin\sunmscapi.dll
0x00007fffdcf00000 - 0x00007fffdd068000 	C:\Windows\System32\CRYPT32.dll
0x00007fffdbfd0000 - 0x00007fffdbffe000 	C:\Windows\SYSTEM32\ncrypt.dll
0x00007fffdbf90000 - 0x00007fffdbfc7000 	C:\Windows\SYSTEM32\NTASN1.dll
0x00007fff9a140000 - 0x00007fff9a148000 	C:\Windows\system32\wshunix.dll

dbghelp: loaded successfully - version: 4.0.5 - missing functions: none
symbol engine: initialized successfully - sym options: 0x614 - pdb path: .;C:\Program Files\Eclipse Adoptium\jdk-17.0.18.8-hotspot\bin;C:\Windows\SYSTEM32;C:\Windows\WinSxS\amd64_microsoft.windows.common-controls_6595b64144ccf1df_6.0.22621.6060_none_2712eda17382d24b;C:\Program Files\Eclipse Adoptium\jdk-17.0.18.8-hotspot\bin\server;C:\Users\Administrator\.gradle\native\1def1411415f61bf3af743bc5b6707747c0891f09f0c88961ee8f79bc544acac\windows-amd64;C:\Users\Administrator\.gradle\native\0.2.7\x86_64-windows-gnu

VM Arguments:
jvm_args: --add-opens=java.base/java.lang=ALL-UNNAMED --add-opens=java.base/java.lang.invoke=ALL-UNNAMED --add-opens=java.base/java.util=ALL-UNNAMED --add-opens=java.prefs/java.util.prefs=ALL-UNNAMED --add-exports=jdk.compiler/com.sun.tools.javac.api=ALL-UNNAMED --add-exports=jdk.compiler/com.sun.tools.javac.util=ALL-UNNAMED --add-opens=java.base/java.util=ALL-UNNAMED --add-opens=java.prefs/java.util.prefs=ALL-UNNAMED --add-opens=java.base/java.nio.charset=ALL-UNNAMED --add-opens=java.base/java.net=ALL-UNNAMED --add-opens=java.base/java.util.concurrent.atomic=ALL-UNNAMED --add-opens=java.xml/javax.xml.namespace=ALL-UNNAMED --add-opens=java.base/java.lang=ALL-UNNAMED --add-opens=java.base/java.lang.reflect=ALL-UNNAMED --add-opens=java.base/java.util=ALL-UNNAMED --add-opens=jdk.compiler/com.sun.tools.javac.api=ALL-UNNAMED --add-opens=jdk.compiler/com.sun.tools.javac.code=ALL-UNNAMED --add-opens=jdk.compiler/com.sun.tools.javac.comp=ALL-UNNAMED --add-opens=jdk.compiler/com.sun.tools.javac.file=ALL-UNNAMED --add-opens=jdk.compiler/com.sun.tools.javac.main=ALL-UNNAMED --add-opens=jdk.compiler/com.sun.tools.javac.model=ALL-UNNAMED --add-opens=jdk.compiler/com.sun.tools.javac.parser=ALL-UNNAMED --add-opens=jdk.compiler/com.sun.tools.javac.processing=ALL-UNNAMED --add-opens=jdk.compiler/com.sun.tools.javac.tree=ALL-UNNAMED --add-opens=jdk.compiler/com.sun.tools.javac.util=ALL-UNNAMED -Xmx2048m -Dfile.encoding=UTF-8 -Duser.country=US -Duser.language=en -Duser.variant -javaagent:C:\Users\Administrator\.gradle\wrapper\dists\gradle-8.13-bin\5xuhj0ry160q40clulazy9h7d\gradle-8.13\lib\agents\gradle-instrumentation-agent-8.13.jar 
java_command: org.gradle.launcher.daemon.bootstrap.GradleDaemon 8.13
java_class_path (initial): C:\Users\Administrator\.gradle\wrapper\dists\gradle-8.13-bin\5xuhj0ry160q40clulazy9h7d\gradle-8.13\lib\gradle-daemon-main-8.13.jar
Launcher Type: SUN_STANDARD

[Global flags]
     intx CICompilerCount                          = 4                                         {product} {ergonomic}
     uint ConcGCThreads                            = 2                                         {product} {ergonomic}
     uint G1ConcRefinementThreads                  = 8                                         {product} {ergonomic}
   size_t G1HeapRegionSize                         = 1048576                                   {product} {ergonomic}
    uintx GCDrainStackTargetSize                   = 64                                        {product} {ergonomic}
   size_t InitialHeapSize                          = 134217728                                 {product} {ergonomic}
   size_t MarkStackSize                            = 4194304                                   {product} {ergonomic}
   size_t MaxHeapSize                              = 2147483648                                {product} {command line}
   size_t MaxNewSize                               = 1287651328                                {product} {ergonomic}
   size_t MinHeapDeltaBytes                        = 1048576                                   {product} {ergonomic}
   size_t MinHeapSize                              = 8388608                                   {product} {ergonomic}
    uintx NonNMethodCodeHeapSize                   = 5839372                                {pd product} {ergonomic}
    uintx NonProfiledCodeHeapSize                  = 122909434                              {pd product} {ergonomic}
    uintx ProfiledCodeHeapSize                     = 122909434                              {pd product} {ergonomic}
    uintx ReservedCodeCacheSize                    = 251658240                              {pd product} {ergonomic}
     bool SegmentedCodeCache                       = true                                      {product} {ergonomic}
   size_t SoftMaxHeapSize                          = 2147483648                             {manageable} {ergonomic}
     bool UseCompressedClassPointers               = true                           {product lp64_product} {ergonomic}
     bool UseCompressedOops                        = true                           {product lp64_product} {ergonomic}
     bool UseG1GC                                  = true                                      {product} {ergonomic}
     bool UseLargePagesIndividualAllocation        = false                                  {pd product} {ergonomic}

Logging:
Log output configuration:
 #0: stdout all=warning uptime,level,tags
 #1: stderr all=off uptime,level,tags

Environment Variables:
PATH=C:\Program Files\Eclipse Adoptium\jdk-17.0.18.8-hotspot\bin;C:\Program Files\Microsoft MPI\Bin\;C:\Windows\system32;C:\Windows;C:\Windows\System32\Wbem;C:\Windows\System32\WindowsPowerShell\v1.0\;C:\Windows\System32\OpenSSH\;C:\Program Files\Git\cmd;C:\Program Files (x86)\Microsoft SQL Server\160\DTS\Binn\;C:\Program Files (x86)\Microsoft SQL Server\150\Tools\Binn\;C:\Program Files\Microsoft SQL Server\150\Tools\Binn\;C:\Program Files (x86)\Microsoft SQL Server\150\DTS\Binn\;C:\Program Files\Microsoft SQL Server\150\DTS\Binn\;C:\Program Files\Microsoft SQL Server\Client SDK\ODBC\170\Tools\Binn\;C:\Program Files\Microsoft SQL Server\170\Tools\Binn\;C:\Program Files\dotnet\;C:\Users\Administrator\AppData\Local\Microsoft\WindowsApps;;C:\Users\Administrator\AppData\Local\Programs\Microsoft VS Code\bin;C:\Users\Administrator\AppData\Local\Python\bin;C:\Users\Administrator\.dotnet\tools
USERNAME=Administrator
OS=Windows_NT
PROCESSOR_IDENTIFIER=Intel64 Family 6 Model 142 Stepping 12, GenuineIntel
TMP=C:\Users\ADMINI~1\AppData\Local\Temp
TEMP=C:\Users\ADMINI~1\AppData\Local\Temp



Periodic native trim disabled


---------------  S Y S T E M  ---------------

OS:
 Windows 11 , 64 bit Build 22621 (10.0.22621.5415)
OS uptime: 1 days 2:06 hours
Hyper-V role detected

CPU: total 8 (initial active 8) (4 cores per cpu, 2 threads per core) family 6 model 142 stepping 12 microcode 0xfa, cx8, cmov, fxsr, ht, mmx, 3dnowpref, sse, sse2, sse3, ssse3, sse4.1, sse4.2, popcnt, lzcnt, tsc, tscinvbit, avx, avx2, aes, erms, clmul, bmi1, bmi2, adx, fma, vzeroupper, clflush, clflushopt, hv
Processor Information for all 8 processors :
  Max Mhz: 1800, Current Mhz: 1600, Mhz Limit: 1584

Memory: 4k page, system-wide physical 8070M (328M free)
TotalPageFile size 16262M (AvailPageFile size 101M)
current process WorkingSet (physical memory assigned to process): 376M, peak: 376M
current process commit charge ("private bytes"): 420M, peak: 605M

vm_info: OpenJDK 64-Bit Server VM (17.0.18+8) for windows-amd64 JRE (17.0.18+8), built on Jan 20 2026 22:28:22 by "admin" with MS VC++ 17.12 (VS2022)

END.
