#
# There is insufficient memory for the Java Runtime Environment to continue.
# Native memory allocation (malloc) failed to allocate 1951056 bytes. Error detail: Chunk::new
# Possible reasons:
#   The system is out of physical RAM or swap space
#   This process is running with CompressedOops enabled, and the Java Heap may be blocking the growth of the native heap
# Possible solutions:
#   Reduce memory load on the system
#   Increase physical memory or swap space
#   Check if swap backing store is full
#   Decrease Java heap size (-Xmx/-Xms)
#   Decrease number of Java threads
#   Decrease Java thread stack sizes (-Xss)
#   Set larger code cache with -XX:ReservedCodeCacheSize=
#   JVM is running with Unscaled Compressed Oops mode in which the Java heap is
#     placed in the first 4GB address space. The Java Heap base address is the
#     maximum limit for the native heap growth. Please use -XX:HeapBaseMinAddress
#     to set the Java Heap base and to place the Java Heap above 4GB virtual address.
# This output file may be truncated or incomplete.
#
#  Out of Memory Error (arena.cpp:191), pid=7692, tid=21136
#
# JRE version: OpenJDK Runtime Environment Temurin-17.0.18+8 (17.0.18+8) (build 17.0.18+8)
# Java VM: OpenJDK 64-Bit Server VM Temurin-17.0.18+8 (17.0.18+8, mixed mode, sharing, tiered, compressed oops, compressed class ptrs, g1 gc, windows-amd64)
# No core dump will be written. Minidumps are not enabled by default on client versions of Windows
#

---------------  S U M M A R Y ------------

Command Line: --add-opens=java.base/java.lang=ALL-UNNAMED --add-opens=java.base/java.lang.invoke=ALL-UNNAMED --add-opens=java.base/java.util=ALL-UNNAMED --add-opens=java.prefs/java.util.prefs=ALL-UNNAMED --add-exports=jdk.compiler/com.sun.tools.javac.api=ALL-UNNAMED --add-exports=jdk.compiler/com.sun.tools.javac.util=ALL-UNNAMED --add-opens=java.base/java.util=ALL-UNNAMED --add-opens=java.prefs/java.util.prefs=ALL-UNNAMED --add-opens=java.base/java.nio.charset=ALL-UNNAMED --add-opens=java.base/java.net=ALL-UNNAMED --add-opens=java.base/java.util.concurrent.atomic=ALL-UNNAMED --add-opens=java.xml/javax.xml.namespace=ALL-UNNAMED -Xmx2048m -Dfile.encoding=UTF-8 -Duser.country=US -Duser.language=en -Duser.variant -javaagent:C:\Users\Administrator\.gradle\wrapper\dists\gradle-8.13-bin\5xuhj0ry160q40clulazy9h7d\gradle-8.13\lib\agents\gradle-instrumentation-agent-8.13.jar org.gradle.launcher.daemon.bootstrap.GradleDaemon 8.13

Host: Intel(R) Core(TM) i5-8265U CPU @ 1.60GHz, 8 cores, 7G,  Windows 11 , 64 bit Build 22621 (10.0.22621.5415)
Time: Mon Mar 23 21:47:22 2026 Taipei Standard Time elapsed time: 10.653370 seconds (0d 0h 0m 10s)

---------------  T H R E A D  ---------------

Current thread (0x000001897699a710):  JavaThread "C2 CompilerThread0" daemon [_thread_in_native, id=21136, stack(0x0000008911200000,0x0000008911300000)]


Current CompileTask:
C2:10653 2296       4       jdk.internal.org.objectweb.asm.Frame::execute (2305 bytes)

Stack: [0x0000008911200000,0x0000008911300000]
Native frames: (J=compiled Java code, j=interpreted, Vv=VM code, C=native code)
V  [jvm.dll+0x6846f9]
V  [jvm.dll+0x839ea5]
V  [jvm.dll+0x83b91e]
V  [jvm.dll+0x83bfa3]
V  [jvm.dll+0x248eff]
V  [jvm.dll+0xad496]
V  [jvm.dll+0xadb3c]
V  [jvm.dll+0x368bcf]
V  [jvm.dll+0x333055]
V  [jvm.dll+0x3324ba]
V  [jvm.dll+0x219db9]
V  [jvm.dll+0x219200]
V  [jvm.dll+0x1a4920]
V  [jvm.dll+0x22989a]
V  [jvm.dll+0x227a4b]
V  [jvm.dll+0x7f0658]
V  [jvm.dll+0x7eaaec]
V  [jvm.dll+0x6835c7]
C  [ucrtbase.dll+0x29333]
C  [KERNEL32.DLL+0x1259d]
C  [ntdll.dll+0x5af78]


---------------  P R O C E S S  ---------------

Threads class SMR info:
_java_thread_list=0x000001897c65d2c0, length=22, elements={
0x00000189584dd2d0, 0x0000018976981e70, 0x0000018976982c00, 0x0000018976994ed0,
0x00000189769967b0, 0x0000018976999190, 0x0000018976999a60, 0x000001897699a710,
0x00000189769a47e0, 0x00000189769ae890, 0x0000018976bae660, 0x0000018976c52900,
0x000001897c3ae530, 0x000001897c5e44b0, 0x000001897c5db4c0, 0x000001897c6055b0,
0x000001897c5b9020, 0x000001897c6440b0, 0x000001897c643690, 0x000001897c6454f0,
0x000001897c645a00, 0x000001897c644ad0
}

Java Threads: ( => current thread )
  0x00000189584dd2d0 JavaThread "main" [_thread_blocked, id=19300, stack(0x0000008910500000,0x0000008910600000)]
  0x0000018976981e70 JavaThread "Reference Handler" daemon [_thread_blocked, id=5020, stack(0x0000008910c00000,0x0000008910d00000)]
  0x0000018976982c00 JavaThread "Finalizer" daemon [_thread_blocked, id=10096, stack(0x0000008910d00000,0x0000008910e00000)]
  0x0000018976994ed0 JavaThread "Signal Dispatcher" daemon [_thread_blocked, id=21300, stack(0x0000008910e00000,0x0000008910f00000)]
  0x00000189769967b0 JavaThread "Attach Listener" daemon [_thread_blocked, id=19120, stack(0x0000008910f00000,0x0000008911000000)]
  0x0000018976999190 JavaThread "Service Thread" daemon [_thread_blocked, id=16508, stack(0x0000008911000000,0x0000008911100000)]
  0x0000018976999a60 JavaThread "Monitor Deflation Thread" daemon [_thread_blocked, id=21880, stack(0x0000008911100000,0x0000008911200000)]
=>0x000001897699a710 JavaThread "C2 CompilerThread0" daemon [_thread_in_native, id=21136, stack(0x0000008911200000,0x0000008911300000)]
  0x00000189769a47e0 JavaThread "C1 CompilerThread0" daemon [_thread_blocked, id=19088, stack(0x0000008911300000,0x0000008911400000)]
  0x00000189769ae890 JavaThread "Sweeper thread" daemon [_thread_blocked, id=11044, stack(0x0000008911400000,0x0000008911500000)]
  0x0000018976bae660 JavaThread "Common-Cleaner" daemon [_thread_blocked, id=14892, stack(0x0000008911500000,0x0000008911600000)]
  0x0000018976c52900 JavaThread "Notification Thread" daemon [_thread_blocked, id=16176, stack(0x0000008911600000,0x0000008911700000)]
  0x000001897c3ae530 JavaThread "Daemon health stats" [_thread_blocked, id=1444, stack(0x0000008911d00000,0x0000008911e00000)]
  0x000001897c5e44b0 JavaThread "Incoming local TCP Connector on port 63680" [_thread_in_native, id=6924, stack(0x0000008911c00000,0x0000008911d00000)]
  0x000001897c5db4c0 JavaThread "Daemon periodic checks" [_thread_blocked, id=9932, stack(0x0000008911e00000,0x0000008911f00000)]
  0x000001897c6055b0 JavaThread "Daemon" [_thread_blocked, id=14540, stack(0x0000008911f00000,0x0000008912000000)]
  0x000001897c5b9020 JavaThread "Handler for socket connection from /127.0.0.1:63680 to /127.0.0.1:63681" [_thread_in_native, id=15076, stack(0x0000008912000000,0x0000008912100000)]
  0x000001897c6440b0 JavaThread "Cancel handler" [_thread_blocked, id=3848, stack(0x0000008912100000,0x0000008912200000)]
  0x000001897c643690 JavaThread "Daemon worker" [_thread_in_vm, id=20628, stack(0x0000008912200000,0x0000008912300000)]
  0x000001897c6454f0 JavaThread "Asynchronous log dispatcher for DefaultDaemonConnection: socket connection from /127.0.0.1:63680 to /127.0.0.1:63681" [_thread_blocked, id=6400, stack(0x0000008912300000,0x0000008912400000)]
  0x000001897c645a00 JavaThread "Stdin handler" [_thread_blocked, id=15976, stack(0x0000008912400000,0x0000008912500000)]
  0x000001897c644ad0 JavaThread "Daemon client event forwarder" [_thread_blocked, id=15468, stack(0x0000008912500000,0x0000008912600000)]

Other Threads:
  0x000001897697b570 VMThread "VM Thread" [stack: 0x0000008910b00000,0x0000008910c00000] [id=20796]
  0x0000018976cdc720 WatcherThread [stack: 0x0000008911700000,0x0000008911800000] [id=10220]
  0x00000189585381a0 GCTaskThread "GC Thread#0" [stack: 0x0000008910600000,0x0000008910700000] [id=19876]
  0x0000018976d9cd40 GCTaskThread "GC Thread#1" [stack: 0x0000008911800000,0x0000008911900000] [id=1796]
  0x000001897b31cd10 GCTaskThread "GC Thread#2" [stack: 0x0000008911900000,0x0000008911a00000] [id=14964]
  0x00000189769d1510 GCTaskThread "GC Thread#3" [stack: 0x0000008911a00000,0x0000008911b00000] [id=19180]
  0x000001897baef880 GCTaskThread "GC Thread#4" [stack: 0x0000008911b00000,0x0000008911c00000] [id=20820]
  0x000001895854a010 ConcurrentGCThread "G1 Main Marker" [stack: 0x0000008910700000,0x0000008910800000] [id=15484]
  0x000001895854a940 ConcurrentGCThread "G1 Conc#0" [stack: 0x0000008910800000,0x0000008910900000] [id=16964]
  0x000001895858e460 ConcurrentGCThread "G1 Refine#0" [stack: 0x0000008910900000,0x0000008910a00000] [id=1492]
  0x00000189768324d0 ConcurrentGCThread "G1 Service" [stack: 0x0000008910a00000,0x0000008910b00000] [id=21496]

Threads with active compile tasks:
C2 CompilerThread0  10705 2296       4       jdk.internal.org.objectweb.asm.Frame::execute (2305 bytes)

VM state: not at safepoint (normal execution)

VM Mutex/Monitor currently owned by a thread: None

Heap address: 0x0000000080000000, size: 2048 MB, Compressed Oops mode: 32-bit

CDS archive(s) mapped at: [0x0000018900000000-0x0000018900bb0000-0x0000018900bb0000), size 12255232, SharedBaseAddress: 0x0000018900000000, ArchiveRelocationMode: 1.
Compressed class space mapped at: 0x0000018901000000-0x0000018941000000, reserved size: 1073741824
Narrow klass base: 0x0000018900000000, Narrow klass shift: 0, Narrow klass range: 0x100000000

GC Precious Log:
 CPUs: 8 total, 8 available
 Memory: 8070M
 Large Page Support: Disabled
 NUMA Support: Disabled
 Compressed Oops: Enabled (32-bit)
 Heap Region Size: 1M
 Heap Min Capacity: 8M
 Heap Initial Capacity: 128M
 Heap Max Capacity: 2G
 Pre-touch: Disabled
 Parallel Workers: 8
 Concurrent Workers: 2
 Concurrent Refinement Workers: 8
 Periodic GC: Disabled

Heap:
 garbage-first heap   total 131072K, used 67098K [0x0000000080000000, 0x0000000100000000)
  region size 1024K, 55 young (56320K), 4 survivors (4096K)
 Metaspace       used 14068K, committed 14336K, reserved 1114112K
  class space    used 1939K, committed 2048K, reserved 1048576K

Heap Regions: E=young(eden), S=young(survivor), O=old, HS=humongous(starts), HC=humongous(continues), CS=collection set, F=free, OA=open archive, CA=closed archive, TAMS=top-at-mark-start (previous, next)
|   0|0x0000000080000000, 0x0000000080100000, 0x0000000080100000|100%|HS|  |TAMS 0x0000000080000000, 0x0000000080000000| Complete 
|   1|0x0000000080100000, 0x0000000080200000, 0x0000000080200000|100%|HC|  |TAMS 0x0000000080100000, 0x0000000080100000| Complete 
|   2|0x0000000080200000, 0x0000000080300000, 0x0000000080300000|100%|HC|  |TAMS 0x0000000080200000, 0x0000000080200000| Complete 
|   3|0x0000000080300000, 0x0000000080400000, 0x0000000080400000|100%| O|  |TAMS 0x0000000080300000, 0x0000000080300000| Untracked 
|   4|0x0000000080400000, 0x0000000080500000, 0x0000000080500000|100%| O|  |TAMS 0x0000000080400000, 0x0000000080400000| Untracked 
|   5|0x0000000080500000, 0x0000000080600000, 0x0000000080600000|100%| O|  |TAMS 0x0000000080500000, 0x0000000080500000| Untracked 
|   6|0x0000000080600000, 0x0000000080700000, 0x0000000080700000|100%|HS|  |TAMS 0x0000000080600000, 0x0000000080600000| Complete 
|   7|0x0000000080700000, 0x0000000080700000, 0x0000000080800000|  0%| F|  |TAMS 0x0000000080700000, 0x0000000080700000| Untracked 
|   8|0x0000000080800000, 0x0000000080900000, 0x0000000080900000|100%| O|  |TAMS 0x0000000080800000, 0x0000000080800000| Untracked 
|   9|0x0000000080900000, 0x0000000080a00000, 0x0000000080a00000|100%| O|  |TAMS 0x0000000080900000, 0x0000000080900000| Untracked 
|  10|0x0000000080a00000, 0x0000000080b00000, 0x0000000080b00000|100%| O|  |TAMS 0x0000000080a00000, 0x0000000080a00000| Untracked 
|  11|0x0000000080b00000, 0x0000000080c00000, 0x0000000080c00000|100%| O|  |TAMS 0x0000000080b00000, 0x0000000080b00000| Untracked 
|  12|0x0000000080c00000, 0x0000000080c86800, 0x0000000080d00000| 52%| O|  |TAMS 0x0000000080c00000, 0x0000000080c00000| Untracked 
|  13|0x0000000080d00000, 0x0000000080d00000, 0x0000000080e00000|  0%| F|  |TAMS 0x0000000080d00000, 0x0000000080d00000| Untracked 
|  14|0x0000000080e00000, 0x0000000080e00000, 0x0000000080f00000|  0%| F|  |TAMS 0x0000000080e00000, 0x0000000080e00000| Untracked 
|  15|0x0000000080f00000, 0x0000000080f00000, 0x0000000081000000|  0%| F|  |TAMS 0x0000000080f00000, 0x0000000080f00000| Untracked 
|  16|0x0000000081000000, 0x0000000081000000, 0x0000000081100000|  0%| F|  |TAMS 0x0000000081000000, 0x0000000081000000| Untracked 
|  17|0x0000000081100000, 0x0000000081100000, 0x0000000081200000|  0%| F|  |TAMS 0x0000000081100000, 0x0000000081100000| Untracked 
|  18|0x0000000081200000, 0x0000000081200000, 0x0000000081300000|  0%| F|  |TAMS 0x0000000081200000, 0x0000000081200000| Untracked 
|  19|0x0000000081300000, 0x0000000081300000, 0x0000000081400000|  0%| F|  |TAMS 0x0000000081300000, 0x0000000081300000| Untracked 
|  20|0x0000000081400000, 0x0000000081400000, 0x0000000081500000|  0%| F|  |TAMS 0x0000000081400000, 0x0000000081400000| Untracked 
|  21|0x0000000081500000, 0x0000000081500000, 0x0000000081600000|  0%| F|  |TAMS 0x0000000081500000, 0x0000000081500000| Untracked 
|  22|0x0000000081600000, 0x0000000081600000, 0x0000000081700000|  0%| F|  |TAMS 0x0000000081600000, 0x0000000081600000| Untracked 
|  23|0x0000000081700000, 0x0000000081700000, 0x0000000081800000|  0%| F|  |TAMS 0x0000000081700000, 0x0000000081700000| Untracked 
|  24|0x0000000081800000, 0x0000000081800000, 0x0000000081900000|  0%| F|  |TAMS 0x0000000081800000, 0x0000000081800000| Untracked 
|  25|0x0000000081900000, 0x0000000081900000, 0x0000000081a00000|  0%| F|  |TAMS 0x0000000081900000, 0x0000000081900000| Untracked 
|  26|0x0000000081a00000, 0x0000000081a00000, 0x0000000081b00000|  0%| F|  |TAMS 0x0000000081a00000, 0x0000000081a00000| Untracked 
|  27|0x0000000081b00000, 0x0000000081b00000, 0x0000000081c00000|  0%| F|  |TAMS 0x0000000081b00000, 0x0000000081b00000| Untracked 
|  28|0x0000000081c00000, 0x0000000081c00000, 0x0000000081d00000|  0%| F|  |TAMS 0x0000000081c00000, 0x0000000081c00000| Untracked 
|  29|0x0000000081d00000, 0x0000000081d00000, 0x0000000081e00000|  0%| F|  |TAMS 0x0000000081d00000, 0x0000000081d00000| Untracked 
|  30|0x0000000081e00000, 0x0000000081e00000, 0x0000000081f00000|  0%| F|  |TAMS 0x0000000081e00000, 0x0000000081e00000| Untracked 
|  31|0x0000000081f00000, 0x0000000081f00000, 0x0000000082000000|  0%| F|  |TAMS 0x0000000081f00000, 0x0000000081f00000| Untracked 
|  32|0x0000000082000000, 0x0000000082000000, 0x0000000082100000|  0%| F|  |TAMS 0x0000000082000000, 0x0000000082000000| Untracked 
|  33|0x0000000082100000, 0x0000000082100000, 0x0000000082200000|  0%| F|  |TAMS 0x0000000082100000, 0x0000000082100000| Untracked 
|  34|0x0000000082200000, 0x0000000082200000, 0x0000000082300000|  0%| F|  |TAMS 0x0000000082200000, 0x0000000082200000| Untracked 
|  35|0x0000000082300000, 0x0000000082300000, 0x0000000082400000|  0%| F|  |TAMS 0x0000000082300000, 0x0000000082300000| Untracked 
|  36|0x0000000082400000, 0x0000000082400000, 0x0000000082500000|  0%| F|  |TAMS 0x0000000082400000, 0x0000000082400000| Untracked 
|  37|0x0000000082500000, 0x0000000082500000, 0x0000000082600000|  0%| F|  |TAMS 0x0000000082500000, 0x0000000082500000| Untracked 
|  38|0x0000000082600000, 0x0000000082600000, 0x0000000082700000|  0%| F|  |TAMS 0x0000000082600000, 0x0000000082600000| Untracked 
|  39|0x0000000082700000, 0x0000000082700000, 0x0000000082800000|  0%| F|  |TAMS 0x0000000082700000, 0x0000000082700000| Untracked 
|  40|0x0000000082800000, 0x0000000082800000, 0x0000000082900000|  0%| F|  |TAMS 0x0000000082800000, 0x0000000082800000| Untracked 
|  41|0x0000000082900000, 0x0000000082900000, 0x0000000082a00000|  0%| F|  |TAMS 0x0000000082900000, 0x0000000082900000| Untracked 
|  42|0x0000000082a00000, 0x0000000082a00000, 0x0000000082b00000|  0%| F|  |TAMS 0x0000000082a00000, 0x0000000082a00000| Untracked 
|  43|0x0000000082b00000, 0x0000000082b00000, 0x0000000082c00000|  0%| F|  |TAMS 0x0000000082b00000, 0x0000000082b00000| Untracked 
|  44|0x0000000082c00000, 0x0000000082c00000, 0x0000000082d00000|  0%| F|  |TAMS 0x0000000082c00000, 0x0000000082c00000| Untracked 
|  45|0x0000000082d00000, 0x0000000082d00000, 0x0000000082e00000|  0%| F|  |TAMS 0x0000000082d00000, 0x0000000082d00000| Untracked 
|  46|0x0000000082e00000, 0x0000000082e00000, 0x0000000082f00000|  0%| F|  |TAMS 0x0000000082e00000, 0x0000000082e00000| Untracked 
|  47|0x0000000082f00000, 0x0000000082f00000, 0x0000000083000000|  0%| F|  |TAMS 0x0000000082f00000, 0x0000000082f00000| Untracked 
|  48|0x0000000083000000, 0x0000000083000000, 0x0000000083100000|  0%| F|  |TAMS 0x0000000083000000, 0x0000000083000000| Untracked 
|  49|0x0000000083100000, 0x0000000083100000, 0x0000000083200000|  0%| F|  |TAMS 0x0000000083100000, 0x0000000083100000| Untracked 
|  50|0x0000000083200000, 0x0000000083200000, 0x0000000083300000|  0%| F|  |TAMS 0x0000000083200000, 0x0000000083200000| Untracked 
|  51|0x0000000083300000, 0x0000000083300000, 0x0000000083400000|  0%| F|  |TAMS 0x0000000083300000, 0x0000000083300000| Untracked 
|  52|0x0000000083400000, 0x0000000083400000, 0x0000000083500000|  0%| F|  |TAMS 0x0000000083400000, 0x0000000083400000| Untracked 
|  53|0x0000000083500000, 0x0000000083500000, 0x0000000083600000|  0%| F|  |TAMS 0x0000000083500000, 0x0000000083500000| Untracked 
|  54|0x0000000083600000, 0x0000000083600000, 0x0000000083700000|  0%| F|  |TAMS 0x0000000083600000, 0x0000000083600000| Untracked 
|  55|0x0000000083700000, 0x0000000083700000, 0x0000000083800000|  0%| F|  |TAMS 0x0000000083700000, 0x0000000083700000| Untracked 
|  56|0x0000000083800000, 0x0000000083800000, 0x0000000083900000|  0%| F|  |TAMS 0x0000000083800000, 0x0000000083800000| Untracked 
|  57|0x0000000083900000, 0x0000000083900000, 0x0000000083a00000|  0%| F|  |TAMS 0x0000000083900000, 0x0000000083900000| Untracked 
|  58|0x0000000083a00000, 0x0000000083a00000, 0x0000000083b00000|  0%| F|  |TAMS 0x0000000083a00000, 0x0000000083a00000| Untracked 
|  59|0x0000000083b00000, 0x0000000083b00000, 0x0000000083c00000|  0%| F|  |TAMS 0x0000000083b00000, 0x0000000083b00000| Untracked 
|  60|0x0000000083c00000, 0x0000000083c00000, 0x0000000083d00000|  0%| F|  |TAMS 0x0000000083c00000, 0x0000000083c00000| Untracked 
|  61|0x0000000083d00000, 0x0000000083d00000, 0x0000000083e00000|  0%| F|  |TAMS 0x0000000083d00000, 0x0000000083d00000| Untracked 
|  62|0x0000000083e00000, 0x0000000083e00000, 0x0000000083f00000|  0%| F|  |TAMS 0x0000000083e00000, 0x0000000083e00000| Untracked 
|  63|0x0000000083f00000, 0x0000000083f00000, 0x0000000084000000|  0%| F|  |TAMS 0x0000000083f00000, 0x0000000083f00000| Untracked 
|  64|0x0000000084000000, 0x0000000084000000, 0x0000000084100000|  0%| F|  |TAMS 0x0000000084000000, 0x0000000084000000| Untracked 
|  65|0x0000000084100000, 0x0000000084100000, 0x0000000084200000|  0%| F|  |TAMS 0x0000000084100000, 0x0000000084100000| Untracked 
|  66|0x0000000084200000, 0x0000000084200000, 0x0000000084300000|  0%| F|  |TAMS 0x0000000084200000, 0x0000000084200000| Untracked 
|  67|0x0000000084300000, 0x0000000084300000, 0x0000000084400000|  0%| F|  |TAMS 0x0000000084300000, 0x0000000084300000| Untracked 
|  68|0x0000000084400000, 0x0000000084400000, 0x0000000084500000|  0%| F|  |TAMS 0x0000000084400000, 0x0000000084400000| Untracked 
|  69|0x0000000084500000, 0x0000000084500000, 0x0000000084600000|  0%| F|  |TAMS 0x0000000084500000, 0x0000000084500000| Untracked 
|  70|0x0000000084600000, 0x0000000084600000, 0x0000000084700000|  0%| F|  |TAMS 0x0000000084600000, 0x0000000084600000| Untracked 
|  71|0x0000000084700000, 0x0000000084700000, 0x0000000084800000|  0%| F|  |TAMS 0x0000000084700000, 0x0000000084700000| Untracked 
|  72|0x0000000084800000, 0x0000000084800000, 0x0000000084900000|  0%| F|  |TAMS 0x0000000084800000, 0x0000000084800000| Untracked 
|  73|0x0000000084900000, 0x0000000084980000, 0x0000000084a00000| 50%| E|  |TAMS 0x0000000084900000, 0x0000000084900000| Complete 
|  74|0x0000000084a00000, 0x0000000084b00000, 0x0000000084b00000|100%| E|CS|TAMS 0x0000000084a00000, 0x0000000084a00000| Complete 
|  75|0x0000000084b00000, 0x0000000084c00000, 0x0000000084c00000|100%| E|CS|TAMS 0x0000000084b00000, 0x0000000084b00000| Complete 
|  76|0x0000000084c00000, 0x0000000084d00000, 0x0000000084d00000|100%| S|CS|TAMS 0x0000000084c00000, 0x0000000084c00000| Complete 
|  77|0x0000000084d00000, 0x0000000084e00000, 0x0000000084e00000|100%| S|CS|TAMS 0x0000000084d00000, 0x0000000084d00000| Complete 
|  78|0x0000000084e00000, 0x0000000084f00000, 0x0000000084f00000|100%| S|CS|TAMS 0x0000000084e00000, 0x0000000084e00000| Complete 
|  79|0x0000000084f00000, 0x0000000085000000, 0x0000000085000000|100%| S|CS|TAMS 0x0000000084f00000, 0x0000000084f00000| Complete 
|  80|0x0000000085000000, 0x0000000085100000, 0x0000000085100000|100%| E|CS|TAMS 0x0000000085000000, 0x0000000085000000| Complete 
|  81|0x0000000085100000, 0x0000000085200000, 0x0000000085200000|100%| E|CS|TAMS 0x0000000085100000, 0x0000000085100000| Complete 
|  82|0x0000000085200000, 0x0000000085300000, 0x0000000085300000|100%| E|CS|TAMS 0x0000000085200000, 0x0000000085200000| Complete 
|  83|0x0000000085300000, 0x0000000085400000, 0x0000000085400000|100%| E|CS|TAMS 0x0000000085300000, 0x0000000085300000| Complete 
|  84|0x0000000085400000, 0x0000000085500000, 0x0000000085500000|100%| E|CS|TAMS 0x0000000085400000, 0x0000000085400000| Complete 
|  85|0x0000000085500000, 0x0000000085600000, 0x0000000085600000|100%| E|CS|TAMS 0x0000000085500000, 0x0000000085500000| Complete 
|  86|0x0000000085600000, 0x0000000085700000, 0x0000000085700000|100%| E|CS|TAMS 0x0000000085600000, 0x0000000085600000| Complete 
|  87|0x0000000085700000, 0x0000000085800000, 0x0000000085800000|100%| E|CS|TAMS 0x0000000085700000, 0x0000000085700000| Complete 
|  88|0x0000000085800000, 0x0000000085900000, 0x0000000085900000|100%| E|CS|TAMS 0x0000000085800000, 0x0000000085800000| Complete 
|  89|0x0000000085900000, 0x0000000085a00000, 0x0000000085a00000|100%| E|CS|TAMS 0x0000000085900000, 0x0000000085900000| Complete 
|  90|0x0000000085a00000, 0x0000000085b00000, 0x0000000085b00000|100%| E|CS|TAMS 0x0000000085a00000, 0x0000000085a00000| Complete 
|  91|0x0000000085b00000, 0x0000000085c00000, 0x0000000085c00000|100%| E|CS|TAMS 0x0000000085b00000, 0x0000000085b00000| Complete 
|  92|0x0000000085c00000, 0x0000000085d00000, 0x0000000085d00000|100%| E|CS|TAMS 0x0000000085c00000, 0x0000000085c00000| Complete 
|  93|0x0000000085d00000, 0x0000000085e00000, 0x0000000085e00000|100%| E|CS|TAMS 0x0000000085d00000, 0x0000000085d00000| Complete 
|  94|0x0000000085e00000, 0x0000000085f00000, 0x0000000085f00000|100%| E|CS|TAMS 0x0000000085e00000, 0x0000000085e00000| Complete 
|  95|0x0000000085f00000, 0x0000000086000000, 0x0000000086000000|100%| E|CS|TAMS 0x0000000085f00000, 0x0000000085f00000| Complete 
|  96|0x0000000086000000, 0x0000000086100000, 0x0000000086100000|100%| E|CS|TAMS 0x0000000086000000, 0x0000000086000000| Complete 
|  97|0x0000000086100000, 0x0000000086200000, 0x0000000086200000|100%| E|CS|TAMS 0x0000000086100000, 0x0000000086100000| Complete 
|  98|0x0000000086200000, 0x0000000086300000, 0x0000000086300000|100%| E|CS|TAMS 0x0000000086200000, 0x0000000086200000| Complete 
|  99|0x0000000086300000, 0x0000000086400000, 0x0000000086400000|100%| E|CS|TAMS 0x0000000086300000, 0x0000000086300000| Complete 
| 100|0x0000000086400000, 0x0000000086500000, 0x0000000086500000|100%| E|CS|TAMS 0x0000000086400000, 0x0000000086400000| Complete 
| 101|0x0000000086500000, 0x0000000086600000, 0x0000000086600000|100%| E|CS|TAMS 0x0000000086500000, 0x0000000086500000| Complete 
| 102|0x0000000086600000, 0x0000000086700000, 0x0000000086700000|100%| E|CS|TAMS 0x0000000086600000, 0x0000000086600000| Complete 
| 103|0x0000000086700000, 0x0000000086800000, 0x0000000086800000|100%| E|CS|TAMS 0x0000000086700000, 0x0000000086700000| Complete 
| 104|0x0000000086800000, 0x0000000086900000, 0x0000000086900000|100%| E|CS|TAMS 0x0000000086800000, 0x0000000086800000| Complete 
| 105|0x0000000086900000, 0x0000000086a00000, 0x0000000086a00000|100%| E|CS|TAMS 0x0000000086900000, 0x0000000086900000| Complete 
| 106|0x0000000086a00000, 0x0000000086b00000, 0x0000000086b00000|100%| E|CS|TAMS 0x0000000086a00000, 0x0000000086a00000| Complete 
| 107|0x0000000086b00000, 0x0000000086c00000, 0x0000000086c00000|100%| E|CS|TAMS 0x0000000086b00000, 0x0000000086b00000| Complete 
| 108|0x0000000086c00000, 0x0000000086d00000, 0x0000000086d00000|100%| E|CS|TAMS 0x0000000086c00000, 0x0000000086c00000| Complete 
| 109|0x0000000086d00000, 0x0000000086e00000, 0x0000000086e00000|100%| E|CS|TAMS 0x0000000086d00000, 0x0000000086d00000| Complete 
| 110|0x0000000086e00000, 0x0000000086f00000, 0x0000000086f00000|100%| E|CS|TAMS 0x0000000086e00000, 0x0000000086e00000| Complete 
| 111|0x0000000086f00000, 0x0000000087000000, 0x0000000087000000|100%| E|CS|TAMS 0x0000000086f00000, 0x0000000086f00000| Complete 
| 112|0x0000000087000000, 0x0000000087100000, 0x0000000087100000|100%| E|CS|TAMS 0x0000000087000000, 0x0000000087000000| Complete 
| 113|0x0000000087100000, 0x0000000087200000, 0x0000000087200000|100%| E|CS|TAMS 0x0000000087100000, 0x0000000087100000| Complete 
| 114|0x0000000087200000, 0x0000000087300000, 0x0000000087300000|100%| E|CS|TAMS 0x0000000087200000, 0x0000000087200000| Complete 
| 115|0x0000000087300000, 0x0000000087400000, 0x0000000087400000|100%| E|CS|TAMS 0x0000000087300000, 0x0000000087300000| Complete 
| 116|0x0000000087400000, 0x0000000087500000, 0x0000000087500000|100%| E|CS|TAMS 0x0000000087400000, 0x0000000087400000| Complete 
| 117|0x0000000087500000, 0x0000000087600000, 0x0000000087600000|100%| E|CS|TAMS 0x0000000087500000, 0x0000000087500000| Complete 
| 118|0x0000000087600000, 0x0000000087700000, 0x0000000087700000|100%| E|CS|TAMS 0x0000000087600000, 0x0000000087600000| Complete 
| 119|0x0000000087700000, 0x0000000087800000, 0x0000000087800000|100%| E|CS|TAMS 0x0000000087700000, 0x0000000087700000| Complete 
| 120|0x0000000087800000, 0x0000000087900000, 0x0000000087900000|100%| E|CS|TAMS 0x0000000087800000, 0x0000000087800000| Complete 
| 121|0x0000000087900000, 0x0000000087a00000, 0x0000000087a00000|100%| E|CS|TAMS 0x0000000087900000, 0x0000000087900000| Complete 
| 122|0x0000000087a00000, 0x0000000087b00000, 0x0000000087b00000|100%| E|CS|TAMS 0x0000000087a00000, 0x0000000087a00000| Complete 
| 123|0x0000000087b00000, 0x0000000087c00000, 0x0000000087c00000|100%| E|CS|TAMS 0x0000000087b00000, 0x0000000087b00000| Complete 
| 124|0x0000000087c00000, 0x0000000087d00000, 0x0000000087d00000|100%| E|CS|TAMS 0x0000000087c00000, 0x0000000087c00000| Complete 
| 125|0x0000000087d00000, 0x0000000087e00000, 0x0000000087e00000|100%| E|CS|TAMS 0x0000000087d00000, 0x0000000087d00000| Complete 
| 126|0x0000000087e00000, 0x0000000087f00000, 0x0000000087f00000|100%| E|CS|TAMS 0x0000000087e00000, 0x0000000087e00000| Complete 
| 127|0x0000000087f00000, 0x0000000088000000, 0x0000000088000000|100%| E|CS|TAMS 0x0000000087f00000, 0x0000000087f00000| Complete 

Card table byte_map: [0x000001896f770000,0x000001896fb70000] _byte_map_base: 0x000001896f370000

Marking Bits (Prev, Next): (CMBitMap*) 0x00000189585396e0, (CMBitMap*) 0x0000018958539720
 Prev Bits: [0x000001896ff70000, 0x0000018971f70000)
 Next Bits: [0x0000018971f70000, 0x0000018973f70000)

Polling page: 0x0000018956400000

Metaspace:

Usage:
  Non-class:     11.87 MB used.
      Class:      1.90 MB used.
       Both:     13.77 MB used.

Virtual space:
  Non-class space:       64.00 MB reserved,      12.00 MB ( 19%) committed,  1 nodes.
      Class space:        1.00 GB reserved,       2.00 MB ( <1%) committed,  1 nodes.
             Both:        1.06 GB reserved,      14.00 MB (  1%) committed. 

Chunk freelists:
   Non-Class:  3.58 MB
       Class:  13.95 MB
        Both:  17.53 MB

MaxMetaspaceSize: unlimited
CompressedClassSpaceSize: 1.00 GB
Initial GC threshold: 21.00 MB
Current GC threshold: 21.00 MB
CDS: on
MetaspaceReclaimPolicy: balanced
 - commit_granule_bytes: 65536.
 - commit_granule_words: 8192.
 - virtual_space_node_default_size: 8388608.
 - enlarge_chunks_in_place: 1.
 - new_chunks_are_fully_committed: 0.
 - uncommit_free_chunks: 1.
 - use_allocation_guard: 0.
 - handle_deallocations: 1.


Internal statistics:

num_allocs_failed_limit: 0.
num_arena_births: 168.
num_arena_deaths: 0.
num_vsnodes_births: 2.
num_vsnodes_deaths: 0.
num_space_committed: 224.
num_space_uncommitted: 0.
num_chunks_returned_to_freelist: 0.
num_chunks_taken_from_freelist: 603.
num_chunk_merges: 0.
num_chunk_splits: 405.
num_chunks_enlarged: 298.
num_inconsistent_stats: 0.

CodeHeap 'non-profiled nmethods': size=120000Kb used=1148Kb max_used=1148Kb free=118851Kb
 bounds [0x0000018967b10000, 0x0000018967d80000, 0x000001896f040000]
CodeHeap 'profiled nmethods': size=120000Kb used=4758Kb max_used=4758Kb free=115241Kb
 bounds [0x0000018960040000, 0x00000189604f0000, 0x0000018967570000]
CodeHeap 'non-nmethods': size=5760Kb used=1225Kb max_used=1244Kb free=4534Kb
 bounds [0x0000018967570000, 0x00000189677e0000, 0x0000018967b10000]
 total_blobs=2893 nmethods=2365 adapters=440
 compilation: enabled
              stopped_count=0, restarted_count=0
 full_count=0

Compilation events (20 events):
Event: 10.544 Thread 0x00000189769a47e0 2346       3       org.gradle.internal.reflect.JavaMethod::of (10 bytes)
Event: 10.545 Thread 0x00000189769a47e0 nmethod 2346 0x00000189604d4a90 code [0x00000189604d4cc0, 0x00000189604d5488]
Event: 10.545 Thread 0x00000189769a47e0 2347       3       jdk.proxy1.$Proxy2::<init> (6 bytes)
Event: 10.545 Thread 0x00000189769a47e0 nmethod 2347 0x00000189604d5790 code [0x00000189604d5960, 0x00000189604d5ce8]
Event: 10.548 Thread 0x00000189769a47e0 2351       3       org.gradle.util.internal.CollectionUtils::collect (53 bytes)
Event: 10.549 Thread 0x00000189769a47e0 nmethod 2351 0x00000189604d5e90 code [0x00000189604d60c0, 0x00000189604d6908]
Event: 10.573 Thread 0x00000189769a47e0 2352       3       java.lang.Module::isStaticallyExportedOrOpen (70 bytes)
Event: 10.574 Thread 0x00000189769a47e0 nmethod 2352 0x00000189604d6b10 code [0x00000189604d6d20, 0x00000189604d73f8]
Event: 10.575 Thread 0x00000189769a47e0 2353       3       jdk.internal.reflect.ReflectionFactory::copyConstructor (11 bytes)
Event: 10.576 Thread 0x00000189769a47e0 nmethod 2353 0x00000189604d7590 code [0x00000189604d7740, 0x00000189604d7928]
Event: 10.576 Thread 0x00000189769a47e0 2354       3       java.lang.reflect.ReflectAccess::copyConstructor (5 bytes)
Event: 10.577 Thread 0x00000189769a47e0 nmethod 2354 0x00000189604d7a90 code [0x00000189604d7c40, 0x00000189604d7d88]
Event: 10.577 Thread 0x00000189769a47e0 2355       3       java.lang.Class::privateGetDeclaredConstructors (79 bytes)
Event: 10.577 Thread 0x00000189769a47e0 nmethod 2355 0x00000189604d7e90 code [0x00000189604d8080, 0x00000189604d85a8]
Event: 10.594 Thread 0x00000189769a47e0 2356   !   3       jdk.internal.reflect.GeneratedConstructorAccessor1::newInstance (53 bytes)
Event: 10.595 Thread 0x00000189769a47e0 nmethod 2356 0x00000189604d8790 code [0x00000189604d89e0, 0x00000189604d9288]
Event: 10.595 Thread 0x00000189769a47e0 2357   !   3       jdk.proxy1.$Proxy4::value (29 bytes)
Event: 10.596 Thread 0x00000189769a47e0 nmethod 2357 0x00000189604d9690 code [0x00000189604d9860, 0x00000189604d9c58]
Event: 10.643 Thread 0x00000189769a47e0 2358       3       sun.reflect.annotation.AnnotationParser::parseArray (220 bytes)
Event: 10.645 Thread 0x00000189769a47e0 nmethod 2358 0x00000189604d9e10 code [0x00000189604da180, 0x00000189604db078]

GC Heap History (6 events):
Event: 3.674 GC heap before
{Heap before GC invocations=0 (full 0):
 garbage-first heap   total 131072K, used 22528K [0x0000000080000000, 0x0000000100000000)
  region size 1024K, 23 young (23552K), 0 survivors (0K)
 Metaspace       used 1072K, committed 1216K, reserved 1114112K
  class space    used 73K, committed 128K, reserved 1048576K
}
Event: 3.892 GC heap after
{Heap after GC invocations=1 (full 0):
 garbage-first heap   total 131072K, used 2389K [0x0000000080000000, 0x0000000100000000)
  region size 1024K, 3 young (3072K), 3 survivors (3072K)
 Metaspace       used 1072K, committed 1216K, reserved 1114112K
  class space    used 73K, committed 128K, reserved 1048576K
}
Event: 7.037 GC heap before
{Heap before GC invocations=1 (full 0):
 garbage-first heap   total 131072K, used 40277K [0x0000000080000000, 0x0000000100000000)
  region size 1024K, 38 young (38912K), 3 survivors (3072K)
 Metaspace       used 4418K, committed 4608K, reserved 1114112K
  class space    used 549K, committed 640K, reserved 1048576K
}
Event: 7.049 GC heap after
{Heap after GC invocations=2 (full 0):
 garbage-first heap   total 131072K, used 10762K [0x0000000080000000, 0x0000000100000000)
  region size 1024K, 5 young (5120K), 5 survivors (5120K)
 Metaspace       used 4418K, committed 4608K, reserved 1114112K
  class space    used 549K, committed 640K, reserved 1048576K
}
Event: 8.051 GC heap before
{Heap before GC invocations=2 (full 0):
 garbage-first heap   total 131072K, used 56842K [0x0000000080000000, 0x0000000100000000)
  region size 1024K, 48 young (49152K), 5 survivors (5120K)
 Metaspace       used 4635K, committed 4864K, reserved 1114112K
  class space    used 580K, committed 704K, reserved 1048576K
}
Event: 8.059 GC heap after
{Heap after GC invocations=3 (full 0):
 garbage-first heap   total 131072K, used 15898K [0x0000000080000000, 0x0000000100000000)
  region size 1024K, 4 young (4096K), 4 survivors (4096K)
 Metaspace       used 4635K, committed 4864K, reserved 1114112K
  class space    used 580K, committed 704K, reserved 1048576K
}

Dll operation events (15 events):
Event: 0.048 Loaded shared library C:\Program Files\Eclipse Adoptium\jdk-17.0.18.8-hotspot\bin\java.dll
Event: 0.163 Loaded shared library C:\Program Files\Eclipse Adoptium\jdk-17.0.18.8-hotspot\bin\jsvml.dll
Event: 0.497 Loaded shared library C:\Program Files\Eclipse Adoptium\jdk-17.0.18.8-hotspot\bin\zip.dll
Event: 0.504 Loaded shared library C:\Program Files\Eclipse Adoptium\jdk-17.0.18.8-hotspot\bin\instrument.dll
Event: 0.527 Loaded shared library C:\Program Files\Eclipse Adoptium\jdk-17.0.18.8-hotspot\bin\net.dll
Event: 0.533 Loaded shared library C:\Program Files\Eclipse Adoptium\jdk-17.0.18.8-hotspot\bin\nio.dll
Event: 0.539 Loaded shared library C:\Program Files\Eclipse Adoptium\jdk-17.0.18.8-hotspot\bin\zip.dll
Event: 2.988 Loaded shared library C:\Program Files\Eclipse Adoptium\jdk-17.0.18.8-hotspot\bin\jimage.dll
Event: 4.925 Loaded shared library C:\Program Files\Eclipse Adoptium\jdk-17.0.18.8-hotspot\bin\verify.dll
Event: 5.516 Loaded shared library C:\Users\Administrator\.gradle\native\1def1411415f61bf3af743bc5b6707747c0891f09f0c88961ee8f79bc544acac\windows-amd64\native-platform.dll
Event: 5.566 Loaded shared library C:\Users\Administrator\.gradle\native\0.2.7\x86_64-windows-gnu\gradle-fileevents.dll
Event: 8.371 Loaded shared library C:\Program Files\Eclipse Adoptium\jdk-17.0.18.8-hotspot\bin\management.dll
Event: 8.376 Loaded shared library C:\Program Files\Eclipse Adoptium\jdk-17.0.18.8-hotspot\bin\management_ext.dll
Event: 8.785 Loaded shared library C:\Program Files\Eclipse Adoptium\jdk-17.0.18.8-hotspot\bin\extnet.dll
Event: 9.370 Loaded shared library C:\Program Files\Eclipse Adoptium\jdk-17.0.18.8-hotspot\bin\sunmscapi.dll

Deoptimization events (20 events):
Event: 9.479 Thread 0x000001897c5b9020 Uncommon trap: trap_request=0xffffff45 fr.pc=0x0000018967b3359c relative=0x000000000000043c
Event: 9.479 Thread 0x000001897c5b9020 Uncommon trap: reason=unstable_if action=reinterpret pc=0x0000018967b3359c method=java.util.regex.Matcher.match(II)Z @ 76 c2
Event: 9.479 Thread 0x000001897c5b9020 DEOPT PACKING pc=0x0000018967b3359c sp=0x00000089120fd9a0
Event: 9.479 Thread 0x000001897c5b9020 DEOPT UNPACKING pc=0x00000189675c69a3 sp=0x00000089120fd970 mode 2
Event: 9.480 Thread 0x000001897c5b9020 Uncommon trap: trap_request=0xffffff45 fr.pc=0x0000018967b32d70 relative=0x00000000000001d0
Event: 9.480 Thread 0x000001897c5b9020 Uncommon trap: reason=unstable_if action=reinterpret pc=0x0000018967b32d70 method=java.util.regex.Matcher.reset()Ljava/util/regex/Matcher; @ 47 c2
Event: 9.480 Thread 0x000001897c5b9020 DEOPT PACKING pc=0x0000018967b32d70 sp=0x00000089120fd960
Event: 9.480 Thread 0x000001897c5b9020 DEOPT UNPACKING pc=0x00000189675c69a3 sp=0x00000089120fd8f0 mode 2
Event: 10.000 Thread 0x000001897c643690 Uncommon trap: trap_request=0xffffff45 fr.pc=0x0000018967c08f80 relative=0x0000000000000c80
Event: 10.000 Thread 0x000001897c643690 Uncommon trap: reason=unstable_if action=reinterpret pc=0x0000018967c08f80 method=java.util.HashMap.getNode(Ljava/lang/Object;)Ljava/util/HashMap$Node; @ 66 c2
Event: 10.000 Thread 0x000001897c643690 DEOPT PACKING pc=0x0000018967c08f80 sp=0x00000089122fc630
Event: 10.000 Thread 0x000001897c643690 DEOPT UNPACKING pc=0x00000189675c69a3 sp=0x00000089122fc580 mode 2
Event: 10.000 Thread 0x000001897c643690 Uncommon trap: trap_request=0xffffff45 fr.pc=0x0000018967b46060 relative=0x0000000000000520
Event: 10.000 Thread 0x000001897c643690 Uncommon trap: reason=unstable_if action=reinterpret pc=0x0000018967b46060 method=java.util.HashMap.getNode(Ljava/lang/Object;)Ljava/util/HashMap$Node; @ 66 c2
Event: 10.000 Thread 0x000001897c643690 DEOPT PACKING pc=0x0000018967b46060 sp=0x00000089122fc5f0
Event: 10.000 Thread 0x000001897c643690 DEOPT UNPACKING pc=0x00000189675c69a3 sp=0x00000089122fc580 mode 2
Event: 10.053 Thread 0x000001897c643690 Uncommon trap: trap_request=0xffffff45 fr.pc=0x0000018967ba6f58 relative=0x00000000000002b8
Event: 10.054 Thread 0x000001897c643690 Uncommon trap: reason=unstable_if action=reinterpret pc=0x0000018967ba6f58 method=java.util.concurrent.ConcurrentHashMap.get(Ljava/lang/Object;)Ljava/lang/Object; @ 152 c2
Event: 10.054 Thread 0x000001897c643690 DEOPT PACKING pc=0x0000018967ba6f58 sp=0x00000089122fbae0
Event: 10.054 Thread 0x000001897c643690 DEOPT UNPACKING pc=0x00000189675c69a3 sp=0x00000089122fba48 mode 2

Classes loaded (20 events):
Event: 10.051 Loading class jdk/internal/vm/annotation/IntrinsicCandidate
Event: 10.052 Loading class jdk/internal/vm/annotation/IntrinsicCandidate done
Event: 10.057 Loading class java/util/stream/MatchOps$MatchKind
Event: 10.058 Loading class java/util/stream/MatchOps$MatchKind done
Event: 10.058 Loading class java/util/stream/MatchOps
Event: 10.058 Loading class java/util/stream/MatchOps done
Event: 10.059 Loading class java/util/stream/MatchOps$MatchOp
Event: 10.059 Loading class java/util/stream/MatchOps$MatchOp done
Event: 10.059 Loading class java/util/stream/MatchOps$BooleanTerminalSink
Event: 10.060 Loading class java/util/stream/MatchOps$BooleanTerminalSink done
Event: 10.061 Loading class java/util/stream/MatchOps$1MatchSink
Event: 10.061 Loading class java/util/stream/MatchOps$1MatchSink done
Event: 10.121 Loading class java/lang/TypeNotPresentException
Event: 10.121 Loading class java/lang/TypeNotPresentException done
Event: 10.181 Loading class java/lang/invoke/MethodHandle$1
Event: 10.181 Loading class java/lang/invoke/MethodHandle$1 done
Event: 10.233 Loading class java/util/ConcurrentModificationException
Event: 10.233 Loading class java/util/ConcurrentModificationException done
Event: 10.287 Loading class sun/reflect/generics/scope/ConstructorScope
Event: 10.287 Loading class sun/reflect/generics/scope/ConstructorScope done

Classes unloaded (0 events):
No events

Classes redefined (0 events):
No events

Internal exceptions (20 events):
Event: 5.776 Thread 0x00000189584dd2d0 Exception <a 'java/lang/NoSuchMethodError'{0x00000000875b1d50}: 'java.lang.Object java.lang.invoke.DirectMethodHandle$Holder.invokeVirtual(java.lang.Object, java.lang.Object, java.lang.Object)'> (0x00000000875b1d50) 
thrown [s\src\hotspot\share\interpreter\linkResolver.cpp, line 759]
Event: 5.901 Thread 0x00000189584dd2d0 Exception <a 'java/lang/NoSuchMethodError'{0x00000000874c04d0}: 'int java.lang.invoke.DirectMethodHandle$Holder.invokeStatic(java.lang.Object)'> (0x00000000874c04d0) 
thrown [s\src\hotspot\share\interpreter\linkResolver.cpp, line 759]
Event: 5.902 Thread 0x00000189584dd2d0 Exception <a 'java/lang/NoSuchMethodError'{0x00000000874c3980}: 'int java.lang.invoke.DirectMethodHandle$Holder.invokeStaticInit(java.lang.Object)'> (0x00000000874c3980) 
thrown [s\src\hotspot\share\interpreter\linkResolver.cpp, line 759]
Event: 8.369 Thread 0x00000189584dd2d0 Exception <a 'java/lang/NoSuchMethodError'{0x0000000087673018}: 'java.lang.Object java.lang.invoke.DirectMethodHandle$Holder.invokeStaticInit(java.lang.Object)'> (0x0000000087673018) 
thrown [s\src\hotspot\share\interpreter\linkResolver.cpp, line 759]
Event: 8.413 Thread 0x00000189584dd2d0 Exception <a 'java/lang/NoSuchMethodError'{0x00000000876fc0a0}: 'java.lang.Object java.lang.invoke.DirectMethodHandle$Holder.invokeInterface(java.lang.Object, java.lang.Object)'> (0x00000000876fc0a0) 
thrown [s\src\hotspot\share\interpreter\linkResolver.cpp, line 759]
Event: 8.788 Thread 0x00000189584dd2d0 Exception <a 'java/lang/NoSuchMethodError'{0x00000000872ed538}: 'void java.lang.invoke.DirectMethodHandle$Holder.invokeStatic(java.lang.Object, java.lang.Object, java.lang.Object)'> (0x00000000872ed538) 
thrown [s\src\hotspot\share\interpreter\linkResolver.cpp, line 759]
Event: 8.917 Thread 0x00000189584dd2d0 Exception <a 'java/lang/NoSuchMethodError'{0x0000000086f7d230}: 'java.lang.Object java.lang.invoke.DirectMethodHandle$Holder.invokeStaticInit(java.lang.Object, int, int, int, int)'> (0x0000000086f7d230) 
thrown [s\src\hotspot\share\interpreter\linkResolver.cpp, line 759]
Event: 9.110 Thread 0x00000189584dd2d0 Exception <a 'java/lang/NoSuchMethodError'{0x0000000086e19490}: 'java.lang.Object java.lang.invoke.DirectMethodHandle$Holder.invokeStaticInit(java.lang.Object, java.lang.Object, int, int, int, int)'> (0x0000000086e19490) 
thrown [s\src\hotspot\share\interpreter\linkResolver.cpp, line 759]
Event: 9.260 Thread 0x00000189584dd2d0 Exception <a 'java/io/IOException'{0x0000000086b32478}> (0x0000000086b32478) 
thrown [s\src\hotspot\share\prims\jni.cpp, line 516]
Event: 9.268 Thread 0x00000189584dd2d0 Implicit null exception at 0x0000018967b652f2 to 0x0000018967b6590c
Event: 9.278 Thread 0x00000189584dd2d0 Exception <a 'java/lang/NoSuchMethodError'{0x0000000086b991b8}: 'java.lang.Object java.lang.invoke.DirectMethodHandle$Holder.newInvokeSpecial(java.lang.Object, java.lang.Object, java.lang.Object, java.lang.Object, java.lang.Object)'> (0x0000000086b991b8) 
thrown [s\src\hotspot\share\interpreter\linkResolver.cpp, line 759]
Event: 9.562 Thread 0x000001897c6055b0 Exception <a 'java/lang/NoSuchMethodError'{0x0000000086879958}: 'void java.lang.invoke.DirectMethodHandle$Holder.invokeSpecial(java.lang.Object, java.lang.Object, java.lang.Object)'> (0x0000000086879958) 
thrown [s\src\hotspot\share\interpreter\linkResolver.cpp, line 759]
Event: 9.751 Thread 0x000001897c643690 Exception <a 'java/lang/NoSuchMethodError'{0x00000000861aa918}: 'long java.lang.invoke.DirectMethodHandle$Holder.invokeInterface(java.lang.Object, java.lang.Object)'> (0x00000000861aa918) 
thrown [s\src\hotspot\share\interpreter\linkResolver.cpp, line 759]
Event: 9.928 Thread 0x000001897c643690 Exception <a 'java/lang/NoSuchMethodError'{0x0000000085df6340}: 'void java.lang.invoke.DirectMethodHandle$Holder.invokeStatic(java.lang.Object, java.lang.Object)'> (0x0000000085df6340) 
thrown [s\src\hotspot\share\interpreter\linkResolver.cpp, line 759]
Event: 10.069 Thread 0x000001897c643690 Exception <a 'java/lang/NoSuchMethodError'{0x0000000085a18ff8}: 'int java.lang.invoke.DirectMethodHandle$Holder.invokeVirtual(java.lang.Object, java.lang.Object, java.lang.Object)'> (0x0000000085a18ff8) 
thrown [s\src\hotspot\share\interpreter\linkResolver.cpp, line 759]
Event: 10.188 Thread 0x000001897c643690 Exception <a 'java/lang/NoSuchMethodError'{0x00000000858b0410}: 'java.lang.Object java.lang.invoke.DirectMethodHandle$Holder.newInvokeSpecial(java.lang.Object, java.lang.Object, java.lang.Object, java.lang.Object, java.lang.Object, java.lang.Object)'> (0x00000000858b0410) 
thrown [s\src\hotspot\share\interpreter\linkResolver.cpp, line 759]
Event: 10.344 Thread 0x000001897c643690 Exception <a 'java/lang/NoSuchMethodError'{0x00000000855bb3b0}: 'void java.lang.invoke.DelegatingMethodHandle$Holder.reinvoke_L(java.lang.Object, java.lang.Object, java.lang.Object, java.lang.Object, java.lang.Object, java.lang.Object, java.lang.Object, java.lang.Object, java.lang.Object, java.lang.Object)'> (0x00000000855bb3b0) 
thrown [s\src\hotspot\share\interpreter\linkResolver.cpp, line 759]
Event: 10.346 Thread 0x000001897c643690 Exception <a 'java/lang/NoSuchMethodError'{0x00000000855c3820}: 'java.lang.Object java.lang.invoke.DirectMethodHandle$Holder.invokeSpecial(java.lang.Object, java.lang.Object, java.lang.Object, java.lang.Object, java.lang.Object, java.lang.Object, java.lang.Object, java.lang.Object, java.lang.Object, java.lang.Object)'> (0x00000000855c3820) 
thrown [s\src\hotspot\share\interpreter\linkResolver.cpp, line 759]
Event: 10.347 Thread 0x000001897c643690 Exception <a 'java/lang/NoSuchMethodError'{0x00000000855c80f0}: 'java.lang.Object java.lang.invoke.Invokers$Holder.invoker(java.lang.Object, java.lang.Object, java.lang.Object, java.lang.Object, java.lang.Object, java.lang.Object, java.lang.Object, java.lang.Object, java.lang.Object, java.lang.Object)'> (0x00000000855c80f0) 
thrown [s\src\hotspot\share\interpreter\linkResolver.cpp, line 759]
Event: 10.348 Thread 0x000001897c643690 Exception <a 'java/lang/NoSuchMethodError'{0x00000000855cdcf8}: 'java.lang.Object java.lang.invoke.DirectMethodHandle$Holder.invokeSpecial(java.lang.Object, java.lang.Object, java.lang.Object, java.lang.Object, java.lang.Object, java.lang.Object, java.lang.Object, java.lang.Object, java.lang.Object, java.lang.Object, java.lang.Object)'> (0x00000000855cdcf8) 
thrown [s\src\hotspot\share\interpreter\linkResolver.cpp, line 759]

VM Operations (20 events):
Event: 8.328 Executing VM operation: HandshakeAllThreads
Event: 8.328 Executing VM operation: HandshakeAllThreads done
Event: 8.407 Executing VM operation: HandshakeAllThreads
Event: 8.407 Executing VM operation: HandshakeAllThreads done
Event: 8.467 Executing VM operation: HandshakeAllThreads
Event: 8.467 Executing VM operation: HandshakeAllThreads done
Event: 8.779 Executing VM operation: HandshakeAllThreads
Event: 8.779 Executing VM operation: HandshakeAllThreads done
Event: 8.867 Executing VM operation: HandshakeAllThreads
Event: 8.867 Executing VM operation: HandshakeAllThreads done
Event: 8.939 Executing VM operation: HandshakeAllThreads
Event: 8.939 Executing VM operation: HandshakeAllThreads done
Event: 9.036 Executing VM operation: HandshakeAllThreads
Event: 9.036 Executing VM operation: HandshakeAllThreads done
Event: 9.332 Executing VM operation: HandshakeAllThreads
Event: 9.332 Executing VM operation: HandshakeAllThreads done
Event: 9.332 Executing VM operation: Cleanup
Event: 9.332 Executing VM operation: Cleanup done
Event: 10.345 Executing VM operation: Cleanup
Event: 10.345 Executing VM operation: Cleanup done

Memory protections (0 events):
No events

Nmethod flushes (0 events):
No events

Events (20 events):
Event: 0.252 Thread 0x00000189584dd2d0 Thread added: 0x00000189769a47e0
Event: 0.253 Thread 0x00000189584dd2d0 Thread added: 0x00000189769ae890
Event: 0.345 Thread 0x00000189584dd2d0 Thread added: 0x0000018976bae660
Event: 0.596 Thread 0x00000189584dd2d0 Thread added: 0x0000018976c52900
Event: 5.325 Thread 0x00000189769a47e0 Thread added: 0x000001897b7c5740
Event: 5.613 Thread 0x000001897b7c5740 Thread exited: 0x000001897b7c5740
Event: 5.871 Thread 0x00000189769a47e0 Thread added: 0x00000189769d12d0
Event: 6.974 Thread 0x00000189769d12d0 Thread exited: 0x00000189769d12d0
Event: 8.323 Thread 0x00000189769a47e0 Thread added: 0x000001897c3eeff0
Event: 8.441 Thread 0x00000189584dd2d0 Thread added: 0x000001897c3ae530
Event: 8.719 Thread 0x000001897c3eeff0 Thread exited: 0x000001897c3eeff0
Event: 9.145 Thread 0x00000189584dd2d0 Thread added: 0x000001897c5e44b0
Event: 9.290 Thread 0x00000189584dd2d0 Thread added: 0x000001897c5db4c0
Event: 9.427 Thread 0x000001897c5e44b0 Thread added: 0x000001897c6055b0
Event: 9.434 Thread 0x000001897c6055b0 Thread added: 0x000001897c5b9020
Event: 9.547 Thread 0x000001897c6055b0 Thread added: 0x000001897c6440b0
Event: 9.565 Thread 0x000001897c6055b0 Thread added: 0x000001897c643690
Event: 9.607 Thread 0x000001897c643690 Thread added: 0x000001897c6454f0
Event: 9.614 Thread 0x000001897c643690 Thread added: 0x000001897c645a00
Event: 9.620 Thread 0x000001897c643690 Thread added: 0x000001897c644ad0


Dynamic libraries:
0x00007ff6675d0000 - 0x00007ff6675de000 	C:\Program Files\Eclipse Adoptium\jdk-17.0.18.8-hotspot\bin\java.exe
0x00007fffdf610000 - 0x00007fffdf828000 	C:\Windows\SYSTEM32\ntdll.dll
0x00007fffdeaf0000 - 0x00007fffdebb4000 	C:\Windows\System32\KERNEL32.DLL
0x00007fffdcb20000 - 0x00007fffdcef3000 	C:\Windows\System32\KERNELBASE.dll
0x00007fffdd110000 - 0x00007fffdd221000 	C:\Windows\System32\ucrtbase.dll
0x00007fffb9060000 - 0x00007fffb9078000 	C:\Program Files\Eclipse Adoptium\jdk-17.0.18.8-hotspot\bin\jli.dll
0x00007fffdf3d0000 - 0x00007fffdf582000 	C:\Windows\System32\USER32.dll
0x00007fffdc7e0000 - 0x00007fffdc806000 	C:\Windows\System32\win32u.dll
0x00007fffde900000 - 0x00007fffde929000 	C:\Windows\System32\GDI32.dll
0x00007fffdca00000 - 0x00007fffdcb1b000 	C:\Windows\System32\gdi32full.dll
0x00007fffdd070000 - 0x00007fffdd10a000 	C:\Windows\System32\msvcp_win.dll
0x00007fffb9040000 - 0x00007fffb905e000 	C:\Program Files\Eclipse Adoptium\jdk-17.0.18.8-hotspot\bin\VCRUNTIME140.dll
0x00007fffc5e10000 - 0x00007fffc60ac000 	C:\Windows\WinSxS\amd64_microsoft.windows.common-controls_6595b64144ccf1df_6.0.22621.6060_none_2712eda17382d24b\COMCTL32.dll
0x00007fffdebc0000 - 0x00007fffdec67000 	C:\Windows\System32\msvcrt.dll
0x00007fffdf590000 - 0x00007fffdf5c1000 	C:\Windows\System32\IMM32.DLL
0x00007fffb8bf0000 - 0x00007fffb8bfc000 	C:\Program Files\Eclipse Adoptium\jdk-17.0.18.8-hotspot\bin\vcruntime140_1.dll
0x00007ffeb1480000 - 0x00007ffeb150d000 	C:\Program Files\Eclipse Adoptium\jdk-17.0.18.8-hotspot\bin\msvcp140.dll
0x00007ffeb0200000 - 0x00007ffeb0e6b000 	C:\Program Files\Eclipse Adoptium\jdk-17.0.18.8-hotspot\bin\server\jvm.dll
0x00007fffde5e0000 - 0x00007fffde691000 	C:\Windows\System32\ADVAPI32.dll
0x00007fffde2a0000 - 0x00007fffde348000 	C:\Windows\System32\sechost.dll
0x00007fffdc810000 - 0x00007fffdc838000 	C:\Windows\System32\bcrypt.dll
0x00007fffdf230000 - 0x00007fffdf348000 	C:\Windows\System32\RPCRT4.dll
0x00007fffde560000 - 0x00007fffde5d1000 	C:\Windows\System32\WS2_32.dll
0x00007fffdc5f0000 - 0x00007fffdc63d000 	C:\Windows\SYSTEM32\POWRPROF.dll
0x00007fffd78a0000 - 0x00007fffd78d4000 	C:\Windows\SYSTEM32\WINMM.dll
0x00007fffd8960000 - 0x00007fffd896a000 	C:\Windows\SYSTEM32\VERSION.dll
0x00007fffdc5d0000 - 0x00007fffdc5e3000 	C:\Windows\SYSTEM32\UMPDC.dll
0x00007fffdb6c0000 - 0x00007fffdb6d8000 	C:\Windows\SYSTEM32\kernel.appcore.dll
0x00007fffb8be0000 - 0x00007fffb8bea000 	C:\Program Files\Eclipse Adoptium\jdk-17.0.18.8-hotspot\bin\jimage.dll
0x00007fffda030000 - 0x00007fffda263000 	C:\Windows\SYSTEM32\DBGHELP.DLL
0x00007fffded50000 - 0x00007fffdf0e1000 	C:\Windows\System32\combase.dll
0x00007fffdec70000 - 0x00007fffded48000 	C:\Windows\System32\OLEAUT32.dll
0x00007fffc6a50000 - 0x00007fffc6a82000 	C:\Windows\SYSTEM32\dbgcore.DLL
0x00007fffdc840000 - 0x00007fffdc8bb000 	C:\Windows\System32\bcryptPrimitives.dll
0x00007fff97f80000 - 0x00007fff97f8e000 	C:\Program Files\Eclipse Adoptium\jdk-17.0.18.8-hotspot\bin\instrument.dll
0x00007fff8f950000 - 0x00007fff8f975000 	C:\Program Files\Eclipse Adoptium\jdk-17.0.18.8-hotspot\bin\java.dll
0x00007ffeb11a0000 - 0x00007ffeb1277000 	C:\Program Files\Eclipse Adoptium\jdk-17.0.18.8-hotspot\bin\jsvml.dll
0x00007fffdd9d0000 - 0x00007fffde26c000 	C:\Windows\System32\SHELL32.dll
0x00007fffdc8c0000 - 0x00007fffdc9ff000 	C:\Windows\System32\wintypes.dll
0x00007fffda5d0000 - 0x00007fffdaeea000 	C:\Windows\SYSTEM32\windows.storage.dll
0x00007fffde750000 - 0x00007fffde854000 	C:\Windows\System32\SHCORE.dll
0x00007fffdd960000 - 0x00007fffdd9c9000 	C:\Windows\System32\shlwapi.dll
0x00007fffdc650000 - 0x00007fffdc675000 	C:\Windows\SYSTEM32\profapi.dll
0x00007fff68600000 - 0x00007fff68618000 	C:\Program Files\Eclipse Adoptium\jdk-17.0.18.8-hotspot\bin\zip.dll
0x00007fff685e0000 - 0x00007fff685fa000 	C:\Program Files\Eclipse Adoptium\jdk-17.0.18.8-hotspot\bin\net.dll
0x00007fffd7c90000 - 0x00007fffd7dbc000 	C:\Windows\SYSTEM32\WINHTTP.dll
0x00007fffdbb80000 - 0x00007fffdbbe9000 	C:\Windows\system32\mswsock.dll
0x00007fff5ca50000 - 0x00007fff5ca66000 	C:\Program Files\Eclipse Adoptium\jdk-17.0.18.8-hotspot\bin\nio.dll
0x00007fffbd1e0000 - 0x00007fffbd1f0000 	C:\Program Files\Eclipse Adoptium\jdk-17.0.18.8-hotspot\bin\verify.dll
0x00007fffb8ee0000 - 0x00007fffb8f07000 	C:\Users\Administrator\.gradle\native\1def1411415f61bf3af743bc5b6707747c0891f09f0c88961ee8f79bc544acac\windows-amd64\native-platform.dll
0x00007fff68560000 - 0x00007fff685d8000 	C:\Users\Administrator\.gradle\native\0.2.7\x86_64-windows-gnu\gradle-fileevents.dll
0x00007fff976b0000 - 0x00007fff976ba000 	C:\Program Files\Eclipse Adoptium\jdk-17.0.18.8-hotspot\bin\management.dll
0x00007fff94ce0000 - 0x00007fff94cec000 	C:\Program Files\Eclipse Adoptium\jdk-17.0.18.8-hotspot\bin\management_ext.dll
0x00007fffde270000 - 0x00007fffde278000 	C:\Windows\System32\PSAPI.DLL
0x00007fffdb150000 - 0x00007fffdb17d000 	C:\Windows\SYSTEM32\IPHLPAPI.DLL
0x00007fffde860000 - 0x00007fffde869000 	C:\Windows\System32\NSI.dll
0x00007fffd6910000 - 0x00007fffd6929000 	C:\Windows\SYSTEM32\dhcpcsvc6.DLL
0x00007fffd67d0000 - 0x00007fffd67ef000 	C:\Windows\SYSTEM32\dhcpcsvc.DLL
0x00007fffdb1c0000 - 0x00007fffdb2b8000 	C:\Windows\SYSTEM32\DNSAPI.dll
0x00007fff8d8c0000 - 0x00007fff8d8c9000 	C:\Program Files\Eclipse Adoptium\jdk-17.0.18.8-hotspot\bin\extnet.dll
0x00007fffdbed0000 - 0x00007fffdbeeb000 	C:\Windows\SYSTEM32\CRYPTSP.dll
0x00007fffdb620000 - 0x00007fffdb657000 	C:\Windows\system32\rsaenh.dll
0x00007fffdbc20000 - 0x00007fffdbc48000 	C:\Windows\SYSTEM32\USERENV.dll
0x00007fffdbeb0000 - 0x00007fffdbebc000 	C:\Windows\SYSTEM32\CRYPTBASE.dll
0x00007fff8bd90000 - 0x00007fff8bd9e000 	C:\Program Files\Eclipse Adoptium\jdk-17.0.18.8-hotspot\bin\sunmscapi.dll
0x00007fffdcf00000 - 0x00007fffdd068000 	C:\Windows\System32\CRYPT32.dll
0x00007fffdbfd0000 - 0x00007fffdbffe000 	C:\Windows\SYSTEM32\ncrypt.dll
0x00007fffdbf90000 - 0x00007fffdbfc7000 	C:\Windows\SYSTEM32\NTASN1.dll
0x00007fff9a140000 - 0x00007fff9a148000 	C:\Windows\system32\wshunix.dll

dbghelp: loaded successfully - version: 4.0.5 - missing functions: none
symbol engine: initialized successfully - sym options: 0x614 - pdb path: .;C:\Program Files\Eclipse Adoptium\jdk-17.0.18.8-hotspot\bin;C:\Windows\SYSTEM32;C:\Windows\WinSxS\amd64_microsoft.windows.common-controls_6595b64144ccf1df_6.0.22621.6060_none_2712eda17382d24b;C:\Program Files\Eclipse Adoptium\jdk-17.0.18.8-hotspot\bin\server;C:\Users\Administrator\.gradle\native\1def1411415f61bf3af743bc5b6707747c0891f09f0c88961ee8f79bc544acac\windows-amd64;C:\Users\Administrator\.gradle\native\0.2.7\x86_64-windows-gnu

VM Arguments:
jvm_args: --add-opens=java.base/java.lang=ALL-UNNAMED --add-opens=java.base/java.lang.invoke=ALL-UNNAMED --add-opens=java.base/java.util=ALL-UNNAMED --add-opens=java.prefs/java.util.prefs=ALL-UNNAMED --add-exports=jdk.compiler/com.sun.tools.javac.api=ALL-UNNAMED --add-exports=jdk.compiler/com.sun.tools.javac.util=ALL-UNNAMED --add-opens=java.base/java.util=ALL-UNNAMED --add-opens=java.prefs/java.util.prefs=ALL-UNNAMED --add-opens=java.base/java.nio.charset=ALL-UNNAMED --add-opens=java.base/java.net=ALL-UNNAMED --add-opens=java.base/java.util.concurrent.atomic=ALL-UNNAMED --add-opens=java.xml/javax.xml.namespace=ALL-UNNAMED -Xmx2048m -Dfile.encoding=UTF-8 -Duser.country=US -Duser.language=en -Duser.variant -javaagent:C:\Users\Administrator\.gradle\wrapper\dists\gradle-8.13-bin\5xuhj0ry160q40clulazy9h7d\gradle-8.13\lib\agents\gradle-instrumentation-agent-8.13.jar 
java_command: org.gradle.launcher.daemon.bootstrap.GradleDaemon 8.13
java_class_path (initial): C:\Users\Administrator\.gradle\wrapper\dists\gradle-8.13-bin\5xuhj0ry160q40clulazy9h7d\gradle-8.13\lib\gradle-daemon-main-8.13.jar
Launcher Type: SUN_STANDARD

[Global flags]
     intx CICompilerCount                          = 4                                         {product} {ergonomic}
     uint ConcGCThreads                            = 2                                         {product} {ergonomic}
     uint G1ConcRefinementThreads                  = 8                                         {product} {ergonomic}
   size_t G1HeapRegionSize                         = 1048576                                   {product} {ergonomic}
    uintx GCDrainStackTargetSize                   = 64                                        {product} {ergonomic}
   size_t InitialHeapSize                          = 134217728                                 {product} {ergonomic}
   size_t MarkStackSize                            = 4194304                                   {product} {ergonomic}
   size_t MaxHeapSize                              = 2147483648                                {product} {command line}
   size_t MaxNewSize                               = 1287651328                                {product} {ergonomic}
   size_t MinHeapDeltaBytes                        = 1048576                                   {product} {ergonomic}
   size_t MinHeapSize                              = 8388608                                   {product} {ergonomic}
    uintx NonNMethodCodeHeapSize                   = 5839372                                {pd product} {ergonomic}
    uintx NonProfiledCodeHeapSize                  = 122909434                              {pd product} {ergonomic}
    uintx ProfiledCodeHeapSize                     = 122909434                              {pd product} {ergonomic}
    uintx ReservedCodeCacheSize                    = 251658240                              {pd product} {ergonomic}
     bool SegmentedCodeCache                       = true                                      {product} {ergonomic}
   size_t SoftMaxHeapSize                          = 2147483648                             {manageable} {ergonomic}
     bool UseCompressedClassPointers               = true                           {product lp64_product} {ergonomic}
     bool UseCompressedOops                        = true                           {product lp64_product} {ergonomic}
     bool UseG1GC                                  = true                                      {product} {ergonomic}
     bool UseLargePagesIndividualAllocation        = false                                  {pd product} {ergonomic}

Logging:
Log output configuration:
 #0: stdout all=warning uptime,level,tags
 #1: stderr all=off uptime,level,tags

Environment Variables:
JAVA_HOME=C:\Program Files\Eclipse Adoptium\jdk-17.0.18.8-hotspot
PATH=C:\Program Files\Eclipse Adoptium\jdk-11.0.30.7-hotspot\bin;C:\Program Files\Eclipse Adoptium\jdk-17.0.18.8-hotspot\bin;C:\Program Files\Microsoft MPI\Bin\;C:\Windows\system32;C:\Windows;C:\Windows\System32\Wbem;C:\Windows\System32\WindowsPowerShell\v1.0\;C:\Windows\System32\OpenSSH\;C:\Program Files\Git\cmd;C:\Program Files (x86)\Microsoft SQL Server\160\DTS\Binn\;C:\Program Files (x86)\Microsoft SQL Server\150\Tools\Binn\;C:\Program Files\Microsoft SQL Server\150\Tools\Binn\;C:\Program Files (x86)\Microsoft SQL Server\150\DTS\Binn\;C:\Program Files\Microsoft SQL Server\150\DTS\Binn\;C:\Program Files\Microsoft SQL Server\Client SDK\ODBC\170\Tools\Binn\;C:\Program Files\Microsoft SQL Server\170\Tools\Binn\;C:\Program Files\dotnet\;C:\Users\Administrator\AppData\Local\Microsoft\WindowsApps;;C:\Users\Administrator\AppData\Local\Programs\Microsoft VS Code\bin;C:\Users\Administrator\AppData\Local\Python\bin;C:\Users\Administrator\.dotnet\tools
USERNAME=Administrator
OS=Windows_NT
PROCESSOR_IDENTIFIER=Intel64 Family 6 Model 142 Stepping 12, GenuineIntel
TMP=C:\Users\ADMINI~1\AppData\Local\Temp
TEMP=C:\Users\ADMINI~1\AppData\Local\Temp



Periodic native trim disabled


---------------  S Y S T E M  ---------------

OS:
 Windows 11 , 64 bit Build 22621 (10.0.22621.5415)
OS uptime: 1 days 12:10 hours
Hyper-V role detected

CPU: total 8 (initial active 8) (4 cores per cpu, 2 threads per core) family 6 model 142 stepping 12 microcode 0xfa, cx8, cmov, fxsr, ht, mmx, 3dnowpref, sse, sse2, sse3, ssse3, sse4.1, sse4.2, popcnt, lzcnt, tsc, tscinvbit, avx, avx2, aes, erms, clmul, bmi1, bmi2, adx, fma, vzeroupper, clflush, clflushopt, hv
Processor Information for all 8 processors :
  Max Mhz: 1800, Current Mhz: 1600, Mhz Limit: 1584

Memory: 4k page, system-wide physical 8070M (620M free)
TotalPageFile size 16262M (AvailPageFile size 3M)
current process WorkingSet (physical memory assigned to process): 153M, peak: 153M
current process commit charge ("private bytes"): 261M, peak: 262M

vm_info: OpenJDK 64-Bit Server VM (17.0.18+8) for windows-amd64 JRE (17.0.18+8), built on Jan 20 2026 22:28:22 by "admin" with MS VC++ 17.12 (VS2022)

END.
